10/11/2025-13:33:53.912-0x00005E30-Pump.9-SSFBasePump::setGeneralParameters-[DEBUG]-Setting paramater [ID] with value [9]
10/11/2025-13:33:53.929-0x00005E30-Pump.9-SSFBaseConfigParam::setGeneralParameters-[DEBUG]-Replacing value for Parameter [ID] Old Value [] New Value [9]
10/11/2025-13:33:54.007-0x00005E30-Pump.9-SSFBasePump::setGeneralParameters-[DEBUG]-Setting paramater [money_decimal_point] with value [2 - X.1]
10/11/2025-13:33:54.022-0x00005E30-Pump.9-SSFBasePump::setGeneralParameters-[DEBUG]-Money decimal option [1]
10/11/2025-13:33:54.038-0x00005E30-Pump.9-SSFBaseConfigParam::setGeneralParameters-[DEBUG]-Replacing value for Parameter [money_decimal_point] Old Value [3 - X.2] New Value [2 - X.1]
10/11/2025-13:33:54.064-0x00005E30-Pump.9-SSFBasePump::setGeneralParameters-[DEBUG]-Setting paramater [implementation] with value [Bogus]
10/11/2025-13:33:54.074-0x00005E30-Pump.9-SSFBaseConfigParam::setGeneralParameters-[DEBUG]-Replacing value for Parameter [implementation] Old Value [] New Value [Bogus]
10/11/2025-13:33:54.101-0x00005E30-Pump.9-SSFBasePump::setGeneralParameters-[DEBUG]-Setting paramater [volume_decimal_point] with value [1 - 3.3]
10/11/2025-13:33:54.117-0x00005E30-Pump.9-SSFBasePump::setGeneralParameters-[DEBUG]-Volume decimal option [3]
10/11/2025-13:33:54.136-0x00005E30-Pump.9-SSFBasePump::setGeneralParameters-[DEBUG]-Setting paramater [ID] with value [9]
10/11/2025-13:33:54.229-0x00005E30-Pump.9-SSFBasePump::setGeneralParameters-[DEBUG]-Setting paramater [ppu_decimal_point] with value [2 - 3.1]
10/11/2025-13:33:54.244-0x00005E30-Pump.9-SSFBasePump::setGeneralParameters-[DEBUG]-PPU decimal option [1]
10/11/2025-13:33:54.260-0x00005E30-Pump.9-SSFBaseConfigParam::setGeneralParameters-[DEBUG]-Replacing value for Parameter [ppu_decimal_point] Old Value [4 - 1.3] New Value [2 - 3.1]
10/11/2025-13:33:54.281-0x00005E30-Pump.9-SSFBasePump::setGeneralParameters-[DEBUG]-Setting paramater [min_vol_sale] with value [0.100]
10/11/2025-13:33:54.308-0x00005E30-Pump.9-SSFBasePump::setGeneralParameters-[DEBUG]-Setting paramater [hoses_qty] with value [3]
10/11/2025-13:33:54.323-0x00005E30-Pump.9-SSFBaseConfigParam::setGeneralParameters-[DEBUG]-Replacing value for Parameter [hoses_qty] Old Value [] New Value [3]
10/11/2025-13:33:54.354-0x00005E30-Pump.9-SSFHose::setGeneralParameters-[DEBUG]-Name [suction_low] - Value []
10/11/2025-13:33:54.370-0x00005E30-Pump.9-SSFHose::setGeneralParameters-[DEBUG]-Name [suction_high] - Value []
10/11/2025-13:33:54.375-0x00005E30-Pump.9-SSFHose::setGeneralParameters-[DEBUG]-Name [grade] - Value [GASOLINA PREMIUM]
10/11/2025-13:33:54.396-0x00005E30-Pump.9-SSFHose::setGeneralParameters-[DEBUG]-Name [logical_id] - Value [1]
10/11/2025-13:33:54.406-0x00005E30-Pump.9-SSFHose::setGeneralParameters-[DEBUG]-Name [real_id] - Value [0]
10/11/2025-13:33:54.450-0x00005E30-Pump.9-SSFHose::setGeneralParameters-[DEBUG]-Name [real_id] - Value [1]
10/11/2025-13:33:54.465-0x00005E30-Pump.9-SSFHose::setGeneralParameters-[DEBUG]-Name [logical_id] - Value [2]
10/11/2025-13:33:54.479-0x00005E30-Pump.9-SSFHose::setGeneralParameters-[DEBUG]-Name [suction_high] - Value []
10/11/2025-13:33:54.489-0x00005E30-Pump.9-SSFHose::setGeneralParameters-[DEBUG]-Name [suction_low] - Value []
10/11/2025-13:33:54.513-0x00005E30-Pump.9-SSFHose::setGeneralParameters-[DEBUG]-Name [grade] - Value [GASOLINA REGULAR]
10/11/2025-13:33:54.545-0x00005E30-Pump.9-SSFHose::setGeneralParameters-[DEBUG]-Name [logical_id] - Value [3]
10/11/2025-13:33:54.561-0x00005E30-Pump.9-SSFHose::setGeneralParameters-[DEBUG]-Name [real_id] - Value [2]
10/11/2025-13:33:54.577-0x00005E30-Pump.9-SSFHose::setGeneralParameters-[DEBUG]-Name [grade] - Value [DIESEL OPTIMO]
10/11/2025-13:33:54.582-0x00005E30-Pump.9-SSFHose::setGeneralParameters-[DEBUG]-Name [suction_high] - Value []
10/11/2025-13:33:54.603-0x00005E30-Pump.9-SSFHose::setGeneralParameters-[DEBUG]-Name [suction_low] - Value []
10/11/2025-13:33:54.625-0x00005E30-Pump.9-SSFBasePump::setGeneralParameters-[DEBUG]-Setting paramater [max_vol_sale] with value [40000.00]
10/11/2025-13:33:54.657-0x00005E30-Pump.9-SSFBasePump::setGeneralParameters-[DEBUG]-Setting paramater [min_mon_sale] with value [0.000]
10/11/2025-13:33:54.689-0x00005E30-Pump.9-SSFBasePump::setGeneralParameters-[DEBUG]-Setting paramater [loop_manager] with value [LOOP2]
10/11/2025-13:33:54.704-0x00005E30-Pump.9-SSFBaseConfigParam::setGeneralParameters-[DEBUG]-Replacing value for Parameter [loop_manager] Old Value [] New Value [LOOP2]
10/11/2025-13:33:54.727-0x00005E30-Pump.9-SSFBasePump::setGeneralParameters-[DEBUG]-Setting paramater [max_mon_sale] with value [0.000]
10/11/2025-13:33:54.754-0x00005E30-Pump.9-SSFBaseConfigParam::setGeneralParameters-[DEBUG]-Replacing value for Parameter [emulation_brand] Old Value [Wayne] New Value [Gilbarco]
10/11/2025-13:33:54.779-0x00005E30-Pump.9-SSFBasePump::setGeneralParameters-[DEBUG]-Setting paramater [max_pump_error_counter] with value [6]
10/11/2025-13:33:54.799-0x00005E30-Pump.9-SSFBasePump::setGeneralParameters-[DEBUG]-Setting paramater [fill_up_fuel_tank_preset_type] with value [VOLUME]
10/11/2025-13:33:54.840-0x00005E30-Pump.9-SSFBasePump::setGeneralParameters-[DEBUG]-Setting paramater [fill_up_fuel_tank_preset_value] with value [999.000]
10/11/2025-13:33:54.872-0x00005E30-Pump.9-SSFBasePump::setGeneralParameters-[DEBUG]-Setting paramater [totalizer_update_time] with value [0]
10/11/2025-13:33:54.893-0x00005E30-Pump.9-SSFBasePump::setGeneralParameters-[DEBUG]-Setting paramater [slot_id] with value [0]
10/11/2025-13:33:54.924-0x00005E30-Pump.9-SSFBaseConfigParam::setGeneralParameters-[DEBUG]-Replacing value for Parameter [auto_max_vol] Old Value [10.000] New Value [100]
10/11/2025-13:33:54.976-0x00005E30-Pump.9-SSFBasePump::checkForConfiguration-[DEBUG]-Checking Data
10/11/2025-13:33:54.987-0x00005E30-Pump.9-SSFBasePump::checkForConfiguration-[DEBUG]-Data OK
