10/11/2025-13:33:45.329-0x00005E30-Pump.5-SSFBasePump::setGeneralParameters-[DEBUG]-Setting paramater [ID] with value [5]
10/11/2025-13:33:45.350-0x00005E30-Pump.5-SSFBaseConfigParam::setGeneralParameters-[DEBUG]-Replacing value for Parameter [ID] Old Value [] New Value [5]
10/11/2025-13:33:45.381-0x00005E30-Pump.5-SSFBasePump::setGeneralParameters-[DEBUG]-Setting paramater [max_rtm_error_counter] with value [3]
10/11/2025-13:33:45.405-0x00005E30-Pump.5-SSFBasePump::setGeneralParameters-[DEBUG]-Setting paramater [pump_baud_rate] with value [5760]
10/11/2025-13:33:45.422-0x00005E30-Pump.5-SSFPumpGilbarco::setGeneralParameters-[DEBUG]-Seteando la configuracion del surtidor en [5760]
10/11/2025-13:33:45.443-0x00005E30-Pump.5-SSFBasePump::setGeneralParameters-[DEBUG]-Setting paramater [slot_id] with value [3]
10/11/2025-13:33:45.453-0x00005E30-Pump.5-SSFBaseConfigParam::setGeneralParameters-[DEBUG]-Replacing value for Parameter [slot_id] Old Value [0] New Value [3]
10/11/2025-13:33:45.474-0x00005E30-Pump.5-SSFBasePump::setGeneralParameters-[DEBUG]-Setting paramater [totalizer_update_time] with value [0]
10/11/2025-13:33:45.502-0x00005E30-Pump.5-SSFBasePump::setGeneralParameters-[DEBUG]-Setting paramater [fill_up_fuel_tank_preset_value] with value [999.000]
10/11/2025-13:33:45.528-0x00005E30-Pump.5-SSFBasePump::setGeneralParameters-[DEBUG]-Setting paramater [fill_up_fuel_tank_preset_type] with value [VOLUME]
10/11/2025-13:33:45.547-0x00005E30-Pump.5-SSFBasePump::setGeneralParameters-[DEBUG]-Setting paramater [max_pump_error_counter] with value [6]
10/11/2025-13:33:45.570-0x00005E30-Pump.5-SSFPumpGilbarco::setGeneralParameters-[DEBUG]-Digit Money Display [6]
10/11/2025-13:33:45.586-0x00005E30-Pump.5-SSFBaseConfigParam::setGeneralParameters-[DEBUG]-Replacing value for Parameter [money_digits_qty] Old Value [1 - 5 Digitos] New Value [2 - 6 Digits]
10/11/2025-13:33:45.608-0x00005E30-Pump.5-SSFBasePump::setGeneralParameters-[DEBUG]-Setting paramater [max_mon_sale] with value [0.000]
10/11/2025-13:33:45.630-0x00005E30-Pump.5-SSFBasePump::setGeneralParameters-[DEBUG]-Setting paramater [min_mon_sale] with value [0.000]
10/11/2025-13:33:45.650-0x00005E30-Pump.5-SSFBasePump::setGeneralParameters-[DEBUG]-Setting paramater [loop_manager] with value [LOOP1]
10/11/2025-13:33:45.665-0x00005E30-Pump.5-SSFBaseConfigParam::setGeneralParameters-[DEBUG]-Replacing value for Parameter [loop_manager] Old Value [] New Value [LOOP1]
10/11/2025-13:33:45.692-0x00005E30-Pump.5-SSFBasePump::setGeneralParameters-[DEBUG]-Setting paramater [max_vol_sale] with value [40000.00]
10/11/2025-13:33:45.713-0x00005E30-Pump.5-SSFBasePump::setGeneralParameters-[DEBUG]-Setting paramater [hoses_qty] with value [3]
10/11/2025-13:33:45.729-0x00005E30-Pump.5-SSFBaseConfigParam::setGeneralParameters-[DEBUG]-Replacing value for Parameter [hoses_qty] Old Value [] New Value [3]
10/11/2025-13:33:45.760-0x00005E30-Pump.5-SSFHose::setGeneralParameters-[DEBUG]-Name [suction_high] - Value []
10/11/2025-13:33:45.775-0x00005E30-Pump.5-SSFHose::setGeneralParameters-[DEBUG]-Name [real_id] - Value [0]
10/11/2025-13:33:45.791-0x00005E30-Pump.5-SSFHose::setGeneralParameters-[DEBUG]-Name [logical_id] - Value [1]
10/11/2025-13:33:45.806-0x00005E30-Pump.5-SSFHose::setGeneralParameters-[DEBUG]-Name [suction_low] - Value []
10/11/2025-13:33:45.818-0x00005E30-Pump.5-SSFHose::setGeneralParameters-[DEBUG]-Name [grade] - Value [GASOLINA PREMIUM]
10/11/2025-13:33:45.853-0x00005E30-Pump.5-SSFHose::setGeneralParameters-[DEBUG]-Name [suction_high] - Value []
10/11/2025-13:33:45.858-0x00005E30-Pump.5-SSFHose::setGeneralParameters-[DEBUG]-Name [real_id] - Value [1]
10/11/2025-13:33:45.879-0x00005E30-Pump.5-SSFHose::setGeneralParameters-[DEBUG]-Name [logical_id] - Value [2]
10/11/2025-13:33:45.889-0x00005E30-Pump.5-SSFHose::setGeneralParameters-[DEBUG]-Name [suction_low] - Value []
10/11/2025-13:33:45.910-0x00005E30-Pump.5-SSFHose::setGeneralParameters-[DEBUG]-Name [grade] - Value [GASOLINA REGULAR]
10/11/2025-13:33:45.941-0x00005E30-Pump.5-SSFHose::setGeneralParameters-[DEBUG]-Name [suction_high] - Value []
10/11/2025-13:33:45.952-0x00005E30-Pump.5-SSFHose::setGeneralParameters-[DEBUG]-Name [suction_low] - Value []
10/11/2025-13:33:45.973-0x00005E30-Pump.5-SSFHose::setGeneralParameters-[DEBUG]-Name [real_id] - Value [2]
10/11/2025-13:33:45.984-0x00005E30-Pump.5-SSFHose::setGeneralParameters-[DEBUG]-Name [logical_id] - Value [3]
10/11/2025-13:33:45.998-0x00005E30-Pump.5-SSFHose::setGeneralParameters-[DEBUG]-Name [grade] - Value [GASOIL REGULAR]
10/11/2025-13:33:46.025-0x00005E30-Pump.5-SSFBasePump::setGeneralParameters-[DEBUG]-Setting paramater [min_vol_sale] with value [0.100]
10/11/2025-13:33:46.045-0x00005E30-Pump.5-SSFBasePump::setGeneralParameters-[DEBUG]-Setting paramater [pump_side_type] with value [DOBLE]
10/11/2025-13:33:46.057-0x00005E30-Pump.5-SSFBaseConfigParam::setGeneralParameters-[DEBUG]-Replacing value for Parameter [pump_side_type] Old Value [] New Value [DOBLE]
10/11/2025-13:33:46.086-0x00005E30-Pump.5-SSFBasePump::setGeneralParameters-[DEBUG]-Setting paramater [ppu_decimal_point] with value [2 - 3.1]
10/11/2025-13:33:46.099-0x00005E30-Pump.5-SSFBasePump::setGeneralParameters-[DEBUG]-PPU decimal option [1]
10/11/2025-13:33:46.107-0x00005E30-Pump.5-SSFBaseConfigParam::setGeneralParameters-[DEBUG]-Replacing value for Parameter [ppu_decimal_point] Old Value [4 - 1.3] New Value [2 - 3.1]
10/11/2025-13:33:46.138-0x00005E30-Pump.5-SSFBasePump::setGeneralParameters-[DEBUG]-Setting paramater [physical_id] with value [5]
10/11/2025-13:33:46.152-0x00005E30-Pump.5-SSFBaseConfigParam::setGeneralParameters-[DEBUG]-Replacing value for Parameter [physical_id] Old Value [] New Value [5]
10/11/2025-13:33:46.170-0x00005E30-Pump.5-SSFBasePump::setGeneralParameters-[DEBUG]-Setting paramater [volume_decimal_point] with value [1 - 3.3]
10/11/2025-13:33:46.194-0x00005E30-Pump.5-SSFBasePump::setGeneralParameters-[DEBUG]-Volume decimal option [3]
10/11/2025-13:33:46.219-0x00005E30-Pump.5-SSFBasePump::setGeneralParameters-[DEBUG]-Setting paramater [ID] with value [5]
10/11/2025-13:33:46.247-0x00005E30-Pump.5-SSFBasePump::setGeneralParameters-[DEBUG]-Setting paramater [implementation] with value [Gilbarco]
10/11/2025-13:33:46.266-0x00005E30-Pump.5-SSFBaseConfigParam::setGeneralParameters-[DEBUG]-Replacing value for Parameter [implementation] Old Value [] New Value [Gilbarco]
10/11/2025-13:33:46.297-0x00005E30-Pump.5-SSFBasePump::setGeneralParameters-[DEBUG]-Setting paramater [money_decimal_point] with value [2 - X.1]
10/11/2025-13:33:46.315-0x00005E30-Pump.5-SSFBasePump::setGeneralParameters-[DEBUG]-Money decimal option [1]
10/11/2025-13:33:46.333-0x00005E30-Pump.5-SSFBaseConfigParam::setGeneralParameters-[DEBUG]-Replacing value for Parameter [money_decimal_point] Old Value [3 - X.2] New Value [2 - X.1]
10/11/2025-13:33:46.461-0x00005E30-Pump.5-SSFBasePump::checkForConfiguration-[DEBUG]-Checking Data
10/11/2025-13:33:46.471-0x00005E30-Pump.5-SSFBasePump::checkForConfiguration-[DEBUG]-Data OK
10/11/2025-13:33:46.483-0x00005E30-Pump.5-SSFPumpGilbarco::checkForConfiguration-[DEBUG]-Forcing InterbyteWriteInterval to [0]
10/11/2025-13:33:46.510-0x00005E30-Pump.5-SSFPumpGilbarco::checkForConfiguration-[DEBUG]-Forcing ReadTimeout to [500]
10/11/2025-13:33:46.526-0x00005E30-Pump.5-SSFPumpGilbarco::checkForConfiguration-[DEBUG]-Forcing ReadInterbyteTimeout to [500]
