10/11/2025-13:33:43.413-0x00005E30-Pump.4-SSFBasePump::setGeneralParameters-[DEBUG]-Setting paramater [ID] with value [4]
10/11/2025-13:33:43.426-0x00005E30-Pump.4-SSFBaseConfigParam::setGeneralParameters-[DEBUG]-Replacing value for Parameter [ID] Old Value [] New Value [4]
10/11/2025-13:33:43.562-0x00005E30-Pump.4-SSFBasePump::setGeneralParameters-[DEBUG]-Setting paramater [max_rtm_error_counter] with value [3]
10/11/2025-13:33:43.583-0x00005E30-Pump.4-SSFBasePump::setGeneralParameters-[DEBUG]-Setting paramater [pump_baud_rate] with value [5760]
10/11/2025-13:33:43.594-0x00005E30-Pump.4-SSFPumpGilbarco::setGeneralParameters-[DEBUG]-Seteando la configuracion del surtidor en [5760]
10/11/2025-13:33:43.621-0x00005E30-Pump.4-SSFBasePump::setGeneralParameters-[DEBUG]-Setting paramater [slot_id] with value [2]
10/11/2025-13:33:43.634-0x00005E30-Pump.4-SSFBaseConfigParam::setGeneralParameters-[DEBUG]-Replacing value for Parameter [slot_id] Old Value [0] New Value [2]
10/11/2025-13:33:43.658-0x00005E30-Pump.4-SSFBasePump::setGeneralParameters-[DEBUG]-Setting paramater [totalizer_update_time] with value [0]
10/11/2025-13:33:43.680-0x00005E30-Pump.4-SSFBasePump::setGeneralParameters-[DEBUG]-Setting paramater [fill_up_fuel_tank_preset_value] with value [999.000]
10/11/2025-13:33:43.694-0x00005E30-Pump.4-SSFBasePump::setGeneralParameters-[DEBUG]-Setting paramater [fill_up_fuel_tank_preset_type] with value [VOLUME]
10/11/2025-13:33:43.726-0x00005E30-Pump.4-SSFBasePump::setGeneralParameters-[DEBUG]-Setting paramater [max_pump_error_counter] with value [6]
10/11/2025-13:33:43.749-0x00005E30-Pump.4-SSFPumpGilbarco::setGeneralParameters-[DEBUG]-Digit Money Display [6]
10/11/2025-13:33:43.758-0x00005E30-Pump.4-SSFBaseConfigParam::setGeneralParameters-[DEBUG]-Replacing value for Parameter [money_digits_qty] Old Value [1 - 5 Digitos] New Value [2 - 6 Digits]
10/11/2025-13:33:43.786-0x00005E30-Pump.4-SSFBasePump::setGeneralParameters-[DEBUG]-Setting paramater [max_mon_sale] with value [0.000]
10/11/2025-13:33:43.807-0x00005E30-Pump.4-SSFBasePump::setGeneralParameters-[DEBUG]-Setting paramater [min_mon_sale] with value [0.000]
10/11/2025-13:33:43.828-0x00005E30-Pump.4-SSFBasePump::setGeneralParameters-[DEBUG]-Setting paramater [loop_manager] with value [LOOP1]
10/11/2025-13:33:43.844-0x00005E30-Pump.4-SSFBaseConfigParam::setGeneralParameters-[DEBUG]-Replacing value for Parameter [loop_manager] Old Value [] New Value [LOOP1]
10/11/2025-13:33:43.859-0x00005E30-Pump.4-SSFBasePump::setGeneralParameters-[DEBUG]-Setting paramater [max_vol_sale] with value [40000.00]
10/11/2025-13:33:43.885-0x00005E30-Pump.4-SSFBasePump::setGeneralParameters-[DEBUG]-Setting paramater [hoses_qty] with value [3]
10/11/2025-13:33:43.901-0x00005E30-Pump.4-SSFBaseConfigParam::setGeneralParameters-[DEBUG]-Replacing value for Parameter [hoses_qty] Old Value [] New Value [3]
10/11/2025-13:33:43.932-0x00005E30-Pump.4-SSFHose::setGeneralParameters-[DEBUG]-Name [suction_high] - Value []
10/11/2025-13:33:43.942-0x00005E30-Pump.4-SSFHose::setGeneralParameters-[DEBUG]-Name [real_id] - Value [0]
10/11/2025-13:33:43.959-0x00005E30-Pump.4-SSFHose::setGeneralParameters-[DEBUG]-Name [logical_id] - Value [1]
10/11/2025-13:33:43.974-0x00005E30-Pump.4-SSFHose::setGeneralParameters-[DEBUG]-Name [grade] - Value [GASOLINA PREMIUM]
10/11/2025-13:33:43.983-0x00005E30-Pump.4-SSFHose::setGeneralParameters-[DEBUG]-Name [suction_low] - Value []
10/11/2025-13:33:44.028-0x00005E30-Pump.4-SSFHose::setGeneralParameters-[DEBUG]-Name [suction_high] - Value []
10/11/2025-13:33:44.044-0x00005E30-Pump.4-SSFHose::setGeneralParameters-[DEBUG]-Name [real_id] - Value [1]
10/11/2025-13:33:44.060-0x00005E30-Pump.4-SSFHose::setGeneralParameters-[DEBUG]-Name [logical_id] - Value [2]
10/11/2025-13:33:44.081-0x00005E30-Pump.4-SSFHose::setGeneralParameters-[DEBUG]-Name [grade] - Value [GASOLINA REGULAR]
10/11/2025-13:33:44.097-0x00005E30-Pump.4-SSFHose::setGeneralParameters-[DEBUG]-Name [suction_low] - Value []
10/11/2025-13:33:44.124-0x00005E30-Pump.4-SSFHose::setGeneralParameters-[DEBUG]-Name [real_id] - Value [2]
10/11/2025-13:33:44.141-0x00005E30-Pump.4-SSFHose::setGeneralParameters-[DEBUG]-Name [logical_id] - Value [3]
10/11/2025-13:33:44.155-0x00005E30-Pump.4-SSFHose::setGeneralParameters-[DEBUG]-Name [grade] - Value [GASOIL REGULAR]
10/11/2025-13:33:44.171-0x00005E30-Pump.4-SSFHose::setGeneralParameters-[DEBUG]-Name [suction_low] - Value []
10/11/2025-13:33:44.187-0x00005E30-Pump.4-SSFHose::setGeneralParameters-[DEBUG]-Name [suction_high] - Value []
10/11/2025-13:33:44.214-0x00005E30-Pump.4-SSFBasePump::setGeneralParameters-[DEBUG]-Setting paramater [min_vol_sale] with value [0.100]
10/11/2025-13:33:44.240-0x00005E30-Pump.4-SSFBasePump::setGeneralParameters-[DEBUG]-Setting paramater [pump_side_type] with value [DOBLE]
10/11/2025-13:33:44.256-0x00005E30-Pump.4-SSFBaseConfigParam::setGeneralParameters-[DEBUG]-Replacing value for Parameter [pump_side_type] Old Value [] New Value [DOBLE]
10/11/2025-13:33:44.273-0x00005E30-Pump.4-SSFBasePump::setGeneralParameters-[DEBUG]-Setting paramater [ppu_decimal_point] with value [2 - 3.1]
10/11/2025-13:33:44.283-0x00005E30-Pump.4-SSFBasePump::setGeneralParameters-[DEBUG]-PPU decimal option [1]
10/11/2025-13:33:44.304-0x00005E30-Pump.4-SSFBaseConfigParam::setGeneralParameters-[DEBUG]-Replacing value for Parameter [ppu_decimal_point] Old Value [4 - 1.3] New Value [2 - 3.1]
10/11/2025-13:33:44.329-0x00005E30-Pump.4-SSFBasePump::setGeneralParameters-[DEBUG]-Setting paramater [physical_id] with value [4]
10/11/2025-13:33:44.345-0x00005E30-Pump.4-SSFBaseConfigParam::setGeneralParameters-[DEBUG]-Replacing value for Parameter [physical_id] Old Value [] New Value [4]
10/11/2025-13:33:44.366-0x00005E30-Pump.4-SSFBasePump::setGeneralParameters-[DEBUG]-Setting paramater [volume_decimal_point] with value [1 - 3.3]
10/11/2025-13:33:44.381-0x00005E30-Pump.4-SSFBasePump::setGeneralParameters-[DEBUG]-Volume decimal option [3]
10/11/2025-13:33:44.398-0x00005E30-Pump.4-SSFBasePump::setGeneralParameters-[DEBUG]-Setting paramater [ID] with value [4]
10/11/2025-13:33:44.424-0x00005E30-Pump.4-SSFBasePump::setGeneralParameters-[DEBUG]-Setting paramater [implementation] with value [Gilbarco]
10/11/2025-13:33:44.440-0x00005E30-Pump.4-SSFBaseConfigParam::setGeneralParameters-[DEBUG]-Replacing value for Parameter [implementation] Old Value [] New Value [Gilbarco]
10/11/2025-13:33:44.460-0x00005E30-Pump.4-SSFBasePump::setGeneralParameters-[DEBUG]-Setting paramater [money_decimal_point] with value [2 - X.1]
10/11/2025-13:33:44.471-0x00005E30-Pump.4-SSFBasePump::setGeneralParameters-[DEBUG]-Money decimal option [1]
10/11/2025-13:33:44.491-0x00005E30-Pump.4-SSFBaseConfigParam::setGeneralParameters-[DEBUG]-Replacing value for Parameter [money_decimal_point] Old Value [3 - X.2] New Value [2 - X.1]
10/11/2025-13:33:44.529-0x00005E30-Pump.4-SSFBasePump::checkForConfiguration-[DEBUG]-Checking Data
10/11/2025-13:33:44.543-0x00005E30-Pump.4-SSFBasePump::checkForConfiguration-[DEBUG]-Data OK
10/11/2025-13:33:44.554-0x00005E30-Pump.4-SSFPumpGilbarco::checkForConfiguration-[DEBUG]-Forcing InterbyteWriteInterval to [0]
10/11/2025-13:33:44.574-0x00005E30-Pump.4-SSFPumpGilbarco::checkForConfiguration-[DEBUG]-Forcing ReadTimeout to [500]
10/11/2025-13:33:44.589-0x00005E30-Pump.4-SSFPumpGilbarco::checkForConfiguration-[DEBUG]-Forcing ReadInterbyteTimeout to [500]
