10/11/2025-13:33:39.493-0x00005E30-Pump.2-SSFBasePump::setGeneralParameters-[DEBUG]-Setting paramater [ID] with value [2]
10/11/2025-13:33:39.508-0x00005E30-Pump.2-SSFBaseConfigParam::setGeneralParameters-[DEBUG]-Replacing value for Parameter [ID] Old Value [] New Value [2]
10/11/2025-13:33:39.539-0x00005E30-Pump.2-SSFBasePump::setGeneralParameters-[DEBUG]-Setting paramater [max_rtm_error_counter] with value [3]
10/11/2025-13:33:39.566-0x00005E30-Pump.2-SSFBasePump::setGeneralParameters-[DEBUG]-Setting paramater [pump_baud_rate] with value [5760]
10/11/2025-13:33:39.580-0x00005E30-Pump.2-SSFPumpGilbarco::setGeneralParameters-[DEBUG]-Seteando la configuracion del surtidor en [5760]
10/11/2025-13:33:39.605-0x00005E30-Pump.2-SSFBasePump::setGeneralParameters-[DEBUG]-Setting paramater [slot_id] with value [1]
10/11/2025-13:33:39.625-0x00005E30-Pump.2-SSFBaseConfigParam::setGeneralParameters-[DEBUG]-Replacing value for Parameter [slot_id] Old Value [0] New Value [1]
10/11/2025-13:33:39.648-0x00005E30-Pump.2-SSFBasePump::setGeneralParameters-[DEBUG]-Setting paramater [totalizer_update_time] with value [0]
10/11/2025-13:33:39.674-0x00005E30-Pump.2-SSFBasePump::setGeneralParameters-[DEBUG]-Setting paramater [fill_up_fuel_tank_preset_value] with value [999.000]
10/11/2025-13:33:39.695-0x00005E30-Pump.2-SSFBasePump::setGeneralParameters-[DEBUG]-Setting paramater [fill_up_fuel_tank_preset_type] with value [VOLUME]
10/11/2025-13:33:39.716-0x00005E30-Pump.2-SSFBasePump::setGeneralParameters-[DEBUG]-Setting paramater [max_pump_error_counter] with value [6]
10/11/2025-13:33:39.739-0x00005E30-Pump.2-SSFPumpGilbarco::setGeneralParameters-[DEBUG]-Digit Money Display [6]
10/11/2025-13:33:39.747-0x00005E30-Pump.2-SSFBaseConfigParam::setGeneralParameters-[DEBUG]-Replacing value for Parameter [money_digits_qty] Old Value [1 - 5 Digitos] New Value [2 - 6 Digits]
10/11/2025-13:33:39.776-0x00005E30-Pump.2-SSFBasePump::setGeneralParameters-[DEBUG]-Setting paramater [max_mon_sale] with value [0.000]
10/11/2025-13:33:39.798-0x00005E30-Pump.2-SSFBasePump::setGeneralParameters-[DEBUG]-Setting paramater [min_mon_sale] with value [0.000]
10/11/2025-13:33:39.834-0x00005E30-Pump.2-SSFBasePump::setGeneralParameters-[DEBUG]-Setting paramater [loop_manager] with value [LOOP1]
10/11/2025-13:33:39.851-0x00005E30-Pump.2-SSFBaseConfigParam::setGeneralParameters-[DEBUG]-Replacing value for Parameter [loop_manager] Old Value [] New Value [LOOP1]
10/11/2025-13:33:39.872-0x00005E30-Pump.2-SSFBasePump::setGeneralParameters-[DEBUG]-Setting paramater [max_vol_sale] with value [40000.00]
10/11/2025-13:33:39.892-0x00005E30-Pump.2-SSFBasePump::setGeneralParameters-[DEBUG]-Setting paramater [hoses_qty] with value [3]
10/11/2025-13:33:39.904-0x00005E30-Pump.2-SSFBaseConfigParam::setGeneralParameters-[DEBUG]-Replacing value for Parameter [hoses_qty] Old Value [] New Value [3]
10/11/2025-13:33:39.935-0x00005E30-Pump.2-SSFHose::setGeneralParameters-[DEBUG]-Name [suction_low] - Value []
10/11/2025-13:33:39.946-0x00005E30-Pump.2-SSFHose::setGeneralParameters-[DEBUG]-Name [suction_high] - Value []
10/11/2025-13:33:39.965-0x00005E30-Pump.2-SSFHose::setGeneralParameters-[DEBUG]-Name [real_id] - Value [0]
10/11/2025-13:33:39.978-0x00005E30-Pump.2-SSFHose::setGeneralParameters-[DEBUG]-Name [logical_id] - Value [1]
10/11/2025-13:33:39.986-0x00005E30-Pump.2-SSFHose::setGeneralParameters-[DEBUG]-Name [grade] - Value [GASOLINA PREMIUM]
10/11/2025-13:33:40.031-0x00005E30-Pump.2-SSFHose::setGeneralParameters-[DEBUG]-Name [suction_low] - Value []
10/11/2025-13:33:40.047-0x00005E30-Pump.2-SSFHose::setGeneralParameters-[DEBUG]-Name [suction_high] - Value []
10/11/2025-13:33:40.062-0x00005E30-Pump.2-SSFHose::setGeneralParameters-[DEBUG]-Name [real_id] - Value [1]
10/11/2025-13:33:40.079-0x00005E30-Pump.2-SSFHose::setGeneralParameters-[DEBUG]-Name [logical_id] - Value [2]
10/11/2025-13:33:40.094-0x00005E30-Pump.2-SSFHose::setGeneralParameters-[DEBUG]-Name [grade] - Value [GASOLINA REGULAR]
10/11/2025-13:33:40.126-0x00005E30-Pump.2-SSFHose::setGeneralParameters-[DEBUG]-Name [suction_low] - Value []
10/11/2025-13:33:40.142-0x00005E30-Pump.2-SSFHose::setGeneralParameters-[DEBUG]-Name [suction_high] - Value []
10/11/2025-13:33:40.152-0x00005E30-Pump.2-SSFHose::setGeneralParameters-[DEBUG]-Name [real_id] - Value [2]
10/11/2025-13:33:40.162-0x00005E30-Pump.2-SSFHose::setGeneralParameters-[DEBUG]-Name [logical_id] - Value [3]
10/11/2025-13:33:40.182-0x00005E30-Pump.2-SSFHose::setGeneralParameters-[DEBUG]-Name [grade] - Value [DIESEL OPTIMO]
10/11/2025-13:33:40.206-0x00005E30-Pump.2-SSFBasePump::setGeneralParameters-[DEBUG]-Setting paramater [min_vol_sale] with value [0.100]
10/11/2025-13:33:40.223-0x00005E30-Pump.2-SSFBasePump::setGeneralParameters-[DEBUG]-Setting paramater [pump_side_type] with value [DOBLE]
10/11/2025-13:33:40.244-0x00005E30-Pump.2-SSFBaseConfigParam::setGeneralParameters-[DEBUG]-Replacing value for Parameter [pump_side_type] Old Value [] New Value [DOBLE]
10/11/2025-13:33:40.265-0x00005E30-Pump.2-SSFBasePump::setGeneralParameters-[DEBUG]-Setting paramater [ppu_decimal_point] with value [2 - 3.1]
10/11/2025-13:33:40.275-0x00005E30-Pump.2-SSFBasePump::setGeneralParameters-[DEBUG]-PPU decimal option [1]
10/11/2025-13:33:40.286-0x00005E30-Pump.2-SSFBaseConfigParam::setGeneralParameters-[DEBUG]-Replacing value for Parameter [ppu_decimal_point] Old Value [4 - 1.3] New Value [2 - 3.1]
10/11/2025-13:33:40.307-0x00005E30-Pump.2-SSFBasePump::setGeneralParameters-[DEBUG]-Setting paramater [physical_id] with value [2]
10/11/2025-13:33:40.329-0x00005E30-Pump.2-SSFBaseConfigParam::setGeneralParameters-[DEBUG]-Replacing value for Parameter [physical_id] Old Value [] New Value [2]
10/11/2025-13:33:40.349-0x00005E30-Pump.2-SSFBasePump::setGeneralParameters-[DEBUG]-Setting paramater [volume_decimal_point] with value [1 - 3.3]
10/11/2025-13:33:40.365-0x00005E30-Pump.2-SSFBasePump::setGeneralParameters-[DEBUG]-Volume decimal option [3]
10/11/2025-13:33:40.380-0x00005E30-Pump.2-SSFBasePump::setGeneralParameters-[DEBUG]-Setting paramater [implementation] with value [Gilbarco]
10/11/2025-13:33:40.400-0x00005E30-Pump.2-SSFBaseConfigParam::setGeneralParameters-[DEBUG]-Replacing value for Parameter [implementation] Old Value [] New Value [Gilbarco]
10/11/2025-13:33:40.421-0x00005E30-Pump.2-SSFBasePump::setGeneralParameters-[DEBUG]-Setting paramater [money_decimal_point] with value [2 - X.1]
10/11/2025-13:33:40.437-0x00005E30-Pump.2-SSFBasePump::setGeneralParameters-[DEBUG]-Money decimal option [1]
10/11/2025-13:33:40.452-0x00005E30-Pump.2-SSFBaseConfigParam::setGeneralParameters-[DEBUG]-Replacing value for Parameter [money_decimal_point] Old Value [3 - X.2] New Value [2 - X.1]
10/11/2025-13:33:40.475-0x00005E30-Pump.2-SSFBasePump::setGeneralParameters-[DEBUG]-Setting paramater [ID] with value [2]
10/11/2025-13:33:40.602-0x00005E30-Pump.2-SSFBasePump::checkForConfiguration-[DEBUG]-Checking Data
10/11/2025-13:33:40.618-0x00005E30-Pump.2-SSFBasePump::checkForConfiguration-[DEBUG]-Data OK
10/11/2025-13:33:40.634-0x00005E30-Pump.2-SSFPumpGilbarco::checkForConfiguration-[DEBUG]-Forcing InterbyteWriteInterval to [0]
10/11/2025-13:33:40.651-0x00005E30-Pump.2-SSFPumpGilbarco::checkForConfiguration-[DEBUG]-Forcing ReadTimeout to [500]
10/11/2025-13:33:40.670-0x00005E30-Pump.2-SSFPumpGilbarco::checkForConfiguration-[DEBUG]-Forcing ReadInterbyteTimeout to [500]
