13/07/2009-22:05:41.625-0x000007F8-Pump.Tmp.7-SSFBasePump::setGeneralParameters-[DEBUG]-Setting paramater [ID] with value [7]
13/07/2009-22:05:41.625-0x000007F8-Pump.Tmp.7-SSFBaseConfigParam::setGeneralParameters-[DEBUG]-Adding new parameter to instance [ID][7][general]
13/07/2009-22:05:41.625-0x000007F8-Pump.Tmp.7-SSFBaseConfigParam::setGeneralParameters-[DEBUG]-Adding new parameter to instance [sale_limit][0][general_advanced]
13/07/2009-22:05:41.640-0x000007F8-Pump.Tmp.7-SSFBasePump::setGeneralParameters-[DEBUG]-Setting paramater [slot_id] with value [2]
13/07/2009-22:05:41.640-0x000007F8-Pump.Tmp.7-SSFBaseConfigParam::setGeneralParameters-[DEBUG]-Adding new parameter to instance [slot_id][2][general_advanced]
13/07/2009-22:05:41.640-0x000007F8-Pump.Tmp.7-SSFBasePump::setGeneralParameters-[DEBUG]-Setting paramater [totalizer_update_time] with value [0]
13/07/2009-22:05:41.640-0x000007F8-Pump.Tmp.7-SSFBaseConfigParam::setGeneralParameters-[DEBUG]-Adding new parameter to instance [totalizer_update_time][0][general_advanced]
13/07/2009-22:05:41.640-0x000007F8-Pump.Tmp.7-SSFBasePump::setGeneralParameters-[DEBUG]-Setting paramater [fill_up_fuel_tank_preset_value] with value [999.000]
13/07/2009-22:05:41.640-0x000007F8-Pump.Tmp.7-SSFBaseConfigParam::setGeneralParameters-[DEBUG]-Adding new parameter to instance [fill_up_fuel_tank_preset_value][999.000][general_advanced]
13/07/2009-22:05:41.640-0x000007F8-Pump.Tmp.7-SSFBasePump::setGeneralParameters-[DEBUG]-Setting paramater [fill_up_fuel_tank_preset_type] with value [VOLUME]
13/07/2009-22:05:41.640-0x000007F8-Pump.Tmp.7-SSFBaseConfigParam::setGeneralParameters-[DEBUG]-Adding new parameter to instance [fill_up_fuel_tank_preset_type][VOLUME][general_advanced]
13/07/2009-22:05:41.640-0x000007F8-Pump.Tmp.7-SSFBasePump::setGeneralParameters-[DEBUG]-Setting paramater [money_decimal_point] with value [2 - X.1]
13/07/2009-22:05:41.640-0x000007F8-Pump.Tmp.7-SSFBasePump::setGeneralParameters-[DEBUG]-Money decimal option [1]
13/07/2009-22:05:41.640-0x000007F8-Pump.Tmp.7-SSFBaseConfigParam::setGeneralParameters-[DEBUG]-Adding new parameter to instance [money_decimal_point][2 - X.1][general_advanced]
13/07/2009-22:05:41.640-0x000007F8-Pump.Tmp.7-SSFBasePump::setGeneralParameters-[DEBUG]-Setting paramater [implementation] with value [Wayne]
13/07/2009-22:05:41.640-0x000007F8-Pump.Tmp.7-SSFBaseConfigParam::setGeneralParameters-[DEBUG]-Adding new parameter to instance [implementation][Wayne][general]
13/07/2009-22:05:41.640-0x000007F8-Pump.Tmp.7-SSFBasePump::setGeneralParameters-[DEBUG]-Setting paramater [ID] with value [7]
13/07/2009-22:05:41.640-0x000007F8-Pump.Tmp.7-SSFBasePump::setGeneralParameters-[DEBUG]-Setting paramater [max_pump_error_counter] with value [6]
13/07/2009-22:05:41.640-0x000007F8-Pump.Tmp.7-SSFBaseConfigParam::setGeneralParameters-[DEBUG]-Adding new parameter to instance [max_pump_error_counter][6][general_advanced]
13/07/2009-22:05:41.656-0x000007F8-Pump.Tmp.7-SSFBasePump::setGeneralParameters-[DEBUG]-Setting paramater [max_mon_sale] with value [0.000]
13/07/2009-22:05:41.656-0x000007F8-Pump.Tmp.7-SSFBaseConfigParam::setGeneralParameters-[DEBUG]-Adding new parameter to instance [max_mon_sale][0.000][general_advanced]
13/07/2009-22:05:41.656-0x000007F8-Pump.Tmp.7-SSFBasePump::setGeneralParameters-[DEBUG]-Setting paramater [volume_decimal_point] with value [1 - 3.3]
13/07/2009-22:05:41.656-0x000007F8-Pump.Tmp.7-SSFBasePump::setGeneralParameters-[DEBUG]-Volume decimal option [3]
13/07/2009-22:05:41.656-0x000007F8-Pump.Tmp.7-SSFBaseConfigParam::setGeneralParameters-[DEBUG]-Adding new parameter to instance [volume_decimal_point][1 - 3.3][general_advanced]
13/07/2009-22:05:41.656-0x000007F8-Pump.Tmp.7-SSFBasePump::setGeneralParameters-[DEBUG]-Setting paramater [loop_manager] with value [LOOP1]
13/07/2009-22:05:41.656-0x000007F8-Pump.Tmp.7-SSFBaseConfigParam::setGeneralParameters-[DEBUG]-Adding new parameter to instance [loop_manager][LOOP1][general]
13/07/2009-22:05:41.656-0x000007F8-Pump.Tmp.7-SSFBasePump::setGeneralParameters-[DEBUG]-Setting paramater [min_mon_sale] with value [0.000]
13/07/2009-22:05:41.656-0x000007F8-Pump.Tmp.7-SSFBaseConfigParam::setGeneralParameters-[DEBUG]-Adding new parameter to instance [min_mon_sale][0.000][general_advanced]
13/07/2009-22:05:41.656-0x000007F8-Pump.Tmp.7-SSFBasePump::setGeneralParameters-[DEBUG]-Setting paramater [max_vol_sale] with value [40000.00]
13/07/2009-22:05:41.656-0x000007F8-Pump.Tmp.7-SSFBaseConfigParam::setGeneralParameters-[DEBUG]-Adding new parameter to instance [max_vol_sale][40000.00][general_advanced]
13/07/2009-22:05:41.656-0x000007F8-Pump.Tmp.7-SSFBasePump::setGeneralParameters-[DEBUG]-Setting paramater [hoses_qty] with value [3]
13/07/2009-22:05:41.656-0x000007F8-Pump.Tmp.7-SSFBaseConfigParam::setGeneralParameters-[DEBUG]-Adding new parameter to instance [hoses_qty][3][general]
13/07/2009-22:05:41.656-0x000007F8-Pump.Tmp.7-SSFHose::setGeneralParameters-[DEBUG]-Name [suction_low] - Value []
13/07/2009-22:05:41.656-0x000007F8-Pump.Tmp.7-SSFHose::setHighTankSuction-[DEBUG]-Setting High tank suction [T1]
13/07/2009-22:05:41.671-0x000007F8-Pump.Tmp.7-SSFHose::setGeneralParameters-[DEBUG]-Name [suction_high] - Value [T1]
13/07/2009-22:05:41.671-0x000007F8-Pump.Tmp.7-SSFHose::setGeneralParameters-[DEBUG]-Name [grade] - Value [PREMIUM]
13/07/2009-22:05:41.671-0x000007F8-Pump.Tmp.7-SSFHose::setGeneralParameters-[DEBUG]-Name [real_id] - Value [0]
13/07/2009-22:05:41.671-0x000007F8-Pump.Tmp.7-SSFHose::setGeneralParameters-[DEBUG]-Name [logical_id] - Value [1]
13/07/2009-22:05:41.671-0x000007F8-Pump.Tmp.7-SSFHose::setGeneralParameters-[DEBUG]-Name [suction_low] - Value []
13/07/2009-22:05:41.671-0x000007F8-Pump.Tmp.7-SSFHose::setHighTankSuction-[DEBUG]-Setting High tank suction [T2]
13/07/2009-22:05:41.671-0x000007F8-Pump.Tmp.7-SSFHose::setGeneralParameters-[DEBUG]-Name [suction_high] - Value [T2]
13/07/2009-22:05:41.671-0x000007F8-Pump.Tmp.7-SSFHose::setGeneralParameters-[DEBUG]-Name [grade] - Value [PLUS]
13/07/2009-22:05:41.671-0x000007F8-Pump.Tmp.7-SSFHose::setGeneralParameters-[DEBUG]-Name [real_id] - Value [1]
13/07/2009-22:05:41.671-0x000007F8-Pump.Tmp.7-SSFHose::setGeneralParameters-[DEBUG]-Name [logical_id] - Value [2]
13/07/2009-22:05:41.671-0x000007F8-Pump.Tmp.7-SSFHose::setGeneralParameters-[DEBUG]-Name [suction_low] - Value []
13/07/2009-22:05:41.671-0x000007F8-Pump.Tmp.7-SSFHose::setHighTankSuction-[DEBUG]-Setting High tank suction [T3]
13/07/2009-22:05:41.671-0x000007F8-Pump.Tmp.7-SSFHose::setGeneralParameters-[DEBUG]-Name [suction_high] - Value [T3]
13/07/2009-22:05:41.671-0x000007F8-Pump.Tmp.7-SSFHose::setGeneralParameters-[DEBUG]-Name [grade] - Value [DIESEL]
13/07/2009-22:05:41.671-0x000007F8-Pump.Tmp.7-SSFHose::setGeneralParameters-[DEBUG]-Name [real_id] - Value [2]
13/07/2009-22:05:41.671-0x000007F8-Pump.Tmp.7-SSFHose::setGeneralParameters-[DEBUG]-Name [logical_id] - Value [3]
13/07/2009-22:05:41.687-0x000007F8-Pump.Tmp.7-SSFBasePump::setGeneralParameters-[DEBUG]-Setting paramater [min_vol_sale] with value [0.100]
13/07/2009-22:05:41.687-0x000007F8-Pump.Tmp.7-SSFBaseConfigParam::setGeneralParameters-[DEBUG]-Adding new parameter to instance [min_vol_sale][0.100][general_advanced]
13/07/2009-22:05:41.687-0x000007F8-Pump.Tmp.7-SSFBasePump::setGeneralParameters-[DEBUG]-Setting paramater [pump_side_type] with value [DOBLE]
13/07/2009-22:05:41.687-0x000007F8-Pump.Tmp.7-SSFBaseConfigParam::setGeneralParameters-[DEBUG]-Adding new parameter to instance [pump_side_type][DOBLE][general]
13/07/2009-22:05:41.687-0x000007F8-Pump.Tmp.7-SSFBasePump::setGeneralParameters-[DEBUG]-Setting paramater [ppu_decimal_point] with value [3 - 2.2]
13/07/2009-22:05:41.687-0x000007F8-Pump.Tmp.7-SSFBasePump::setGeneralParameters-[DEBUG]-PPU decimal option [2]
13/07/2009-22:05:41.687-0x000007F8-Pump.Tmp.7-SSFBaseConfigParam::setGeneralParameters-[DEBUG]-Adding new parameter to instance [ppu_decimal_point][3 - 2.2][general_advanced]
13/07/2009-22:05:41.687-0x000007F8-Pump.Tmp.7-SSFBasePump::setGeneralParameters-[DEBUG]-Setting paramater [physical_id] with value [7]
13/07/2009-22:05:41.687-0x000007F8-Pump.Tmp.7-SSFBaseConfigParam::setGeneralParameters-[DEBUG]-Adding new parameter to instance [physical_id][7][general]
13/07/2009-22:05:41.687-0x000007F8-Pump.Tmp.7-SSFBaseConfigParam::setGeneralParameters-[DEBUG]-Adding new parameter to instance [slow_down][0][general_advanced]
13/07/2009-22:05:41.687-0x000007F8-Pump.Tmp.7-SSFBasePump::checkForConfiguration-[DEBUG]-Checking Data
13/07/2009-22:05:41.703-0x000007F8-Pump.Tmp.7-SSFBasePump::checkForConfiguration-[DEBUG]-Data OK
13/07/2009-22:05:41.968-0x000007F8-Pump.Tmp.7-SSFBasePump::~SSFBasePump-[DEBUG]-Deleting Pump [07]
13/07/2009-22:05:41.968-0x000007F8-Pump.Tmp.7-SSFMessageRouterClient::~SSFMessageRouterClient-[DEBUG]-Deleting MRC from device [0]
13/07/2009-22:05:41.968-0x000007F8-Pump.Tmp.7-SSFMessageRouterClient::~SSFMessageRouterClient-[DEBUG]-MRC from device [0] destryed OK
