10/11/2025-13:33:49.425-0x00005E30-Pump.7-SSFBasePump::setGeneralParameters-[DEBUG]-Setting paramater [ID] with value [7]
10/11/2025-13:33:49.435-0x00005E30-Pump.7-SSFBaseConfigParam::setGeneralParameters-[DEBUG]-Replacing value for Parameter [ID] Old Value [] New Value [7]
10/11/2025-13:33:49.465-0x00005E30-Pump.7-SSFBasePump::setGeneralParameters-[DEBUG]-Setting paramater [max_pump_error_counter] with value [6]
10/11/2025-13:33:49.485-0x00005E30-Pump.7-SSFBasePump::setGeneralParameters-[DEBUG]-Setting paramater [max_rtm_error_counter] with value [3]
10/11/2025-13:33:49.520-0x00005E30-Pump.7-SSFBasePump::setGeneralParameters-[DEBUG]-Setting paramater [pump_baud_rate] with value [5760]
10/11/2025-13:33:49.537-0x00005E30-Pump.7-SSFPumpGilbarco::setGeneralParameters-[DEBUG]-Seteando la configuracion del surtidor en [5760]
10/11/2025-13:33:49.568-0x00005E30-Pump.7-SSFBasePump::setGeneralParameters-[DEBUG]-Setting paramater [slot_id] with value [4]
10/11/2025-13:33:49.585-0x00005E30-Pump.7-SSFBaseConfigParam::setGeneralParameters-[DEBUG]-Replacing value for Parameter [slot_id] Old Value [0] New Value [4]
10/11/2025-13:33:49.609-0x00005E30-Pump.7-SSFBasePump::setGeneralParameters-[DEBUG]-Setting paramater [totalizer_update_time] with value [0]
10/11/2025-13:33:49.638-0x00005E30-Pump.7-SSFBasePump::setGeneralParameters-[DEBUG]-Setting paramater [fill_up_fuel_tank_preset_value] with value [999.000]
10/11/2025-13:33:49.661-0x00005E30-Pump.7-SSFBasePump::setGeneralParameters-[DEBUG]-Setting paramater [fill_up_fuel_tank_preset_type] with value [VOLUME]
10/11/2025-13:33:49.686-0x00005E30-Pump.7-SSFPumpGilbarco::setGeneralParameters-[DEBUG]-Digit Money Display [6]
10/11/2025-13:33:49.696-0x00005E30-Pump.7-SSFBaseConfigParam::setGeneralParameters-[DEBUG]-Replacing value for Parameter [money_digits_qty] Old Value [1 - 5 Digitos] New Value [2 - 6 Digits]
10/11/2025-13:33:49.723-0x00005E30-Pump.7-SSFBasePump::setGeneralParameters-[DEBUG]-Setting paramater [max_mon_sale] with value [0.000]
10/11/2025-13:33:49.749-0x00005E30-Pump.7-SSFBasePump::setGeneralParameters-[DEBUG]-Setting paramater [min_mon_sale] with value [0.000]
10/11/2025-13:33:49.765-0x00005E30-Pump.7-SSFBasePump::setGeneralParameters-[DEBUG]-Setting paramater [loop_manager] with value [LOOP1]
10/11/2025-13:33:49.786-0x00005E30-Pump.7-SSFBaseConfigParam::setGeneralParameters-[DEBUG]-Replacing value for Parameter [loop_manager] Old Value [] New Value [LOOP1]
10/11/2025-13:33:49.812-0x00005E30-Pump.7-SSFBasePump::setGeneralParameters-[DEBUG]-Setting paramater [max_vol_sale] with value [40000.00]
10/11/2025-13:33:49.828-0x00005E30-Pump.7-SSFBasePump::setGeneralParameters-[DEBUG]-Setting paramater [hoses_qty] with value [3]
10/11/2025-13:33:49.849-0x00005E30-Pump.7-SSFBaseConfigParam::setGeneralParameters-[DEBUG]-Replacing value for Parameter [hoses_qty] Old Value [] New Value [3]
10/11/2025-13:33:49.879-0x00005E30-Pump.7-SSFHose::setGeneralParameters-[DEBUG]-Name [suction_low] - Value []
10/11/2025-13:33:49.900-0x00005E30-Pump.7-SSFHose::setGeneralParameters-[DEBUG]-Name [suction_high] - Value []
10/11/2025-13:33:49.910-0x00005E30-Pump.7-SSFHose::setGeneralParameters-[DEBUG]-Name [real_id] - Value [0]
10/11/2025-13:33:49.923-0x00005E30-Pump.7-SSFHose::setGeneralParameters-[DEBUG]-Name [logical_id] - Value [1]
10/11/2025-13:33:49.941-0x00005E30-Pump.7-SSFHose::setGeneralParameters-[DEBUG]-Name [grade] - Value [GASOLINA PREMIUM]
10/11/2025-13:33:49.972-0x00005E30-Pump.7-SSFHose::setGeneralParameters-[DEBUG]-Name [suction_low] - Value []
10/11/2025-13:33:49.987-0x00005E30-Pump.7-SSFHose::setGeneralParameters-[DEBUG]-Name [suction_high] - Value []
10/11/2025-13:33:50.003-0x00005E30-Pump.7-SSFHose::setGeneralParameters-[DEBUG]-Name [real_id] - Value [1]
10/11/2025-13:33:50.019-0x00005E30-Pump.7-SSFHose::setGeneralParameters-[DEBUG]-Name [logical_id] - Value [2]
10/11/2025-13:33:50.034-0x00005E30-Pump.7-SSFHose::setGeneralParameters-[DEBUG]-Name [grade] - Value [GASOLINA REGULAR]
10/11/2025-13:33:50.066-0x00005E30-Pump.7-SSFHose::setGeneralParameters-[DEBUG]-Name [logical_id] - Value [3]
10/11/2025-13:33:50.076-0x00005E30-Pump.7-SSFHose::setGeneralParameters-[DEBUG]-Name [real_id] - Value [2]
10/11/2025-13:33:50.086-0x00005E30-Pump.7-SSFHose::setGeneralParameters-[DEBUG]-Name [grade] - Value [DIESEL OPTIMO]
10/11/2025-13:33:50.107-0x00005E30-Pump.7-SSFHose::setGeneralParameters-[DEBUG]-Name [suction_high] - Value []
10/11/2025-13:33:50.118-0x00005E30-Pump.7-SSFHose::setGeneralParameters-[DEBUG]-Name [suction_low] - Value []
10/11/2025-13:33:50.146-0x00005E30-Pump.7-SSFBasePump::setGeneralParameters-[DEBUG]-Setting paramater [min_vol_sale] with value [0.100]
10/11/2025-13:33:50.170-0x00005E30-Pump.7-SSFBasePump::setGeneralParameters-[DEBUG]-Setting paramater [pump_side_type] with value [DOBLE]
10/11/2025-13:33:50.180-0x00005E30-Pump.7-SSFBaseConfigParam::setGeneralParameters-[DEBUG]-Replacing value for Parameter [pump_side_type] Old Value [] New Value [DOBLE]
10/11/2025-13:33:50.210-0x00005E30-Pump.7-SSFBasePump::setGeneralParameters-[DEBUG]-Setting paramater [ppu_decimal_point] with value [2 - 3.1]
10/11/2025-13:33:50.226-0x00005E30-Pump.7-SSFBasePump::setGeneralParameters-[DEBUG]-PPU decimal option [1]
10/11/2025-13:33:50.232-0x00005E30-Pump.7-SSFBaseConfigParam::setGeneralParameters-[DEBUG]-Replacing value for Parameter [ppu_decimal_point] Old Value [4 - 1.3] New Value [2 - 3.1]
10/11/2025-13:33:50.263-0x00005E30-Pump.7-SSFBasePump::setGeneralParameters-[DEBUG]-Setting paramater [physical_id] with value [7]
10/11/2025-13:33:50.273-0x00005E30-Pump.7-SSFBaseConfigParam::setGeneralParameters-[DEBUG]-Replacing value for Parameter [physical_id] Old Value [] New Value [7]
10/11/2025-13:33:50.294-0x00005E30-Pump.7-SSFBasePump::setGeneralParameters-[DEBUG]-Setting paramater [volume_decimal_point] with value [1 - 3.3]
10/11/2025-13:33:50.315-0x00005E30-Pump.7-SSFBasePump::setGeneralParameters-[DEBUG]-Volume decimal option [3]
10/11/2025-13:33:50.336-0x00005E30-Pump.7-SSFBasePump::setGeneralParameters-[DEBUG]-Setting paramater [ID] with value [7]
10/11/2025-13:33:50.357-0x00005E30-Pump.7-SSFBasePump::setGeneralParameters-[DEBUG]-Setting paramater [implementation] with value [Gilbarco]
10/11/2025-13:33:50.367-0x00005E30-Pump.7-SSFBaseConfigParam::setGeneralParameters-[DEBUG]-Replacing value for Parameter [implementation] Old Value [] New Value [Gilbarco]
10/11/2025-13:33:50.388-0x00005E30-Pump.7-SSFBasePump::setGeneralParameters-[DEBUG]-Setting paramater [money_decimal_point] with value [2 - X.1]
10/11/2025-13:33:50.408-0x00005E30-Pump.7-SSFBasePump::setGeneralParameters-[DEBUG]-Money decimal option [1]
10/11/2025-13:33:50.419-0x00005E30-Pump.7-SSFBaseConfigParam::setGeneralParameters-[DEBUG]-Replacing value for Parameter [money_decimal_point] Old Value [3 - X.2] New Value [2 - X.1]
10/11/2025-13:33:50.574-0x00005E30-Pump.7-SSFBasePump::checkForConfiguration-[DEBUG]-Checking Data
10/11/2025-13:33:50.595-0x00005E30-Pump.7-SSFBasePump::checkForConfiguration-[DEBUG]-Data OK
10/11/2025-13:33:50.605-0x00005E30-Pump.7-SSFPumpGilbarco::checkForConfiguration-[DEBUG]-Forcing InterbyteWriteInterval to [0]
10/11/2025-13:33:50.626-0x00005E30-Pump.7-SSFPumpGilbarco::checkForConfiguration-[DEBUG]-Forcing ReadTimeout to [500]
10/11/2025-13:33:50.637-0x00005E30-Pump.7-SSFPumpGilbarco::checkForConfiguration-[DEBUG]-Forcing ReadInterbyteTimeout to [500]
