17/07/2009-20:32:37.171-0x00000DF0-Pump.14-SSFBasePump::setGeneralParameters-[DEBUG]-Setting paramater [ID] with value [14]
17/07/2009-20:32:37.171-0x00000DF0-Pump.14-SSFBaseConfigParam::setGeneralParameters-[DEBUG]-Replacing value for Parameter [ID] Old Value [] New Value [14]
17/07/2009-20:32:37.171-0x00000DF0-Pump.14-SSFBasePump::setGeneralParameters-[DEBUG]-Setting paramater [money_decimal_point] with value [2 - X.1]
17/07/2009-20:32:37.187-0x00000DF0-Pump.14-SSFBasePump::setGeneralParameters-[DEBUG]-Money decimal option [1]
17/07/2009-20:32:37.187-0x00000DF0-Pump.14-SSFBaseConfigParam::setGeneralParameters-[DEBUG]-Replacing value for Parameter [money_decimal_point] Old Value [3 - X.2] New Value [2 - X.1]
17/07/2009-20:32:37.187-0x00000DF0-Pump.14-SSFBasePump::setGeneralParameters-[DEBUG]-Setting paramater [implementation] with value [Wayne]
17/07/2009-20:32:37.187-0x00000DF0-Pump.14-SSFBaseConfigParam::setGeneralParameters-[DEBUG]-Replacing value for Parameter [implementation] Old Value [] New Value [Wayne]
17/07/2009-20:32:37.187-0x00000DF0-Pump.14-SSFBasePump::setGeneralParameters-[DEBUG]-Setting paramater [ID] with value [14]
17/07/2009-20:32:37.187-0x00000DF0-Pump.14-SSFBasePump::setGeneralParameters-[DEBUG]-Setting paramater [volume_decimal_point] with value [1 - 3.3]
17/07/2009-20:32:37.187-0x00000DF0-Pump.14-SSFBasePump::setGeneralParameters-[DEBUG]-Volume decimal option [3]
17/07/2009-20:32:37.187-0x00000DF0-Pump.14-SSFBasePump::setGeneralParameters-[DEBUG]-Setting paramater [ppu_decimal_point] with value [3 - 2.2]
17/07/2009-20:32:37.187-0x00000DF0-Pump.14-SSFBasePump::setGeneralParameters-[DEBUG]-PPU decimal option [2]
17/07/2009-20:32:37.187-0x00000DF0-Pump.14-SSFBaseConfigParam::setGeneralParameters-[DEBUG]-Replacing value for Parameter [ppu_decimal_point] Old Value [4 - 1.3] New Value [3 - 2.2]
17/07/2009-20:32:37.187-0x00000DF0-Pump.14-SSFBasePump::setGeneralParameters-[DEBUG]-Setting paramater [physical_id] with value [14]
17/07/2009-20:32:37.187-0x00000DF0-Pump.14-SSFBaseConfigParam::setGeneralParameters-[DEBUG]-Replacing value for Parameter [physical_id] Old Value [] New Value [14]
17/07/2009-20:32:37.187-0x00000DF0-Pump.14-SSFBasePump::setGeneralParameters-[DEBUG]-Setting paramater [pump_side_type] with value [DOBLE]
17/07/2009-20:32:37.187-0x00000DF0-Pump.14-SSFBaseConfigParam::setGeneralParameters-[DEBUG]-Replacing value for Parameter [pump_side_type] Old Value [] New Value [DOBLE]
17/07/2009-20:32:37.187-0x00000DF0-Pump.14-SSFBasePump::setGeneralParameters-[DEBUG]-Setting paramater [min_vol_sale] with value [0.100]
17/07/2009-20:32:37.187-0x00000DF0-Pump.14-SSFBasePump::setGeneralParameters-[DEBUG]-Setting paramater [hoses_qty] with value [1]
17/07/2009-20:32:37.187-0x00000DF0-Pump.14-SSFBaseConfigParam::setGeneralParameters-[DEBUG]-Replacing value for Parameter [hoses_qty] Old Value [] New Value [1]
17/07/2009-20:32:37.203-0x00000DF0-Pump.14-SSFHose::setGeneralParameters-[DEBUG]-Name [logical_id] - Value [1]
17/07/2009-20:32:37.203-0x00000DF0-Pump.14-SSFHose::setGeneralParameters-[DEBUG]-Name [real_id] - Value [0]
17/07/2009-20:32:37.203-0x00000DF0-Pump.14-SSFHose::setGeneralParameters-[DEBUG]-Name [grade] - Value [DIESEL]
17/07/2009-20:32:37.203-0x00000DF0-Pump.14-SSFHose::setHighTankSuction-[DEBUG]-Setting High tank suction [T3]
17/07/2009-20:32:37.203-0x00000DF0-Pump.14-SSFHose::setGeneralParameters-[DEBUG]-Name [suction_high] - Value [T3]
17/07/2009-20:32:37.203-0x00000DF0-Pump.14-SSFHose::setGeneralParameters-[DEBUG]-Name [suction_low] - Value []
17/07/2009-20:32:37.203-0x00000DF0-Pump.14-SSFBasePump::setGeneralParameters-[DEBUG]-Setting paramater [slot_id] with value [4]
17/07/2009-20:32:37.203-0x00000DF0-Pump.14-SSFBaseConfigParam::setGeneralParameters-[DEBUG]-Replacing value for Parameter [slot_id] Old Value [0] New Value [4]
17/07/2009-20:32:37.203-0x00000DF0-Pump.14-SSFBasePump::setGeneralParameters-[DEBUG]-Setting paramater [totalizer_update_time] with value [0]
17/07/2009-20:32:37.203-0x00000DF0-Pump.14-SSFBasePump::setGeneralParameters-[DEBUG]-Setting paramater [fill_up_fuel_tank_preset_value] with value [999.000]
17/07/2009-20:32:37.203-0x00000DF0-Pump.14-SSFBasePump::setGeneralParameters-[DEBUG]-Setting paramater [fill_up_fuel_tank_preset_type] with value [VOLUME]
17/07/2009-20:32:37.203-0x00000DF0-Pump.14-SSFBasePump::setGeneralParameters-[DEBUG]-Setting paramater [max_pump_error_counter] with value [6]
17/07/2009-20:32:37.203-0x00000DF0-Pump.14-SSFBasePump::setGeneralParameters-[DEBUG]-Setting paramater [max_mon_sale] with value [0.000]
17/07/2009-20:32:37.218-0x00000DF0-Pump.14-SSFBasePump::setGeneralParameters-[DEBUG]-Setting paramater [loop_manager] with value [LOOP1]
17/07/2009-20:32:37.218-0x00000DF0-Pump.14-SSFBaseConfigParam::setGeneralParameters-[DEBUG]-Replacing value for Parameter [loop_manager] Old Value [] New Value [LOOP1]
17/07/2009-20:32:37.218-0x00000DF0-Pump.14-SSFBasePump::setGeneralParameters-[DEBUG]-Setting paramater [min_mon_sale] with value [0.000]
17/07/2009-20:32:37.218-0x00000DF0-Pump.14-SSFBasePump::setGeneralParameters-[DEBUG]-Setting paramater [max_vol_sale] with value [40000.00]
17/07/2009-20:32:37.218-0x00000DF0-Pump.14-SSFBasePump::checkForConfiguration-[DEBUG]-Checking Data
17/07/2009-20:32:37.218-0x00000DF0-Pump.14-SSFBasePump::checkForConfiguration-[DEBUG]-Data OK
17/07/2009-20:32:46.953-0x00000DF0-Pump.14-SSFBasePump::initial-[DEBUG]-PUMPID[14] - Binding attributes
17/07/2009-20:32:46.968-0x00000DF0-Pump.14-SSFPumpSale::initDB-[DEBUG]-Table Opened OK
17/07/2009-20:34:00.156-0x00000DF0-Pump.14-SSFPumpSale::loadLastSale-[DEBUG]-Last Sale loaded for pump 14
17/07/2009-20:34:00.171-0x00000DF0-Pump.14-SSFPumpSale::loadLastSale-[DEBUG]-Last Sale Sale Id [364463]
17/07/2009-20:34:00.171-0x00000DF0-Pump.14-SSFDBBaseDataMngr::addDataBinding(bool)-[DEBUG]-Data isStopped binded
17/07/2009-20:34:00.171-0x00000DF0-Pump.14-SSFDBBaseDataMngr::addDataBinding(bool)-[DEBUG]-Data isOpened binded
17/07/2009-20:34:00.171-0x00000DF0-Pump.14-SSFDBDeviceData::initData-[DEBUG]-Table Opened OK
17/07/2009-20:34:00.171-0x00000DF0-Pump.14-SSFDBDeviceData::readFromDB-[DEBUG]-reading from DB with clause [device_id = '14' AND subdevice_Id = '' AND attr_name = 'PumpKey']
17/07/2009-20:34:00.187-0x00000DF0-Pump.14-SSFDBDeviceData::readFromDB-[DEBUG]-read OK - Value=Wayne1401
17/07/2009-20:34:00.187-0x00000DF0-Pump.14-SSFDBDeviceData::readFromDB-[DEBUG]-reading from DB with clause [device_id = '14' AND subdevice_Id = '' AND attr_name = 'PumpPriceLevel']
17/07/2009-20:34:00.218-0x00000DF0-Pump.14-SSFDBDeviceData::readFromDB-[DEBUG]-read OK - Value=1
17/07/2009-20:34:00.218-0x00000DF0-Pump.14-SSFDBDeviceData::readFromDB-[DEBUG]-reading from DB with clause [device_id = '14' AND subdevice_Id = '' AND attr_name = 'isOpened']
17/07/2009-20:34:00.218-0x00000DF0-Pump.14-SSFDBDeviceData::readFromDB-[DEBUG]-read OK - Value=1
17/07/2009-20:34:00.218-0x00000DF0-Pump.14-SSFDBDeviceData::readFromDB-[DEBUG]-reading from DB with clause [device_id = '14' AND subdevice_Id = '' AND attr_name = 'isStopped']
17/07/2009-20:34:00.218-0x00000DF0-Pump.14-SSFDBDeviceData::readFromDB-[DEBUG]-read OK - Value=0
17/07/2009-20:34:00.218-0x00000DF0-Pump.14-SSFBasePump::initial-[DEBUG]-Pump 14 - Launching Message Router Client
17/07/2009-20:34:00.218-0x00000DF0-Pump.14-SSFMessageRouterClient::initial-[DEBUG]-Setting the IP connection address to localhost
17/07/2009-20:34:00.218-0x00000DF0-Pump.14-SSFMessageRouterClient::setRemoteAddress-[DEBUG]-Remote Address setted 
17/07/2009-20:34:00.234-0x00000DF0-Pump.14-SSFPumpStatus::setPumpStatus-[DEBUG]-Request to change pump status from [00][CLOSED] to [01][ERROR]
17/07/2009-20:34:00.234-0x00000DF0-Pump.14-SSFDBDeviceData::initData-[DEBUG]-Table Opened OK
17/07/2009-20:34:00.250-0x00000DF0-Pump.14-SSFDBDeviceData::readFromDB-[DEBUG]-reading from DB with clause [device_id = '14' AND subdevice_Id = '1' AND attr_name = 'MoneyTotalizer']
17/07/2009-20:34:00.281-0x00000DF0-Pump.14-SSFDBDeviceData::readFromDB-[DEBUG]-read OK - Value=8974.400000
17/07/2009-20:34:00.281-0x00000DF0-Pump.14-SSFDBDeviceData::readFromDB-[DEBUG]-reading from DB with clause [device_id = '14' AND subdevice_Id = '1' AND attr_name = 'VolumeTotalizer']
17/07/2009-20:34:00.296-0x00000DF0-Pump.14-SSFDBDeviceData::readFromDB-[DEBUG]-read OK - Value=267.710000
17/07/2009-20:34:00.296-0x00000DF0-Pump.14-SSFHose::ifBlendedHose-[DEBUG]-This hose is not blended
17/07/2009-20:34:00.328-0x0000109C-Pump.14-SSFMessageRouterClient::connectToServer-[DEBUG]-Trying to connect to Message Router Server
17/07/2009-20:34:00.390-0x0000109C-Pump.14-SSFMessageRouterClient::connectToServer-[DEBUG]-<1141> Connected to server
17/07/2009-20:34:00.390-0x0000109C-Pump.14-SSFMessageRouterClient::processRouterMessageOut-[DEBUG]-<1141> [SUBSCRIBE] to be pushed [EVT_EXIT_CLIENT_CONNECTION] Msg Len [51] 
17/07/2009-20:34:00.390-0x0000109C-Pump.14-SSFMessageRouterClient::processRouterMessageOut-[DEBUG]-<1141> Event sent to socket
17/07/2009-20:34:00.390-0x0000109C-Pump.14-SSFMessageRouterClient::processRouterMessageOut-[DEBUG]-<1141> [SUBSCRIBE] to be pushed [REQ_PUMP_AUTHORIZE_CALLING] Msg Len [93] 
17/07/2009-20:34:00.390-0x0000109C-Pump.14-SSFMessageRouterClient::processRouterMessageOut-[DEBUG]-<1141> Event sent to socket
17/07/2009-20:34:00.390-0x0000109C-Pump.14-SSFMessageRouterClient::processRouterMessageOut-[DEBUG]-<1141> [SUBSCRIBE] to be pushed [REQ_PUMP_AUTH_ID_000] Msg Len [72] 
17/07/2009-20:34:00.390-0x0000109C-Pump.14-SSFMessageRouterClient::processRouterMessageOut-[DEBUG]-<1141> Event sent to socket
17/07/2009-20:34:00.390-0x0000109C-Pump.14-SSFMessageRouterClient::processRouterMessageOut-[DEBUG]-<1141> [SUBSCRIBE] to be pushed [REQ_PUMP_AUTH_ID_014] Msg Len [45] 
17/07/2009-20:34:00.406-0x0000109C-Pump.14-SSFMessageRouterClient::processRouterMessageOut-[DEBUG]-<1141> Event sent to socket
17/07/2009-20:34:00.406-0x0000109C-Pump.14-SSFMessageRouterClient::processRouterMessageOut-[DEBUG]-<1141> [SUBSCRIBE] to be pushed [REQ_PUMP_BOGUS_AUTOMATIC_ID_014] Msg Len [56] 
17/07/2009-20:34:00.406-0x0000109C-Pump.14-SSFMessageRouterClient::processRouterMessageOut-[DEBUG]-<1141> Event sent to socket
17/07/2009-20:34:00.421-0x0000109C-Pump.14-SSFMessageRouterClient::processRouterMessageOut-[DEBUG]-<1141> [SUBSCRIBE] to be pushed [REQ_PUMP_BOGUS_CONNECT_ID_014] Msg Len [54] 
17/07/2009-20:34:00.421-0x0000109C-Pump.14-SSFMessageRouterClient::processRouterMessageOut-[DEBUG]-<1141> Event sent to socket
17/07/2009-20:34:00.421-0x0000109C-Pump.14-SSFMessageRouterClient::processRouterMessageOut-[DEBUG]-<1141> [SUBSCRIBE] to be pushed [REQ_PUMP_BOGUS_DISCONNECT_ID_014] Msg Len [57] 
17/07/2009-20:34:00.421-0x0000109C-Pump.14-SSFMessageRouterClient::processRouterMessageOut-[DEBUG]-<1141> Event sent to socket
17/07/2009-20:34:00.437-0x0000109C-Pump.14-SSFMessageRouterClient::processRouterMessageOut-[DEBUG]-<1141> [SUBSCRIBE] to be pushed [REQ_PUMP_BOGUS_HANDLE_ID_014] Msg Len [53] 
17/07/2009-20:34:00.453-0x0000109C-Pump.14-SSFMessageRouterClient::processRouterMessageOut-[DEBUG]-<1141> Event sent to socket
17/07/2009-20:34:00.453-0x0000109C-Pump.14-SSFMessageRouterClient::processRouterMessageOut-[DEBUG]-<1141> [SUBSCRIBE] to be pushed [REQ_PUMP_BOGUS_VALVE_ID_014] Msg Len [52] 
17/07/2009-20:34:00.453-0x0000109C-Pump.14-SSFMessageRouterClient::processRouterMessageOut-[DEBUG]-<1141> Event sent to socket
17/07/2009-20:34:00.453-0x0000109C-Pump.14-SSFMessageRouterClient::processRouterMessageOut-[DEBUG]-<1141> [SUBSCRIBE] to be pushed [REQ_PUMP_CAPABILITIES_ID_000] Msg Len [53] 
17/07/2009-20:34:00.453-0x0000109C-Pump.14-SSFMessageRouterClient::processRouterMessageOut-[DEBUG]-<1141> Event sent to socket
17/07/2009-20:34:00.453-0x0000109C-Pump.14-SSFMessageRouterClient::processRouterMessageOut-[DEBUG]-<1141> [SUBSCRIBE] to be pushed [REQ_PUMP_CAPABILITIES_ID_014] Msg Len [53] 
17/07/2009-20:34:00.453-0x0000109C-Pump.14-SSFMessageRouterClient::processRouterMessageOut-[DEBUG]-<1141> Event sent to socket
17/07/2009-20:34:00.453-0x0000109C-Pump.14-SSFMessageRouterClient::processRouterMessageOut-[DEBUG]-<1141> [SUBSCRIBE] to be pushed [REQ_PUMP_CLEAR_ERROR_MSG_ID_000] Msg Len [56] 
17/07/2009-20:34:00.453-0x0000109C-Pump.14-SSFMessageRouterClient::processRouterMessageOut-[DEBUG]-<1141> Event sent to socket
17/07/2009-20:34:00.468-0x0000109C-Pump.14-SSFMessageRouterClient::processRouterMessageOut-[DEBUG]-<1141> [SUBSCRIBE] to be pushed [REQ_PUMP_CLEAR_ERROR_MSG_ID_014] Msg Len [56] 
17/07/2009-20:34:00.468-0x0000109C-Pump.14-SSFMessageRouterClient::processRouterMessageOut-[DEBUG]-<1141> Event sent to socket
17/07/2009-20:34:00.468-0x0000109C-Pump.14-SSFMessageRouterClient::processRouterMessageOut-[DEBUG]-<1141> [SUBSCRIBE] to be pushed [REQ_PUMP_CLEAR_PRESET_ID_014] Msg Len [83] 
17/07/2009-20:34:00.468-0x0000109C-Pump.14-SSFMessageRouterClient::processRouterMessageOut-[DEBUG]-<1141> Event sent to socket
17/07/2009-20:34:00.468-0x0000109C-Pump.14-SSFMessageRouterClient::processRouterMessageOut-[DEBUG]-<1141> [SUBSCRIBE] to be pushed [REQ_PUMP_CLEAR_STOP_ID_000] Msg Len [78] 
17/07/2009-20:34:00.468-0x0000109C-Pump.14-SSFMessageRouterClient::processRouterMessageOut-[DEBUG]-<1141> Event sent to socket
17/07/2009-20:34:00.468-0x0000109C-Pump.14-SSFMessageRouterClient::processRouterMessageOut-[DEBUG]-<1141> [SUBSCRIBE] to be pushed [REQ_PUMP_CLEAR_STOP_ID_014] Msg Len [51] 
17/07/2009-20:34:00.468-0x0000109C-Pump.14-SSFMessageRouterClient::processRouterMessageOut-[DEBUG]-<1141> Event sent to socket
17/07/2009-20:34:00.468-0x0000109C-Pump.14-SSFMessageRouterClient::processRouterMessageOut-[DEBUG]-<1141> [SUBSCRIBE] to be pushed [REQ_PUMP_CLOSE_ID_000] Msg Len [108] 
17/07/2009-20:34:00.468-0x0000109C-Pump.14-SSFMessageRouterClient::processRouterMessageOut-[DEBUG]-<1141> Event sent to socket
17/07/2009-20:34:00.484-0x0000109C-Pump.14-SSFMessageRouterClient::processRouterMessageOut-[DEBUG]-<1141> [SUBSCRIBE] to be pushed [REQ_PUMP_CLOSE_ID_014] Msg Len [46] 
17/07/2009-20:34:00.484-0x0000109C-Pump.14-SSFMessageRouterClient::processRouterMessageOut-[DEBUG]-<1141> Event sent to socket
17/07/2009-20:34:00.484-0x0000109C-Pump.14-SSFMessageRouterClient::processRouterMessageOut-[DEBUG]-<1141> [SUBSCRIBE] to be pushed [REQ_PUMP_DEAUTH_ID_000] Msg Len [76] 
17/07/2009-20:34:00.484-0x0000109C-Pump.14-SSFMessageRouterClient::processRouterMessageOut-[DEBUG]-<1141> Event sent to socket
17/07/2009-20:34:00.484-0x0000109C-Pump.14-SSFMessageRouterClient::processRouterMessageOut-[DEBUG]-<1141> [SUBSCRIBE] to be pushed [REQ_PUMP_DEAUTH_ID_014] Msg Len [47] 
17/07/2009-20:34:00.484-0x0000109C-Pump.14-SSFMessageRouterClient::processRouterMessageOut-[DEBUG]-<1141> Event sent to socket
17/07/2009-20:34:00.484-0x0000109C-Pump.14-SSFMessageRouterClient::processRouterMessageOut-[DEBUG]-<1141> [SUBSCRIBE] to be pushed [REQ_PUMP_DELIVERY_PROGRESS_ID_014] Msg Len [58] 
17/07/2009-20:34:00.484-0x0000109C-Pump.14-SSFMessageRouterClient::processRouterMessageOut-[DEBUG]-<1141> Event sent to socket
17/07/2009-20:34:00.500-0x0000109C-Pump.14-SSFMessageRouterClient::processRouterMessageOut-[DEBUG]-<1141> [SUBSCRIBE] to be pushed [REQ_PUMP_GET_ERROR_MSG_ID_000] Msg Len [54] 
17/07/2009-20:34:00.500-0x0000109C-Pump.14-SSFMessageRouterClient::processRouterMessageOut-[DEBUG]-<1141> Event sent to socket
17/07/2009-20:34:00.500-0x0000109C-Pump.14-SSFMessageRouterClient::processRouterMessageOut-[DEBUG]-<1141> [SUBSCRIBE] to be pushed [REQ_PUMP_GET_ERROR_MSG_ID_014] Msg Len [54] 
17/07/2009-20:34:00.500-0x0000109C-Pump.14-SSFMessageRouterClient::processRouterMessageOut-[DEBUG]-<1141> Event sent to socket
17/07/2009-20:34:00.500-0x0000109C-Pump.14-SSFMessageRouterClient::processRouterMessageOut-[DEBUG]-<1141> [SUBSCRIBE] to be pushed [REQ_PUMP_GET_FIRM_ID_014] Msg Len [49] 
17/07/2009-20:34:00.500-0x0000109C-Pump.14-SSFMessageRouterClient::processRouterMessageOut-[DEBUG]-<1141> Event sent to socket
17/07/2009-20:34:00.500-0x0000109C-Pump.14-SSFMessageRouterClient::processRouterMessageOut-[DEBUG]-<1141> [SUBSCRIBE] to be pushed [REQ_PUMP_GET_INFO_ID_000] Msg Len [49] 
17/07/2009-20:34:00.500-0x0000109C-Pump.14-SSFMessageRouterClient::processRouterMessageOut-[DEBUG]-<1141> Event sent to socket
17/07/2009-20:34:00.500-0x0000109C-Pump.14-SSFMessageRouterClient::processRouterMessageOut-[DEBUG]-<1141> [SUBSCRIBE] to be pushed [REQ_PUMP_GET_INFO_ID_014] Msg Len [49] 
17/07/2009-20:34:00.500-0x0000109C-Pump.14-SSFMessageRouterClient::processRouterMessageOut-[DEBUG]-<1141> Event sent to socket
17/07/2009-20:34:00.500-0x0000109C-Pump.14-SSFMessageRouterClient::processRouterMessageOut-[DEBUG]-<1141> [SUBSCRIBE] to be pushed [REQ_PUMP_GET_LAST_SALE_ID_000] Msg Len [54] 
17/07/2009-20:34:00.515-0x0000109C-Pump.14-SSFMessageRouterClient::processRouterMessageOut-[DEBUG]-<1141> Event sent to socket
17/07/2009-20:34:00.515-0x0000109C-Pump.14-SSFMessageRouterClient::processRouterMessageOut-[DEBUG]-<1141> [SUBSCRIBE] to be pushed [REQ_PUMP_GET_LAST_SALE_ID_014] Msg Len [54] 
17/07/2009-20:34:00.515-0x0000109C-Pump.14-SSFMessageRouterClient::processRouterMessageOut-[DEBUG]-<1141> Event sent to socket
17/07/2009-20:34:00.515-0x0000109C-Pump.14-SSFMessageRouterClient::processRouterMessageOut-[DEBUG]-<1141> [SUBSCRIBE] to be pushed [REQ_PUMP_GET_PRICE_LEVEL_ID_000] Msg Len [56] 
17/07/2009-20:34:00.515-0x0000109C-Pump.14-SSFMessageRouterClient::processRouterMessageOut-[DEBUG]-<1141> Event sent to socket
17/07/2009-20:34:00.515-0x0000109C-Pump.14-SSFMessageRouterClient::processRouterMessageOut-[DEBUG]-<1141> [SUBSCRIBE] to be pushed [REQ_PUMP_GET_PRICE_LEVEL_ID_014] Msg Len [56] 
17/07/2009-20:34:00.515-0x0000109C-Pump.14-SSFMessageRouterClient::processRouterMessageOut-[DEBUG]-<1141> Event sent to socket
17/07/2009-20:34:00.515-0x0000109C-Pump.14-SSFMessageRouterClient::processRouterMessageOut-[DEBUG]-<1141> [SUBSCRIBE] to be pushed [REQ_PUMP_GET_TOTALS_ID_000] Msg Len [51] 
17/07/2009-20:34:00.531-0x0000109C-Pump.14-SSFMessageRouterClient::processRouterMessageOut-[DEBUG]-<1141> Event sent to socket
17/07/2009-20:34:00.531-0x0000109C-Pump.14-SSFMessageRouterClient::processRouterMessageOut-[DEBUG]-<1141> [SUBSCRIBE] to be pushed [REQ_PUMP_GET_TOTALS_ID_014] Msg Len [51] 
17/07/2009-20:34:00.531-0x0000109C-Pump.14-SSFMessageRouterClient::processRouterMessageOut-[DEBUG]-<1141> Event sent to socket
17/07/2009-20:34:00.531-0x0000109C-Pump.14-SSFMessageRouterClient::processRouterMessageOut-[DEBUG]-<1141> [SUBSCRIBE] to be pushed [REQ_PUMP_HOSE_LEARN_MODE_ID_000] Msg Len [56] 
17/07/2009-20:34:00.531-0x0000109C-Pump.14-SSFMessageRouterClient::processRouterMessageOut-[DEBUG]-<1141> Event sent to socket
17/07/2009-20:34:00.531-0x0000109C-Pump.14-SSFMessageRouterClient::processRouterMessageOut-[DEBUG]-<1141> [SUBSCRIBE] to be pushed [REQ_PUMP_HOSE_LEARN_MODE_ID_014] Msg Len [56] 
17/07/2009-20:34:00.531-0x0000109C-Pump.14-SSFMessageRouterClient::processRouterMessageOut-[DEBUG]-<1141> Event sent to socket
17/07/2009-20:34:00.546-0x0000109C-Pump.14-SSFMessageRouterClient::processRouterMessageOut-[DEBUG]-<1141> [SUBSCRIBE] to be pushed [REQ_PUMP_LOCK_ID_014] Msg Len [45] 
17/07/2009-20:34:00.546-0x0000109C-Pump.14-SSFMessageRouterClient::processRouterMessageOut-[DEBUG]-<1141> Event sent to socket
17/07/2009-20:34:00.546-0x0000109C-Pump.14-SSFMessageRouterClient::processRouterMessageOut-[DEBUG]-<1141> [SUBSCRIBE] to be pushed [REQ_PUMP_OPEN_ID_000] Msg Len [74] 
17/07/2009-20:34:00.546-0x0000109C-Pump.14-SSFMessageRouterClient::processRouterMessageOut-[DEBUG]-<1141> Event sent to socket
17/07/2009-20:34:00.546-0x0000109C-Pump.14-SSFMessageRouterClient::processRouterMessageOut-[DEBUG]-<1141> [SUBSCRIBE] to be pushed [REQ_PUMP_OPEN_ID_014] Msg Len [45] 
17/07/2009-20:34:00.546-0x0000109C-Pump.14-SSFMessageRouterClient::processRouterMessageOut-[DEBUG]-<1141> Event sent to socket
17/07/2009-20:34:00.546-0x0000109C-Pump.14-SSFMessageRouterClient::processRouterMessageOut-[DEBUG]-<1141> [SUBSCRIBE] to be pushed [REQ_PUMP_PAUSE_ID_000] Msg Len [89] 
17/07/2009-20:34:00.546-0x0000109C-Pump.14-SSFMessageRouterClient::processRouterMessageOut-[DEBUG]-<1141> Event sent to socket
17/07/2009-20:34:00.546-0x0000109C-Pump.14-SSFMessageRouterClient::processRouterMessageOut-[DEBUG]-<1141> [SUBSCRIBE] to be pushed [REQ_PUMP_PAUSE_ID_014] Msg Len [46] 
17/07/2009-20:34:00.562-0x0000109C-Pump.14-SSFMessageRouterClient::processRouterMessageOut-[DEBUG]-<1141> Event sent to socket
17/07/2009-20:34:00.562-0x0000109C-Pump.14-SSFMessageRouterClient::processRouterMessageOut-[DEBUG]-<1141> [SUBSCRIBE] to be pushed [REQ_PUMP_PRESET_ID_014] Msg Len [71] 
17/07/2009-20:34:00.562-0x0000109C-Pump.14-SSFMessageRouterClient::processRouterMessageOut-[DEBUG]-<1141> Event sent to socket
17/07/2009-20:34:00.562-0x0000109C-Pump.14-SSFMessageRouterClient::processRouterMessageOut-[DEBUG]-<1141> [SUBSCRIBE] to be pushed [REQ_PUMP_REAUTH_ID_000] Msg Len [101] 
17/07/2009-20:34:00.562-0x0000109C-Pump.14-SSFMessageRouterClient::processRouterMessageOut-[DEBUG]-<1141> Event sent to socket
17/07/2009-20:34:00.562-0x0000109C-Pump.14-SSFMessageRouterClient::processRouterMessageOut-[DEBUG]-<1141> [SUBSCRIBE] to be pushed [REQ_PUMP_REAUTH_ID_014] Msg Len [47] 
17/07/2009-20:34:00.562-0x0000109C-Pump.14-SSFMessageRouterClient::processRouterMessageOut-[DEBUG]-<1141> Event sent to socket
17/07/2009-20:34:00.562-0x0000109C-Pump.14-SSFMessageRouterClient::processRouterMessageOut-[DEBUG]-<1141> [SUBSCRIBE] to be pushed [REQ_PUMP_SET_PRICE_LEVEL_ID_000] Msg Len [56] 
17/07/2009-20:34:00.562-0x0000109C-Pump.14-SSFMessageRouterClient::processRouterMessageOut-[DEBUG]-<1141> Event sent to socket
17/07/2009-20:34:00.562-0x0000109C-Pump.14-SSFMessageRouterClient::processRouterMessageOut-[DEBUG]-<1141> [SUBSCRIBE] to be pushed [REQ_PUMP_SET_PRICE_LEVEL_ID_014] Msg Len [99] 
17/07/2009-20:34:00.562-0x0000109C-Pump.14-SSFMessageRouterClient::processRouterMessageOut-[DEBUG]-<1141> Event sent to socket
17/07/2009-20:34:00.578-0x0000109C-Pump.14-SSFMessageRouterClient::processRouterMessageOut-[DEBUG]-<1141> [SUBSCRIBE] to be pushed [REQ_PUMP_STATUS_ID_000] Msg Len [47] 
17/07/2009-20:34:00.578-0x0000109C-Pump.14-SSFMessageRouterClient::processRouterMessageOut-[DEBUG]-<1141> Event sent to socket
17/07/2009-20:34:00.578-0x0000109C-Pump.14-SSFMessageRouterClient::processRouterMessageOut-[DEBUG]-<1141> [SUBSCRIBE] to be pushed [REQ_PUMP_STATUS_ID_014] Msg Len [47] 
17/07/2009-20:34:00.578-0x0000109C-Pump.14-SSFMessageRouterClient::processRouterMessageOut-[DEBUG]-<1141> Event sent to socket
17/07/2009-20:34:00.578-0x0000109C-Pump.14-SSFMessageRouterClient::processRouterMessageOut-[DEBUG]-<1141> [SUBSCRIBE] to be pushed [REQ_PUMP_STOP_ID_000] Msg Len [111] 
17/07/2009-20:34:00.578-0x0000109C-Pump.14-SSFMessageRouterClient::processRouterMessageOut-[DEBUG]-<1141> Event sent to socket
17/07/2009-20:34:00.578-0x0000109C-Pump.14-SSFMessageRouterClient::processRouterMessageOut-[DEBUG]-<1141> [SUBSCRIBE] to be pushed [REQ_PUMP_STOP_ID_014] Msg Len [45] 
17/07/2009-20:34:00.578-0x0000109C-Pump.14-SSFMessageRouterClient::processRouterMessageOut-[DEBUG]-<1141> Event sent to socket
17/07/2009-20:34:00.578-0x0000109C-Pump.14-SSFMessageRouterClient::processRouterMessageOut-[DEBUG]-<1141> [SUBSCRIBE] to be pushed [REQ_PUMP_UNLOCK_ID_014] Msg Len [47] 
17/07/2009-20:34:00.578-0x0000109C-Pump.14-SSFMessageRouterClient::processRouterMessageOut-[DEBUG]-<1141> Event sent to socket
17/07/2009-20:34:03.703-0x0000109C-Pump.14-SSFMessageRouterClient::Entry-[DEBUG]-<1141> Message [00051|3|2|SSF|POST|REQ_PUMP_STATUS_ID_000||127.0.0.1:1058|^]
17/07/2009-20:34:04.578-0x0000109C-Pump.14-SSFPumpMsgRouterClient::processEvent-[DEBUG]-Processing Event [REQ_PUMP_STATUS_ID_000]
17/07/2009-20:34:04.578-0x0000109C-Pump.14-SSFBasePump::getEventProcMethodPtr-[DEBUG]-Processing Event [REQ_PUMP_STATUS_ID_000]
17/07/2009-20:34:06.906-0x0000109C-Pump.14-SSFMessageRouterClient::processRouterMessageOut-[DEBUG]-<1141> [POST] to be pushed [EVT_PUMP_STATUS_CHANGE_ID_014] Msg Len [76] 
17/07/2009-20:34:06.906-0x0000109C-Pump.14-SSFMessageRouterClient::processRouterMessageOut-[DEBUG]-<1141> Event sent to socket
17/07/2009-20:34:07.093-0x0000109C-Pump.14-SSFMessageRouterClient::Entry-[DEBUG]-<1141> Message [00060|3|2|SSF|POST|REQ_PUMP_GET_PRICE_LEVEL_ID_014||127.0.0.1:1058|^]
17/07/2009-20:34:07.218-0x0000109C-Pump.14-SSFPumpMsgRouterClient::processEvent-[DEBUG]-Processing Event [REQ_PUMP_GET_PRICE_LEVEL_ID_014]
17/07/2009-20:34:07.218-0x0000109C-Pump.14-SSFBasePump::getEventProcMethodPtr-[DEBUG]-Processing Event [REQ_PUMP_GET_PRICE_LEVEL_ID_014]
17/07/2009-20:34:07.218-0x0000109C-Pump.14-SSFMessageRouterClient::processRouterMessageOut-[DEBUG]-<1141> [POST] to be pushed [EVT_PUMP_PRICE_LEVEL_ID_014] Msg Len [66] 
17/07/2009-20:34:07.218-0x0000109C-Pump.14-SSFMessageRouterClient::processRouterMessageOut-[DEBUG]-<1141> Event sent to socket
17/07/2009-20:34:12.000-0x000010E0-Pump.14-SSFPumpWayne::sendCommand-[DEBUG]-PUMP 14 RESPONSE TIMEOUT
17/07/2009-20:34:12.000-0x000010E0-Pump.14-SSFBasePump::executeDefaultAction-[DEBUG]-Sending Pump Status Change event
17/07/2009-20:34:12.031-0x0000109C-Pump.14-SSFMessageRouterClient::processRouterMessageOut-[DEBUG]-<1141> [POST] to be pushed [EVT_PUMP_STATUS_CHANGE_ID_014] Msg Len [62] 
17/07/2009-20:34:12.031-0x0000109C-Pump.14-SSFMessageRouterClient::processRouterMessageOut-[DEBUG]-<1141> Event sent to socket
17/07/2009-20:34:40.000-0x000010E0-Pump.14-SSFPumpWayne::sendCommand-[DEBUG]-PUMP 14 RESPONSE TIMEOUT
17/07/2009-20:35:08.000-0x000010E0-Pump.14-SSFPumpWayne::sendCommand-[DEBUG]-PUMP 14 RESPONSE TIMEOUT
17/07/2009-20:35:36.000-0x000010E0-Pump.14-SSFPumpWayne::sendCommand-[DEBUG]-PUMP 14 RESPONSE TIMEOUT
17/07/2009-20:36:04.000-0x000010E0-Pump.14-SSFPumpWayne::sendCommand-[DEBUG]-PUMP 14 RESPONSE TIMEOUT
17/07/2009-20:36:32.000-0x000010E0-Pump.14-SSFPumpWayne::sendCommand-[DEBUG]-PUMP 14 RESPONSE TIMEOUT
17/07/2009-20:37:00.000-0x000010E0-Pump.14-SSFPumpWayne::sendCommand-[DEBUG]-PUMP 14 RESPONSE TIMEOUT
17/07/2009-20:37:28.000-0x000010E0-Pump.14-SSFPumpWayne::sendCommand-[DEBUG]-PUMP 14 RESPONSE TIMEOUT
17/07/2009-20:37:56.000-0x000010E0-Pump.14-SSFPumpWayne::sendCommand-[DEBUG]-PUMP 14 RESPONSE TIMEOUT
17/07/2009-20:38:24.000-0x000010E0-Pump.14-SSFPumpWayne::sendCommand-[DEBUG]-PUMP 14 RESPONSE TIMEOUT
17/07/2009-20:38:52.000-0x000010E0-Pump.14-SSFPumpWayne::sendCommand-[DEBUG]-PUMP 14 RESPONSE TIMEOUT
17/07/2009-20:39:20.000-0x000010E0-Pump.14-SSFPumpWayne::sendCommand-[DEBUG]-PUMP 14 RESPONSE TIMEOUT
17/07/2009-20:39:48.000-0x000010E0-Pump.14-SSFPumpWayne::sendCommand-[DEBUG]-PUMP 14 RESPONSE TIMEOUT
17/07/2009-20:40:16.000-0x000010E0-Pump.14-SSFPumpWayne::sendCommand-[DEBUG]-PUMP 14 RESPONSE TIMEOUT
17/07/2009-20:40:44.000-0x000010E0-Pump.14-SSFPumpWayne::sendCommand-[DEBUG]-PUMP 14 RESPONSE TIMEOUT
17/07/2009-20:41:12.000-0x000010E0-Pump.14-SSFPumpWayne::sendCommand-[DEBUG]-PUMP 14 RESPONSE TIMEOUT
17/07/2009-20:41:40.000-0x000010E0-Pump.14-SSFPumpWayne::sendCommand-[DEBUG]-PUMP 14 RESPONSE TIMEOUT
17/07/2009-20:41:51.062-0x0000109C-Pump.14-SSFMessageRouterClient::Entry-[DEBUG]-<1141> Message [00053|3|2|GUEST|POST|REQ_PUMP_STATUS_ID_014||127.0.0.1:1163|^]
17/07/2009-20:41:51.765-0x0000109C-Pump.14-SSFPumpMsgRouterClient::processEvent-[DEBUG]-Processing Event [REQ_PUMP_STATUS_ID_014]
17/07/2009-20:41:52.062-0x0000109C-Pump.14-SSFBasePump::getEventProcMethodPtr-[DEBUG]-Processing Event [REQ_PUMP_STATUS_ID_014]
17/07/2009-20:41:52.593-0x0000109C-Pump.14-SSFMessageRouterClient::processRouterMessageOut-[DEBUG]-<1141> [POST] to be pushed [EVT_PUMP_STATUS_CHANGE_ID_014] Msg Len [76] 
17/07/2009-20:41:52.593-0x0000109C-Pump.14-SSFMessageRouterClient::processRouterMessageOut-[DEBUG]-<1141> Event sent to socket
17/07/2009-20:42:00.453-0x0000109C-Pump.14-SSFMessageRouterClient::Entry-[DEBUG]-<1141> Message [00059|3|2|GUEST|POST|REQ_PUMP_CAPABILITIES_ID_014||127.0.0.1:1165|^]
17/07/2009-20:42:00.500-0x0000109C-Pump.14-SSFPumpMsgRouterClient::processEvent-[DEBUG]-Processing Event [REQ_PUMP_CAPABILITIES_ID_014]
17/07/2009-20:42:00.500-0x0000109C-Pump.14-SSFBasePump::getEventProcMethodPtr-[DEBUG]-Processing Event [REQ_PUMP_CAPABILITIES_ID_014]
17/07/2009-20:42:00.515-0x0000109C-Pump.14-SSFMessageRouterClient::processRouterMessageOut-[DEBUG]-<1141> [POST] to be pushed [RES_PUMP_CAPABILITIES_ID_014] Msg Len [432] 
17/07/2009-20:42:00.515-0x0000109C-Pump.14-SSFMessageRouterClient::processRouterMessageOut-[DEBUG]-<1141> Event sent to socket
17/07/2009-20:42:00.515-0x0000109C-Pump.14-SSFMessageRouterClient::Entry-[DEBUG]-<1141> Message [00055|3|2|GUEST|POST|REQ_PUMP_GET_INFO_ID_014||127.0.0.1:1165|^]
17/07/2009-20:42:00.515-0x0000109C-Pump.14-SSFPumpMsgRouterClient::processEvent-[DEBUG]-Processing Event [REQ_PUMP_GET_INFO_ID_014]
17/07/2009-20:42:00.515-0x0000109C-Pump.14-SSFBasePump::getEventProcMethodPtr-[DEBUG]-Processing Event [REQ_PUMP_GET_INFO_ID_014]
17/07/2009-20:42:00.531-0x0000109C-Pump.14-SSFHose::getVolumeTotalizer-[DEBUG]-Asking totalizer value [267.710000] from Hose [1]
17/07/2009-20:42:00.531-0x0000109C-Pump.14-SSFMessageRouterClient::processRouterMessageOut-[DEBUG]-<1141> [POST] to be pushed [RES_PUMP_GET_INFO_ID_014] Msg Len [197] 
17/07/2009-20:42:00.546-0x0000109C-Pump.14-SSFMessageRouterClient::processRouterMessageOut-[DEBUG]-<1141> Event sent to socket
17/07/2009-20:42:00.546-0x0000109C-Pump.14-SSFMessageRouterClient::Entry-[DEBUG]-<1141> Message [00060|3|2|GUEST|POST|REQ_PUMP_GET_ERROR_MSG_ID_014||127.0.0.1:1165|^]
17/07/2009-20:42:00.546-0x0000109C-Pump.14-SSFPumpMsgRouterClient::processEvent-[DEBUG]-Processing Event [REQ_PUMP_GET_ERROR_MSG_ID_014]
17/07/2009-20:42:00.546-0x0000109C-Pump.14-SSFBasePump::getEventProcMethodPtr-[DEBUG]-Processing Event [REQ_PUMP_GET_ERROR_MSG_ID_014]
17/07/2009-20:42:00.546-0x0000109C-Pump.14-SSFMessageRouterClient::processRouterMessageOut-[DEBUG]-<1141> [POST] to be pushed [EVT_PUMP_ERROR_MSG_ID_014] Msg Len [64] 
17/07/2009-20:42:00.546-0x0000109C-Pump.14-SSFMessageRouterClient::processRouterMessageOut-[DEBUG]-<1141> Event sent to socket
17/07/2009-20:42:01.734-0x0000109C-Pump.14-SSFMessageRouterClient::Entry-[DEBUG]-<1141> Message [00053|3|2|GUEST|POST|REQ_PUMP_STATUS_ID_014||127.0.0.1:1165|^]
17/07/2009-20:42:01.875-0x0000109C-Pump.14-SSFPumpMsgRouterClient::processEvent-[DEBUG]-Processing Event [REQ_PUMP_STATUS_ID_014]
17/07/2009-20:42:01.875-0x0000109C-Pump.14-SSFBasePump::getEventProcMethodPtr-[DEBUG]-Processing Event [REQ_PUMP_STATUS_ID_014]
17/07/2009-20:42:01.890-0x0000109C-Pump.14-SSFMessageRouterClient::processRouterMessageOut-[DEBUG]-<1141> [POST] to be pushed [EVT_PUMP_STATUS_CHANGE_ID_014] Msg Len [76] 
17/07/2009-20:42:01.890-0x0000109C-Pump.14-SSFMessageRouterClient::processRouterMessageOut-[DEBUG]-<1141> Event sent to socket
17/07/2009-20:42:11.000-0x000010E0-Pump.14-SSFPumpWayne::sendCommand-[DEBUG]-PUMP 14 RESPONSE TIMEOUT
17/07/2009-20:42:39.000-0x000010E0-Pump.14-SSFPumpWayne::sendCommand-[DEBUG]-PUMP 14 RESPONSE TIMEOUT
17/07/2009-20:43:07.015-0x000010E0-Pump.14-SSFPumpWayne::sendCommand-[DEBUG]-PUMP 14 RESPONSE TIMEOUT
17/07/2009-20:43:35.000-0x000010E0-Pump.14-SSFPumpWayne::sendCommand-[DEBUG]-PUMP 14 RESPONSE TIMEOUT
17/07/2009-20:44:03.000-0x000010E0-Pump.14-SSFPumpWayne::sendCommand-[DEBUG]-PUMP 14 RESPONSE TIMEOUT
17/07/2009-20:44:31.000-0x000010E0-Pump.14-SSFPumpWayne::sendCommand-[DEBUG]-PUMP 14 RESPONSE TIMEOUT
