10/11/2025-13:33:47.455-0x00005E30-Pump.6-SSFBasePump::setGeneralParameters-[DEBUG]-Setting paramater [ID] with value [6]
10/11/2025-13:33:47.465-0x00005E30-Pump.6-SSFBaseConfigParam::setGeneralParameters-[DEBUG]-Replacing value for Parameter [ID] Old Value [] New Value [6]
10/11/2025-13:33:47.611-0x00005E30-Pump.6-SSFBasePump::setGeneralParameters-[DEBUG]-Setting paramater [money_decimal_point] with value [2 - X.1]
10/11/2025-13:33:47.634-0x00005E30-Pump.6-SSFBasePump::setGeneralParameters-[DEBUG]-Money decimal option [1]
10/11/2025-13:33:47.640-0x00005E30-Pump.6-SSFBaseConfigParam::setGeneralParameters-[DEBUG]-Replacing value for Parameter [money_decimal_point] Old Value [3 - X.2] New Value [2 - X.1]
10/11/2025-13:33:47.671-0x00005E30-Pump.6-SSFBasePump::setGeneralParameters-[DEBUG]-Setting paramater [implementation] with value [Gilbarco]
10/11/2025-13:33:47.684-0x00005E30-Pump.6-SSFBaseConfigParam::setGeneralParameters-[DEBUG]-Replacing value for Parameter [implementation] Old Value [] New Value [Gilbarco]
10/11/2025-13:33:47.702-0x00005E30-Pump.6-SSFBasePump::setGeneralParameters-[DEBUG]-Setting paramater [ID] with value [6]
10/11/2025-13:33:47.734-0x00005E30-Pump.6-SSFBasePump::setGeneralParameters-[DEBUG]-Setting paramater [volume_decimal_point] with value [1 - 3.3]
10/11/2025-13:33:47.748-0x00005E30-Pump.6-SSFBasePump::setGeneralParameters-[DEBUG]-Volume decimal option [3]
10/11/2025-13:33:47.764-0x00005E30-Pump.6-SSFBasePump::setGeneralParameters-[DEBUG]-Setting paramater [physical_id] with value [6]
10/11/2025-13:33:47.785-0x00005E30-Pump.6-SSFBaseConfigParam::setGeneralParameters-[DEBUG]-Replacing value for Parameter [physical_id] Old Value [] New Value [6]
10/11/2025-13:33:47.811-0x00005E30-Pump.6-SSFBasePump::setGeneralParameters-[DEBUG]-Setting paramater [ppu_decimal_point] with value [2 - 3.1]
10/11/2025-13:33:47.823-0x00005E30-Pump.6-SSFBasePump::setGeneralParameters-[DEBUG]-PPU decimal option [1]
10/11/2025-13:33:47.836-0x00005E30-Pump.6-SSFBaseConfigParam::setGeneralParameters-[DEBUG]-Replacing value for Parameter [ppu_decimal_point] Old Value [4 - 1.3] New Value [2 - 3.1]
10/11/2025-13:33:47.859-0x00005E30-Pump.6-SSFBasePump::setGeneralParameters-[DEBUG]-Setting paramater [pump_side_type] with value [DOBLE]
10/11/2025-13:33:47.879-0x00005E30-Pump.6-SSFBaseConfigParam::setGeneralParameters-[DEBUG]-Replacing value for Parameter [pump_side_type] Old Value [] New Value [DOBLE]
10/11/2025-13:33:47.898-0x00005E30-Pump.6-SSFBasePump::setGeneralParameters-[DEBUG]-Setting paramater [min_vol_sale] with value [0.100]
10/11/2025-13:33:47.922-0x00005E30-Pump.6-SSFBasePump::setGeneralParameters-[DEBUG]-Setting paramater [hoses_qty] with value [3]
10/11/2025-13:33:47.938-0x00005E30-Pump.6-SSFBaseConfigParam::setGeneralParameters-[DEBUG]-Replacing value for Parameter [hoses_qty] Old Value [] New Value [3]
10/11/2025-13:33:47.959-0x00005E30-Pump.6-SSFHose::setGeneralParameters-[DEBUG]-Name [logical_id] - Value [1]
10/11/2025-13:33:47.980-0x00005E30-Pump.6-SSFHose::setGeneralParameters-[DEBUG]-Name [real_id] - Value [0]
10/11/2025-13:33:47.991-0x00005E30-Pump.6-SSFHose::setGeneralParameters-[DEBUG]-Name [suction_high] - Value []
10/11/2025-13:33:48.012-0x00005E30-Pump.6-SSFHose::setGeneralParameters-[DEBUG]-Name [suction_low] - Value []
10/11/2025-13:33:48.023-0x00005E30-Pump.6-SSFHose::setGeneralParameters-[DEBUG]-Name [grade] - Value [GASOLINA PREMIUM]
10/11/2025-13:33:48.052-0x00005E30-Pump.6-SSFHose::setGeneralParameters-[DEBUG]-Name [grade] - Value [GASOLINA REGULAR]
10/11/2025-13:33:48.071-0x00005E30-Pump.6-SSFHose::setGeneralParameters-[DEBUG]-Name [logical_id] - Value [2]
10/11/2025-13:33:48.084-0x00005E30-Pump.6-SSFHose::setGeneralParameters-[DEBUG]-Name [real_id] - Value [1]
10/11/2025-13:33:48.101-0x00005E30-Pump.6-SSFHose::setGeneralParameters-[DEBUG]-Name [suction_high] - Value []
10/11/2025-13:33:48.114-0x00005E30-Pump.6-SSFHose::setGeneralParameters-[DEBUG]-Name [suction_low] - Value []
10/11/2025-13:33:48.146-0x00005E30-Pump.6-SSFHose::setGeneralParameters-[DEBUG]-Name [grade] - Value [GASOIL REGULAR]
10/11/2025-13:33:48.161-0x00005E30-Pump.6-SSFHose::setGeneralParameters-[DEBUG]-Name [logical_id] - Value [3]
10/11/2025-13:33:48.177-0x00005E30-Pump.6-SSFHose::setGeneralParameters-[DEBUG]-Name [real_id] - Value [2]
10/11/2025-13:33:48.193-0x00005E30-Pump.6-SSFHose::setGeneralParameters-[DEBUG]-Name [suction_high] - Value []
10/11/2025-13:33:48.209-0x00005E30-Pump.6-SSFHose::setGeneralParameters-[DEBUG]-Name [suction_low] - Value []
10/11/2025-13:33:48.229-0x00005E30-Pump.6-SSFBasePump::setGeneralParameters-[DEBUG]-Setting paramater [max_vol_sale] with value [40000.00]
10/11/2025-13:33:48.256-0x00005E30-Pump.6-SSFBasePump::setGeneralParameters-[DEBUG]-Setting paramater [loop_manager] with value [LOOP1]
10/11/2025-13:33:48.270-0x00005E30-Pump.6-SSFBaseConfigParam::setGeneralParameters-[DEBUG]-Replacing value for Parameter [loop_manager] Old Value [] New Value [LOOP1]
10/11/2025-13:33:48.291-0x00005E30-Pump.6-SSFBasePump::setGeneralParameters-[DEBUG]-Setting paramater [min_mon_sale] with value [0.000]
10/11/2025-13:33:48.311-0x00005E30-Pump.6-SSFBasePump::setGeneralParameters-[DEBUG]-Setting paramater [max_mon_sale] with value [0.000]
10/11/2025-13:33:48.336-0x00005E30-Pump.6-SSFPumpGilbarco::setGeneralParameters-[DEBUG]-Digit Money Display [6]
10/11/2025-13:33:48.353-0x00005E30-Pump.6-SSFBaseConfigParam::setGeneralParameters-[DEBUG]-Replacing value for Parameter [money_digits_qty] Old Value [1 - 5 Digitos] New Value [2 - 6 Digits]
10/11/2025-13:33:48.379-0x00005E30-Pump.6-SSFBasePump::setGeneralParameters-[DEBUG]-Setting paramater [max_pump_error_counter] with value [6]
10/11/2025-13:33:48.407-0x00005E30-Pump.6-SSFBasePump::setGeneralParameters-[DEBUG]-Setting paramater [fill_up_fuel_tank_preset_type] with value [VOLUME]
10/11/2025-13:33:48.439-0x00005E30-Pump.6-SSFBasePump::setGeneralParameters-[DEBUG]-Setting paramater [fill_up_fuel_tank_preset_value] with value [999.000]
10/11/2025-13:33:48.467-0x00005E30-Pump.6-SSFBasePump::setGeneralParameters-[DEBUG]-Setting paramater [totalizer_update_time] with value [0]
10/11/2025-13:33:48.494-0x00005E30-Pump.6-SSFBasePump::setGeneralParameters-[DEBUG]-Setting paramater [slot_id] with value [3]
10/11/2025-13:33:48.510-0x00005E30-Pump.6-SSFBaseConfigParam::setGeneralParameters-[DEBUG]-Replacing value for Parameter [slot_id] Old Value [0] New Value [3]
10/11/2025-13:33:48.531-0x00005E30-Pump.6-SSFBasePump::setGeneralParameters-[DEBUG]-Setting paramater [pump_baud_rate] with value [5760]
10/11/2025-13:33:48.551-0x00005E30-Pump.6-SSFPumpGilbarco::setGeneralParameters-[DEBUG]-Seteando la configuracion del surtidor en [5760]
10/11/2025-13:33:48.574-0x00005E30-Pump.6-SSFBasePump::setGeneralParameters-[DEBUG]-Setting paramater [max_rtm_error_counter] with value [3]
10/11/2025-13:33:48.593-0x00005E30-Pump.6-SSFBasePump::checkForConfiguration-[DEBUG]-Checking Data
10/11/2025-13:33:48.614-0x00005E30-Pump.6-SSFBasePump::checkForConfiguration-[DEBUG]-Data OK
10/11/2025-13:33:48.624-0x00005E30-Pump.6-SSFPumpGilbarco::checkForConfiguration-[DEBUG]-Forcing InterbyteWriteInterval to [0]
10/11/2025-13:33:48.645-0x00005E30-Pump.6-SSFPumpGilbarco::checkForConfiguration-[DEBUG]-Forcing ReadTimeout to [500]
10/11/2025-13:33:48.655-0x00005E30-Pump.6-SSFPumpGilbarco::checkForConfiguration-[DEBUG]-Forcing ReadInterbyteTimeout to [500]
