17/07/2009-20:32:37.062-0x00000DF0-Pump.13-SSFBasePump::setGeneralParameters-[DEBUG]-Setting paramater [ID] with value [13]
17/07/2009-20:32:37.062-0x00000DF0-Pump.13-SSFBaseConfigParam::setGeneralParameters-[DEBUG]-Replacing value for Parameter [ID] Old Value [] New Value [13]
17/07/2009-20:32:37.062-0x00000DF0-Pump.13-SSFBasePump::setGeneralParameters-[DEBUG]-Setting paramater [max_vol_sale] with value [40000.00]
17/07/2009-20:32:37.062-0x00000DF0-Pump.13-SSFBasePump::setGeneralParameters-[DEBUG]-Setting paramater [min_mon_sale] with value [0.000]
17/07/2009-20:32:37.062-0x00000DF0-Pump.13-SSFBasePump::setGeneralParameters-[DEBUG]-Setting paramater [ppu_decimal_point] with value [3 - 2.2]
17/07/2009-20:32:37.062-0x00000DF0-Pump.13-SSFBasePump::setGeneralParameters-[DEBUG]-PPU decimal option [2]
17/07/2009-20:32:37.062-0x00000DF0-Pump.13-SSFBaseConfigParam::setGeneralParameters-[DEBUG]-Replacing value for Parameter [ppu_decimal_point] Old Value [4 - 1.3] New Value [3 - 2.2]
17/07/2009-20:32:37.062-0x00000DF0-Pump.13-SSFBasePump::setGeneralParameters-[DEBUG]-Setting paramater [max_mon_sale] with value [0.000]
17/07/2009-20:32:37.062-0x00000DF0-Pump.13-SSFBasePump::setGeneralParameters-[DEBUG]-Setting paramater [max_pump_error_counter] with value [6]
17/07/2009-20:32:37.062-0x00000DF0-Pump.13-SSFBasePump::setGeneralParameters-[DEBUG]-Setting paramater [fill_up_fuel_tank_preset_type] with value [VOLUME]
17/07/2009-20:32:37.078-0x00000DF0-Pump.13-SSFBasePump::setGeneralParameters-[DEBUG]-Setting paramater [fill_up_fuel_tank_preset_value] with value [999.000]
17/07/2009-20:32:37.078-0x00000DF0-Pump.13-SSFBasePump::setGeneralParameters-[DEBUG]-Setting paramater [totalizer_update_time] with value [0]
17/07/2009-20:32:37.078-0x00000DF0-Pump.13-SSFBasePump::setGeneralParameters-[DEBUG]-Setting paramater [slot_id] with value [4]
17/07/2009-20:32:37.078-0x00000DF0-Pump.13-SSFBaseConfigParam::setGeneralParameters-[DEBUG]-Replacing value for Parameter [slot_id] Old Value [0] New Value [4]
17/07/2009-20:32:37.078-0x00000DF0-Pump.13-SSFBasePump::setGeneralParameters-[DEBUG]-Setting paramater [hoses_qty] with value [1]
17/07/2009-20:32:37.078-0x00000DF0-Pump.13-SSFBaseConfigParam::setGeneralParameters-[DEBUG]-Replacing value for Parameter [hoses_qty] Old Value [] New Value [1]
17/07/2009-20:32:37.078-0x00000DF0-Pump.13-SSFHose::setGeneralParameters-[DEBUG]-Name [logical_id] - Value [1]
17/07/2009-20:32:37.078-0x00000DF0-Pump.13-SSFHose::setGeneralParameters-[DEBUG]-Name [real_id] - Value [0]
17/07/2009-20:32:37.078-0x00000DF0-Pump.13-SSFHose::setGeneralParameters-[DEBUG]-Name [grade] - Value [DIESEL]
17/07/2009-20:32:37.078-0x00000DF0-Pump.13-SSFHose::setHighTankSuction-[DEBUG]-Setting High tank suction [T3]
17/07/2009-20:32:37.078-0x00000DF0-Pump.13-SSFHose::setGeneralParameters-[DEBUG]-Name [suction_high] - Value [T3]
17/07/2009-20:32:37.078-0x00000DF0-Pump.13-SSFHose::setGeneralParameters-[DEBUG]-Name [suction_low] - Value []
17/07/2009-20:32:37.078-0x00000DF0-Pump.13-SSFBasePump::setGeneralParameters-[DEBUG]-Setting paramater [min_vol_sale] with value [0.100]
17/07/2009-20:32:37.093-0x00000DF0-Pump.13-SSFBasePump::setGeneralParameters-[DEBUG]-Setting paramater [pump_side_type] with value [DOBLE]
17/07/2009-20:32:37.093-0x00000DF0-Pump.13-SSFBaseConfigParam::setGeneralParameters-[DEBUG]-Replacing value for Parameter [pump_side_type] Old Value [] New Value [DOBLE]
17/07/2009-20:32:37.093-0x00000DF0-Pump.13-SSFBasePump::setGeneralParameters-[DEBUG]-Setting paramater [physical_id] with value [13]
17/07/2009-20:32:37.093-0x00000DF0-Pump.13-SSFBaseConfigParam::setGeneralParameters-[DEBUG]-Replacing value for Parameter [physical_id] Old Value [] New Value [13]
17/07/2009-20:32:37.093-0x00000DF0-Pump.13-SSFBasePump::setGeneralParameters-[DEBUG]-Setting paramater [money_decimal_point] with value [2 - X.1]
17/07/2009-20:32:37.093-0x00000DF0-Pump.13-SSFBasePump::setGeneralParameters-[DEBUG]-Money decimal option [1]
17/07/2009-20:32:37.093-0x00000DF0-Pump.13-SSFBaseConfigParam::setGeneralParameters-[DEBUG]-Replacing value for Parameter [money_decimal_point] Old Value [3 - X.2] New Value [2 - X.1]
17/07/2009-20:32:37.093-0x00000DF0-Pump.13-SSFBasePump::setGeneralParameters-[DEBUG]-Setting paramater [implementation] with value [Wayne]
17/07/2009-20:32:37.093-0x00000DF0-Pump.13-SSFBaseConfigParam::setGeneralParameters-[DEBUG]-Replacing value for Parameter [implementation] Old Value [] New Value [Wayne]
17/07/2009-20:32:37.093-0x00000DF0-Pump.13-SSFBasePump::setGeneralParameters-[DEBUG]-Setting paramater [ID] with value [13]
17/07/2009-20:32:37.093-0x00000DF0-Pump.13-SSFBasePump::setGeneralParameters-[DEBUG]-Setting paramater [volume_decimal_point] with value [1 - 3.3]
17/07/2009-20:32:37.093-0x00000DF0-Pump.13-SSFBasePump::setGeneralParameters-[DEBUG]-Volume decimal option [3]
17/07/2009-20:32:37.093-0x00000DF0-Pump.13-SSFBasePump::setGeneralParameters-[DEBUG]-Setting paramater [loop_manager] with value [LOOP1]
17/07/2009-20:32:37.093-0x00000DF0-Pump.13-SSFBaseConfigParam::setGeneralParameters-[DEBUG]-Replacing value for Parameter [loop_manager] Old Value [] New Value [LOOP1]
17/07/2009-20:32:37.093-0x00000DF0-Pump.13-SSFBasePump::checkForConfiguration-[DEBUG]-Checking Data
17/07/2009-20:32:37.093-0x00000DF0-Pump.13-SSFBasePump::checkForConfiguration-[DEBUG]-Data OK
17/07/2009-20:32:45.734-0x00000DF0-Pump.13-SSFBasePump::initial-[DEBUG]-PUMPID[13] - Binding attributes
17/07/2009-20:32:45.765-0x00000DF0-Pump.13-SSFPumpSale::initDB-[DEBUG]-Table Opened OK
17/07/2009-20:32:46.843-0x00000DF0-Pump.13-SSFPumpSale::loadLastSale-[DEBUG]-Last Sale loaded for pump 13
17/07/2009-20:32:46.843-0x00000DF0-Pump.13-SSFPumpSale::loadLastSale-[DEBUG]-Last Sale Sale Id [501891]
17/07/2009-20:32:46.843-0x00000DF0-Pump.13-SSFDBBaseDataMngr::addDataBinding(bool)-[DEBUG]-Data isStopped binded
17/07/2009-20:32:46.843-0x00000DF0-Pump.13-SSFDBBaseDataMngr::addDataBinding(bool)-[DEBUG]-Data isOpened binded
17/07/2009-20:32:46.843-0x00000DF0-Pump.13-SSFDBDeviceData::initData-[DEBUG]-Table Opened OK
17/07/2009-20:32:46.859-0x00000DF0-Pump.13-SSFDBDeviceData::readFromDB-[DEBUG]-reading from DB with clause [device_id = '13' AND subdevice_Id = '' AND attr_name = 'PumpKey']
17/07/2009-20:32:46.875-0x00000DF0-Pump.13-SSFDBDeviceData::readFromDB-[DEBUG]-read OK - Value=Wayne1301
17/07/2009-20:32:46.875-0x00000DF0-Pump.13-SSFDBDeviceData::readFromDB-[DEBUG]-reading from DB with clause [device_id = '13' AND subdevice_Id = '' AND attr_name = 'PumpPriceLevel']
17/07/2009-20:32:46.890-0x00000DF0-Pump.13-SSFDBDeviceData::readFromDB-[DEBUG]-read OK - Value=1
17/07/2009-20:32:46.890-0x00000DF0-Pump.13-SSFDBDeviceData::readFromDB-[DEBUG]-reading from DB with clause [device_id = '13' AND subdevice_Id = '' AND attr_name = 'isOpened']
17/07/2009-20:32:46.890-0x00000DF0-Pump.13-SSFDBDeviceData::readFromDB-[DEBUG]-read OK - Value=1
17/07/2009-20:32:46.906-0x00000DF0-Pump.13-SSFDBDeviceData::readFromDB-[DEBUG]-reading from DB with clause [device_id = '13' AND subdevice_Id = '' AND attr_name = 'isStopped']
17/07/2009-20:32:46.906-0x00000DF0-Pump.13-SSFDBDeviceData::readFromDB-[DEBUG]-read OK - Value=0
17/07/2009-20:32:46.906-0x00000DF0-Pump.13-SSFBasePump::initial-[DEBUG]-Pump 13 - Launching Message Router Client
17/07/2009-20:32:46.906-0x00000DF0-Pump.13-SSFMessageRouterClient::initial-[DEBUG]-Setting the IP connection address to localhost
17/07/2009-20:32:46.906-0x00000DF0-Pump.13-SSFMessageRouterClient::setRemoteAddress-[DEBUG]-Remote Address setted 
17/07/2009-20:32:46.906-0x00000DF0-Pump.13-SSFPumpStatus::setPumpStatus-[DEBUG]-Request to change pump status from [00][CLOSED] to [01][ERROR]
17/07/2009-20:32:46.921-0x00000DF0-Pump.13-SSFDBDeviceData::initData-[DEBUG]-Table Opened OK
17/07/2009-20:32:46.921-0x00000DF0-Pump.13-SSFDBDeviceData::readFromDB-[DEBUG]-reading from DB with clause [device_id = '13' AND subdevice_Id = '1' AND attr_name = 'MoneyTotalizer']
17/07/2009-20:32:46.937-0x00000DF0-Pump.13-SSFDBDeviceData::readFromDB-[DEBUG]-read OK - Value=4936359.800000
17/07/2009-20:32:46.937-0x00000DF0-Pump.13-SSFDBDeviceData::readFromDB-[DEBUG]-reading from DB with clause [device_id = '13' AND subdevice_Id = '1' AND attr_name = 'VolumeTotalizer']
17/07/2009-20:32:46.953-0x00000DF0-Pump.13-SSFDBDeviceData::readFromDB-[DEBUG]-read OK - Value=200702.700000
17/07/2009-20:32:46.953-0x00000DF0-Pump.13-SSFHose::ifBlendedHose-[DEBUG]-This hose is not blended
17/07/2009-20:32:46.984-0x00000354-Pump.13-SSFMessageRouterClient::connectToServer-[DEBUG]-Trying to connect to Message Router Server
17/07/2009-20:32:46.984-0x00000354-Pump.13-SSFMessageRouterClient::connectToServer-[DEBUG]-<1124> Connected to server
17/07/2009-20:32:46.984-0x00000354-Pump.13-SSFMessageRouterClient::processRouterMessageOut-[DEBUG]-<1124> [SUBSCRIBE] to be pushed [EVT_EXIT_CLIENT_CONNECTION] Msg Len [51] 
17/07/2009-20:32:46.984-0x00000354-Pump.13-SSFMessageRouterClient::processRouterMessageOut-[DEBUG]-<1124> Event sent to socket
17/07/2009-20:32:46.984-0x00000354-Pump.13-SSFMessageRouterClient::processRouterMessageOut-[DEBUG]-<1124> [SUBSCRIBE] to be pushed [REQ_PUMP_AUTHORIZE_CALLING] Msg Len [93] 
17/07/2009-20:32:47.000-0x00000354-Pump.13-SSFMessageRouterClient::processRouterMessageOut-[DEBUG]-<1124> Event sent to socket
17/07/2009-20:32:47.000-0x00000354-Pump.13-SSFMessageRouterClient::processRouterMessageOut-[DEBUG]-<1124> [SUBSCRIBE] to be pushed [REQ_PUMP_AUTH_ID_000] Msg Len [72] 
17/07/2009-20:32:47.000-0x00000354-Pump.13-SSFMessageRouterClient::processRouterMessageOut-[DEBUG]-<1124> Event sent to socket
17/07/2009-20:32:47.000-0x00000354-Pump.13-SSFMessageRouterClient::processRouterMessageOut-[DEBUG]-<1124> [SUBSCRIBE] to be pushed [REQ_PUMP_AUTH_ID_013] Msg Len [45] 
17/07/2009-20:32:47.000-0x00000354-Pump.13-SSFMessageRouterClient::processRouterMessageOut-[DEBUG]-<1124> Event sent to socket
17/07/2009-20:32:47.000-0x00000354-Pump.13-SSFMessageRouterClient::processRouterMessageOut-[DEBUG]-<1124> [SUBSCRIBE] to be pushed [REQ_PUMP_BOGUS_AUTOMATIC_ID_013] Msg Len [56] 
17/07/2009-20:32:47.000-0x00000354-Pump.13-SSFMessageRouterClient::processRouterMessageOut-[DEBUG]-<1124> Event sent to socket
17/07/2009-20:32:47.000-0x00000354-Pump.13-SSFMessageRouterClient::processRouterMessageOut-[DEBUG]-<1124> [SUBSCRIBE] to be pushed [REQ_PUMP_BOGUS_CONNECT_ID_013] Msg Len [54] 
17/07/2009-20:32:47.000-0x00000354-Pump.13-SSFMessageRouterClient::processRouterMessageOut-[DEBUG]-<1124> Event sent to socket
17/07/2009-20:32:47.000-0x00000354-Pump.13-SSFMessageRouterClient::processRouterMessageOut-[DEBUG]-<1124> [SUBSCRIBE] to be pushed [REQ_PUMP_BOGUS_DISCONNECT_ID_013] Msg Len [57] 
17/07/2009-20:32:47.000-0x00000354-Pump.13-SSFMessageRouterClient::processRouterMessageOut-[DEBUG]-<1124> Event sent to socket
17/07/2009-20:32:47.015-0x00000354-Pump.13-SSFMessageRouterClient::processRouterMessageOut-[DEBUG]-<1124> [SUBSCRIBE] to be pushed [REQ_PUMP_BOGUS_HANDLE_ID_013] Msg Len [53] 
17/07/2009-20:32:47.015-0x00000354-Pump.13-SSFMessageRouterClient::processRouterMessageOut-[DEBUG]-<1124> Event sent to socket
17/07/2009-20:32:47.015-0x00000354-Pump.13-SSFMessageRouterClient::processRouterMessageOut-[DEBUG]-<1124> [SUBSCRIBE] to be pushed [REQ_PUMP_BOGUS_VALVE_ID_013] Msg Len [52] 
17/07/2009-20:32:47.015-0x00000354-Pump.13-SSFMessageRouterClient::processRouterMessageOut-[DEBUG]-<1124> Event sent to socket
17/07/2009-20:32:47.015-0x00000354-Pump.13-SSFMessageRouterClient::processRouterMessageOut-[DEBUG]-<1124> [SUBSCRIBE] to be pushed [REQ_PUMP_CAPABILITIES_ID_000] Msg Len [53] 
17/07/2009-20:32:47.015-0x00000354-Pump.13-SSFMessageRouterClient::processRouterMessageOut-[DEBUG]-<1124> Event sent to socket
17/07/2009-20:32:47.015-0x00000354-Pump.13-SSFMessageRouterClient::processRouterMessageOut-[DEBUG]-<1124> [SUBSCRIBE] to be pushed [REQ_PUMP_CAPABILITIES_ID_013] Msg Len [53] 
17/07/2009-20:32:47.015-0x00000354-Pump.13-SSFMessageRouterClient::processRouterMessageOut-[DEBUG]-<1124> Event sent to socket
17/07/2009-20:32:47.015-0x00000354-Pump.13-SSFMessageRouterClient::processRouterMessageOut-[DEBUG]-<1124> [SUBSCRIBE] to be pushed [REQ_PUMP_CLEAR_ERROR_MSG_ID_000] Msg Len [56] 
17/07/2009-20:32:47.015-0x00000354-Pump.13-SSFMessageRouterClient::processRouterMessageOut-[DEBUG]-<1124> Event sent to socket
17/07/2009-20:32:47.031-0x00000354-Pump.13-SSFMessageRouterClient::processRouterMessageOut-[DEBUG]-<1124> [SUBSCRIBE] to be pushed [REQ_PUMP_CLEAR_ERROR_MSG_ID_013] Msg Len [56] 
17/07/2009-20:32:47.031-0x00000354-Pump.13-SSFMessageRouterClient::processRouterMessageOut-[DEBUG]-<1124> Event sent to socket
17/07/2009-20:32:47.031-0x00000354-Pump.13-SSFMessageRouterClient::processRouterMessageOut-[DEBUG]-<1124> [SUBSCRIBE] to be pushed [REQ_PUMP_CLEAR_PRESET_ID_013] Msg Len [83] 
17/07/2009-20:32:47.031-0x00000354-Pump.13-SSFMessageRouterClient::processRouterMessageOut-[DEBUG]-<1124> Event sent to socket
17/07/2009-20:32:47.031-0x00000354-Pump.13-SSFMessageRouterClient::processRouterMessageOut-[DEBUG]-<1124> [SUBSCRIBE] to be pushed [REQ_PUMP_CLEAR_STOP_ID_000] Msg Len [78] 
17/07/2009-20:32:47.031-0x00000354-Pump.13-SSFMessageRouterClient::processRouterMessageOut-[DEBUG]-<1124> Event sent to socket
17/07/2009-20:32:47.031-0x00000354-Pump.13-SSFMessageRouterClient::processRouterMessageOut-[DEBUG]-<1124> [SUBSCRIBE] to be pushed [REQ_PUMP_CLEAR_STOP_ID_013] Msg Len [51] 
17/07/2009-20:32:47.031-0x00000354-Pump.13-SSFMessageRouterClient::processRouterMessageOut-[DEBUG]-<1124> Event sent to socket
17/07/2009-20:32:47.046-0x00000354-Pump.13-SSFMessageRouterClient::processRouterMessageOut-[DEBUG]-<1124> [SUBSCRIBE] to be pushed [REQ_PUMP_CLOSE_ID_000] Msg Len [108] 
17/07/2009-20:32:47.046-0x00000354-Pump.13-SSFMessageRouterClient::processRouterMessageOut-[DEBUG]-<1124> Event sent to socket
17/07/2009-20:32:47.046-0x00000354-Pump.13-SSFMessageRouterClient::processRouterMessageOut-[DEBUG]-<1124> [SUBSCRIBE] to be pushed [REQ_PUMP_CLOSE_ID_013] Msg Len [46] 
17/07/2009-20:32:47.046-0x00000354-Pump.13-SSFMessageRouterClient::processRouterMessageOut-[DEBUG]-<1124> Event sent to socket
17/07/2009-20:32:47.046-0x00000354-Pump.13-SSFMessageRouterClient::processRouterMessageOut-[DEBUG]-<1124> [SUBSCRIBE] to be pushed [REQ_PUMP_DEAUTH_ID_000] Msg Len [76] 
17/07/2009-20:32:47.046-0x00000354-Pump.13-SSFMessageRouterClient::processRouterMessageOut-[DEBUG]-<1124> Event sent to socket
17/07/2009-20:32:47.046-0x00000354-Pump.13-SSFMessageRouterClient::processRouterMessageOut-[DEBUG]-<1124> [SUBSCRIBE] to be pushed [REQ_PUMP_DEAUTH_ID_013] Msg Len [47] 
17/07/2009-20:32:47.046-0x00000354-Pump.13-SSFMessageRouterClient::processRouterMessageOut-[DEBUG]-<1124> Event sent to socket
17/07/2009-20:32:47.046-0x00000354-Pump.13-SSFMessageRouterClient::processRouterMessageOut-[DEBUG]-<1124> [SUBSCRIBE] to be pushed [REQ_PUMP_DELIVERY_PROGRESS_ID_013] Msg Len [58] 
17/07/2009-20:32:47.046-0x00000354-Pump.13-SSFMessageRouterClient::processRouterMessageOut-[DEBUG]-<1124> Event sent to socket
17/07/2009-20:32:47.046-0x00000354-Pump.13-SSFMessageRouterClient::processRouterMessageOut-[DEBUG]-<1124> [SUBSCRIBE] to be pushed [REQ_PUMP_GET_ERROR_MSG_ID_000] Msg Len [54] 
17/07/2009-20:32:47.062-0x00000354-Pump.13-SSFMessageRouterClient::processRouterMessageOut-[DEBUG]-<1124> Event sent to socket
17/07/2009-20:32:47.062-0x00000354-Pump.13-SSFMessageRouterClient::processRouterMessageOut-[DEBUG]-<1124> [SUBSCRIBE] to be pushed [REQ_PUMP_GET_ERROR_MSG_ID_013] Msg Len [54] 
17/07/2009-20:32:47.062-0x00000354-Pump.13-SSFMessageRouterClient::processRouterMessageOut-[DEBUG]-<1124> Event sent to socket
17/07/2009-20:32:47.062-0x00000354-Pump.13-SSFMessageRouterClient::processRouterMessageOut-[DEBUG]-<1124> [SUBSCRIBE] to be pushed [REQ_PUMP_GET_FIRM_ID_013] Msg Len [49] 
17/07/2009-20:32:47.062-0x00000354-Pump.13-SSFMessageRouterClient::processRouterMessageOut-[DEBUG]-<1124> Event sent to socket
17/07/2009-20:32:47.062-0x00000354-Pump.13-SSFMessageRouterClient::processRouterMessageOut-[DEBUG]-<1124> [SUBSCRIBE] to be pushed [REQ_PUMP_GET_INFO_ID_000] Msg Len [49] 
17/07/2009-20:32:47.062-0x00000354-Pump.13-SSFMessageRouterClient::processRouterMessageOut-[DEBUG]-<1124> Event sent to socket
17/07/2009-20:32:47.062-0x00000354-Pump.13-SSFMessageRouterClient::processRouterMessageOut-[DEBUG]-<1124> [SUBSCRIBE] to be pushed [REQ_PUMP_GET_INFO_ID_013] Msg Len [49] 
17/07/2009-20:32:47.062-0x00000354-Pump.13-SSFMessageRouterClient::processRouterMessageOut-[DEBUG]-<1124> Event sent to socket
17/07/2009-20:32:47.078-0x00000354-Pump.13-SSFMessageRouterClient::processRouterMessageOut-[DEBUG]-<1124> [SUBSCRIBE] to be pushed [REQ_PUMP_GET_LAST_SALE_ID_000] Msg Len [54] 
17/07/2009-20:32:47.078-0x00000354-Pump.13-SSFMessageRouterClient::processRouterMessageOut-[DEBUG]-<1124> Event sent to socket
17/07/2009-20:32:47.078-0x00000354-Pump.13-SSFMessageRouterClient::processRouterMessageOut-[DEBUG]-<1124> [SUBSCRIBE] to be pushed [REQ_PUMP_GET_LAST_SALE_ID_013] Msg Len [54] 
17/07/2009-20:32:47.078-0x00000354-Pump.13-SSFMessageRouterClient::processRouterMessageOut-[DEBUG]-<1124> Event sent to socket
17/07/2009-20:32:47.078-0x00000354-Pump.13-SSFMessageRouterClient::processRouterMessageOut-[DEBUG]-<1124> [SUBSCRIBE] to be pushed [REQ_PUMP_GET_PRICE_LEVEL_ID_000] Msg Len [56] 
17/07/2009-20:32:47.078-0x00000354-Pump.13-SSFMessageRouterClient::processRouterMessageOut-[DEBUG]-<1124> Event sent to socket
17/07/2009-20:32:47.078-0x00000354-Pump.13-SSFMessageRouterClient::processRouterMessageOut-[DEBUG]-<1124> [SUBSCRIBE] to be pushed [REQ_PUMP_GET_PRICE_LEVEL_ID_013] Msg Len [56] 
17/07/2009-20:32:47.078-0x00000354-Pump.13-SSFMessageRouterClient::processRouterMessageOut-[DEBUG]-<1124> Event sent to socket
17/07/2009-20:32:47.078-0x00000354-Pump.13-SSFMessageRouterClient::processRouterMessageOut-[DEBUG]-<1124> [SUBSCRIBE] to be pushed [REQ_PUMP_GET_TOTALS_ID_000] Msg Len [51] 
17/07/2009-20:32:47.093-0x00000354-Pump.13-SSFMessageRouterClient::processRouterMessageOut-[DEBUG]-<1124> Event sent to socket
17/07/2009-20:32:47.093-0x00000354-Pump.13-SSFMessageRouterClient::processRouterMessageOut-[DEBUG]-<1124> [SUBSCRIBE] to be pushed [REQ_PUMP_GET_TOTALS_ID_013] Msg Len [51] 
17/07/2009-20:32:47.093-0x00000354-Pump.13-SSFMessageRouterClient::processRouterMessageOut-[DEBUG]-<1124> Event sent to socket
17/07/2009-20:32:47.093-0x00000354-Pump.13-SSFMessageRouterClient::processRouterMessageOut-[DEBUG]-<1124> [SUBSCRIBE] to be pushed [REQ_PUMP_HOSE_LEARN_MODE_ID_000] Msg Len [56] 
17/07/2009-20:32:47.093-0x00000354-Pump.13-SSFMessageRouterClient::processRouterMessageOut-[DEBUG]-<1124> Event sent to socket
17/07/2009-20:32:47.093-0x00000354-Pump.13-SSFMessageRouterClient::processRouterMessageOut-[DEBUG]-<1124> [SUBSCRIBE] to be pushed [REQ_PUMP_HOSE_LEARN_MODE_ID_013] Msg Len [56] 
17/07/2009-20:32:47.093-0x00000354-Pump.13-SSFMessageRouterClient::processRouterMessageOut-[DEBUG]-<1124> Event sent to socket
17/07/2009-20:32:47.093-0x00000354-Pump.13-SSFMessageRouterClient::processRouterMessageOut-[DEBUG]-<1124> [SUBSCRIBE] to be pushed [REQ_PUMP_LOCK_ID_013] Msg Len [45] 
17/07/2009-20:32:47.093-0x00000354-Pump.13-SSFMessageRouterClient::processRouterMessageOut-[DEBUG]-<1124> Event sent to socket
17/07/2009-20:32:47.093-0x00000354-Pump.13-SSFMessageRouterClient::processRouterMessageOut-[DEBUG]-<1124> [SUBSCRIBE] to be pushed [REQ_PUMP_OPEN_ID_000] Msg Len [74] 
17/07/2009-20:32:47.093-0x00000354-Pump.13-SSFMessageRouterClient::processRouterMessageOut-[DEBUG]-<1124> Event sent to socket
17/07/2009-20:32:47.109-0x00000354-Pump.13-SSFMessageRouterClient::processRouterMessageOut-[DEBUG]-<1124> [SUBSCRIBE] to be pushed [REQ_PUMP_OPEN_ID_013] Msg Len [45] 
17/07/2009-20:32:47.109-0x00000354-Pump.13-SSFMessageRouterClient::processRouterMessageOut-[DEBUG]-<1124> Event sent to socket
17/07/2009-20:32:47.109-0x00000354-Pump.13-SSFMessageRouterClient::processRouterMessageOut-[DEBUG]-<1124> [SUBSCRIBE] to be pushed [REQ_PUMP_PAUSE_ID_000] Msg Len [89] 
17/07/2009-20:32:47.109-0x00000354-Pump.13-SSFMessageRouterClient::processRouterMessageOut-[DEBUG]-<1124> Event sent to socket
17/07/2009-20:32:47.109-0x00000354-Pump.13-SSFMessageRouterClient::processRouterMessageOut-[DEBUG]-<1124> [SUBSCRIBE] to be pushed [REQ_PUMP_PAUSE_ID_013] Msg Len [46] 
17/07/2009-20:32:47.109-0x00000354-Pump.13-SSFMessageRouterClient::processRouterMessageOut-[DEBUG]-<1124> Event sent to socket
17/07/2009-20:32:47.109-0x00000354-Pump.13-SSFMessageRouterClient::processRouterMessageOut-[DEBUG]-<1124> [SUBSCRIBE] to be pushed [REQ_PUMP_PRESET_ID_013] Msg Len [71] 
17/07/2009-20:32:47.109-0x00000354-Pump.13-SSFMessageRouterClient::processRouterMessageOut-[DEBUG]-<1124> Event sent to socket
17/07/2009-20:32:47.109-0x00000354-Pump.13-SSFMessageRouterClient::processRouterMessageOut-[DEBUG]-<1124> [SUBSCRIBE] to be pushed [REQ_PUMP_REAUTH_ID_000] Msg Len [101] 
17/07/2009-20:32:47.125-0x00000354-Pump.13-SSFMessageRouterClient::processRouterMessageOut-[DEBUG]-<1124> Event sent to socket
17/07/2009-20:32:47.125-0x00000354-Pump.13-SSFMessageRouterClient::processRouterMessageOut-[DEBUG]-<1124> [SUBSCRIBE] to be pushed [REQ_PUMP_REAUTH_ID_013] Msg Len [47] 
17/07/2009-20:32:47.125-0x00000354-Pump.13-SSFMessageRouterClient::processRouterMessageOut-[DEBUG]-<1124> Event sent to socket
17/07/2009-20:32:47.125-0x00000354-Pump.13-SSFMessageRouterClient::processRouterMessageOut-[DEBUG]-<1124> [SUBSCRIBE] to be pushed [REQ_PUMP_SET_PRICE_LEVEL_ID_000] Msg Len [56] 
17/07/2009-20:32:47.125-0x00000354-Pump.13-SSFMessageRouterClient::processRouterMessageOut-[DEBUG]-<1124> Event sent to socket
17/07/2009-20:32:47.125-0x00000354-Pump.13-SSFMessageRouterClient::processRouterMessageOut-[DEBUG]-<1124> [SUBSCRIBE] to be pushed [REQ_PUMP_SET_PRICE_LEVEL_ID_013] Msg Len [99] 
17/07/2009-20:32:47.125-0x00000354-Pump.13-SSFMessageRouterClient::processRouterMessageOut-[DEBUG]-<1124> Event sent to socket
17/07/2009-20:32:47.125-0x00000354-Pump.13-SSFMessageRouterClient::processRouterMessageOut-[DEBUG]-<1124> [SUBSCRIBE] to be pushed [REQ_PUMP_STATUS_ID_000] Msg Len [47] 
17/07/2009-20:32:47.125-0x00000354-Pump.13-SSFMessageRouterClient::processRouterMessageOut-[DEBUG]-<1124> Event sent to socket
17/07/2009-20:32:47.140-0x00000354-Pump.13-SSFMessageRouterClient::processRouterMessageOut-[DEBUG]-<1124> [SUBSCRIBE] to be pushed [REQ_PUMP_STATUS_ID_013] Msg Len [47] 
17/07/2009-20:32:47.140-0x00000354-Pump.13-SSFMessageRouterClient::processRouterMessageOut-[DEBUG]-<1124> Event sent to socket
17/07/2009-20:32:47.140-0x00000354-Pump.13-SSFMessageRouterClient::processRouterMessageOut-[DEBUG]-<1124> [SUBSCRIBE] to be pushed [REQ_PUMP_STOP_ID_000] Msg Len [111] 
17/07/2009-20:32:47.140-0x00000354-Pump.13-SSFMessageRouterClient::processRouterMessageOut-[DEBUG]-<1124> Event sent to socket
17/07/2009-20:32:47.140-0x00000354-Pump.13-SSFMessageRouterClient::processRouterMessageOut-[DEBUG]-<1124> [SUBSCRIBE] to be pushed [REQ_PUMP_STOP_ID_013] Msg Len [45] 
17/07/2009-20:32:47.140-0x00000354-Pump.13-SSFMessageRouterClient::processRouterMessageOut-[DEBUG]-<1124> Event sent to socket
17/07/2009-20:32:47.140-0x00000354-Pump.13-SSFMessageRouterClient::processRouterMessageOut-[DEBUG]-<1124> [SUBSCRIBE] to be pushed [REQ_PUMP_UNLOCK_ID_013] Msg Len [47] 
17/07/2009-20:32:47.140-0x00000354-Pump.13-SSFMessageRouterClient::processRouterMessageOut-[DEBUG]-<1124> Event sent to socket
17/07/2009-20:34:03.578-0x00000354-Pump.13-SSFMessageRouterClient::Entry-[DEBUG]-<1124> Message [00051|3|2|SSF|POST|REQ_PUMP_STATUS_ID_000||127.0.0.1:1058|^]
17/07/2009-20:34:03.640-0x00000354-Pump.13-SSFPumpMsgRouterClient::processEvent-[DEBUG]-Processing Event [REQ_PUMP_STATUS_ID_000]
17/07/2009-20:34:03.640-0x00000354-Pump.13-SSFBasePump::getEventProcMethodPtr-[DEBUG]-Processing Event [REQ_PUMP_STATUS_ID_000]
17/07/2009-20:34:04.906-0x00000354-Pump.13-SSFMessageRouterClient::processRouterMessageOut-[DEBUG]-<1124> [POST] to be pushed [EVT_PUMP_STATUS_CHANGE_ID_013] Msg Len [76] 
17/07/2009-20:34:04.906-0x00000354-Pump.13-SSFMessageRouterClient::processRouterMessageOut-[DEBUG]-<1124> Event sent to socket
17/07/2009-20:34:05.031-0x00000354-Pump.13-SSFMessageRouterClient::Entry-[DEBUG]-<1124> Message [00060|3|2|SSF|POST|REQ_PUMP_GET_PRICE_LEVEL_ID_013||127.0.0.1:1058|^]
17/07/2009-20:34:05.406-0x00000354-Pump.13-SSFPumpMsgRouterClient::processEvent-[DEBUG]-Processing Event [REQ_PUMP_GET_PRICE_LEVEL_ID_013]
17/07/2009-20:34:05.406-0x00000354-Pump.13-SSFBasePump::getEventProcMethodPtr-[DEBUG]-Processing Event [REQ_PUMP_GET_PRICE_LEVEL_ID_013]
17/07/2009-20:34:05.421-0x00000354-Pump.13-SSFMessageRouterClient::processRouterMessageOut-[DEBUG]-<1124> [POST] to be pushed [EVT_PUMP_PRICE_LEVEL_ID_013] Msg Len [66] 
17/07/2009-20:34:05.421-0x00000354-Pump.13-SSFMessageRouterClient::processRouterMessageOut-[DEBUG]-<1124> Event sent to socket
17/07/2009-20:34:26.000-0x000010E0-Pump.13-SSFPumpWayne::sendCommand-[DEBUG]-PUMP 13 RESPONSE TIMEOUT
17/07/2009-20:34:26.000-0x000010E0-Pump.13-SSFBasePump::executeDefaultAction-[DEBUG]-Sending Pump Status Change event
17/07/2009-20:34:26.031-0x00000354-Pump.13-SSFMessageRouterClient::processRouterMessageOut-[DEBUG]-<1124> [POST] to be pushed [EVT_PUMP_STATUS_CHANGE_ID_013] Msg Len [62] 
17/07/2009-20:34:26.031-0x00000354-Pump.13-SSFMessageRouterClient::processRouterMessageOut-[DEBUG]-<1124> Event sent to socket
17/07/2009-20:34:54.000-0x000010E0-Pump.13-SSFPumpWayne::sendCommand-[DEBUG]-PUMP 13 RESPONSE TIMEOUT
17/07/2009-20:35:22.000-0x000010E0-Pump.13-SSFPumpWayne::sendCommand-[DEBUG]-PUMP 13 RESPONSE TIMEOUT
17/07/2009-20:35:50.000-0x000010E0-Pump.13-SSFPumpWayne::sendCommand-[DEBUG]-PUMP 13 RESPONSE TIMEOUT
17/07/2009-20:36:18.000-0x000010E0-Pump.13-SSFPumpWayne::sendCommand-[DEBUG]-PUMP 13 RESPONSE TIMEOUT
17/07/2009-20:36:46.046-0x000010E0-Pump.13-SSFPumpWayne::sendCommand-[DEBUG]-PUMP 13 RESPONSE TIMEOUT
17/07/2009-20:37:14.000-0x000010E0-Pump.13-SSFPumpWayne::sendCommand-[DEBUG]-PUMP 13 RESPONSE TIMEOUT
17/07/2009-20:37:42.000-0x000010E0-Pump.13-SSFPumpWayne::sendCommand-[DEBUG]-PUMP 13 RESPONSE TIMEOUT
17/07/2009-20:38:10.000-0x000010E0-Pump.13-SSFPumpWayne::sendCommand-[DEBUG]-PUMP 13 RESPONSE TIMEOUT
17/07/2009-20:38:38.000-0x000010E0-Pump.13-SSFPumpWayne::sendCommand-[DEBUG]-PUMP 13 RESPONSE TIMEOUT
17/07/2009-20:39:06.000-0x000010E0-Pump.13-SSFPumpWayne::sendCommand-[DEBUG]-PUMP 13 RESPONSE TIMEOUT
17/07/2009-20:39:34.000-0x000010E0-Pump.13-SSFPumpWayne::sendCommand-[DEBUG]-PUMP 13 RESPONSE TIMEOUT
17/07/2009-20:40:02.000-0x000010E0-Pump.13-SSFPumpWayne::sendCommand-[DEBUG]-PUMP 13 RESPONSE TIMEOUT
17/07/2009-20:40:30.000-0x000010E0-Pump.13-SSFPumpWayne::sendCommand-[DEBUG]-PUMP 13 RESPONSE TIMEOUT
17/07/2009-20:40:58.000-0x000010E0-Pump.13-SSFPumpWayne::sendCommand-[DEBUG]-PUMP 13 RESPONSE TIMEOUT
17/07/2009-20:41:26.000-0x000010E0-Pump.13-SSFPumpWayne::sendCommand-[DEBUG]-PUMP 13 RESPONSE TIMEOUT
17/07/2009-20:41:50.562-0x00000354-Pump.13-SSFMessageRouterClient::Entry-[DEBUG]-<1124> Message [00053|3|2|GUEST|POST|REQ_PUMP_STATUS_ID_013||127.0.0.1:1163|^]
17/07/2009-20:41:50.937-0x00000354-Pump.13-SSFPumpMsgRouterClient::processEvent-[DEBUG]-Processing Event [REQ_PUMP_STATUS_ID_013]
17/07/2009-20:41:50.968-0x00000354-Pump.13-SSFBasePump::getEventProcMethodPtr-[DEBUG]-Processing Event [REQ_PUMP_STATUS_ID_013]
17/07/2009-20:41:51.546-0x00000354-Pump.13-SSFMessageRouterClient::processRouterMessageOut-[DEBUG]-<1124> [POST] to be pushed [EVT_PUMP_STATUS_CHANGE_ID_013] Msg Len [76] 
17/07/2009-20:41:51.593-0x00000354-Pump.13-SSFMessageRouterClient::processRouterMessageOut-[DEBUG]-<1124> Event sent to socket
17/07/2009-20:41:57.468-0x000010E0-Pump.13-SSFPumpWayne::sendCommand-[DEBUG]-PUMP 13 RESPONSE TIMEOUT
17/07/2009-20:42:00.093-0x00000354-Pump.13-SSFMessageRouterClient::Entry-[DEBUG]-<1124> Message [00059|3|2|GUEST|POST|REQ_PUMP_CAPABILITIES_ID_013||127.0.0.1:1165|^]
17/07/2009-20:42:00.171-0x00000354-Pump.13-SSFPumpMsgRouterClient::processEvent-[DEBUG]-Processing Event [REQ_PUMP_CAPABILITIES_ID_013]
17/07/2009-20:42:00.171-0x00000354-Pump.13-SSFBasePump::getEventProcMethodPtr-[DEBUG]-Processing Event [REQ_PUMP_CAPABILITIES_ID_013]
17/07/2009-20:42:00.281-0x00000354-Pump.13-SSFMessageRouterClient::processRouterMessageOut-[DEBUG]-<1124> [POST] to be pushed [RES_PUMP_CAPABILITIES_ID_013] Msg Len [432] 
17/07/2009-20:42:00.281-0x00000354-Pump.13-SSFMessageRouterClient::processRouterMessageOut-[DEBUG]-<1124> Event sent to socket
17/07/2009-20:42:00.281-0x00000354-Pump.13-SSFMessageRouterClient::Entry-[DEBUG]-<1124> Message [00055|3|2|GUEST|POST|REQ_PUMP_GET_INFO_ID_013||127.0.0.1:1165|^]
17/07/2009-20:42:00.281-0x00000354-Pump.13-SSFPumpMsgRouterClient::processEvent-[DEBUG]-Processing Event [REQ_PUMP_GET_INFO_ID_013]
17/07/2009-20:42:00.296-0x00000354-Pump.13-SSFBasePump::getEventProcMethodPtr-[DEBUG]-Processing Event [REQ_PUMP_GET_INFO_ID_013]
17/07/2009-20:42:00.296-0x00000354-Pump.13-SSFHose::getVolumeTotalizer-[DEBUG]-Asking totalizer value [200702.700000] from Hose [1]
17/07/2009-20:42:00.312-0x00000354-Pump.13-SSFMessageRouterClient::processRouterMessageOut-[DEBUG]-<1124> [POST] to be pushed [RES_PUMP_GET_INFO_ID_013] Msg Len [203] 
17/07/2009-20:42:00.312-0x00000354-Pump.13-SSFMessageRouterClient::processRouterMessageOut-[DEBUG]-<1124> Event sent to socket
17/07/2009-20:42:00.312-0x00000354-Pump.13-SSFMessageRouterClient::Entry-[DEBUG]-<1124> Message [00060|3|2|GUEST|POST|REQ_PUMP_GET_ERROR_MSG_ID_013||127.0.0.1:1165|^]
17/07/2009-20:42:00.312-0x00000354-Pump.13-SSFPumpMsgRouterClient::processEvent-[DEBUG]-Processing Event [REQ_PUMP_GET_ERROR_MSG_ID_013]
17/07/2009-20:42:00.312-0x00000354-Pump.13-SSFBasePump::getEventProcMethodPtr-[DEBUG]-Processing Event [REQ_PUMP_GET_ERROR_MSG_ID_013]
17/07/2009-20:42:00.328-0x00000354-Pump.13-SSFMessageRouterClient::processRouterMessageOut-[DEBUG]-<1124> [POST] to be pushed [EVT_PUMP_ERROR_MSG_ID_013] Msg Len [64] 
17/07/2009-20:42:00.328-0x00000354-Pump.13-SSFMessageRouterClient::processRouterMessageOut-[DEBUG]-<1124> Event sent to socket
17/07/2009-20:42:00.328-0x00000354-Pump.13-SSFMessageRouterClient::Entry-[DEBUG]-<1124> Message [00053|3|2|GUEST|POST|REQ_PUMP_STATUS_ID_013||127.0.0.1:1165|^]
17/07/2009-20:42:00.328-0x00000354-Pump.13-SSFPumpMsgRouterClient::processEvent-[DEBUG]-Processing Event [REQ_PUMP_STATUS_ID_013]
17/07/2009-20:42:00.328-0x00000354-Pump.13-SSFBasePump::getEventProcMethodPtr-[DEBUG]-Processing Event [REQ_PUMP_STATUS_ID_013]
17/07/2009-20:42:00.343-0x00000354-Pump.13-SSFMessageRouterClient::processRouterMessageOut-[DEBUG]-<1124> [POST] to be pushed [EVT_PUMP_STATUS_CHANGE_ID_013] Msg Len [76] 
17/07/2009-20:42:00.343-0x00000354-Pump.13-SSFMessageRouterClient::processRouterMessageOut-[DEBUG]-<1124> Event sent to socket
17/07/2009-20:42:25.000-0x000010E0-Pump.13-SSFPumpWayne::sendCommand-[DEBUG]-PUMP 13 RESPONSE TIMEOUT
17/07/2009-20:42:53.000-0x000010E0-Pump.13-SSFPumpWayne::sendCommand-[DEBUG]-PUMP 13 RESPONSE TIMEOUT
17/07/2009-20:43:21.000-0x000010E0-Pump.13-SSFPumpWayne::sendCommand-[DEBUG]-PUMP 13 RESPONSE TIMEOUT
17/07/2009-20:43:49.000-0x000010E0-Pump.13-SSFPumpWayne::sendCommand-[DEBUG]-PUMP 13 RESPONSE TIMEOUT
17/07/2009-20:44:17.000-0x000010E0-Pump.13-SSFPumpWayne::sendCommand-[DEBUG]-PUMP 13 RESPONSE TIMEOUT
