10/11/2025-13:33:37.491-0x00005E30-Pump.1-SSFBasePump::setGeneralParameters-[DEBUG]-Setting paramater [ID] with value [1]
10/11/2025-13:33:37.512-0x00005E30-Pump.1-SSFBaseConfigParam::setGeneralParameters-[DEBUG]-Replacing value for Parameter [ID] Old Value [] New Value [1]
10/11/2025-13:33:37.574-0x00005E30-Pump.1-SSFBasePump::setGeneralParameters-[DEBUG]-Setting paramater [max_rtm_error_counter] with value [3]
10/11/2025-13:33:37.601-0x00005E30-Pump.1-SSFBasePump::setGeneralParameters-[DEBUG]-Setting paramater [pump_baud_rate] with value [5760]
10/11/2025-13:33:37.613-0x00005E30-Pump.1-SSFPumpGilbarco::setGeneralParameters-[DEBUG]-Seteando la configuracion del surtidor en [5760]
10/11/2025-13:33:37.637-0x00005E30-Pump.1-SSFBasePump::setGeneralParameters-[DEBUG]-Setting paramater [slot_id] with value [1]
10/11/2025-13:33:37.648-0x00005E30-Pump.1-SSFBaseConfigParam::setGeneralParameters-[DEBUG]-Replacing value for Parameter [slot_id] Old Value [0] New Value [1]
10/11/2025-13:33:37.668-0x00005E30-Pump.1-SSFBasePump::setGeneralParameters-[DEBUG]-Setting paramater [totalizer_update_time] with value [0]
10/11/2025-13:33:37.688-0x00005E30-Pump.1-SSFBasePump::setGeneralParameters-[DEBUG]-Setting paramater [fill_up_fuel_tank_preset_value] with value [999.000]
10/11/2025-13:33:37.712-0x00005E30-Pump.1-SSFBasePump::setGeneralParameters-[DEBUG]-Setting paramater [fill_up_fuel_tank_preset_type] with value [VOLUME]
10/11/2025-13:33:37.730-0x00005E30-Pump.1-SSFBasePump::setGeneralParameters-[DEBUG]-Setting paramater [max_pump_error_counter] with value [6]
10/11/2025-13:33:37.760-0x00005E30-Pump.1-SSFPumpGilbarco::setGeneralParameters-[DEBUG]-Digit Money Display [6]
10/11/2025-13:33:37.771-0x00005E30-Pump.1-SSFBaseConfigParam::setGeneralParameters-[DEBUG]-Replacing value for Parameter [money_digits_qty] Old Value [1 - 5 Digitos] New Value [2 - 6 Digits]
10/11/2025-13:33:37.791-0x00005E30-Pump.1-SSFBasePump::setGeneralParameters-[DEBUG]-Setting paramater [max_mon_sale] with value [0.000]
10/11/2025-13:33:37.811-0x00005E30-Pump.1-SSFBasePump::setGeneralParameters-[DEBUG]-Setting paramater [min_mon_sale] with value [0.000]
10/11/2025-13:33:37.840-0x00005E30-Pump.1-SSFBasePump::setGeneralParameters-[DEBUG]-Setting paramater [loop_manager] with value [LOOP1]
10/11/2025-13:33:37.855-0x00005E30-Pump.1-SSFBaseConfigParam::setGeneralParameters-[DEBUG]-Replacing value for Parameter [loop_manager] Old Value [] New Value [LOOP1]
10/11/2025-13:33:37.874-0x00005E30-Pump.1-SSFBasePump::setGeneralParameters-[DEBUG]-Setting paramater [max_vol_sale] with value [40000.00]
10/11/2025-13:33:37.904-0x00005E30-Pump.1-SSFBasePump::setGeneralParameters-[DEBUG]-Setting paramater [hoses_qty] with value [3]
10/11/2025-13:33:37.925-0x00005E30-Pump.1-SSFBaseConfigParam::setGeneralParameters-[DEBUG]-Replacing value for Parameter [hoses_qty] Old Value [] New Value [3]
10/11/2025-13:33:37.962-0x00005E30-Pump.1-SSFHose::setGeneralParameters-[DEBUG]-Name [suction_low] - Value []
10/11/2025-13:33:37.979-0x00005E30-Pump.1-SSFHose::setGeneralParameters-[DEBUG]-Name [suction_high] - Value []
10/11/2025-13:33:37.988-0x00005E30-Pump.1-SSFHose::setGeneralParameters-[DEBUG]-Name [grade] - Value [GASOLINA PREMIUM]
10/11/2025-13:33:38.009-0x00005E30-Pump.1-SSFHose::setGeneralParameters-[DEBUG]-Name [real_id] - Value [0]
10/11/2025-13:33:38.019-0x00005E30-Pump.1-SSFHose::setGeneralParameters-[DEBUG]-Name [logical_id] - Value [1]
10/11/2025-13:33:38.050-0x00005E30-Pump.1-SSFHose::setGeneralParameters-[DEBUG]-Name [logical_id] - Value [2]
10/11/2025-13:33:38.061-0x00005E30-Pump.1-SSFHose::setGeneralParameters-[DEBUG]-Name [real_id] - Value [1]
10/11/2025-13:33:38.081-0x00005E30-Pump.1-SSFHose::setGeneralParameters-[DEBUG]-Name [grade] - Value [GASOLINA REGULAR]
10/11/2025-13:33:38.092-0x00005E30-Pump.1-SSFHose::setGeneralParameters-[DEBUG]-Name [suction_high] - Value []
10/11/2025-13:33:38.110-0x00005E30-Pump.1-SSFHose::setGeneralParameters-[DEBUG]-Name [suction_low] - Value []
10/11/2025-13:33:38.140-0x00005E30-Pump.1-SSFHose::setGeneralParameters-[DEBUG]-Name [logical_id] - Value [3]
10/11/2025-13:33:38.152-0x00005E30-Pump.1-SSFHose::setGeneralParameters-[DEBUG]-Name [real_id] - Value [2]
10/11/2025-13:33:38.163-0x00005E30-Pump.1-SSFHose::setGeneralParameters-[DEBUG]-Name [grade] - Value [DIESEL OPTIMO]
10/11/2025-13:33:38.173-0x00005E30-Pump.1-SSFHose::setGeneralParameters-[DEBUG]-Name [suction_high] - Value []
10/11/2025-13:33:38.194-0x00005E30-Pump.1-SSFHose::setGeneralParameters-[DEBUG]-Name [suction_low] - Value []
10/11/2025-13:33:38.219-0x00005E30-Pump.1-SSFBasePump::setGeneralParameters-[DEBUG]-Setting paramater [min_vol_sale] with value [0.100]
10/11/2025-13:33:38.236-0x00005E30-Pump.1-SSFBasePump::setGeneralParameters-[DEBUG]-Setting paramater [pump_side_type] with value [DOBLE]
10/11/2025-13:33:38.252-0x00005E30-Pump.1-SSFBaseConfigParam::setGeneralParameters-[DEBUG]-Replacing value for Parameter [pump_side_type] Old Value [] New Value [DOBLE]
10/11/2025-13:33:38.267-0x00005E30-Pump.1-SSFBasePump::setGeneralParameters-[DEBUG]-Setting paramater [ppu_decimal_point] with value [2 - 3.1]
10/11/2025-13:33:38.288-0x00005E30-Pump.1-SSFBasePump::setGeneralParameters-[DEBUG]-PPU decimal option [1]
10/11/2025-13:33:38.299-0x00005E30-Pump.1-SSFBaseConfigParam::setGeneralParameters-[DEBUG]-Replacing value for Parameter [ppu_decimal_point] Old Value [4 - 1.3] New Value [2 - 3.1]
10/11/2025-13:33:38.318-0x00005E30-Pump.1-SSFBasePump::setGeneralParameters-[DEBUG]-Setting paramater [physical_id] with value [1]
10/11/2025-13:33:38.339-0x00005E30-Pump.1-SSFBaseConfigParam::setGeneralParameters-[DEBUG]-Replacing value for Parameter [physical_id] Old Value [] New Value [1]
10/11/2025-13:33:38.362-0x00005E30-Pump.1-SSFBasePump::setGeneralParameters-[DEBUG]-Setting paramater [volume_decimal_point] with value [1 - 3.3]
10/11/2025-13:33:38.370-0x00005E30-Pump.1-SSFBasePump::setGeneralParameters-[DEBUG]-Volume decimal option [3]
10/11/2025-13:33:38.402-0x00005E30-Pump.1-SSFBasePump::setGeneralParameters-[DEBUG]-Setting paramater [ID] with value [1]
10/11/2025-13:33:38.426-0x00005E30-Pump.1-SSFBasePump::setGeneralParameters-[DEBUG]-Setting paramater [implementation] with value [Gilbarco]
10/11/2025-13:33:38.442-0x00005E30-Pump.1-SSFBaseConfigParam::setGeneralParameters-[DEBUG]-Replacing value for Parameter [implementation] Old Value [] New Value [Gilbarco]
10/11/2025-13:33:38.464-0x00005E30-Pump.1-SSFBasePump::setGeneralParameters-[DEBUG]-Setting paramater [money_decimal_point] with value [2 - X.1]
10/11/2025-13:33:38.489-0x00005E30-Pump.1-SSFBasePump::setGeneralParameters-[DEBUG]-Money decimal option [1]
10/11/2025-13:33:38.507-0x00005E30-Pump.1-SSFBaseConfigParam::setGeneralParameters-[DEBUG]-Replacing value for Parameter [money_decimal_point] Old Value [3 - X.2] New Value [2 - X.1]
10/11/2025-13:33:38.589-0x00005E30-Pump.1-SSFBasePump::checkForConfiguration-[DEBUG]-Checking Data
10/11/2025-13:33:38.603-0x00005E30-Pump.1-SSFBasePump::checkForConfiguration-[DEBUG]-Data OK
10/11/2025-13:33:38.618-0x00005E30-Pump.1-SSFPumpGilbarco::checkForConfiguration-[DEBUG]-Forcing InterbyteWriteInterval to [0]
10/11/2025-13:33:38.632-0x00005E30-Pump.1-SSFPumpGilbarco::checkForConfiguration-[DEBUG]-Forcing ReadTimeout to [500]
10/11/2025-13:33:38.649-0x00005E30-Pump.1-SSFPumpGilbarco::checkForConfiguration-[DEBUG]-Forcing ReadInterbyteTimeout to [500]
