10/11/2025-13:33:51.921-0x00005E30-Pump.8-SSFBasePump::setGeneralParameters-[DEBUG]-Setting paramater [ID] with value [8]
10/11/2025-13:33:51.944-0x00005E30-Pump.8-SSFBaseConfigParam::setGeneralParameters-[DEBUG]-Replacing value for Parameter [ID] Old Value [] New Value [8]
10/11/2025-13:33:51.973-0x00005E30-Pump.8-SSFBasePump::setGeneralParameters-[DEBUG]-Setting paramater [fill_up_fuel_tank_preset_value] with value [999.000]
10/11/2025-13:33:52.076-0x00005E30-Pump.8-SSFBasePump::setGeneralParameters-[DEBUG]-Setting paramater [money_decimal_point] with value [2 - X.1]
10/11/2025-13:33:52.090-0x00005E30-Pump.8-SSFBasePump::setGeneralParameters-[DEBUG]-Money decimal option [1]
10/11/2025-13:33:52.107-0x00005E30-Pump.8-SSFBaseConfigParam::setGeneralParameters-[DEBUG]-Replacing value for Parameter [money_decimal_point] Old Value [3 - X.2] New Value [2 - X.1]
10/11/2025-13:33:52.128-0x00005E30-Pump.8-SSFBasePump::setGeneralParameters-[DEBUG]-Setting paramater [implementation] with value [Gilbarco]
10/11/2025-13:33:52.144-0x00005E30-Pump.8-SSFBaseConfigParam::setGeneralParameters-[DEBUG]-Replacing value for Parameter [implementation] Old Value [] New Value [Gilbarco]
10/11/2025-13:33:52.170-0x00005E30-Pump.8-SSFBasePump::setGeneralParameters-[DEBUG]-Setting paramater [ID] with value [8]
10/11/2025-13:33:52.192-0x00005E30-Pump.8-SSFBasePump::setGeneralParameters-[DEBUG]-Setting paramater [volume_decimal_point] with value [1 - 3.3]
10/11/2025-13:33:52.208-0x00005E30-Pump.8-SSFBasePump::setGeneralParameters-[DEBUG]-Volume decimal option [3]
10/11/2025-13:33:52.235-0x00005E30-Pump.8-SSFBasePump::setGeneralParameters-[DEBUG]-Setting paramater [physical_id] with value [8]
10/11/2025-13:33:52.250-0x00005E30-Pump.8-SSFBaseConfigParam::setGeneralParameters-[DEBUG]-Replacing value for Parameter [physical_id] Old Value [] New Value [8]
10/11/2025-13:33:52.274-0x00005E30-Pump.8-SSFBasePump::setGeneralParameters-[DEBUG]-Setting paramater [ppu_decimal_point] with value [2 - 3.1]
10/11/2025-13:33:52.286-0x00005E30-Pump.8-SSFBasePump::setGeneralParameters-[DEBUG]-PPU decimal option [1]
10/11/2025-13:33:52.305-0x00005E30-Pump.8-SSFBaseConfigParam::setGeneralParameters-[DEBUG]-Replacing value for Parameter [ppu_decimal_point] Old Value [4 - 1.3] New Value [2 - 3.1]
10/11/2025-13:33:52.326-0x00005E30-Pump.8-SSFBasePump::setGeneralParameters-[DEBUG]-Setting paramater [pump_side_type] with value [DOBLE]
10/11/2025-13:33:52.342-0x00005E30-Pump.8-SSFBaseConfigParam::setGeneralParameters-[DEBUG]-Replacing value for Parameter [pump_side_type] Old Value [] New Value [DOBLE]
10/11/2025-13:33:52.365-0x00005E30-Pump.8-SSFBasePump::setGeneralParameters-[DEBUG]-Setting paramater [min_vol_sale] with value [0.100]
10/11/2025-13:33:52.390-0x00005E30-Pump.8-SSFBasePump::setGeneralParameters-[DEBUG]-Setting paramater [hoses_qty] with value [3]
10/11/2025-13:33:52.404-0x00005E30-Pump.8-SSFBaseConfigParam::setGeneralParameters-[DEBUG]-Replacing value for Parameter [hoses_qty] Old Value [] New Value [3]
10/11/2025-13:33:52.436-0x00005E30-Pump.8-SSFHose::setGeneralParameters-[DEBUG]-Name [logical_id] - Value [1]
10/11/2025-13:33:52.451-0x00005E30-Pump.8-SSFHose::setGeneralParameters-[DEBUG]-Name [real_id] - Value [0]
10/11/2025-13:33:52.465-0x00005E30-Pump.8-SSFHose::setGeneralParameters-[DEBUG]-Name [suction_high] - Value []
10/11/2025-13:33:52.474-0x00005E30-Pump.8-SSFHose::setGeneralParameters-[DEBUG]-Name [suction_low] - Value []
10/11/2025-13:33:52.497-0x00005E30-Pump.8-SSFHose::setGeneralParameters-[DEBUG]-Name [grade] - Value [GASOLINA PREMIUM]
10/11/2025-13:33:52.534-0x00005E30-Pump.8-SSFHose::setGeneralParameters-[DEBUG]-Name [grade] - Value [GASOLINA REGULAR]
10/11/2025-13:33:52.552-0x00005E30-Pump.8-SSFHose::setGeneralParameters-[DEBUG]-Name [logical_id] - Value [2]
10/11/2025-13:33:52.569-0x00005E30-Pump.8-SSFHose::setGeneralParameters-[DEBUG]-Name [real_id] - Value [1]
10/11/2025-13:33:52.590-0x00005E30-Pump.8-SSFHose::setGeneralParameters-[DEBUG]-Name [suction_high] - Value []
10/11/2025-13:33:52.607-0x00005E30-Pump.8-SSFHose::setGeneralParameters-[DEBUG]-Name [suction_low] - Value []
10/11/2025-13:33:52.642-0x00005E30-Pump.8-SSFHose::setGeneralParameters-[DEBUG]-Name [logical_id] - Value [3]
10/11/2025-13:33:52.659-0x00005E30-Pump.8-SSFHose::setGeneralParameters-[DEBUG]-Name [real_id] - Value [2]
10/11/2025-13:33:52.673-0x00005E30-Pump.8-SSFHose::setGeneralParameters-[DEBUG]-Name [grade] - Value [DIESEL OPTIMO]
10/11/2025-13:33:52.690-0x00005E30-Pump.8-SSFHose::setGeneralParameters-[DEBUG]-Name [suction_high] - Value []
10/11/2025-13:33:52.704-0x00005E30-Pump.8-SSFHose::setGeneralParameters-[DEBUG]-Name [suction_low] - Value []
10/11/2025-13:33:52.730-0x00005E30-Pump.8-SSFBasePump::setGeneralParameters-[DEBUG]-Setting paramater [max_vol_sale] with value [40000.00]
10/11/2025-13:33:52.754-0x00005E30-Pump.8-SSFBasePump::setGeneralParameters-[DEBUG]-Setting paramater [loop_manager] with value [LOOP1]
10/11/2025-13:33:52.769-0x00005E30-Pump.8-SSFBaseConfigParam::setGeneralParameters-[DEBUG]-Replacing value for Parameter [loop_manager] Old Value [] New Value [LOOP1]
10/11/2025-13:33:52.793-0x00005E30-Pump.8-SSFBasePump::setGeneralParameters-[DEBUG]-Setting paramater [min_mon_sale] with value [0.000]
10/11/2025-13:33:52.816-0x00005E30-Pump.8-SSFBasePump::setGeneralParameters-[DEBUG]-Setting paramater [totalizer_update_time] with value [0]
10/11/2025-13:33:52.835-0x00005E30-Pump.8-SSFBasePump::setGeneralParameters-[DEBUG]-Setting paramater [slot_id] with value [4]
10/11/2025-13:33:52.855-0x00005E30-Pump.8-SSFBaseConfigParam::setGeneralParameters-[DEBUG]-Replacing value for Parameter [slot_id] Old Value [0] New Value [4]
10/11/2025-13:33:52.886-0x00005E30-Pump.8-SSFBasePump::setGeneralParameters-[DEBUG]-Setting paramater [pump_baud_rate] with value [5760]
10/11/2025-13:33:52.903-0x00005E30-Pump.8-SSFPumpGilbarco::setGeneralParameters-[DEBUG]-Seteando la configuracion del surtidor en [5760]
10/11/2025-13:33:52.930-0x00005E30-Pump.8-SSFBasePump::setGeneralParameters-[DEBUG]-Setting paramater [max_rtm_error_counter] with value [3]
10/11/2025-13:33:52.954-0x00005E30-Pump.8-SSFBasePump::setGeneralParameters-[DEBUG]-Setting paramater [fill_up_fuel_tank_preset_type] with value [VOLUME]
10/11/2025-13:33:52.978-0x00005E30-Pump.8-SSFBasePump::setGeneralParameters-[DEBUG]-Setting paramater [max_pump_error_counter] with value [6]
10/11/2025-13:33:53.003-0x00005E30-Pump.8-SSFPumpGilbarco::setGeneralParameters-[DEBUG]-Digit Money Display [6]
10/11/2025-13:33:53.017-0x00005E30-Pump.8-SSFBaseConfigParam::setGeneralParameters-[DEBUG]-Replacing value for Parameter [money_digits_qty] Old Value [1 - 5 Digitos] New Value [2 - 6 Digits]
10/11/2025-13:33:53.041-0x00005E30-Pump.8-SSFBasePump::setGeneralParameters-[DEBUG]-Setting paramater [max_mon_sale] with value [0.000]
10/11/2025-13:33:53.107-0x00005E30-Pump.8-SSFBasePump::checkForConfiguration-[DEBUG]-Checking Data
10/11/2025-13:33:53.121-0x00005E30-Pump.8-SSFBasePump::checkForConfiguration-[DEBUG]-Data OK
10/11/2025-13:33:53.135-0x00005E30-Pump.8-SSFPumpGilbarco::checkForConfiguration-[DEBUG]-Forcing InterbyteWriteInterval to [0]
10/11/2025-13:33:53.154-0x00005E30-Pump.8-SSFPumpGilbarco::checkForConfiguration-[DEBUG]-Forcing ReadTimeout to [500]
10/11/2025-13:33:53.170-0x00005E30-Pump.8-SSFPumpGilbarco::checkForConfiguration-[DEBUG]-Forcing ReadInterbyteTimeout to [500]
