10/11/2025-13:33:41.395-0x00005E30-Pump.3-SSFBasePump::setGeneralParameters-[DEBUG]-Setting paramater [ID] with value [3]
10/11/2025-13:33:41.404-0x00005E30-Pump.3-SSFBaseConfigParam::setGeneralParameters-[DEBUG]-Replacing value for Parameter [ID] Old Value [] New Value [3]
10/11/2025-13:33:41.553-0x00005E30-Pump.3-SSFBasePump::setGeneralParameters-[DEBUG]-Setting paramater [money_decimal_point] with value [2 - X.1]
10/11/2025-13:33:41.570-0x00005E30-Pump.3-SSFBasePump::setGeneralParameters-[DEBUG]-Money decimal option [1]
10/11/2025-13:33:41.585-0x00005E30-Pump.3-SSFBaseConfigParam::setGeneralParameters-[DEBUG]-Replacing value for Parameter [money_decimal_point] Old Value [3 - X.2] New Value [2 - X.1]
10/11/2025-13:33:41.608-0x00005E30-Pump.3-SSFBasePump::setGeneralParameters-[DEBUG]-Setting paramater [implementation] with value [Gilbarco]
10/11/2025-13:33:41.617-0x00005E30-Pump.3-SSFBaseConfigParam::setGeneralParameters-[DEBUG]-Replacing value for Parameter [implementation] Old Value [] New Value [Gilbarco]
10/11/2025-13:33:41.643-0x00005E30-Pump.3-SSFBasePump::setGeneralParameters-[DEBUG]-Setting paramater [volume_decimal_point] with value [1 - 3.3]
10/11/2025-13:33:41.654-0x00005E30-Pump.3-SSFBasePump::setGeneralParameters-[DEBUG]-Volume decimal option [3]
10/11/2025-13:33:41.681-0x00005E30-Pump.3-SSFBasePump::setGeneralParameters-[DEBUG]-Setting paramater [physical_id] with value [3]
10/11/2025-13:33:41.696-0x00005E30-Pump.3-SSFBaseConfigParam::setGeneralParameters-[DEBUG]-Replacing value for Parameter [physical_id] Old Value [] New Value [3]
10/11/2025-13:33:41.716-0x00005E30-Pump.3-SSFBasePump::setGeneralParameters-[DEBUG]-Setting paramater [ppu_decimal_point] with value [2 - 3.1]
10/11/2025-13:33:41.729-0x00005E30-Pump.3-SSFBasePump::setGeneralParameters-[DEBUG]-PPU decimal option [1]
10/11/2025-13:33:41.747-0x00005E30-Pump.3-SSFBaseConfigParam::setGeneralParameters-[DEBUG]-Replacing value for Parameter [ppu_decimal_point] Old Value [4 - 1.3] New Value [2 - 3.1]
10/11/2025-13:33:41.768-0x00005E30-Pump.3-SSFBasePump::setGeneralParameters-[DEBUG]-Setting paramater [pump_side_type] with value [DOBLE]
10/11/2025-13:33:41.791-0x00005E30-Pump.3-SSFBaseConfigParam::setGeneralParameters-[DEBUG]-Replacing value for Parameter [pump_side_type] Old Value [] New Value [DOBLE]
10/11/2025-13:33:41.812-0x00005E30-Pump.3-SSFBasePump::setGeneralParameters-[DEBUG]-Setting paramater [min_vol_sale] with value [0.100]
10/11/2025-13:33:41.841-0x00005E30-Pump.3-SSFBasePump::setGeneralParameters-[DEBUG]-Setting paramater [hoses_qty] with value [3]
10/11/2025-13:33:41.857-0x00005E30-Pump.3-SSFBaseConfigParam::setGeneralParameters-[DEBUG]-Replacing value for Parameter [hoses_qty] Old Value [] New Value [3]
10/11/2025-13:33:41.887-0x00005E30-Pump.3-SSFHose::setGeneralParameters-[DEBUG]-Name [grade] - Value [GASOLINA PREMIUM]
10/11/2025-13:33:41.903-0x00005E30-Pump.3-SSFHose::setGeneralParameters-[DEBUG]-Name [logical_id] - Value [1]
10/11/2025-13:33:41.919-0x00005E30-Pump.3-SSFHose::setGeneralParameters-[DEBUG]-Name [real_id] - Value [0]
10/11/2025-13:33:41.934-0x00005E30-Pump.3-SSFHose::setGeneralParameters-[DEBUG]-Name [suction_high] - Value []
10/11/2025-13:33:41.945-0x00005E30-Pump.3-SSFHose::setGeneralParameters-[DEBUG]-Name [suction_low] - Value []
10/11/2025-13:33:41.977-0x00005E30-Pump.3-SSFHose::setGeneralParameters-[DEBUG]-Name [grade] - Value [GASOLINA REGULAR]
10/11/2025-13:33:41.986-0x00005E30-Pump.3-SSFHose::setGeneralParameters-[DEBUG]-Name [logical_id] - Value [2]
10/11/2025-13:33:42.007-0x00005E30-Pump.3-SSFHose::setGeneralParameters-[DEBUG]-Name [real_id] - Value [1]
10/11/2025-13:33:42.017-0x00005E30-Pump.3-SSFHose::setGeneralParameters-[DEBUG]-Name [suction_high] - Value []
10/11/2025-13:33:42.030-0x00005E30-Pump.3-SSFHose::setGeneralParameters-[DEBUG]-Name [suction_low] - Value []
10/11/2025-13:33:42.066-0x00005E30-Pump.3-SSFHose::setGeneralParameters-[DEBUG]-Name [logical_id] - Value [3]
10/11/2025-13:33:42.079-0x00005E30-Pump.3-SSFHose::setGeneralParameters-[DEBUG]-Name [grade] - Value [GASOIL REGULAR]
10/11/2025-13:33:42.094-0x00005E30-Pump.3-SSFHose::setGeneralParameters-[DEBUG]-Name [suction_high] - Value []
10/11/2025-13:33:42.110-0x00005E30-Pump.3-SSFHose::setGeneralParameters-[DEBUG]-Name [suction_low] - Value []
10/11/2025-13:33:42.134-0x00005E30-Pump.3-SSFHose::setGeneralParameters-[DEBUG]-Name [real_id] - Value [2]
10/11/2025-13:33:42.161-0x00005E30-Pump.3-SSFBasePump::setGeneralParameters-[DEBUG]-Setting paramater [max_vol_sale] with value [40000.00]
10/11/2025-13:33:42.182-0x00005E30-Pump.3-SSFBasePump::setGeneralParameters-[DEBUG]-Setting paramater [loop_manager] with value [LOOP1]
10/11/2025-13:33:42.193-0x00005E30-Pump.3-SSFBaseConfigParam::setGeneralParameters-[DEBUG]-Replacing value for Parameter [loop_manager] Old Value [] New Value [LOOP1]
10/11/2025-13:33:42.221-0x00005E30-Pump.3-SSFBasePump::setGeneralParameters-[DEBUG]-Setting paramater [min_mon_sale] with value [0.000]
10/11/2025-13:33:42.245-0x00005E30-Pump.3-SSFBasePump::setGeneralParameters-[DEBUG]-Setting paramater [max_mon_sale] with value [0.000]
10/11/2025-13:33:42.266-0x00005E30-Pump.3-SSFPumpGilbarco::setGeneralParameters-[DEBUG]-Digit Money Display [6]
10/11/2025-13:33:42.276-0x00005E30-Pump.3-SSFBaseConfigParam::setGeneralParameters-[DEBUG]-Replacing value for Parameter [money_digits_qty] Old Value [1 - 5 Digitos] New Value [2 - 6 Digits]
10/11/2025-13:33:42.302-0x00005E30-Pump.3-SSFBasePump::setGeneralParameters-[DEBUG]-Setting paramater [slot_id] with value [2]
10/11/2025-13:33:42.318-0x00005E30-Pump.3-SSFBaseConfigParam::setGeneralParameters-[DEBUG]-Replacing value for Parameter [slot_id] Old Value [0] New Value [2]
10/11/2025-13:33:42.338-0x00005E30-Pump.3-SSFBasePump::setGeneralParameters-[DEBUG]-Setting paramater [max_pump_error_counter] with value [6]
10/11/2025-13:33:42.359-0x00005E30-Pump.3-SSFBasePump::setGeneralParameters-[DEBUG]-Setting paramater [fill_up_fuel_tank_preset_type] with value [VOLUME]
10/11/2025-13:33:42.381-0x00005E30-Pump.3-SSFBasePump::setGeneralParameters-[DEBUG]-Setting paramater [fill_up_fuel_tank_preset_value] with value [999.000]
10/11/2025-13:33:42.401-0x00005E30-Pump.3-SSFBasePump::setGeneralParameters-[DEBUG]-Setting paramater [totalizer_update_time] with value [0]
10/11/2025-13:33:42.427-0x00005E30-Pump.3-SSFBasePump::setGeneralParameters-[DEBUG]-Setting paramater [pump_baud_rate] with value [5760]
10/11/2025-13:33:42.432-0x00005E30-Pump.3-SSFPumpGilbarco::setGeneralParameters-[DEBUG]-Seteando la configuracion del surtidor en [5760]
10/11/2025-13:33:42.463-0x00005E30-Pump.3-SSFBasePump::setGeneralParameters-[DEBUG]-Setting paramater [max_rtm_error_counter] with value [3]
10/11/2025-13:33:42.484-0x00005E30-Pump.3-SSFBasePump::setGeneralParameters-[DEBUG]-Setting paramater [ID] with value [3]
10/11/2025-13:33:42.504-0x00005E30-Pump.3-SSFBasePump::checkForConfiguration-[DEBUG]-Checking Data
10/11/2025-13:33:42.519-0x00005E30-Pump.3-SSFBasePump::checkForConfiguration-[DEBUG]-Data OK
10/11/2025-13:33:42.529-0x00005E30-Pump.3-SSFPumpGilbarco::checkForConfiguration-[DEBUG]-Forcing InterbyteWriteInterval to [0]
10/11/2025-13:33:42.546-0x00005E30-Pump.3-SSFPumpGilbarco::checkForConfiguration-[DEBUG]-Forcing ReadTimeout to [500]
10/11/2025-13:33:42.556-0x00005E30-Pump.3-SSFPumpGilbarco::checkForConfiguration-[DEBUG]-Forcing ReadInterbyteTimeout to [500]
