17/07/2009-20:32:37.281-0x00000DF0-Pump.2-SSFBasePump::setGeneralParameters-[DEBUG]-Setting paramater [ID] with value [2]
17/07/2009-20:32:37.281-0x00000DF0-Pump.2-SSFBaseConfigParam::setGeneralParameters-[DEBUG]-Replacing value for Parameter [ID] Old Value [] New Value [2]
17/07/2009-20:32:37.296-0x00000DF0-Pump.2-SSFBasePump::setGeneralParameters-[DEBUG]-Setting paramater [implementation] with value [Wayne]
17/07/2009-20:32:37.296-0x00000DF0-Pump.2-SSFBaseConfigParam::setGeneralParameters-[DEBUG]-Replacing value for Parameter [implementation] Old Value [] New Value [Wayne]
17/07/2009-20:32:37.296-0x00000DF0-Pump.2-SSFBasePump::setGeneralParameters-[DEBUG]-Setting paramater [ID] with value [2]
17/07/2009-20:32:37.296-0x00000DF0-Pump.2-SSFBasePump::setGeneralParameters-[DEBUG]-Setting paramater [volume_decimal_point] with value [1 - 3.3]
17/07/2009-20:32:37.296-0x00000DF0-Pump.2-SSFBasePump::setGeneralParameters-[DEBUG]-Volume decimal option [3]
17/07/2009-20:32:37.296-0x00000DF0-Pump.2-SSFBasePump::setGeneralParameters-[DEBUG]-Setting paramater [ppu_decimal_point] with value [3 - 2.2]
17/07/2009-20:32:37.296-0x00000DF0-Pump.2-SSFBasePump::setGeneralParameters-[DEBUG]-PPU decimal option [2]
17/07/2009-20:32:37.296-0x00000DF0-Pump.2-SSFBaseConfigParam::setGeneralParameters-[DEBUG]-Replacing value for Parameter [ppu_decimal_point] Old Value [4 - 1.3] New Value [3 - 2.2]
17/07/2009-20:32:37.296-0x00000DF0-Pump.2-SSFBasePump::setGeneralParameters-[DEBUG]-Setting paramater [physical_id] with value [2]
17/07/2009-20:32:37.296-0x00000DF0-Pump.2-SSFBaseConfigParam::setGeneralParameters-[DEBUG]-Replacing value for Parameter [physical_id] Old Value [] New Value [2]
17/07/2009-20:32:37.312-0x00000DF0-Pump.2-SSFBasePump::setGeneralParameters-[DEBUG]-Setting paramater [pump_side_type] with value [DOBLE]
17/07/2009-20:32:37.312-0x00000DF0-Pump.2-SSFBaseConfigParam::setGeneralParameters-[DEBUG]-Replacing value for Parameter [pump_side_type] Old Value [] New Value [DOBLE]
17/07/2009-20:32:37.312-0x00000DF0-Pump.2-SSFBasePump::setGeneralParameters-[DEBUG]-Setting paramater [min_vol_sale] with value [0.100]
17/07/2009-20:32:37.312-0x00000DF0-Pump.2-SSFBasePump::setGeneralParameters-[DEBUG]-Setting paramater [hoses_qty] with value [3]
17/07/2009-20:32:37.312-0x00000DF0-Pump.2-SSFBaseConfigParam::setGeneralParameters-[DEBUG]-Replacing value for Parameter [hoses_qty] Old Value [] New Value [3]
17/07/2009-20:32:37.312-0x00000DF0-Pump.2-SSFHose::setGeneralParameters-[DEBUG]-Name [suction_low] - Value []
17/07/2009-20:32:37.312-0x00000DF0-Pump.2-SSFHose::setHighTankSuction-[DEBUG]-Setting High tank suction [T1]
17/07/2009-20:32:37.312-0x00000DF0-Pump.2-SSFHose::setGeneralParameters-[DEBUG]-Name [suction_high] - Value [T1]
17/07/2009-20:32:37.312-0x00000DF0-Pump.2-SSFHose::setGeneralParameters-[DEBUG]-Name [grade] - Value [PREMIUM]
17/07/2009-20:32:37.312-0x00000DF0-Pump.2-SSFHose::setGeneralParameters-[DEBUG]-Name [real_id] - Value [0]
17/07/2009-20:32:37.312-0x00000DF0-Pump.2-SSFHose::setGeneralParameters-[DEBUG]-Name [logical_id] - Value [1]
17/07/2009-20:32:37.312-0x00000DF0-Pump.2-SSFHose::setGeneralParameters-[DEBUG]-Name [suction_low] - Value []
17/07/2009-20:32:37.312-0x00000DF0-Pump.2-SSFHose::setHighTankSuction-[DEBUG]-Setting High tank suction [T2]
17/07/2009-20:32:37.312-0x00000DF0-Pump.2-SSFHose::setGeneralParameters-[DEBUG]-Name [suction_high] - Value [T2]
17/07/2009-20:32:37.312-0x00000DF0-Pump.2-SSFHose::setGeneralParameters-[DEBUG]-Name [grade] - Value [PLUS]
17/07/2009-20:32:37.312-0x00000DF0-Pump.2-SSFHose::setGeneralParameters-[DEBUG]-Name [real_id] - Value [1]
17/07/2009-20:32:37.312-0x00000DF0-Pump.2-SSFHose::setGeneralParameters-[DEBUG]-Name [logical_id] - Value [2]
17/07/2009-20:32:37.328-0x00000DF0-Pump.2-SSFHose::setGeneralParameters-[DEBUG]-Name [suction_low] - Value []
17/07/2009-20:32:37.328-0x00000DF0-Pump.2-SSFHose::setHighTankSuction-[DEBUG]-Setting High tank suction [T3]
17/07/2009-20:32:37.328-0x00000DF0-Pump.2-SSFHose::setGeneralParameters-[DEBUG]-Name [suction_high] - Value [T3]
17/07/2009-20:32:37.328-0x00000DF0-Pump.2-SSFHose::setGeneralParameters-[DEBUG]-Name [grade] - Value [DIESEL]
17/07/2009-20:32:37.328-0x00000DF0-Pump.2-SSFHose::setGeneralParameters-[DEBUG]-Name [real_id] - Value [2]
17/07/2009-20:32:37.328-0x00000DF0-Pump.2-SSFHose::setGeneralParameters-[DEBUG]-Name [logical_id] - Value [3]
17/07/2009-20:32:37.328-0x00000DF0-Pump.2-SSFBasePump::setGeneralParameters-[DEBUG]-Setting paramater [max_vol_sale] with value [40000.00]
17/07/2009-20:32:37.328-0x00000DF0-Pump.2-SSFBasePump::setGeneralParameters-[DEBUG]-Setting paramater [min_mon_sale] with value [0.000]
17/07/2009-20:32:37.328-0x00000DF0-Pump.2-SSFBasePump::setGeneralParameters-[DEBUG]-Setting paramater [loop_manager] with value [LOOP1]
17/07/2009-20:32:37.328-0x00000DF0-Pump.2-SSFBaseConfigParam::setGeneralParameters-[DEBUG]-Replacing value for Parameter [loop_manager] Old Value [] New Value [LOOP1]
17/07/2009-20:32:37.328-0x00000DF0-Pump.2-SSFBasePump::setGeneralParameters-[DEBUG]-Setting paramater [max_mon_sale] with value [0.000]
17/07/2009-20:32:37.328-0x00000DF0-Pump.2-SSFBasePump::setGeneralParameters-[DEBUG]-Setting paramater [max_pump_error_counter] with value [6]
17/07/2009-20:32:37.328-0x00000DF0-Pump.2-SSFBasePump::setGeneralParameters-[DEBUG]-Setting paramater [fill_up_fuel_tank_preset_type] with value [VOLUME]
17/07/2009-20:32:37.328-0x00000DF0-Pump.2-SSFBasePump::setGeneralParameters-[DEBUG]-Setting paramater [fill_up_fuel_tank_preset_value] with value [999.000]
17/07/2009-20:32:37.328-0x00000DF0-Pump.2-SSFBasePump::setGeneralParameters-[DEBUG]-Setting paramater [totalizer_update_time] with value [0]
17/07/2009-20:32:37.343-0x00000DF0-Pump.2-SSFBasePump::setGeneralParameters-[DEBUG]-Setting paramater [slot_id] with value [1]
17/07/2009-20:32:37.343-0x00000DF0-Pump.2-SSFBaseConfigParam::setGeneralParameters-[DEBUG]-Replacing value for Parameter [slot_id] Old Value [0] New Value [1]
17/07/2009-20:32:37.343-0x00000DF0-Pump.2-SSFBaseConfigParam::setGeneralParameters-[DEBUG]-Replacing value for Parameter [slow_down] Old Value [0] New Value [0.092]
17/07/2009-20:32:37.343-0x00000DF0-Pump.2-SSFBasePump::setGeneralParameters-[DEBUG]-Setting paramater [money_decimal_point] with value [2 - X.1]
17/07/2009-20:32:37.343-0x00000DF0-Pump.2-SSFBasePump::setGeneralParameters-[DEBUG]-Money decimal option [1]
17/07/2009-20:32:37.343-0x00000DF0-Pump.2-SSFBaseConfigParam::setGeneralParameters-[DEBUG]-Replacing value for Parameter [money_decimal_point] Old Value [3 - X.2] New Value [2 - X.1]
17/07/2009-20:32:37.343-0x00000DF0-Pump.2-SSFBasePump::checkForConfiguration-[DEBUG]-Checking Data
17/07/2009-20:32:37.343-0x00000DF0-Pump.2-SSFBasePump::checkForConfiguration-[DEBUG]-Data OK
17/07/2009-20:34:00.296-0x00000DF0-Pump.2-SSFBasePump::initial-[DEBUG]-PUMPID[02] - Binding attributes
17/07/2009-20:34:00.328-0x00000DF0-Pump.2-SSFPumpSale::initDB-[DEBUG]-Table Opened OK
17/07/2009-20:34:00.328-0x00000DF0-Pump.2-SSFPumpSale::loadLastSale-[DEBUG]-Last Sale loaded for pump 2
17/07/2009-20:34:00.328-0x00000DF0-Pump.2-SSFPumpSale::loadLastSale-[DEBUG]-Last Sale Sale Id [501889]
17/07/2009-20:34:00.328-0x00000DF0-Pump.2-SSFDBBaseDataMngr::addDataBinding(bool)-[DEBUG]-Data isStopped binded
17/07/2009-20:34:00.328-0x00000DF0-Pump.2-SSFDBBaseDataMngr::addDataBinding(bool)-[DEBUG]-Data isOpened binded
17/07/2009-20:34:00.343-0x00000DF0-Pump.2-SSFDBDeviceData::initData-[DEBUG]-Table Opened OK
17/07/2009-20:34:00.343-0x00000DF0-Pump.2-SSFDBDeviceData::readFromDB-[DEBUG]-reading from DB with clause [device_id = '2' AND subdevice_Id = '' AND attr_name = 'PumpKey']
17/07/2009-20:34:00.359-0x00000DF0-Pump.2-SSFDBDeviceData::readFromDB-[DEBUG]-read OK - Value=Wayne0203
17/07/2009-20:34:00.359-0x00000DF0-Pump.2-SSFDBDeviceData::readFromDB-[DEBUG]-reading from DB with clause [device_id = '2' AND subdevice_Id = '' AND attr_name = 'PumpPriceLevel']
17/07/2009-20:34:00.359-0x00000DF0-Pump.2-SSFDBDeviceData::readFromDB-[DEBUG]-read OK - Value=2
17/07/2009-20:34:00.359-0x00000DF0-Pump.2-SSFDBDeviceData::readFromDB-[DEBUG]-reading from DB with clause [device_id = '2' AND subdevice_Id = '' AND attr_name = 'isOpened']
17/07/2009-20:34:00.359-0x00000DF0-Pump.2-SSFDBDeviceData::readFromDB-[DEBUG]-read OK - Value=1
17/07/2009-20:34:00.359-0x00000DF0-Pump.2-SSFDBDeviceData::readFromDB-[DEBUG]-reading from DB with clause [device_id = '2' AND subdevice_Id = '' AND attr_name = 'isStopped']
17/07/2009-20:34:00.359-0x00000DF0-Pump.2-SSFDBDeviceData::readFromDB-[DEBUG]-read OK - Value=0
17/07/2009-20:34:00.359-0x00000DF0-Pump.2-SSFBasePump::initial-[DEBUG]-Pump 02 - Launching Message Router Client
17/07/2009-20:34:00.359-0x00000DF0-Pump.2-SSFMessageRouterClient::initial-[DEBUG]-Setting the IP connection address to localhost
17/07/2009-20:34:00.375-0x00000DF0-Pump.2-SSFMessageRouterClient::setRemoteAddress-[DEBUG]-Remote Address setted 
17/07/2009-20:34:00.375-0x00000DF0-Pump.2-SSFPumpStatus::setPumpStatus-[DEBUG]-Request to change pump status from [00][CLOSED] to [01][ERROR]
17/07/2009-20:34:00.390-0x00000DF0-Pump.2-SSFDBDeviceData::initData-[DEBUG]-Table Opened OK
17/07/2009-20:34:00.390-0x00000DF0-Pump.2-SSFDBDeviceData::readFromDB-[DEBUG]-reading from DB with clause [device_id = '2' AND subdevice_Id = '1' AND attr_name = 'MoneyTotalizer']
17/07/2009-20:34:00.390-0x00000DF0-Pump.2-SSFDBDeviceData::readFromDB-[DEBUG]-read OK - Value=9383492.500000
17/07/2009-20:34:00.390-0x00000DF0-Pump.2-SSFDBDeviceData::readFromDB-[DEBUG]-reading from DB with clause [device_id = '2' AND subdevice_Id = '1' AND attr_name = 'VolumeTotalizer']
17/07/2009-20:34:00.406-0x00000DF0-Pump.2-SSFDBDeviceData::readFromDB-[DEBUG]-read OK - Value=469487.350000
17/07/2009-20:34:00.406-0x00000DF0-Pump.2-SSFHose::ifBlendedHose-[DEBUG]-This hose is not blended
17/07/2009-20:34:00.421-0x00000DF0-Pump.2-SSFDBDeviceData::initData-[DEBUG]-Table Opened OK
17/07/2009-20:34:00.421-0x00000DF0-Pump.2-SSFDBDeviceData::readFromDB-[DEBUG]-reading from DB with clause [device_id = '2' AND subdevice_Id = '2' AND attr_name = 'MoneyTotalizer']
17/07/2009-20:34:00.421-0x00000DF0-Pump.2-SSFDBDeviceData::readFromDB-[DEBUG]-read OK - Value=5241490.300000
17/07/2009-20:34:00.421-0x00000DF0-Pump.2-SSFDBDeviceData::readFromDB-[DEBUG]-reading from DB with clause [device_id = '2' AND subdevice_Id = '2' AND attr_name = 'VolumeTotalizer']
17/07/2009-20:34:00.437-0x00000DF0-Pump.2-SSFDBDeviceData::readFromDB-[DEBUG]-read OK - Value=225542.300000
17/07/2009-20:34:00.437-0x00000DF0-Pump.2-SSFHose::ifBlendedHose-[DEBUG]-This hose is not blended
17/07/2009-20:34:00.437-0x00000DF0-Pump.2-SSFDBDeviceData::initData-[DEBUG]-Table Opened OK
17/07/2009-20:34:00.437-0x00000DF0-Pump.2-SSFDBDeviceData::readFromDB-[DEBUG]-reading from DB with clause [device_id = '2' AND subdevice_Id = '3' AND attr_name = 'MoneyTotalizer']
17/07/2009-20:34:00.453-0x000010A0-Pump.2-SSFMessageRouterClient::connectToServer-[DEBUG]-Trying to connect to Message Router Server
17/07/2009-20:34:00.515-0x000010A0-Pump.2-SSFMessageRouterClient::connectToServer-[DEBUG]-<1142> Connected to server
17/07/2009-20:34:00.531-0x000010A0-Pump.2-SSFMessageRouterClient::processRouterMessageOut-[DEBUG]-<1142> [SUBSCRIBE] to be pushed [EVT_EXIT_CLIENT_CONNECTION] Msg Len [51] 
17/07/2009-20:34:00.609-0x000010A0-Pump.2-SSFMessageRouterClient::processRouterMessageOut-[DEBUG]-<1142> Event sent to socket
17/07/2009-20:34:00.609-0x000010A0-Pump.2-SSFMessageRouterClient::processRouterMessageOut-[DEBUG]-<1142> [SUBSCRIBE] to be pushed [REQ_PUMP_AUTHORIZE_CALLING] Msg Len [93] 
17/07/2009-20:34:00.609-0x000010A0-Pump.2-SSFMessageRouterClient::processRouterMessageOut-[DEBUG]-<1142> Event sent to socket
17/07/2009-20:34:00.609-0x000010A0-Pump.2-SSFMessageRouterClient::processRouterMessageOut-[DEBUG]-<1142> [SUBSCRIBE] to be pushed [REQ_PUMP_AUTH_ID_000] Msg Len [72] 
17/07/2009-20:34:00.609-0x000010A0-Pump.2-SSFMessageRouterClient::processRouterMessageOut-[DEBUG]-<1142> Event sent to socket
17/07/2009-20:34:00.609-0x000010A0-Pump.2-SSFMessageRouterClient::processRouterMessageOut-[DEBUG]-<1142> [SUBSCRIBE] to be pushed [REQ_PUMP_AUTH_ID_002] Msg Len [45] 
17/07/2009-20:34:00.609-0x000010A0-Pump.2-SSFMessageRouterClient::processRouterMessageOut-[DEBUG]-<1142> Event sent to socket
17/07/2009-20:34:00.609-0x000010A0-Pump.2-SSFMessageRouterClient::processRouterMessageOut-[DEBUG]-<1142> [SUBSCRIBE] to be pushed [REQ_PUMP_BOGUS_AUTOMATIC_ID_002] Msg Len [56] 
17/07/2009-20:34:00.609-0x000010A0-Pump.2-SSFMessageRouterClient::processRouterMessageOut-[DEBUG]-<1142> Event sent to socket
17/07/2009-20:34:00.609-0x000010A0-Pump.2-SSFMessageRouterClient::processRouterMessageOut-[DEBUG]-<1142> [SUBSCRIBE] to be pushed [REQ_PUMP_BOGUS_CONNECT_ID_002] Msg Len [54] 
17/07/2009-20:34:00.625-0x000010A0-Pump.2-SSFMessageRouterClient::processRouterMessageOut-[DEBUG]-<1142> Event sent to socket
17/07/2009-20:34:00.625-0x000010A0-Pump.2-SSFMessageRouterClient::processRouterMessageOut-[DEBUG]-<1142> [SUBSCRIBE] to be pushed [REQ_PUMP_BOGUS_DISCONNECT_ID_002] Msg Len [57] 
17/07/2009-20:34:00.625-0x000010A0-Pump.2-SSFMessageRouterClient::processRouterMessageOut-[DEBUG]-<1142> Event sent to socket
17/07/2009-20:34:00.625-0x000010A0-Pump.2-SSFMessageRouterClient::processRouterMessageOut-[DEBUG]-<1142> [SUBSCRIBE] to be pushed [REQ_PUMP_BOGUS_HANDLE_ID_002] Msg Len [53] 
17/07/2009-20:34:00.625-0x000010A0-Pump.2-SSFMessageRouterClient::processRouterMessageOut-[DEBUG]-<1142> Event sent to socket
17/07/2009-20:34:00.625-0x000010A0-Pump.2-SSFMessageRouterClient::processRouterMessageOut-[DEBUG]-<1142> [SUBSCRIBE] to be pushed [REQ_PUMP_BOGUS_VALVE_ID_002] Msg Len [52] 
17/07/2009-20:34:00.625-0x000010A0-Pump.2-SSFMessageRouterClient::processRouterMessageOut-[DEBUG]-<1142> Event sent to socket
17/07/2009-20:34:00.625-0x000010A0-Pump.2-SSFMessageRouterClient::processRouterMessageOut-[DEBUG]-<1142> [SUBSCRIBE] to be pushed [REQ_PUMP_CAPABILITIES_ID_000] Msg Len [53] 
17/07/2009-20:34:00.625-0x000010A0-Pump.2-SSFMessageRouterClient::processRouterMessageOut-[DEBUG]-<1142> Event sent to socket
17/07/2009-20:34:00.640-0x000010A0-Pump.2-SSFMessageRouterClient::processRouterMessageOut-[DEBUG]-<1142> [SUBSCRIBE] to be pushed [REQ_PUMP_CAPABILITIES_ID_002] Msg Len [53] 
17/07/2009-20:34:00.640-0x000010A0-Pump.2-SSFMessageRouterClient::processRouterMessageOut-[DEBUG]-<1142> Event sent to socket
17/07/2009-20:34:00.640-0x000010A0-Pump.2-SSFMessageRouterClient::processRouterMessageOut-[DEBUG]-<1142> [SUBSCRIBE] to be pushed [REQ_PUMP_CLEAR_ERROR_MSG_ID_000] Msg Len [56] 
17/07/2009-20:34:00.640-0x000010A0-Pump.2-SSFMessageRouterClient::processRouterMessageOut-[DEBUG]-<1142> Event sent to socket
17/07/2009-20:34:00.640-0x000010A0-Pump.2-SSFMessageRouterClient::processRouterMessageOut-[DEBUG]-<1142> [SUBSCRIBE] to be pushed [REQ_PUMP_CLEAR_ERROR_MSG_ID_002] Msg Len [56] 
17/07/2009-20:34:00.640-0x000010A0-Pump.2-SSFMessageRouterClient::processRouterMessageOut-[DEBUG]-<1142> Event sent to socket
17/07/2009-20:34:00.640-0x000010A0-Pump.2-SSFMessageRouterClient::processRouterMessageOut-[DEBUG]-<1142> [SUBSCRIBE] to be pushed [REQ_PUMP_CLEAR_PRESET_ID_002] Msg Len [83] 
17/07/2009-20:34:00.640-0x000010A0-Pump.2-SSFMessageRouterClient::processRouterMessageOut-[DEBUG]-<1142> Event sent to socket
17/07/2009-20:34:00.640-0x000010A0-Pump.2-SSFMessageRouterClient::processRouterMessageOut-[DEBUG]-<1142> [SUBSCRIBE] to be pushed [REQ_PUMP_CLEAR_STOP_ID_000] Msg Len [78] 
17/07/2009-20:34:00.656-0x000010A0-Pump.2-SSFMessageRouterClient::processRouterMessageOut-[DEBUG]-<1142> Event sent to socket
17/07/2009-20:34:00.656-0x000010A0-Pump.2-SSFMessageRouterClient::processRouterMessageOut-[DEBUG]-<1142> [SUBSCRIBE] to be pushed [REQ_PUMP_CLEAR_STOP_ID_002] Msg Len [51] 
17/07/2009-20:34:00.656-0x000010A0-Pump.2-SSFMessageRouterClient::processRouterMessageOut-[DEBUG]-<1142> Event sent to socket
17/07/2009-20:34:00.656-0x000010A0-Pump.2-SSFMessageRouterClient::processRouterMessageOut-[DEBUG]-<1142> [SUBSCRIBE] to be pushed [REQ_PUMP_CLOSE_ID_000] Msg Len [108] 
17/07/2009-20:34:00.656-0x000010A0-Pump.2-SSFMessageRouterClient::processRouterMessageOut-[DEBUG]-<1142> Event sent to socket
17/07/2009-20:34:00.656-0x000010A0-Pump.2-SSFMessageRouterClient::processRouterMessageOut-[DEBUG]-<1142> [SUBSCRIBE] to be pushed [REQ_PUMP_CLOSE_ID_002] Msg Len [46] 
17/07/2009-20:34:00.656-0x000010A0-Pump.2-SSFMessageRouterClient::processRouterMessageOut-[DEBUG]-<1142> Event sent to socket
17/07/2009-20:34:00.656-0x000010A0-Pump.2-SSFMessageRouterClient::processRouterMessageOut-[DEBUG]-<1142> [SUBSCRIBE] to be pushed [REQ_PUMP_DEAUTH_ID_000] Msg Len [76] 
17/07/2009-20:34:00.656-0x000010A0-Pump.2-SSFMessageRouterClient::processRouterMessageOut-[DEBUG]-<1142> Event sent to socket
17/07/2009-20:34:00.656-0x000010A0-Pump.2-SSFMessageRouterClient::processRouterMessageOut-[DEBUG]-<1142> [SUBSCRIBE] to be pushed [REQ_PUMP_DEAUTH_ID_002] Msg Len [47] 
17/07/2009-20:34:00.656-0x000010A0-Pump.2-SSFMessageRouterClient::processRouterMessageOut-[DEBUG]-<1142> Event sent to socket
17/07/2009-20:34:00.656-0x000010A0-Pump.2-SSFMessageRouterClient::processRouterMessageOut-[DEBUG]-<1142> [SUBSCRIBE] to be pushed [REQ_PUMP_DELIVERY_PROGRESS_ID_002] Msg Len [58] 
17/07/2009-20:34:00.671-0x000010A0-Pump.2-SSFMessageRouterClient::processRouterMessageOut-[DEBUG]-<1142> Event sent to socket
17/07/2009-20:34:00.671-0x000010A0-Pump.2-SSFMessageRouterClient::processRouterMessageOut-[DEBUG]-<1142> [SUBSCRIBE] to be pushed [REQ_PUMP_GET_ERROR_MSG_ID_000] Msg Len [54] 
17/07/2009-20:34:00.671-0x000010A0-Pump.2-SSFMessageRouterClient::processRouterMessageOut-[DEBUG]-<1142> Event sent to socket
17/07/2009-20:34:00.671-0x000010A0-Pump.2-SSFMessageRouterClient::processRouterMessageOut-[DEBUG]-<1142> [SUBSCRIBE] to be pushed [REQ_PUMP_GET_ERROR_MSG_ID_002] Msg Len [54] 
17/07/2009-20:34:00.671-0x000010A0-Pump.2-SSFMessageRouterClient::processRouterMessageOut-[DEBUG]-<1142> Event sent to socket
17/07/2009-20:34:00.671-0x000010A0-Pump.2-SSFMessageRouterClient::processRouterMessageOut-[DEBUG]-<1142> [SUBSCRIBE] to be pushed [REQ_PUMP_GET_FIRM_ID_002] Msg Len [49] 
17/07/2009-20:34:00.671-0x000010A0-Pump.2-SSFMessageRouterClient::processRouterMessageOut-[DEBUG]-<1142> Event sent to socket
17/07/2009-20:34:00.671-0x000010A0-Pump.2-SSFMessageRouterClient::processRouterMessageOut-[DEBUG]-<1142> [SUBSCRIBE] to be pushed [REQ_PUMP_GET_INFO_ID_000] Msg Len [49] 
17/07/2009-20:34:00.671-0x000010A0-Pump.2-SSFMessageRouterClient::processRouterMessageOut-[DEBUG]-<1142> Event sent to socket
17/07/2009-20:34:00.671-0x000010A0-Pump.2-SSFMessageRouterClient::processRouterMessageOut-[DEBUG]-<1142> [SUBSCRIBE] to be pushed [REQ_PUMP_GET_INFO_ID_002] Msg Len [49] 
17/07/2009-20:34:00.671-0x000010A0-Pump.2-SSFMessageRouterClient::processRouterMessageOut-[DEBUG]-<1142> Event sent to socket
17/07/2009-20:34:00.671-0x000010A0-Pump.2-SSFMessageRouterClient::processRouterMessageOut-[DEBUG]-<1142> [SUBSCRIBE] to be pushed [REQ_PUMP_GET_LAST_SALE_ID_000] Msg Len [54] 
17/07/2009-20:34:00.671-0x000010A0-Pump.2-SSFMessageRouterClient::processRouterMessageOut-[DEBUG]-<1142> Event sent to socket
17/07/2009-20:34:00.671-0x000010A0-Pump.2-SSFMessageRouterClient::processRouterMessageOut-[DEBUG]-<1142> [SUBSCRIBE] to be pushed [REQ_PUMP_GET_LAST_SALE_ID_002] Msg Len [54] 
17/07/2009-20:34:00.671-0x000010A0-Pump.2-SSFMessageRouterClient::processRouterMessageOut-[DEBUG]-<1142> Event sent to socket
17/07/2009-20:34:00.671-0x000010A0-Pump.2-SSFMessageRouterClient::processRouterMessageOut-[DEBUG]-<1142> [SUBSCRIBE] to be pushed [REQ_PUMP_GET_PRICE_LEVEL_ID_000] Msg Len [56] 
17/07/2009-20:34:00.671-0x000010A0-Pump.2-SSFMessageRouterClient::processRouterMessageOut-[DEBUG]-<1142> Event sent to socket
17/07/2009-20:34:00.671-0x000010A0-Pump.2-SSFMessageRouterClient::processRouterMessageOut-[DEBUG]-<1142> [SUBSCRIBE] to be pushed [REQ_PUMP_GET_PRICE_LEVEL_ID_002] Msg Len [56] 
17/07/2009-20:34:00.687-0x000010A0-Pump.2-SSFMessageRouterClient::processRouterMessageOut-[DEBUG]-<1142> Event sent to socket
17/07/2009-20:34:00.687-0x000010A0-Pump.2-SSFMessageRouterClient::processRouterMessageOut-[DEBUG]-<1142> [SUBSCRIBE] to be pushed [REQ_PUMP_GET_TOTALS_ID_000] Msg Len [51] 
17/07/2009-20:34:00.687-0x000010A0-Pump.2-SSFMessageRouterClient::processRouterMessageOut-[DEBUG]-<1142> Event sent to socket
17/07/2009-20:34:00.687-0x000010A0-Pump.2-SSFMessageRouterClient::processRouterMessageOut-[DEBUG]-<1142> [SUBSCRIBE] to be pushed [REQ_PUMP_GET_TOTALS_ID_002] Msg Len [51] 
17/07/2009-20:34:00.687-0x000010A0-Pump.2-SSFMessageRouterClient::processRouterMessageOut-[DEBUG]-<1142> Event sent to socket
17/07/2009-20:34:00.687-0x000010A0-Pump.2-SSFMessageRouterClient::processRouterMessageOut-[DEBUG]-<1142> [SUBSCRIBE] to be pushed [REQ_PUMP_LOCK_ID_002] Msg Len [45] 
17/07/2009-20:34:00.687-0x000010A0-Pump.2-SSFMessageRouterClient::processRouterMessageOut-[DEBUG]-<1142> Event sent to socket
17/07/2009-20:34:00.687-0x000010A0-Pump.2-SSFMessageRouterClient::processRouterMessageOut-[DEBUG]-<1142> [SUBSCRIBE] to be pushed [REQ_PUMP_OPEN_ID_000] Msg Len [74] 
17/07/2009-20:34:00.687-0x000010A0-Pump.2-SSFMessageRouterClient::processRouterMessageOut-[DEBUG]-<1142> Event sent to socket
17/07/2009-20:34:00.687-0x000010A0-Pump.2-SSFMessageRouterClient::processRouterMessageOut-[DEBUG]-<1142> [SUBSCRIBE] to be pushed [REQ_PUMP_OPEN_ID_002] Msg Len [45] 
17/07/2009-20:34:00.687-0x000010A0-Pump.2-SSFMessageRouterClient::processRouterMessageOut-[DEBUG]-<1142> Event sent to socket
17/07/2009-20:34:00.687-0x000010A0-Pump.2-SSFMessageRouterClient::processRouterMessageOut-[DEBUG]-<1142> [SUBSCRIBE] to be pushed [REQ_PUMP_PAUSE_ID_000] Msg Len [89] 
17/07/2009-20:34:00.687-0x000010A0-Pump.2-SSFMessageRouterClient::processRouterMessageOut-[DEBUG]-<1142> Event sent to socket
17/07/2009-20:34:00.687-0x000010A0-Pump.2-SSFMessageRouterClient::processRouterMessageOut-[DEBUG]-<1142> [SUBSCRIBE] to be pushed [REQ_PUMP_PAUSE_ID_002] Msg Len [46] 
17/07/2009-20:34:00.687-0x000010A0-Pump.2-SSFMessageRouterClient::processRouterMessageOut-[DEBUG]-<1142> Event sent to socket
17/07/2009-20:34:00.687-0x000010A0-Pump.2-SSFMessageRouterClient::processRouterMessageOut-[DEBUG]-<1142> [SUBSCRIBE] to be pushed [REQ_PUMP_PRESET_ID_002] Msg Len [71] 
17/07/2009-20:34:00.687-0x000010A0-Pump.2-SSFMessageRouterClient::processRouterMessageOut-[DEBUG]-<1142> Event sent to socket
17/07/2009-20:34:00.703-0x000010A0-Pump.2-SSFMessageRouterClient::processRouterMessageOut-[DEBUG]-<1142> [SUBSCRIBE] to be pushed [REQ_PUMP_REAUTH_ID_000] Msg Len [101] 
17/07/2009-20:34:00.703-0x000010A0-Pump.2-SSFMessageRouterClient::processRouterMessageOut-[DEBUG]-<1142> Event sent to socket
17/07/2009-20:34:00.703-0x000010A0-Pump.2-SSFMessageRouterClient::processRouterMessageOut-[DEBUG]-<1142> [SUBSCRIBE] to be pushed [REQ_PUMP_REAUTH_ID_002] Msg Len [47] 
17/07/2009-20:34:00.703-0x000010A0-Pump.2-SSFMessageRouterClient::processRouterMessageOut-[DEBUG]-<1142> Event sent to socket
17/07/2009-20:34:00.703-0x000010A0-Pump.2-SSFMessageRouterClient::processRouterMessageOut-[DEBUG]-<1142> [SUBSCRIBE] to be pushed [REQ_PUMP_SET_PRICE_LEVEL_ID_000] Msg Len [56] 
17/07/2009-20:34:00.703-0x000010A0-Pump.2-SSFMessageRouterClient::processRouterMessageOut-[DEBUG]-<1142> Event sent to socket
17/07/2009-20:34:00.703-0x000010A0-Pump.2-SSFMessageRouterClient::processRouterMessageOut-[DEBUG]-<1142> [SUBSCRIBE] to be pushed [REQ_PUMP_SET_PRICE_LEVEL_ID_002] Msg Len [99] 
17/07/2009-20:34:00.703-0x000010A0-Pump.2-SSFMessageRouterClient::processRouterMessageOut-[DEBUG]-<1142> Event sent to socket
17/07/2009-20:34:00.703-0x000010A0-Pump.2-SSFMessageRouterClient::processRouterMessageOut-[DEBUG]-<1142> [SUBSCRIBE] to be pushed [REQ_PUMP_STATUS_ID_000] Msg Len [47] 
17/07/2009-20:34:00.703-0x000010A0-Pump.2-SSFMessageRouterClient::processRouterMessageOut-[DEBUG]-<1142> Event sent to socket
17/07/2009-20:34:00.703-0x000010A0-Pump.2-SSFMessageRouterClient::processRouterMessageOut-[DEBUG]-<1142> [SUBSCRIBE] to be pushed [REQ_PUMP_STATUS_ID_002] Msg Len [47] 
17/07/2009-20:34:00.703-0x000010A0-Pump.2-SSFMessageRouterClient::processRouterMessageOut-[DEBUG]-<1142> Event sent to socket
17/07/2009-20:34:00.703-0x000010A0-Pump.2-SSFMessageRouterClient::processRouterMessageOut-[DEBUG]-<1142> [SUBSCRIBE] to be pushed [REQ_PUMP_STOP_ID_000] Msg Len [111] 
17/07/2009-20:34:00.703-0x000010A0-Pump.2-SSFMessageRouterClient::processRouterMessageOut-[DEBUG]-<1142> Event sent to socket
17/07/2009-20:34:00.703-0x000010A0-Pump.2-SSFMessageRouterClient::processRouterMessageOut-[DEBUG]-<1142> [SUBSCRIBE] to be pushed [REQ_PUMP_STOP_ID_002] Msg Len [45] 
17/07/2009-20:34:00.703-0x000010A0-Pump.2-SSFMessageRouterClient::processRouterMessageOut-[DEBUG]-<1142> Event sent to socket
17/07/2009-20:34:00.703-0x000010A0-Pump.2-SSFMessageRouterClient::processRouterMessageOut-[DEBUG]-<1142> [SUBSCRIBE] to be pushed [REQ_PUMP_UNLOCK_ID_002] Msg Len [47] 
17/07/2009-20:34:00.703-0x000010A0-Pump.2-SSFMessageRouterClient::processRouterMessageOut-[DEBUG]-<1142> Event sent to socket
17/07/2009-20:34:00.765-0x00000DF0-Pump.2-SSFDBDeviceData::readFromDB-[DEBUG]-read OK - Value=9967647.100000
17/07/2009-20:34:00.765-0x00000DF0-Pump.2-SSFDBDeviceData::readFromDB-[DEBUG]-reading from DB with clause [device_id = '2' AND subdevice_Id = '3' AND attr_name = 'VolumeTotalizer']
17/07/2009-20:34:00.890-0x00000DF0-Pump.2-SSFDBDeviceData::readFromDB-[DEBUG]-read OK - Value=424978.010000
17/07/2009-20:34:00.890-0x00000DF0-Pump.2-SSFHose::ifBlendedHose-[DEBUG]-This hose is not blended
17/07/2009-20:34:00.921-0x000010A0-Pump.2-SSFMessageRouterClient::processRouterMessageOut-[DEBUG]-<1142> [SUBSCRIBE] to be pushed [REQ_PUMP_HOSE_LEARN_MODE_ID_002] Msg Len [56] 
17/07/2009-20:34:00.921-0x000010A0-Pump.2-SSFMessageRouterClient::processRouterMessageOut-[DEBUG]-<1142> Event sent to socket
17/07/2009-20:34:00.921-0x000010A0-Pump.2-SSFMessageRouterClient::processRouterMessageOut-[DEBUG]-<1142> [SUBSCRIBE] to be pushed [REQ_PUMP_HOSE_LEARN_MODE_ID_000] Msg Len [56] 
17/07/2009-20:34:00.921-0x000010A0-Pump.2-SSFMessageRouterClient::processRouterMessageOut-[DEBUG]-<1142> Event sent to socket
17/07/2009-20:34:03.640-0x000010A0-Pump.2-SSFMessageRouterClient::Entry-[DEBUG]-<1142> Message [00051|3|2|SSF|POST|REQ_PUMP_STATUS_ID_000||127.0.0.1:1058|^]
17/07/2009-20:34:04.265-0x000010A0-Pump.2-SSFPumpMsgRouterClient::processEvent-[DEBUG]-Processing Event [REQ_PUMP_STATUS_ID_000]
17/07/2009-20:34:04.265-0x000010A0-Pump.2-SSFBasePump::getEventProcMethodPtr-[DEBUG]-Processing Event [REQ_PUMP_STATUS_ID_000]
17/07/2009-20:34:05.406-0x000010A0-Pump.2-SSFMessageRouterClient::processRouterMessageOut-[DEBUG]-<1142> [POST] to be pushed [EVT_PUMP_STATUS_CHANGE_ID_002] Msg Len [76] 
17/07/2009-20:34:05.406-0x000010A0-Pump.2-SSFMessageRouterClient::processRouterMessageOut-[DEBUG]-<1142> Event sent to socket
17/07/2009-20:34:05.937-0x000010A0-Pump.2-SSFMessageRouterClient::Entry-[DEBUG]-<1142> Message [00060|3|2|SSF|POST|REQ_PUMP_GET_PRICE_LEVEL_ID_002||127.0.0.1:1058|^]
17/07/2009-20:34:05.937-0x000010A0-Pump.2-SSFPumpMsgRouterClient::processEvent-[DEBUG]-Processing Event [REQ_PUMP_GET_PRICE_LEVEL_ID_002]
17/07/2009-20:34:05.937-0x000010A0-Pump.2-SSFBasePump::getEventProcMethodPtr-[DEBUG]-Processing Event [REQ_PUMP_GET_PRICE_LEVEL_ID_002]
17/07/2009-20:34:05.937-0x000010A0-Pump.2-SSFMessageRouterClient::processRouterMessageOut-[DEBUG]-<1142> [POST] to be pushed [EVT_PUMP_PRICE_LEVEL_ID_002] Msg Len [66] 
17/07/2009-20:34:05.953-0x000010A0-Pump.2-SSFMessageRouterClient::processRouterMessageOut-[DEBUG]-<1142> Event sent to socket
17/07/2009-20:34:14.000-0x000010E0-Pump.2-SSFPumpWayne::sendCommand-[DEBUG]-PUMP 2 RESPONSE TIMEOUT
17/07/2009-20:34:14.000-0x000010E0-Pump.2-SSFBasePump::executeDefaultAction-[DEBUG]-Sending Pump Status Change event
17/07/2009-20:34:14.031-0x000010A0-Pump.2-SSFMessageRouterClient::processRouterMessageOut-[DEBUG]-<1142> [POST] to be pushed [EVT_PUMP_STATUS_CHANGE_ID_002] Msg Len [62] 
17/07/2009-20:34:14.031-0x000010A0-Pump.2-SSFMessageRouterClient::processRouterMessageOut-[DEBUG]-<1142> Event sent to socket
17/07/2009-20:34:42.000-0x000010E0-Pump.2-SSFPumpWayne::sendCommand-[DEBUG]-PUMP 2 RESPONSE TIMEOUT
17/07/2009-20:35:10.000-0x000010E0-Pump.2-SSFPumpWayne::sendCommand-[DEBUG]-PUMP 2 RESPONSE TIMEOUT
17/07/2009-20:35:38.000-0x000010E0-Pump.2-SSFPumpWayne::sendCommand-[DEBUG]-PUMP 2 RESPONSE TIMEOUT
17/07/2009-20:36:06.000-0x000010E0-Pump.2-SSFPumpWayne::sendCommand-[DEBUG]-PUMP 2 RESPONSE TIMEOUT
17/07/2009-20:36:34.000-0x000010E0-Pump.2-SSFPumpWayne::sendCommand-[DEBUG]-PUMP 2 RESPONSE TIMEOUT
17/07/2009-20:37:02.000-0x000010E0-Pump.2-SSFPumpWayne::sendCommand-[DEBUG]-PUMP 2 RESPONSE TIMEOUT
17/07/2009-20:37:30.000-0x000010E0-Pump.2-SSFPumpWayne::sendCommand-[DEBUG]-PUMP 2 RESPONSE TIMEOUT
17/07/2009-20:37:58.000-0x000010E0-Pump.2-SSFPumpWayne::sendCommand-[DEBUG]-PUMP 2 RESPONSE TIMEOUT
17/07/2009-20:38:26.000-0x000010E0-Pump.2-SSFPumpWayne::sendCommand-[DEBUG]-PUMP 2 RESPONSE TIMEOUT
17/07/2009-20:38:54.000-0x000010E0-Pump.2-SSFPumpWayne::sendCommand-[DEBUG]-PUMP 2 RESPONSE TIMEOUT
17/07/2009-20:39:22.000-0x000010E0-Pump.2-SSFPumpWayne::sendCommand-[DEBUG]-PUMP 2 RESPONSE TIMEOUT
17/07/2009-20:39:50.000-0x000010E0-Pump.2-SSFPumpWayne::sendCommand-[DEBUG]-PUMP 2 RESPONSE TIMEOUT
17/07/2009-20:40:18.000-0x000010E0-Pump.2-SSFPumpWayne::sendCommand-[DEBUG]-PUMP 2 RESPONSE TIMEOUT
17/07/2009-20:40:46.000-0x000010E0-Pump.2-SSFPumpWayne::sendCommand-[DEBUG]-PUMP 2 RESPONSE TIMEOUT
17/07/2009-20:41:14.000-0x000010E0-Pump.2-SSFPumpWayne::sendCommand-[DEBUG]-PUMP 2 RESPONSE TIMEOUT
17/07/2009-20:41:42.000-0x000010E0-Pump.2-SSFPumpWayne::sendCommand-[DEBUG]-PUMP 2 RESPONSE TIMEOUT
17/07/2009-20:41:49.890-0x000010A0-Pump.2-SSFMessageRouterClient::Entry-[DEBUG]-<1142> Message [00053|3|2|GUEST|POST|REQ_PUMP_STATUS_ID_002||127.0.0.1:1163|^]
17/07/2009-20:41:49.937-0x000010A0-Pump.2-SSFPumpMsgRouterClient::processEvent-[DEBUG]-Processing Event [REQ_PUMP_STATUS_ID_002]
17/07/2009-20:41:49.937-0x000010A0-Pump.2-SSFBasePump::getEventProcMethodPtr-[DEBUG]-Processing Event [REQ_PUMP_STATUS_ID_002]
17/07/2009-20:41:49.968-0x000010A0-Pump.2-SSFMessageRouterClient::processRouterMessageOut-[DEBUG]-<1142> [POST] to be pushed [EVT_PUMP_STATUS_CHANGE_ID_002] Msg Len [76] 
17/07/2009-20:41:49.968-0x000010A0-Pump.2-SSFMessageRouterClient::processRouterMessageOut-[DEBUG]-<1142> Event sent to socket
17/07/2009-20:41:50.500-0x000010A0-Pump.2-SSFMessageRouterClient::Entry-[DEBUG]-<1142> Message [00059|3|2|GUEST|POST|REQ_PUMP_CAPABILITIES_ID_002||127.0.0.1:1165|^]
17/07/2009-20:41:50.734-0x000010A0-Pump.2-SSFPumpMsgRouterClient::processEvent-[DEBUG]-Processing Event [REQ_PUMP_CAPABILITIES_ID_002]
17/07/2009-20:41:50.750-0x000010A0-Pump.2-SSFBasePump::getEventProcMethodPtr-[DEBUG]-Processing Event [REQ_PUMP_CAPABILITIES_ID_002]
17/07/2009-20:41:53.078-0x000010A0-Pump.2-SSFMessageRouterClient::processRouterMessageOut-[DEBUG]-<1142> [POST] to be pushed [RES_PUMP_CAPABILITIES_ID_002] Msg Len [371] 
17/07/2009-20:41:53.078-0x000010A0-Pump.2-SSFMessageRouterClient::processRouterMessageOut-[DEBUG]-<1142> Event sent to socket
17/07/2009-20:41:53.171-0x000010A0-Pump.2-SSFMessageRouterClient::Entry-[DEBUG]-<1142> Message [00055|3|2|GUEST|POST|REQ_PUMP_GET_INFO_ID_002||127.0.0.1:1165|^]
17/07/2009-20:41:53.984-0x000010A0-Pump.2-SSFPumpMsgRouterClient::processEvent-[DEBUG]-Processing Event [REQ_PUMP_GET_INFO_ID_002]
17/07/2009-20:41:53.984-0x000010A0-Pump.2-SSFBasePump::getEventProcMethodPtr-[DEBUG]-Processing Event [REQ_PUMP_GET_INFO_ID_002]
17/07/2009-20:41:54.015-0x000010A0-Pump.2-SSFHose::getVolumeTotalizer-[DEBUG]-Asking totalizer value [469487.350000] from Hose [1]
17/07/2009-20:41:54.015-0x000010A0-Pump.2-SSFHose::getVolumeTotalizer-[DEBUG]-Asking totalizer value [225542.300000] from Hose [2]
17/07/2009-20:41:54.046-0x000010A0-Pump.2-SSFHose::getVolumeTotalizer-[DEBUG]-Asking totalizer value [424978.010000] from Hose [3]
17/07/2009-20:41:54.671-0x000010A0-Pump.2-SSFMessageRouterClient::processRouterMessageOut-[DEBUG]-<1142> [POST] to be pushed [RES_PUMP_GET_INFO_ID_002] Msg Len [317] 
17/07/2009-20:41:54.703-0x000010A0-Pump.2-SSFMessageRouterClient::processRouterMessageOut-[DEBUG]-<1142> Event sent to socket
17/07/2009-20:41:54.703-0x000010A0-Pump.2-SSFMessageRouterClient::Entry-[DEBUG]-<1142> Message [00060|3|2|GUEST|POST|REQ_PUMP_GET_ERROR_MSG_ID_002||127.0.0.1:1165|^]
17/07/2009-20:41:54.906-0x000010A0-Pump.2-SSFPumpMsgRouterClient::processEvent-[DEBUG]-Processing Event [REQ_PUMP_GET_ERROR_MSG_ID_002]
17/07/2009-20:41:54.906-0x000010A0-Pump.2-SSFBasePump::getEventProcMethodPtr-[DEBUG]-Processing Event [REQ_PUMP_GET_ERROR_MSG_ID_002]
17/07/2009-20:41:56.031-0x000010A0-Pump.2-SSFMessageRouterClient::processRouterMessageOut-[DEBUG]-<1142> [POST] to be pushed [EVT_PUMP_ERROR_MSG_ID_002] Msg Len [64] 
17/07/2009-20:41:56.046-0x000010A0-Pump.2-SSFMessageRouterClient::processRouterMessageOut-[DEBUG]-<1142> Event sent to socket
17/07/2009-20:41:56.359-0x000010A0-Pump.2-SSFMessageRouterClient::Entry-[DEBUG]-<1142> Message [00053|3|2|GUEST|POST|REQ_PUMP_STATUS_ID_002||127.0.0.1:1165|^]
17/07/2009-20:41:56.906-0x000010A0-Pump.2-SSFPumpMsgRouterClient::processEvent-[DEBUG]-Processing Event [REQ_PUMP_STATUS_ID_002]
17/07/2009-20:41:56.937-0x000010A0-Pump.2-SSFBasePump::getEventProcMethodPtr-[DEBUG]-Processing Event [REQ_PUMP_STATUS_ID_002]
17/07/2009-20:41:57.156-0x000010A0-Pump.2-SSFMessageRouterClient::processRouterMessageOut-[DEBUG]-<1142> [POST] to be pushed [EVT_PUMP_STATUS_CHANGE_ID_002] Msg Len [76] 
17/07/2009-20:41:57.156-0x000010A0-Pump.2-SSFMessageRouterClient::processRouterMessageOut-[DEBUG]-<1142> Event sent to socket
17/07/2009-20:42:13.000-0x000010E0-Pump.2-SSFPumpWayne::sendCommand-[DEBUG]-PUMP 2 RESPONSE TIMEOUT
17/07/2009-20:42:41.000-0x000010E0-Pump.2-SSFPumpWayne::sendCommand-[DEBUG]-PUMP 2 RESPONSE TIMEOUT
17/07/2009-20:43:09.000-0x000010E0-Pump.2-SSFPumpWayne::sendCommand-[DEBUG]-PUMP 2 RESPONSE TIMEOUT
17/07/2009-20:43:37.000-0x000010E0-Pump.2-SSFPumpWayne::sendCommand-[DEBUG]-PUMP 2 RESPONSE TIMEOUT
17/07/2009-20:44:05.000-0x000010E0-Pump.2-SSFPumpWayne::sendCommand-[DEBUG]-PUMP 2 RESPONSE TIMEOUT
17/07/2009-20:44:33.000-0x000010E0-Pump.2-SSFPumpWayne::sendCommand-[DEBUG]-PUMP 2 RESPONSE TIMEOUT
