11/06/25 19:25:56.108 - [006808] - SHIFT - GET ENGINE NAME - ERROR OPENING [S-1-5-19\Software\VB and VBA Program Settings\File_Gateway\GTW]
11/06/25 19:25:56.108 - [006808] - SHIFT - GET ENGINE NAME - ERROR OPENING [S-1-5-20\Software\VB and VBA Program Settings\File_Gateway\GTW]
11/06/25 19:25:56.108 - [006808] - SHIFT - GET ENGINE NAME - ERROR OPENING [S-1-5-21-12049770-1397685564-1645174938-1001\Software\VB and VBA Program Settings\File_Gateway\GTW]
11/06/25 19:25:56.108 - [006808] - SHIFT - GET ENGINE NAME - ERROR OPENING [S-1-5-21-12049770-1397685564-1645174938-1001_Classes\Software\VB and VBA Program Settings\File_Gateway\GTW]
11/06/25 19:25:56.108 - [006808] - SHIFT - GET ENGINE NAME - ERROR OPENING [S-1-5-18\Software\VB and VBA Program Settings\File_Gateway\GTW]
11/06/25 19:25:56.108 - [006808] - SHIFT - COPY FILES - NO TRANSMIT FILE FOUNDED
11/06/25 19:25:56.109 - [006808] - ADD PERIOD PRODUCT SALES TO FILE - FILE CREATED [C:\WINDOWS\CEM44\FILES\RPMDW.NAD\PRODUCTSALES0.00]
11/06/25 19:25:56.109 - [006808] - ADD PERIOD PRODUCT SALES TO FILE - VOL [0] AMNT [0] + [0][0] IN FILE [0.00] LEVEL [0]
11/06/25 19:25:56.110 - [006808] - SHIFT DAY MONTH CLOSE - SET SHIFT CLOSE MARK OK
11/06/25 19:25:56.110 - [006808] - DEPURE - DEPURE INVOICE - ERROR OPENING INVOICE HEADER FILE
11/06/25 19:25:56.110 - [006808] - SHIFT DAY MONTH CLOSE - INVOICE DEPURE NOT DONE
11/06/25 19:25:56.111 - [006808] - CSSCurrent::restore - Error al obtener la primera venta en archivo temporal
11/06/25 19:25:56.111 - [006808] - SHIFT - SET PENDING REPORT - SET LAST SHIFT TO [c72b0d69832e0d69] [ON]
11/06/25 19:25:56.111 - [006808] - SHIFT DAY MONTH CLOSE - CLOSE OK
11/06/25 19:25:56.111 - [006808] - SHIFT DAY MONTH CLOSE - TRANSMIT FILE NOT EXISTS
11/06/25 19:25:58.256 - [008868] - GET LAST REPORT - SEEKING REPORT TYPE [T], FILE [D], NAME [c72b0d69832e0d69]
11/06/25 19:25:58.256 - [008868] - GetReportFile - TYPE [T] - NAME [c72b0d69832e0d69] - FILE [D]
11/06/25 19:25:58.256 - [008868] - GET LAST REPORT - FILE [C:\WINDOWS\CEM44\FILES\RPMDW.NAD\SHIFTS\c72b0d69832e0d69.DTL]
11/06/25 19:25:58.256 - [008868] - SHIFT - GET LAST REPORT - FILE SIZE [1355]
11/06/25 19:25:58.257 - [019712] - GET LAST REPORT - SEEKING REPORT TYPE [T], FILE [H], NAME [c72b0d69832e0d69]
11/06/25 19:25:58.257 - [019712] - SHIFT - SET PENDING REPORT - SET LAST SHIFT TO [c72b0d69832e0d69] [OFF]
11/06/25 19:25:58.258 - [019712] - GetReportFile - TYPE [T] - NAME [c72b0d69832e0d69] - FILE [H]
11/06/25 19:25:58.258 - [019712] - GET LAST REPORT - FILE [C:\WINDOWS\CEM44\FILES\RPMDW.NAD\SHIFTS\c72b0d69832e0d69.HDR]
11/06/25 19:25:58.258 - [019712] - SHIFT - GET LAST REPORT - FILE SIZE [379]
11/06/25 19:26:09.504 - [010656] - REQUEST SHIFT/DAY/MONTH - CLOSE REQUESTED [D1]
11/06/25 19:26:09.504 - [010656] - SHIFT - SET PENDING REPORT - SET LAST DAY TO [] [OFF]
11/06/25 19:26:09.508 - [010656] - SHIFT DAY MONTH CLOSE - TYPE [D] [1]
11/06/25 19:26:09.509 - [010656] - SHIFT DAY MONTH CLOSE - WRITE HEADER OK
11/06/25 19:26:09.515 - [010656] - GET PERIOD PRODUCT SALES - FILE [PRODUCTSALES1.00] NOT EXISTS
11/06/25 19:26:09.515 - [010656] - CREATE PRODUCT TOTALS FILE - EL PERIODO DE PRECIOS [1] NO TIENE DESPACHOS, POR LO QUE SE INFORMARAN TODOS EN 0
11/06/25 19:26:09.515 - [010656] - CreateSpecialSalesSection - Error opening file [DAYSPECIALSALES.BIN]
11/06/25 19:26:09.515 - [010656] - SHIFT CLOSE DETAIL - ERROR CREATING SPECIAL SALES SECTION
11/06/25 19:26:09.517 - [010656] - SHIFT - ADD EVENTS TO REPORT - FILE [C:\WINDOWS\CEM44\FILES\RPMDW.NAD\EVENT2.TXT] DON'T EXIST
11/06/25 19:26:09.517 - [010656] - SHIFT DAY MONTH CLOSE - SHIFT CLOSE DETAIL OK
11/06/25 19:26:09.517 - [010656] - MERGE PERIODS FILES - FILE [PRODUCTSALES1.00] IS A BLANK PERIOD
11/06/25 19:26:09.517 - [010656] - MERGE PERIODS FILES - FILE [PRODUCTDIFSALES1.00] IS A BLANK PERIOD
11/06/25 19:26:09.521 - [010656] - MergeTotalFiles - Error opening source file [DAYSPECIALSALES.BIN]
11/06/25 19:26:09.615 - [010656] - SHIFT - UPDATE SHIFT NUMBER - SHIFT DATA FILE [
11/06/25 19:26:09.634 - [010656] - UPDATE DATE INFORMATION - DATE READ OK
11/06/25 19:26:09.634 - [010656] - UPDATE DATE INFORMATION - START END DATE [c72b0d69832e0d69]
11/06/25 19:26:09.634 - [010656] - SHIFT - COPY FILES - NAMES [c72b0d69832e0d69]
11/06/25 19:26:09.636 - [010656] - SHIFT - COPY FILES - ERROR RENAIMING [C:\WINDOWS\CEM44\FILES\RPMDW.NAD\CTFSales.BIN] to [C:\WINDOWS\CEM44\FILES\RPMDW.NAD\DAYS\c72b0d69832e0d69.CTF]
11/06/25 19:26:09.636 - [010656] - SHIFT - COPY FILES - ERROR RENAIMING [C:\WINDOWS\CEM44\FILES\RPMDW.NAD\EVENT] to [C:\WINDOWS\CEM44\FILES\RPMDW.NAD\DAYS\c72b0d69832e0d69.EVT]
11/06/25 19:26:09.636 - [010656] - SHIFT - GET ENGINE NAME - ERROR OPENING [S-1-5-19\Software\VB and VBA Program Settings\File_Gateway\GTW]
11/06/25 19:26:09.637 - [010656] - SHIFT - GET ENGINE NAME - ERROR OPENING [S-1-5-20\Software\VB and VBA Program Settings\File_Gateway\GTW]
11/06/25 19:26:09.637 - [010656] - SHIFT - GET ENGINE NAME - ERROR OPENING [S-1-5-21-12049770-1397685564-1645174938-1001\Software\VB and VBA Program Settings\File_Gateway\GTW]
11/06/25 19:26:09.637 - [010656] - SHIFT - GET ENGINE NAME - ERROR OPENING [S-1-5-21-12049770-1397685564-1645174938-1001_Classes\Software\VB and VBA Program Settings\File_Gateway\GTW]
11/06/25 19:26:09.637 - [010656] - SHIFT - GET ENGINE NAME - ERROR OPENING [S-1-5-18\Software\VB and VBA Program Settings\File_Gateway\GTW]
11/06/25 19:26:09.637 - [010656] - SHIFT - COPY FILES - NO TRANSMIT FILE FOUNDED
11/06/25 19:26:09.642 - [010656] - SHIFT - SET PENDING REPORT - SET LAST DAY TO [c72b0d69832e0d69] [ON]
11/06/25 19:26:09.642 - [010656] - SHIFT DAY MONTH CLOSE - CLOSE OK
11/06/25 19:26:09.642 - [010656] - SHIFT DAY MONTH CLOSE - TRANSMIT FILE NOT EXISTS
11/06/25 19:26:09.652 - [010796] - GET LAST REPORT - SEEKING REPORT TYPE [D], FILE [D], NAME [c72b0d69832e0d69]
11/06/25 19:26:09.652 - [010796] - GetReportFile - TYPE [D] - NAME [c72b0d69832e0d69] - FILE [D]
11/06/25 19:26:09.652 - [010796] - GET LAST REPORT - FILE [C:\WINDOWS\CEM44\FILES\RPMDW.NAD\DAYS\c72b0d69832e0d69.DTL]
11/06/25 19:26:09.652 - [010796] - SHIFT - GET LAST REPORT - FILE SIZE [1355]
11/06/25 19:26:09.653 - [010788] - GET LAST REPORT - SEEKING REPORT TYPE [D], FILE [H], NAME [c72b0d69832e0d69]
11/06/25 19:26:09.653 - [010788] - SHIFT - SET PENDING REPORT - SET LAST DAY TO [c72b0d69832e0d69] [OFF]
11/06/25 19:26:09.653 - [010788] - GetReportFile - TYPE [D] - NAME [c72b0d69832e0d69] - FILE [H]
11/06/25 19:26:09.653 - [010788] - GET LAST REPORT - FILE [C:\WINDOWS\CEM44\FILES\RPMDW.NAD\DAYS\c72b0d69832e0d69.HDR]
11/06/25 19:26:09.654 - [010788] - SHIFT - GET LAST REPORT - FILE SIZE [379]
11/06/25 19:26:25.402 - [002040] - REQUEST SHIFT/DAY/MONTH - CLOSE REQUESTED [M1]
11/06/25 19:26:25.402 - [002040] - SHIFT - SET PENDING REPORT - SET LAST MONTH TO [] [OFF]
11/06/25 19:26:25.406 - [002040] - SHIFT DAY MONTH CLOSE - TYPE [M] [1]
11/06/25 19:26:25.406 - [002040] - SHIFT DAY MONTH CLOSE - WRITE HEADER OK
11/06/25 19:26:25.413 - [002040] - GET PERIOD PRODUCT SALES - FILE [PRODUCTSALES2.00] NOT EXISTS
11/06/25 19:26:25.413 - [002040] - CREATE PRODUCT TOTALS FILE - EL PERIODO DE PRECIOS [1] NO TIENE DESPACHOS, POR LO QUE SE INFORMARAN TODOS EN 0
11/06/25 19:26:25.413 - [002040] - CreateSpecialSalesSection - Error opening file [MONTHSPECIALSALES.BIN]
11/06/25 19:26:25.413 - [002040] - SHIFT CLOSE DETAIL - ERROR CREATING SPECIAL SALES SECTION
11/06/25 19:26:25.415 - [002040] - SHIFT - ADD EVENTS TO REPORT - FILE [C:\WINDOWS\CEM44\FILES\RPMDW.NAD\EVENT4.TXT] DON'T EXIST
11/06/25 19:26:25.415 - [002040] - SHIFT DAY MONTH CLOSE - SHIFT CLOSE DETAIL OK
11/06/25 19:26:25.445 - [002040] - UPDATE DATE INFORMATION - DATE READ OK
11/06/25 19:26:25.445 - [002040] - UPDATE DATE INFORMATION - START END DATE [c72b0d69832e0d69]
11/06/25 19:26:25.445 - [002040] - SHIFT - COPY FILES - NAMES [c72b0d69832e0d69]
11/06/25 19:26:25.448 - [002040] - SHIFT - COPY FILES - ERROR RENAIMING [C:\WINDOWS\CEM44\FILES\RPMDW.NAD\CTFSales.BIN] to [C:\WINDOWS\CEM44\FILES\RPMDW.NAD\MONTHS\c72b0d69832e0d69.CTF]
11/06/25 19:26:25.448 - [002040] - SHIFT - COPY FILES - ERROR RENAIMING [C:\WINDOWS\CEM44\FILES\RPMDW.NAD\EVENT] to [C:\WINDOWS\CEM44\FILES\RPMDW.NAD\MONTHS\c72b0d69832e0d69.EVT]
11/06/25 19:26:25.449 - [002040] - SHIFT - GET ENGINE NAME - ERROR OPENING [S-1-5-19\Software\VB and VBA Program Settings\File_Gateway\GTW]
11/06/25 19:26:25.449 - [002040] - SHIFT - GET ENGINE NAME - ERROR OPENING [S-1-5-20\Software\VB and VBA Program Settings\File_Gateway\GTW]
11/06/25 19:26:25.449 - [002040] - SHIFT - GET ENGINE NAME - ERROR OPENING [S-1-5-21-12049770-1397685564-1645174938-1001\Software\VB and VBA Program Settings\File_Gateway\GTW]
11/06/25 19:26:25.449 - [002040] - SHIFT - GET ENGINE NAME - ERROR OPENING [S-1-5-21-12049770-1397685564-1645174938-1001_Classes\Software\VB and VBA Program Settings\File_Gateway\GTW]
11/06/25 19:26:25.449 - [002040] - SHIFT - GET ENGINE NAME - ERROR OPENING [S-1-5-18\Software\VB and VBA Program Settings\File_Gateway\GTW]
11/06/25 19:26:25.449 - [002040] - SHIFT - COPY FILES - NO TRANSMIT FILE FOUNDED
11/06/25 19:26:25.449 - [002040] - SHIFT - SAVE ENVIRONMENT - FILE [C:\WINDOWS\CEM44\FILES\RPMDW.NAD\MONTHS\c72b0d69832e0d69.ENV]
11/06/25 19:26:25.450 - [002040] - SHIFT - SET PENDING REPORT - SET LAST MONTH TO [c72b0d69832e0d69] [ON]
11/06/25 19:26:25.450 - [002040] - SHIFT DAY MONTH CLOSE - CLOSE OK
11/06/25 19:26:25.450 - [002040] - SHIFT DAY MONTH CLOSE - TRANSMIT FILE NOT EXISTS
11/06/25 19:26:25.458 - [016904] - GET LAST REPORT - SEEKING REPORT TYPE [M], FILE [D], NAME [c72b0d69832e0d69]
11/06/25 19:26:25.460 - [016904] - GetReportFile - TYPE [M] - NAME [c72b0d69832e0d69] - FILE [D]
11/06/25 19:26:25.461 - [016904] - GET LAST REPORT - FILE [C:\WINDOWS\CEM44\FILES\RPMDW.NAD\MONTHS\c72b0d69832e0d69.DTL]
11/06/25 19:26:25.461 - [016904] - SHIFT - GET LAST REPORT - FILE SIZE [1355]
11/06/25 19:26:25.463 - [024452] - GET LAST REPORT - SEEKING REPORT TYPE [M], FILE [H], NAME [c72b0d69832e0d69]
11/06/25 19:26:25.463 - [024452] - SHIFT - SET PENDING REPORT - SET LAST MONTH TO [c72b0d69832e0d69] [OFF]
11/06/25 19:26:25.463 - [024452] - GetReportFile - TYPE [M] - NAME [c72b0d69832e0d69] - FILE [H]
11/06/25 19:26:25.463 - [024452] - GET LAST REPORT - FILE [C:\WINDOWS\CEM44\FILES\RPMDW.NAD\MONTHS\c72b0d69832e0d69.HDR]
11/06/25 19:26:25.464 - [024452] - SHIFT - GET LAST REPORT - FILE SIZE [379]
11/06/25 19:27:26.290 - [012920] - REQUEST SET CONFIG - CONFIGURATION OF CORRECT SIZE RECEIVED
11/06/25 19:27:26.290 - [012920] - REQUEST - COMPARE CONFIGS - DIFFERENT CONFIGS IN OFFSET [0] SIZE [604] [0]
11/06/25 19:27:26.290 - [012920] - REQUEST - DIFFERENCE IN OFFSET [0] -> [06] + [02]
11/06/25 19:27:26.290 - [012920] - REQUEST - DIFFERENCE IN OFFSET [8] -> [06] + [02]
11/06/25 19:27:26.290 - [012920] - REQUEST - DIFFERENCE IN OFFSET [13] -> [02] + [00]
11/06/25 19:27:26.290 - [012920] - REQUEST - DIFFERENCE IN OFFSET [16] -> [03] + [00]
11/06/25 19:27:26.290 - [012920] - REQUEST - DIFFERENCE IN OFFSET [22] -> [01] + [02]
11/06/25 19:27:26.290 - [012920] - REQUEST - DIFFERENCE IN OFFSET [25] -> [02] + [00]
11/06/25 19:27:26.290 - [012920] - REQUEST - DIFFERENCE IN OFFSET [28] -> [03] + [00]
11/06/25 19:27:26.290 - [012920] - REQUEST - DIFFERENCE IN OFFSET [34] -> [01] + [00]
11/06/25 19:27:26.290 - [012920] - REQUEST - DIFFERENCE IN OFFSET [37] -> [02] + [00]
11/06/25 19:27:26.290 - [012920] - REQUEST - DIFFERENCE IN OFFSET [40] -> [03] + [00]
11/06/25 19:27:26.290 - [012920] - REQUEST - DIFFERENCE IN OFFSET [46] -> [01] + [00]
11/06/25 19:27:26.290 - [012920] - REQUEST - DIFFERENCE IN OFFSET [49] -> [02] + [00]
11/06/25 19:27:26.290 - [012920] - REQUEST - DIFFERENCE IN OFFSET [52] -> [03] + [00]
11/06/25 19:27:26.290 - [012920] - REQUEST - DIFFERENCE IN OFFSET [58] -> [01] + [00]
11/06/25 19:27:26.290 - [012920] - REQUEST - DIFFERENCE IN OFFSET [61] -> [03] + [00]
11/06/25 19:27:26.290 - [012920] - REQUEST - DIFFERENCE IN OFFSET [64] -> [02] + [00]
11/06/25 19:27:26.290 - [012920] - REQUEST - DIFFERENCE IN OFFSET [70] -> [01] + [00]
11/06/25 19:27:26.290 - [012920] - REQUEST - DIFFERENCE IN OFFSET [73] -> [03] + [00]
11/06/25 19:27:26.290 - [012920] - REQUEST - DIFFERENCE IN OFFSET [76] -> [02] + [00]
11/06/25 19:27:26.290 - [012920] - REQUEST - DIFFERENCE IN OFFSET [475] -> [02] + [00]
11/06/25 19:27:26.290 - [012920] - REQUEST - DIFFERENCE IN OFFSET [476] -> [03] + [00]
11/06/25 19:27:26.290 - [012920] - REQUEST - DIFFERENCE IN OFFSET [478] -> [01] + [02]
11/06/25 19:27:26.290 - [012920] - REQUEST - DIFFERENCE IN OFFSET [479] -> [02] + [00]
11/06/25 19:27:26.290 - [012920] - REQUEST - DIFFERENCE IN OFFSET [480] -> [03] + [00]
11/06/25 19:27:26.290 - [012920] - REQUEST - DIFFERENCE IN OFFSET [482] -> [01] + [00]
11/06/25 19:27:26.290 - [012920] - REQUEST - DIFFERENCE IN OFFSET [483] -> [02] + [00]
11/06/25 19:27:26.290 - [012920] - REQUEST - DIFFERENCE IN OFFSET [484] -> [03] + [00]
11/06/25 19:27:26.290 - [012920] - REQUEST - DIFFERENCE IN OFFSET [486] -> [01] + [00]
11/06/25 19:27:26.290 - [012920] - REQUEST - DIFFERENCE IN OFFSET [487] -> [02] + [00]
11/06/25 19:27:26.290 - [012920] - REQUEST - DIFFERENCE IN OFFSET [488] -> [03] + [00]
11/06/25 19:27:26.290 - [012920] - REQUEST - DIFFERENCE IN OFFSET [490] -> [01] + [00]
11/06/25 19:27:26.290 - [012920] - REQUEST - DIFFERENCE IN OFFSET [491] -> [03] + [00]
11/06/25 19:27:26.290 - [012920] - REQUEST - DIFFERENCE IN OFFSET [492] -> [02] + [00]
11/06/25 19:27:26.290 - [012920] - REQUEST - DIFFERENCE IN OFFSET [494] -> [01] + [00]
11/06/25 19:27:26.290 - [012920] - REQUEST - DIFFERENCE IN OFFSET [495] -> [03] + [00]
11/06/25 19:27:26.290 - [012920] - REQUEST - DIFFERENCE IN OFFSET [496] -> [02] + [00]
11/06/25 19:27:26.292 - [006808] - PUMP CONTROL THREAD - DLL INITIALIZATION OK
11/06/25 19:27:26.301 - [012920] - REQUEST SET CONFIG - NOTIFY CENTRAL CONFIGURATION CHANGED
11/06/25 19:27:26.302 - [012920] - CCentraTotalizers::stockClosed - Reseting stock acumulative totalizers
11/06/25 19:27:26.303 - [002780] - REQUEST SET MEZCLA CONFIG - MEZCLA CONFIGURATION RECEIVED
11/06/25 19:27:26.303 - [002780] - REQUEST SET MEZCLA CONFIG - BLENDER CONFIGURATION WITH NO CHANGES
11/06/25 19:27:26.304 - [013228] - REQUEST SET BLENDER CONFIG - BLENDER CONFIGURATION RECEIVED
11/06/25 19:27:26.401 - [006808] - PUMP CONTROL THREAD - DLL INITIALIZATION OK
11/06/25 19:27:26.401 - [006808] - ProcessPumpStateChange - PUMP [01] OUT OF COMMUNICATION LINE
11/06/25 19:27:26.401 - [006808] - ProcessPumpStateChange - PUMP [02] OUT OF COMMUNICATION LINE
11/06/25 19:27:26.558 - [006808] - ProcessPumpStateChange - PUMP [01] RETURNED TO COMMUNICATION LINE
11/06/25 19:27:26.866 - [006808] - PUMP CTRL - GET PUMPS FIRMWARE - PUMP [1] FIRMWARE [0]
11/06/25 19:27:27.166 - [006808] - CHECK FOR NOT CONTROLLED SALES - ULTIMA VENTA DEL SURTIDOR [01] HOSE [0] AMOUNT [0] VOLUME [0] PPU [100]
11/06/25 19:27:27.779 - [006808] - ProcessUncontrolledSales - DIFFERENCE IN TOTALIZERS, NEW [1789] OLD [0] -> DIFF [1789]
11/06/25 19:27:27.791 - [006808] - CSSCurrent::add - SALE WRITTEN AS NUMBER [1]
11/06/25 19:27:27.811 - [006808] - WriteXMLFile - DOC XML WRITE OK
11/06/25 19:27:27.812 - [006808] - WRITE SALE - SALE UNCONTROLLED, NOT RECORDED AS LAST 10 SALES
11/06/25 19:27:27.812 - [006808] - ADD PERIOD PRODUCT SALES TO FILE - VOL [0] AMNT [0] + [1789][37549] IN FILE [0.00] LEVEL [0]
11/06/25 19:27:27.813 - [006808] - ProcessUncontrolledSales - PUMP [1] HOSE [2] NOT CONTROLLED SALES FOR [1789]l [37549]$
11/06/25 19:27:27.823 - [006808] - ProcessUncontrolledSales - PRODUCT [3] FOR PUMP [1] HOSE [2]
11/06/25 19:27:27.824 - [006808] - FILES MGMNT - INCREASE INVOICE DIFFERENCE - VOL[1789] - AMNT[37549] - PROD[3]
11/06/25 19:27:27.824 - [006808] - ReduceTankProcess - TANK [3] REDUCED [1789] FROM [0] TO [-1789]
11/06/25 19:27:27.826 - [006808] - PUMP CTRL - REDUCE TANK WRITE SALES FOR TANK [3] - VOLUME [1789]
11/06/25 19:27:27.826 - [006808] - CheckForDifferentPrices - PRICES DIFFERENT FOR PUMP [1] - [100][2725][2421][0]
11/06/25 19:27:27.827 - [006808] - ADD PERIOD PRODUCT SALES TO FILE - VOL [0] AMNT [0] + [0][0] IN FILE [0.00] LEVEL [0]
11/06/25 19:27:28.410 - [006808] - PROCESS PRICE CHANGE - PUMP [1] HOSE [0] PRODUCT [1] PRICE [100]
11/06/25 19:27:28.982 - [006808] - PROCESS PRICE CHANGE - PUMP [1] HOSE [1] PRODUCT [2] PRICE [100]
11/06/25 19:27:29.555 - [006808] - PROCESS PRICE CHANGE - PUMP [1] HOSE [2] PRODUCT [3] PRICE [100]
11/06/25 19:27:30.176 - [006808] - ProcessPumpStateChange - PUMP [02] RETURNED TO COMMUNICATION LINE
11/06/25 19:27:30.604 - [006808] - PUMP CTRL - GET PUMPS FIRMWARE - PUMP [2] FIRMWARE [0]
11/06/25 19:27:30.907 - [006808] - CHECK FOR NOT CONTROLLED SALES - ULTIMA VENTA DEL SURTIDOR [02] HOSE [2] AMOUNT [0] VOLUME [0] PPU [2916]
11/06/25 19:27:31.520 - [006808] - ProcessUncontrolledSales - DIFFERENCE IN TOTALIZERS, NEW [216] OLD [0] -> DIFF [216]
11/06/25 19:27:31.529 - [006808] - ProcessSalesFromUncontrolledSales - EL VOLUMEN DE LA ULTIMA VENTA [0] NO COINCIDE CON EL VOLUMEN CALCULADO PARA LA VENTA SIN CONTROL [216]
11/06/25 19:27:31.529 - [006808] - CSSCurrent::add - SALE WRITTEN AS NUMBER [29]
11/06/25 19:27:31.543 - [006808] - WriteXMLFile - DOC XML WRITE OK
11/06/25 19:27:31.543 - [006808] - WRITE SALE - SALE UNCONTROLLED, NOT RECORDED AS LAST 10 SALES
11/06/25 19:27:31.543 - [006808] - ADD PERIOD PRODUCT SALES TO FILE - VOL [1789] AMNT [37549] + [216][4794] IN FILE [0.00] LEVEL [0]
11/06/25 19:27:31.543 - [006808] - ProcessUncontrolledSales - PUMP [2] HOSE [2] NOT CONTROLLED SALES FOR [216]l [4794]$
11/06/25 19:27:31.551 - [006808] - ProcessUncontrolledSales - PRODUCT [3] FOR PUMP [2] HOSE [2]
11/06/25 19:27:31.551 - [006808] - FILES MGMNT - INCREASE INVOICE DIFFERENCE - VOL[216] - AMNT[4794] - PROD[3]
11/06/25 19:27:31.551 - [006808] - ReduceTankProcess - TANK [3] REDUCED [216] FROM [0] TO [-216]
11/06/25 19:27:31.552 - [006808] - PUMP CTRL - REDUCE TANK WRITE SALES FOR TANK [3] - VOLUME [216]
11/06/25 19:27:31.552 - [006808] - CheckForDifferentPrices - PRICES DIFFERENT FOR PUMP [2] - [100][2725][2421][0]
11/06/25 19:27:31.552 - [006808] - ADD PERIOD PRODUCT SALES TO FILE - VOL [0] AMNT [0] + [0][0] IN FILE [0.00] LEVEL [0]
11/06/25 19:27:32.261 - [006808] - PROCESS PRICE CHANGE - PUMP [2] HOSE [0] PRODUCT [1] PRICE [100]
11/06/25 19:27:32.842 - [006808] - PROCESS PRICE CHANGE - PUMP [2] HOSE [1] PRODUCT [2] PRICE [100]
11/06/25 19:27:33.423 - [006808] - PROCESS PRICE CHANGE - PUMP [2] HOSE [2] PRODUCT [3] PRICE [100]
11/06/25 19:27:43.354 - [010768] - SAVE ADVISE FLAGS - ADVISE FLAGS VECTOR SAVED.
11/06/25 19:27:43.357 - [022068] - GET DECIMAL VOLUME - ERROR OPENING FILE
11/06/25 19:27:49.862 - [006808] - PROCESS END STATE - ERROR IN ASK SALE PUMP [1]
11/06/25 19:27:49.862 - [006808] - ProcessPumpStateChange - ERROR PROCESSING END STATE PUMP [1]
11/06/25 19:27:50.555 - [006808] - PROCESS END STATE - ERROR IN ASK SALE PUMP [1]
11/06/25 19:27:50.555 - [006808] - ProcessPumpStateChange - ERROR PROCESSING END STATE PUMP [1]
11/06/25 19:27:51.457 - [006808] - PROCESS END STATE - ERROR IN ASK SALE PUMP [1]
11/06/25 19:27:51.457 - [006808] - ProcessPumpStateChange - ERROR PROCESSING END STATE PUMP [1]
11/06/25 19:27:52.299 - [006808] - PROCESS END STATE - ERROR IN ASK SALE PUMP [1]
11/06/25 19:27:52.299 - [006808] - ProcessPumpStateChange - ERROR PROCESSING END STATE PUMP [1]
11/06/25 19:27:52.935 - [006808] - PROCESS END STATE - ERROR IN ASK SALE PUMP [1]
11/06/25 19:27:52.935 - [006808] - ProcessPumpStateChange - ERROR PROCESSING END STATE PUMP [1]
11/06/25 19:27:53.402 - [006808] - PROCESS END STATE - ERROR IN ASK SALE PUMP [1]
11/06/25 19:27:53.402 - [006808] - ProcessPumpStateChange - ERROR PROCESSING END STATE PUMP [1]
11/06/25 19:27:54.159 - [006808] - PROCESS END STATE - ERROR IN ASK SALE PUMP [1]
11/06/25 19:27:54.159 - [006808] - ProcessPumpStateChange - ERROR PROCESSING END STATE PUMP [1]
11/06/25 19:27:54.738 - [006808] - PROCESS END STATE - ERROR IN ASK SALE PUMP [1]
11/06/25 19:27:54.738 - [006808] - ProcessPumpStateChange - ERROR PROCESSING END STATE PUMP [1]
11/06/25 19:27:55.256 - [006808] - PROCESS END STATE - ERROR IN ASK SALE PUMP [1]
11/06/25 19:27:55.256 - [006808] - ProcessPumpStateChange - ERROR PROCESSING END STATE PUMP [1]
11/06/25 19:27:55.728 - [006808] - PROCESS END STATE - ERROR IN ASK SALE PUMP [1]
11/06/25 19:27:55.728 - [006808] - ProcessPumpStateChange - ERROR PROCESSING END STATE PUMP [1]
11/06/25 19:27:56.307 - [006808] - PROCESS END STATE - ERROR IN ASK SALE PUMP [1]
11/06/25 19:27:56.307 - [006808] - ProcessPumpStateChange - ERROR PROCESSING END STATE PUMP [1]
11/06/25 19:27:57.034 - [006808] - PROCESS END STATE - ERROR IN ASK SALE PUMP [1]
11/06/25 19:27:57.034 - [006808] - ProcessPumpStateChange - ERROR PROCESSING END STATE PUMP [1]
11/06/25 19:27:57.775 - [006808] - PROCESS END STATE - ERROR IN ASK SALE PUMP [1]
11/06/25 19:27:57.775 - [006808] - ProcessPumpStateChange - ERROR PROCESSING END STATE PUMP [1]
11/06/25 19:27:58.411 - [006808] - PROCESS END STATE - ERROR IN ASK SALE PUMP [1]
11/06/25 19:27:58.411 - [006808] - ProcessPumpStateChange - ERROR PROCESSING END STATE PUMP [1]
11/06/25 19:27:59.040 - [006808] - PROCESS END STATE - ERROR IN ASK SALE PUMP [1]
11/06/25 19:27:59.040 - [006808] - ProcessPumpStateChange - ERROR PROCESSING END STATE PUMP [1]
11/06/25 19:27:59.675 - [006808] - PROCESS END STATE - ERROR IN ASK SALE PUMP [1]
11/06/25 19:27:59.675 - [006808] - ProcessPumpStateChange - ERROR PROCESSING END STATE PUMP [1]
11/06/25 19:28:00.582 - [006808] - PROCESS END STATE - ERROR IN ASK SALE PUMP [1]
11/06/25 19:28:00.582 - [006808] - ProcessPumpStateChange - ERROR PROCESSING END STATE PUMP [1]
11/06/25 19:28:01.001 - [006808] - PROCESS END STATE - ERROR IN ASK SALE PUMP [1]
11/06/25 19:28:01.001 - [006808] - ProcessPumpStateChange - ERROR PROCESSING END STATE PUMP [1]
11/06/25 19:28:01.580 - [006808] - PROCESS END STATE - ERROR IN ASK SALE PUMP [1]
11/06/25 19:28:01.580 - [006808] - ProcessPumpStateChange - ERROR PROCESSING END STATE PUMP [1]
11/06/25 19:28:02.231 - [006808] - PROCESS END STATE - ERROR IN ASK SALE PUMP [1]
11/06/25 19:28:02.231 - [006808] - ProcessPumpStateChange - ERROR PROCESSING END STATE PUMP [1]
11/06/25 19:28:02.748 - [006808] - PROCESS END STATE - ERROR IN ASK SALE PUMP [1]
11/06/25 19:28:02.748 - [006808] - ProcessPumpStateChange - ERROR PROCESSING END STATE PUMP [1]
11/06/25 19:28:03.665 - [006808] - PROCESS END STATE - ERROR IN ASK SALE PUMP [1]
11/06/25 19:28:03.665 - [006808] - ProcessPumpStateChange - ERROR PROCESSING END STATE PUMP [1]
11/06/25 19:28:04.244 - [006808] - PROCESS END STATE - ERROR IN ASK SALE PUMP [1]
11/06/25 19:28:04.244 - [006808] - ProcessPumpStateChange - ERROR PROCESSING END STATE PUMP [1]
11/06/25 19:28:05.190 - [006808] - PROCESS END STATE - ERROR IN ASK SALE PUMP [1]
11/06/25 19:28:05.190 - [006808] - ProcessPumpStateChange - ERROR PROCESSING END STATE PUMP [1]
11/06/25 19:28:05.666 - [006808] - PROCESS END STATE - ERROR IN ASK SALE PUMP [1]
11/06/25 19:28:05.666 - [006808] - ProcessPumpStateChange - ERROR PROCESSING END STATE PUMP [1]
11/06/25 19:28:06.246 - [006808] - PROCESS END STATE - ERROR IN ASK SALE PUMP [1]
11/06/25 19:28:06.246 - [006808] - ProcessPumpStateChange - ERROR PROCESSING END STATE PUMP [1]
11/06/25 19:28:06.584 - [006808] - PROCESS END STATE - SALE[0]$ VOL[0] PPU[100] PUMP[1] HOSE[0][0]
11/06/25 19:28:07.987 - [006808] - PROCESS END STATE - ERROR ASKING TOTALS PUMP [1]
11/06/25 19:28:07.987 - [006808] - ProcessPumpStateChange - ERROR PROCESSING END STATE PUMP [1]
11/06/25 19:28:08.457 - [006808] - PROCESS END STATE - ERROR IN ASK SALE PUMP [1]
11/06/25 19:28:08.457 - [006808] - ProcessPumpStateChange - ERROR PROCESSING END STATE PUMP [1]
11/06/25 19:28:08.880 - [006808] - PROCESS END STATE - ERROR IN ASK SALE PUMP [1]
11/06/25 19:28:08.880 - [006808] - ProcessPumpStateChange - ERROR PROCESSING END STATE PUMP [1]
11/06/25 19:28:09.301 - [006808] - PROCESS END STATE - ERROR IN ASK SALE PUMP [1]
11/06/25 19:28:09.301 - [006808] - ProcessPumpStateChange - ERROR PROCESSING END STATE PUMP [1]
11/06/25 19:28:10.314 - [006808] - PROCESS END STATE - ERROR IN ASK SALE PUMP [1]
11/06/25 19:28:10.314 - [006808] - ProcessPumpStateChange - ERROR PROCESSING END STATE PUMP [1]
11/06/25 19:28:10.831 - [006808] - PROCESS END STATE - ERROR IN ASK SALE PUMP [1]
11/06/25 19:28:10.831 - [006808] - ProcessPumpStateChange - ERROR PROCESSING END STATE PUMP [1]
11/06/25 19:28:11.309 - [006808] - PROCESS END STATE - ERROR IN ASK SALE PUMP [1]
11/06/25 19:28:11.309 - [006808] - ProcessPumpStateChange - ERROR PROCESSING END STATE PUMP [1]
11/06/25 19:28:12.108 - [006808] - PROCESS END STATE - ERROR IN ASK SALE PUMP [1]
11/06/25 19:28:12.108 - [006808] - ProcessPumpStateChange - ERROR PROCESSING END STATE PUMP [1]
11/06/25 19:28:12.624 - [006808] - PROCESS END STATE - ERROR IN ASK SALE PUMP [1]
11/06/25 19:28:12.624 - [006808] - ProcessPumpStateChange - ERROR PROCESSING END STATE PUMP [1]
11/06/25 19:28:13.101 - [006808] - PROCESS END STATE - ERROR IN ASK SALE PUMP [1]
11/06/25 19:28:13.101 - [006808] - ProcessPumpStateChange - ERROR PROCESSING END STATE PUMP [1]
11/06/25 19:28:13.677 - [006808] - PROCESS END STATE - ERROR IN ASK SALE PUMP [1]
11/06/25 19:28:13.677 - [006808] - ProcessPumpStateChange - ERROR PROCESSING END STATE PUMP [1]
11/06/25 19:28:14.199 - [006808] - PROCESS END STATE - ERROR IN ASK SALE PUMP [1]
11/06/25 19:28:14.199 - [006808] - ProcessPumpStateChange - ERROR PROCESSING END STATE PUMP [1]
11/06/25 19:28:14.931 - [024492] - REQUEST SET CONFIG - CONFIGURATION OF CORRECT SIZE RECEIVED
11/06/25 19:28:14.931 - [024492] - REQUEST - COMPARE CONFIGS - DIFFERENT CONFIGS IN OFFSET [1105] SIZE [1] [6]
11/06/25 19:28:14.931 - [024492] - REQUEST - DIFFERENCE IN OFFSET [0] -> [62] + [41]
11/06/25 19:28:15.106 - [006808] - PROCESS END STATE - ERROR IN ASK SALE PUMP [1]
11/06/25 19:28:15.106 - [006808] - ProcessPumpStateChange - ERROR PROCESSING END STATE PUMP [1]
11/06/25 19:28:15.684 - [006808] - PROCESS END STATE - ERROR IN ASK SALE PUMP [1]
11/06/25 19:28:15.684 - [006808] - ProcessPumpStateChange - ERROR PROCESSING END STATE PUMP [1]
11/06/25 19:28:16.203 - [006808] - PROCESS END STATE - ERROR IN ASK SALE PUMP [1]
11/06/25 19:28:16.203 - [006808] - ProcessPumpStateChange - ERROR PROCESSING END STATE PUMP [1]
11/06/25 19:28:16.208 - [006808] - ProcessPumpStateChange - PUMP [01] OUT OF COMMUNICATION LINE
11/06/25 19:28:31.445 - [006808] - ProcessPumpStateChange - PUMP [01] RETURNED TO COMMUNICATION LINE
11/06/25 19:28:31.455 - [006808] - PUMP CTRL - GET PUMP FIRMWARE - ERROR ASKING DATA [1] -> [2]
11/06/25 19:28:32.120 - [006808] - ProcessPumpStateChange - PUMP [01] RETURNED TO COMMUNICATION LINE
11/06/25 19:28:32.124 - [006808] - PUMP CTRL - GET PUMP FIRMWARE - ERROR ASKING DATA [1] -> [2]
11/06/25 19:28:32.885 - [006808] - ProcessPumpStateChange - PUMP [01] RETURNED TO COMMUNICATION LINE
11/06/25 19:28:32.940 - [006808] - PUMP CTRL - GET PUMP FIRMWARE - ERROR ASKING DATA [1] -> [2]
11/06/25 19:28:33.804 - [006808] - ProcessPumpStateChange - PUMP [01] RETURNED TO COMMUNICATION LINE
11/06/25 19:28:33.965 - [006808] - PUMP CTRL - GET PUMP FIRMWARE - ERROR ASKING DATA [1] -> [2]
11/06/25 19:28:34.389 - [006808] - ProcessPumpStateChange - PUMP [01] RETURNED TO COMMUNICATION LINE
11/06/25 19:28:34.447 - [006808] - PUMP CTRL - GET PUMP FIRMWARE - ERROR ASKING DATA [1] -> [2]
11/06/25 19:28:34.907 - [006808] - ProcessPumpStateChange - PUMP [01] RETURNED TO COMMUNICATION LINE
11/06/25 19:28:34.973 - [006808] - PUMP CTRL - GET PUMP FIRMWARE - ERROR ASKING DATA [1] -> [2]
11/06/25 19:28:35.548 - [006808] - ProcessPumpStateChange - PUMP [01] RETURNED TO COMMUNICATION LINE
11/06/25 19:28:35.552 - [006808] - PUMP CTRL - GET PUMP FIRMWARE - ERROR ASKING DATA [1] -> [2]
11/06/25 19:28:36.194 - [006808] - ProcessPumpStateChange - PUMP [01] RETURNED TO COMMUNICATION LINE
11/06/25 19:28:36.198 - [006808] - PUMP CTRL - GET PUMP FIRMWARE - ERROR ASKING DATA [1] -> [2]
11/06/25 19:28:36.620 - [006808] - ProcessPumpStateChange - PUMP [01] RETURNED TO COMMUNICATION LINE
11/06/25 19:28:36.622 - [006808] - PUMP CTRL - GET PUMP FIRMWARE - ERROR ASKING DATA [1] -> [2]
11/06/25 19:28:37.259 - [006808] - ProcessPumpStateChange - PUMP [01] RETURNED TO COMMUNICATION LINE
11/06/25 19:28:37.277 - [006808] - PUMP CTRL - GET PUMP FIRMWARE - ERROR ASKING DATA [1] -> [2]
11/06/25 19:28:37.702 - [006808] - ProcessPumpStateChange - PUMP [01] RETURNED TO COMMUNICATION LINE
11/06/25 19:28:37.759 - [006808] - PUMP CTRL - GET PUMP FIRMWARE - ERROR ASKING DATA [1] -> [2]
11/06/25 19:28:39.427 - [006808] - ProcessPumpStateChange - PUMP [01] RETURNED TO COMMUNICATION LINE
11/06/25 19:28:39.495 - [006808] - PUMP CTRL - GET PUMP FIRMWARE - ERROR ASKING DATA [1] -> [2]
11/06/25 19:28:40.078 - [006808] - ProcessPumpStateChange - PUMP [01] RETURNED TO COMMUNICATION LINE
11/06/25 19:28:40.132 - [006808] - PUMP CTRL - GET PUMP FIRMWARE - ERROR ASKING DATA [1] -> [2]
11/06/25 19:28:40.591 - [006808] - ProcessPumpStateChange - PUMP [01] RETURNED TO COMMUNICATION LINE
11/06/25 19:28:40.647 - [006808] - PUMP CTRL - GET PUMP FIRMWARE - ERROR ASKING DATA [1] -> [2]
11/06/25 19:28:41.510 - [006808] - ProcessPumpStateChange - PUMP [01] RETURNED TO COMMUNICATION LINE
11/06/25 19:28:41.671 - [006808] - PUMP CTRL - GET PUMP FIRMWARE - ERROR ASKING DATA [1] -> [2]
11/06/25 19:28:42.102 - [006808] - ProcessPumpStateChange - PUMP [01] RETURNED TO COMMUNICATION LINE
11/06/25 19:28:42.157 - [006808] - PUMP CTRL - GET PUMP FIRMWARE - ERROR ASKING DATA [1] -> [2]
11/06/25 19:28:42.167 - [024616] - SAVE ADVISE FLAGS - ADVISE FLAGS VECTOR SAVED.
11/06/25 19:28:42.175 - [020676] - GET DECIMAL VOLUME - ERROR OPENING FILE
11/06/25 19:28:43.039 - [006808] - ProcessPumpStateChange - PUMP [01] RETURNED TO COMMUNICATION LINE
11/06/25 19:28:43.045 - [006808] - PUMP CTRL - GET PUMP FIRMWARE - ERROR ASKING DATA [1] -> [2]
11/06/25 19:28:43.475 - [006808] - ProcessPumpStateChange - PUMP [01] RETURNED TO COMMUNICATION LINE
11/06/25 19:28:43.555 - [006808] - PUMP CTRL - GET PUMP FIRMWARE - ERROR ASKING DATA [1] -> [2]
11/06/25 19:28:43.968 - [006808] - ProcessPumpStateChange - PUMP [01] RETURNED TO COMMUNICATION LINE
11/06/25 19:28:43.973 - [006808] - PUMP CTRL - GET PUMP FIRMWARE - ERROR ASKING DATA [1] -> [2]
11/06/25 19:28:44.832 - [006808] - ProcessPumpStateChange - PUMP [01] RETURNED TO COMMUNICATION LINE
11/06/25 19:28:45.011 - [006808] - PUMP CTRL - GET PUMP FIRMWARE - ERROR ASKING DATA [1] -> [2]
11/06/25 19:28:45.434 - [006808] - ProcessPumpStateChange - PUMP [01] RETURNED TO COMMUNICATION LINE
11/06/25 19:28:45.437 - [006808] - PUMP CTRL - GET PUMP FIRMWARE - ERROR ASKING DATA [1] -> [2]
11/06/25 19:28:45.873 - [006808] - ProcessPumpStateChange - PUMP [01] RETURNED TO COMMUNICATION LINE
11/06/25 19:28:45.922 - [006808] - PUMP CTRL - GET PUMP FIRMWARE - ERROR ASKING DATA [1] -> [2]
11/06/25 19:28:46.369 - [006808] - ProcessPumpStateChange - PUMP [01] RETURNED TO COMMUNICATION LINE
11/06/25 19:28:46.375 - [006808] - PUMP CTRL - GET PUMP FIRMWARE - ERROR ASKING DATA [1] -> [2]
11/06/25 19:28:47.025 - [006808] - ProcessPumpStateChange - PUMP [01] RETURNED TO COMMUNICATION LINE
11/06/25 19:28:47.080 - [006808] - PUMP CTRL - GET PUMP FIRMWARE - ERROR ASKING DATA [1] -> [2]
11/06/25 19:28:47.944 - [006808] - ProcessPumpStateChange - PUMP [01] RETURNED TO COMMUNICATION LINE
11/06/25 19:28:48.118 - [006808] - PUMP CTRL - GET PUMP FIRMWARE - ERROR ASKING DATA [1] -> [2]
11/06/25 19:28:48.752 - [006808] - ProcessPumpStateChange - PUMP [01] RETURNED TO COMMUNICATION LINE
11/06/25 19:28:48.834 - [006808] - PUMP CTRL - GET PUMP FIRMWARE - ERROR ASKING DATA [1] -> [2]
11/06/25 19:28:49.276 - [006808] - ProcessPumpStateChange - PUMP [01] RETURNED TO COMMUNICATION LINE
11/06/25 19:28:49.335 - [006808] - PUMP CTRL - GET PUMP FIRMWARE - ERROR ASKING DATA [1] -> [2]
11/06/25 19:28:50.198 - [006808] - ProcessPumpStateChange - PUMP [01] RETURNED TO COMMUNICATION LINE
11/06/25 19:28:50.371 - [006808] - PUMP CTRL - GET PUMP FIRMWARE - ERROR ASKING DATA [1] -> [2]
11/06/25 19:28:51.002 - [006808] - ProcessPumpStateChange - PUMP [01] RETURNED TO COMMUNICATION LINE
11/06/25 19:28:51.005 - [006808] - PUMP CTRL - GET PUMP FIRMWARE - ERROR ASKING DATA [1] -> [2]
11/06/25 19:28:51.757 - [006808] - ProcessPumpStateChange - PUMP [01] RETURNED TO COMMUNICATION LINE
11/06/25 19:28:51.782 - [006808] - PUMP CTRL - GET PUMP FIRMWARE - ERROR ASKING DATA [1] -> [2]
11/06/25 19:28:52.207 - [006808] - ProcessPumpStateChange - PUMP [01] RETURNED TO COMMUNICATION LINE
11/06/25 19:28:52.262 - [006808] - PUMP CTRL - GET PUMP FIRMWARE - ERROR ASKING DATA [1] -> [2]
11/06/25 19:28:53.058 - [006808] - ProcessPumpStateChange - PUMP [01] RETURNED TO COMMUNICATION LINE
11/06/25 19:28:53.108 - [006808] - PUMP CTRL - GET PUMP FIRMWARE - ERROR ASKING DATA [1] -> [2]
11/06/25 19:28:53.532 - [006808] - ProcessPumpStateChange - PUMP [01] RETURNED TO COMMUNICATION LINE
11/06/25 19:28:53.536 - [006808] - PUMP CTRL - GET PUMP FIRMWARE - ERROR ASKING DATA [1] -> [2]
11/06/25 19:28:53.958 - [006808] - ProcessPumpStateChange - PUMP [01] RETURNED TO COMMUNICATION LINE
11/06/25 19:28:53.963 - [006808] - PUMP CTRL - GET PUMP FIRMWARE - ERROR ASKING DATA [1] -> [2]
11/06/25 19:28:54.716 - [006808] - ProcessPumpStateChange - PUMP [01] RETURNED TO COMMUNICATION LINE
11/06/25 19:28:54.720 - [006808] - PUMP CTRL - GET PUMP FIRMWARE - ERROR ASKING DATA [1] -> [2]
11/06/25 19:28:55.369 - [006808] - ProcessPumpStateChange - PUMP [01] RETURNED TO COMMUNICATION LINE
11/06/25 19:28:55.554 - [006808] - PUMP CTRL - GET PUMP FIRMWARE - ERROR ASKING DATA [1] -> [2]
11/06/25 19:28:55.969 - [006808] - ProcessPumpStateChange - PUMP [01] RETURNED TO COMMUNICATION LINE
11/06/25 19:28:55.973 - [006808] - PUMP CTRL - GET PUMP FIRMWARE - ERROR ASKING DATA [1] -> [2]
11/06/25 19:28:56.402 - [006808] - ProcessPumpStateChange - PUMP [01] RETURNED TO COMMUNICATION LINE
11/06/25 19:28:56.473 - [006808] - PUMP CTRL - GET PUMP FIRMWARE - ERROR ASKING DATA [1] -> [2]
11/06/25 19:28:56.923 - [006808] - ProcessPumpStateChange - PUMP [01] RETURNED TO COMMUNICATION LINE
11/06/25 19:28:56.973 - [006808] - PUMP CTRL - GET PUMP FIRMWARE - ERROR ASKING DATA [1] -> [2]
11/06/25 19:28:57.840 - [006808] - ProcessPumpStateChange - PUMP [01] RETURNED TO COMMUNICATION LINE
11/06/25 19:28:58.002 - [006808] - PUMP CTRL - GET PUMP FIRMWARE - ERROR ASKING DATA [1] -> [2]
11/06/25 19:28:58.432 - [006808] - ProcessPumpStateChange - PUMP [01] RETURNED TO COMMUNICATION LINE
11/06/25 19:28:58.490 - [006808] - PUMP CTRL - GET PUMP FIRMWARE - ERROR ASKING DATA [1] -> [2]
11/06/25 19:28:59.160 - [006808] - ProcessPumpStateChange - PUMP [01] RETURNED TO COMMUNICATION LINE
11/06/25 19:28:59.166 - [006808] - PUMP CTRL - GET PUMP FIRMWARE - ERROR ASKING DATA [1] -> [2]
11/06/25 19:28:59.811 - [006808] - ProcessPumpStateChange - PUMP [01] RETURNED TO COMMUNICATION LINE
11/06/25 19:28:59.869 - [006808] - PUMP CTRL - GET PUMP FIRMWARE - ERROR ASKING DATA [1] -> [2]
11/06/25 19:29:00.621 - [006808] - ProcessPumpStateChange - PUMP [01] RETURNED TO COMMUNICATION LINE
11/06/25 19:29:00.635 - [006808] - PUMP CTRL - GET PUMP FIRMWARE - ERROR ASKING DATA [1] -> [2]
11/06/25 19:29:01.052 - [006808] - ProcessPumpStateChange - PUMP [01] RETURNED TO COMMUNICATION LINE
11/06/25 19:29:01.235 - [006808] - PUMP CTRL - GET PUMP FIRMWARE - ERROR ASKING DATA [1] -> [2]
11/06/25 19:29:01.980 - [006808] - ProcessPumpStateChange - PUMP [01] RETURNED TO COMMUNICATION LINE
11/06/25 19:29:01.986 - [006808] - PUMP CTRL - GET PUMP FIRMWARE - ERROR ASKING DATA [1] -> [2]
11/06/25 19:29:02.747 - [006808] - ProcessPumpStateChange - PUMP [01] RETURNED TO COMMUNICATION LINE
11/06/25 19:29:02.802 - [006808] - PUMP CTRL - GET PUMP FIRMWARE - ERROR ASKING DATA [1] -> [2]
11/06/25 19:29:03.586 - [006808] - ProcessPumpStateChange - PUMP [01] RETURNED TO COMMUNICATION LINE
11/06/25 19:29:03.598 - [006808] - PUMP CTRL - GET PUMP FIRMWARE - ERROR ASKING DATA [1] -> [2]
11/06/25 19:29:04.464 - [006808] - ProcessPumpStateChange - PUMP [01] RETURNED TO COMMUNICATION LINE
11/06/25 19:29:04.514 - [006808] - PUMP CTRL - GET PUMP FIRMWARE - ERROR ASKING DATA [1] -> [2]
11/06/25 19:29:05.160 - [006808] - ProcessPumpStateChange - PUMP [01] RETURNED TO COMMUNICATION LINE
11/06/25 19:29:05.325 - [006808] - PUMP CTRL - GET PUMP FIRMWARE - ERROR ASKING DATA [1] -> [2]
11/06/25 19:29:05.751 - [006808] - ProcessPumpStateChange - PUMP [01] RETURNED TO COMMUNICATION LINE
11/06/25 19:29:05.822 - [006808] - PUMP CTRL - GET PUMP FIRMWARE - ERROR ASKING DATA [1] -> [2]
11/06/25 19:29:06.700 - [006808] - ProcessPumpStateChange - PUMP [01] RETURNED TO COMMUNICATION LINE
11/06/25 19:29:06.703 - [006808] - PUMP CTRL - GET PUMP FIRMWARE - ERROR ASKING DATA [1] -> [2]
11/06/25 19:29:07.344 - [006808] - ProcessPumpStateChange - PUMP [01] RETURNED TO COMMUNICATION LINE
11/06/25 19:29:07.348 - [006808] - PUMP CTRL - GET PUMP FIRMWARE - ERROR ASKING DATA [1] -> [2]
11/06/25 19:29:07.772 - [006808] - ProcessPumpStateChange - PUMP [01] RETURNED TO COMMUNICATION LINE
11/06/25 19:29:07.784 - [006808] - PUMP CTRL - GET PUMP FIRMWARE - ERROR ASKING DATA [1] -> [2]
11/06/25 19:29:08.417 - [006808] - ProcessPumpStateChange - PUMP [01] RETURNED TO COMMUNICATION LINE
11/06/25 19:29:08.430 - [006808] - PUMP CTRL - GET PUMP FIRMWARE - ERROR ASKING DATA [1] -> [2]
11/06/25 19:29:09.192 - [006808] - ProcessPumpStateChange - PUMP [01] RETURNED TO COMMUNICATION LINE
11/06/25 19:29:09.236 - [020712] - CPricesManager::addPriceChange - Requesting add price change by [42]
11/06/25 19:29:09.236 - [020712] - CPricesManager::addPriceChange - Price change with price out of range in product [1] level [1]
11/06/25 19:29:09.251 - [006808] - PUMP CTRL - GET PUMP FIRMWARE - ERROR ASKING DATA [1] -> [2]
11/06/25 19:29:09.262 - [020800] - REQUEST SET CONFIG - CONFIGURATION OF CORRECT SIZE RECEIVED
11/06/25 19:29:09.262 - [020800] - REQUEST - COMPARE CONFIGS - DIFFERENT CONFIGS IN OFFSET [1105] SIZE [1] [6]
11/06/25 19:29:09.262 - [020800] - REQUEST - DIFFERENCE IN OFFSET [0] -> [62] + [41]
11/06/25 19:29:09.687 - [006808] - ProcessPumpStateChange - PUMP [01] RETURNED TO COMMUNICATION LINE
11/06/25 19:29:09.849 - [006808] - PUMP CTRL - GET PUMP FIRMWARE - ERROR ASKING DATA [1] -> [2]
11/06/25 19:29:10.708 - [006808] - ProcessPumpStateChange - PUMP [01] RETURNED TO COMMUNICATION LINE
11/06/25 19:29:10.772 - [006808] - PUMP CTRL - GET PUMP FIRMWARE - ERROR ASKING DATA [1] -> [2]
11/06/25 19:29:11.652 - [006808] - ProcessPumpStateChange - PUMP [01] RETURNED TO COMMUNICATION LINE
11/06/25 19:29:11.713 - [006808] - PUMP CTRL - GET PUMP FIRMWARE - ERROR ASKING DATA [1] -> [2]
11/06/25 19:29:12.149 - [006808] - ProcessPumpStateChange - PUMP [01] RETURNED TO COMMUNICATION LINE
11/06/25 19:29:12.303 - [006808] - PUMP CTRL - GET PUMP FIRMWARE - ERROR ASKING DATA [1] -> [2]
11/06/25 19:29:12.739 - [006808] - ProcessPumpStateChange - PUMP [01] RETURNED TO COMMUNICATION LINE
11/06/25 19:29:12.788 - [006808] - PUMP CTRL - GET PUMP FIRMWARE - ERROR ASKING DATA [1] -> [2]
11/06/25 19:29:13.249 - [006808] - ProcessPumpStateChange - PUMP [01] RETURNED TO COMMUNICATION LINE
11/06/25 19:29:13.317 - [006808] - PUMP CTRL - GET PUMP FIRMWARE - ERROR ASKING DATA [1] -> [2]
11/06/25 19:29:13.733 - [006808] - ProcessPumpStateChange - PUMP [01] RETURNED TO COMMUNICATION LINE
11/06/25 19:29:13.745 - [006808] - PUMP CTRL - GET PUMP FIRMWARE - ERROR ASKING DATA [1] -> [2]
11/06/25 19:29:14.609 - [006808] - ProcessPumpStateChange - PUMP [01] RETURNED TO COMMUNICATION LINE
11/06/25 19:29:14.771 - [006808] - PUMP CTRL - GET PUMP FIRMWARE - ERROR ASKING DATA [1] -> [2]
11/06/25 19:29:15.195 - [006808] - ProcessPumpStateChange - PUMP [01] RETURNED TO COMMUNICATION LINE
11/06/25 19:29:15.254 - [006808] - PUMP CTRL - GET PUMP FIRMWARE - ERROR ASKING DATA [1] -> [2]
11/06/25 19:29:16.144 - [006808] - ProcessPumpStateChange - PUMP [01] RETURNED TO COMMUNICATION LINE
11/06/25 19:29:16.204 - [006808] - PUMP CTRL - GET PUMP FIRMWARE - ERROR ASKING DATA [1] -> [2]
11/06/25 19:29:16.630 - [006808] - ProcessPumpStateChange - PUMP [01] RETURNED TO COMMUNICATION LINE
11/06/25 19:29:16.790 - [006808] - PUMP CTRL - GET PUMP FIRMWARE - ERROR ASKING DATA [1] -> [2]
11/06/25 19:29:17.224 - [006808] - ProcessPumpStateChange - PUMP [01] RETURNED TO COMMUNICATION LINE
11/06/25 19:29:17.273 - [006808] - PUMP CTRL - GET PUMP FIRMWARE - ERROR ASKING DATA [1] -> [2]
11/06/25 19:29:18.168 - [006808] - ProcessPumpStateChange - PUMP [01] RETURNED TO COMMUNICATION LINE
11/06/25 19:29:18.224 - [006808] - PUMP CTRL - GET PUMP FIRMWARE - ERROR ASKING DATA [1] -> [2]
11/06/25 19:29:19.090 - [006808] - ProcessPumpStateChange - PUMP [01] RETURNED TO COMMUNICATION LINE
11/06/25 19:29:19.252 - [006808] - PUMP CTRL - GET PUMP FIRMWARE - ERROR ASKING DATA [1] -> [2]
11/06/25 19:29:20.884 - [006808] - ProcessPumpStateChange - PUMP [01] RETURNED TO COMMUNICATION LINE
11/06/25 19:29:20.908 - [006808] - PUMP CTRL - GET PUMP FIRMWARE - ERROR ASKING DATA [1] -> [2]
11/06/25 19:29:21.316 - [006808] - ProcessPumpStateChange - PUMP [01] RETURNED TO COMMUNICATION LINE
11/06/25 19:29:21.322 - [006808] - PUMP CTRL - GET PUMP FIRMWARE - ERROR ASKING DATA [1] -> [2]
11/06/25 19:29:21.963 - [006808] - ProcessPumpStateChange - PUMP [01] RETURNED TO COMMUNICATION LINE
11/06/25 19:29:21.967 - [006808] - PUMP CTRL - GET PUMP FIRMWARE - ERROR ASKING DATA [1] -> [2]
11/06/25 19:29:22.720 - [006808] - ProcessPumpStateChange - PUMP [01] RETURNED TO COMMUNICATION LINE
11/06/25 19:29:22.831 - [006808] - PUMP CTRL - GET PUMP FIRMWARE - ERROR ASKING DATA [1] -> [2]
11/06/25 19:29:23.466 - [006808] - ProcessPumpStateChange - PUMP [01] RETURNED TO COMMUNICATION LINE
11/06/25 19:29:23.478 - [006808] - PUMP CTRL - GET PUMP FIRMWARE - ERROR ASKING DATA [1] -> [2]
11/06/25 19:29:23.895 - [006808] - ProcessPumpStateChange - PUMP [01] RETURNED TO COMMUNICATION LINE
11/06/25 19:29:23.897 - [006808] - PUMP CTRL - GET PUMP FIRMWARE - ERROR ASKING DATA [1] -> [2]
11/06/25 19:29:24.322 - [006808] - ProcessPumpStateChange - PUMP [01] RETURNED TO COMMUNICATION LINE
11/06/25 19:29:24.382 - [006808] - PUMP CTRL - GET PUMP FIRMWARE - ERROR ASKING DATA [1] -> [2]
11/06/25 19:29:25.028 - [006808] - ProcessPumpStateChange - PUMP [01] RETURNED TO COMMUNICATION LINE
11/06/25 19:29:25.198 - [006808] - PUMP CTRL - GET PUMP FIRMWARE - ERROR ASKING DATA [1] -> [2]
11/06/25 19:29:25.619 - [006808] - ProcessPumpStateChange - PUMP [01] RETURNED TO COMMUNICATION LINE
11/06/25 19:29:25.621 - [006808] - PUMP CTRL - GET PUMP FIRMWARE - ERROR ASKING DATA [1] -> [2]
11/06/25 19:29:26.046 - [006808] - ProcessPumpStateChange - PUMP [01] RETURNED TO COMMUNICATION LINE
11/06/25 19:29:26.048 - [006808] - PUMP CTRL - GET PUMP FIRMWARE - ERROR ASKING DATA [1] -> [2]
11/06/25 19:29:26.472 - [006808] - ProcessPumpStateChange - PUMP [01] RETURNED TO COMMUNICATION LINE
11/06/25 19:29:26.477 - [006808] - PUMP CTRL - GET PUMP FIRMWARE - ERROR ASKING DATA [1] -> [2]
11/06/25 19:29:27.131 - [006808] - ProcessPumpStateChange - PUMP [01] RETURNED TO COMMUNICATION LINE
11/06/25 19:29:27.181 - [006808] - PUMP CTRL - GET PUMP FIRMWARE - ERROR ASKING DATA [1] -> [2]
11/06/25 19:29:27.637 - [006808] - ProcessPumpStateChange - PUMP [01] RETURNED TO COMMUNICATION LINE
11/06/25 19:29:27.707 - [006808] - PUMP CTRL - GET PUMP FIRMWARE - ERROR ASKING DATA [1] -> [2]
11/06/25 19:29:28.132 - [006808] - ProcessPumpStateChange - PUMP [01] RETURNED TO COMMUNICATION LINE
11/06/25 19:29:28.135 - [006808] - PUMP CTRL - GET PUMP FIRMWARE - ERROR ASKING DATA [1] -> [2]
11/06/25 19:29:28.561 - [006808] - ProcessPumpStateChange - PUMP [01] RETURNED TO COMMUNICATION LINE
11/06/25 19:29:28.723 - [006808] - PUMP CTRL - GET PUMP FIRMWARE - ERROR ASKING DATA [1] -> [2]
11/06/25 19:29:29.369 - [006808] - ProcessPumpStateChange - PUMP [01] RETURNED TO COMMUNICATION LINE
11/06/25 19:29:29.425 - [006808] - PUMP CTRL - GET PUMP FIRMWARE - ERROR ASKING DATA [1] -> [2]
11/06/25 19:29:29.875 - [006808] - ProcessPumpStateChange - PUMP [01] RETURNED TO COMMUNICATION LINE
11/06/25 19:29:29.879 - [006808] - PUMP CTRL - GET PUMP FIRMWARE - ERROR ASKING DATA [1] -> [2]
11/06/25 19:29:30.534 - [006808] - ProcessPumpStateChange - PUMP [01] RETURNED TO COMMUNICATION LINE
11/06/25 19:29:30.584 - [006808] - PUMP CTRL - GET PUMP FIRMWARE - ERROR ASKING DATA [1] -> [2]
11/06/25 19:29:31.006 - [006808] - ProcessPumpStateChange - PUMP [01] RETURNED TO COMMUNICATION LINE
11/06/25 19:29:31.010 - [006808] - PUMP CTRL - GET PUMP FIRMWARE - ERROR ASKING DATA [1] -> [2]
11/06/25 19:29:31.869 - [006808] - ProcessPumpStateChange - PUMP [01] RETURNED TO COMMUNICATION LINE
11/06/25 19:29:32.031 - [006808] - PUMP CTRL - GET PUMP FIRMWARE - ERROR ASKING DATA [1] -> [2]
11/06/25 19:29:32.678 - [006808] - ProcessPumpStateChange - PUMP [01] RETURNED TO COMMUNICATION LINE
11/06/25 19:29:32.735 - [006808] - PUMP CTRL - GET PUMP FIRMWARE - ERROR ASKING DATA [1] -> [2]
11/06/25 19:29:33.194 - [006808] - ProcessPumpStateChange - PUMP [01] RETURNED TO COMMUNICATION LINE
11/06/25 19:29:33.252 - [006808] - PUMP CTRL - GET PUMP FIRMWARE - ERROR ASKING DATA [1] -> [2]
11/06/25 19:29:33.679 - [006808] - ProcessPumpStateChange - PUMP [01] RETURNED TO COMMUNICATION LINE
11/06/25 19:29:33.838 - [006808] - PUMP CTRL - GET PUMP FIRMWARE - ERROR ASKING DATA [1] -> [2]
11/06/25 19:29:34.035 - [004168] - CPricesManager::addPriceChange - Requesting add price change by [42]
11/06/25 19:29:34.036 - [004168] - CPricesManager::addPriceChange - Price change with price out of range in product [1] level [1]
11/06/25 19:29:34.061 - [024072] - REQUEST SET CONFIG - CONFIGURATION OF CORRECT SIZE RECEIVED
11/06/25 19:29:34.061 - [024072] - REQUEST - COMPARE CONFIGS - DIFFERENT CONFIGS IN OFFSET [1105] SIZE [1] [6]
11/06/25 19:29:34.061 - [024072] - REQUEST - DIFFERENCE IN OFFSET [0] -> [62] + [41]
11/06/25 19:29:35.325 - [006808] - PROCESS END STATE - ERROR IN ASK SALE PUMP [2]
11/06/25 19:29:35.325 - [006808] - ProcessPumpStateChange - ERROR PROCESSING END STATE PUMP [2]
11/06/25 19:29:35.332 - [006808] - ProcessPumpStateChange - PUMP [01] RETURNED TO COMMUNICATION LINE
11/06/25 19:29:35.422 - [006808] - PUMP CTRL - GET PUMP FIRMWARE - ERROR ASKING DATA [1] -> [2]
11/06/25 19:29:36.594 - [006808] - PROCESS END STATE - ERROR IN ASK SALE PUMP [2]
11/06/25 19:29:36.594 - [006808] - ProcessPumpStateChange - ERROR PROCESSING END STATE PUMP [2]
11/06/25 19:29:36.599 - [006808] - ProcessPumpStateChange - PUMP [01] RETURNED TO COMMUNICATION LINE
11/06/25 19:29:36.603 - [006808] - PUMP CTRL - GET PUMP FIRMWARE - ERROR ASKING DATA [1] -> [2]
11/06/25 19:29:37.658 - [006808] - PROCESS END STATE - ERROR IN ASK SALE PUMP [2]
11/06/25 19:29:37.658 - [006808] - ProcessPumpStateChange - ERROR PROCESSING END STATE PUMP [2]
11/06/25 19:29:37.664 - [006808] - ProcessPumpStateChange - PUMP [01] RETURNED TO COMMUNICATION LINE
11/06/25 19:29:37.678 - [006808] - PUMP CTRL - GET PUMP FIRMWARE - ERROR ASKING DATA [1] -> [2]
11/06/25 19:29:40.219 - [006808] - PROCESS END STATE - ERROR IN ASK SALE PUMP [2]
11/06/25 19:29:40.219 - [006808] - ProcessPumpStateChange - ERROR PROCESSING END STATE PUMP [2]
11/06/25 19:29:40.224 - [006808] - ProcessPumpStateChange - PUMP [01] RETURNED TO COMMUNICATION LINE
11/06/25 19:29:40.228 - [006808] - PUMP CTRL - GET PUMP FIRMWARE - ERROR ASKING DATA [1] -> [2]
11/06/25 19:29:41.284 - [006808] - PROCESS END STATE - ERROR IN ASK SALE PUMP [2]
11/06/25 19:29:41.284 - [006808] - ProcessPumpStateChange - ERROR PROCESSING END STATE PUMP [2]
11/06/25 19:29:41.290 - [006808] - ProcessPumpStateChange - PUMP [01] RETURNED TO COMMUNICATION LINE
11/06/25 19:29:41.292 - [006808] - PUMP CTRL - GET PUMP FIRMWARE - ERROR ASKING DATA [1] -> [2]
11/06/25 19:29:42.336 - [006808] - PROCESS END STATE - ERROR IN ASK SALE PUMP [2]
11/06/25 19:29:42.336 - [006808] - ProcessPumpStateChange - ERROR PROCESSING END STATE PUMP [2]
11/06/25 19:29:42.342 - [006808] - ProcessPumpStateChange - PUMP [01] RETURNED TO COMMUNICATION LINE
11/06/25 19:29:42.348 - [006808] - PUMP CTRL - GET PUMP FIRMWARE - ERROR ASKING DATA [1] -> [2]
11/06/25 19:29:43.403 - [006808] - PROCESS END STATE - ERROR IN ASK SALE PUMP [2]
11/06/25 19:29:43.403 - [006808] - ProcessPumpStateChange - ERROR PROCESSING END STATE PUMP [2]
11/06/25 19:29:43.408 - [006808] - ProcessPumpStateChange - PUMP [01] RETURNED TO COMMUNICATION LINE
11/06/25 19:29:43.421 - [006808] - PUMP CTRL - GET PUMP FIRMWARE - ERROR ASKING DATA [1] -> [2]
11/06/25 19:29:45.084 - [006808] - PROCESS END STATE - ERROR IN ASK SALE PUMP [2]
11/06/25 19:29:45.084 - [006808] - ProcessPumpStateChange - ERROR PROCESSING END STATE PUMP [2]
11/06/25 19:29:45.090 - [006808] - ProcessPumpStateChange - PUMP [01] RETURNED TO COMMUNICATION LINE
11/06/25 19:29:45.149 - [006808] - PUMP CTRL - GET PUMP FIRMWARE - ERROR ASKING DATA [1] -> [2]
11/06/25 19:29:46.320 - [006808] - PROCESS END STATE - ERROR IN ASK SALE PUMP [2]
11/06/25 19:29:46.320 - [006808] - ProcessPumpStateChange - ERROR PROCESSING END STATE PUMP [2]
11/06/25 19:29:46.326 - [006808] - ProcessPumpStateChange - PUMP [01] RETURNED TO COMMUNICATION LINE
11/06/25 19:29:46.488 - [006808] - PUMP CTRL - GET PUMP FIRMWARE - ERROR ASKING DATA [1] -> [2]
11/06/25 19:29:47.321 - [006808] - PROCESS END STATE - ERROR IN ASK SALE PUMP [2]
11/06/25 19:29:47.321 - [006808] - ProcessPumpStateChange - ERROR PROCESSING END STATE PUMP [2]
11/06/25 19:29:47.327 - [006808] - ProcessPumpStateChange - PUMP [01] RETURNED TO COMMUNICATION LINE
11/06/25 19:29:47.387 - [006808] - PUMP CTRL - GET PUMP FIRMWARE - ERROR ASKING DATA [1] -> [2]
11/06/25 19:29:48.185 - [014784] - REQUEST SHIFT/DAY/MONTH - CLOSE REQUESTED [T1]
11/06/25 19:29:48.185 - [014784] - SHIFT - SET PENDING REPORT - SET LAST SHIFT TO [c72b0d69832e0d69] [OFF]
11/06/25 19:29:48.257 - [006808] - PROCESS END STATE - ERROR IN ASK SALE PUMP [2]
11/06/25 19:29:48.257 - [006808] - ProcessPumpStateChange - ERROR PROCESSING END STATE PUMP [2]
11/06/25 19:29:49.268 - [006808] - SHIFT DAY MONTH CLOSE - TYPE [T] [1]
11/06/25 19:29:49.269 - [006808] - INVOICE - GENERATE DIFFERENCE INVOICE [01;00000000;00000000|]
11/06/25 19:29:49.269 - [006808] - INVOICE - GENERATE DIFFERENCE INVOICE [02;00000000;00000000|]
11/06/25 19:29:49.269 - [006808] - INVOICE - GENERATE DIFFERENCE INVOICE [03;00002005;00042343|]
11/06/25 19:29:49.269 - [006808] - INVOICE - GENERATE DIFFERENCE INVOICE [04;00000000;00000000|]
11/06/25 19:29:49.269 - [006808] - INVOICE - GENERATE DIFFERENCE INVOICE [05;00000000;00000000|]
11/06/25 19:29:49.269 - [006808] - INVOICE - GENERATE DIFFERENCE INVOICE [06;00000000;00000000|]
11/06/25 19:29:49.269 - [006808] - INVOICE - GENERATE DIFFERENCE INVOICE [07;00000000;00000000|]
11/06/25 19:29:49.269 - [006808] - INVOICE - GENERATE DIFFERENCE INVOICE [08;00000000;00000000|]
11/06/25 19:29:49.269 - [006808] - INVOICE - GENERATE DIFFERENCE INVOICE [09;00000000;00000000|]
11/06/25 19:29:49.269 - [006808] - INVOICE - GENERATE DIFFERENCE INVOICE [10;00000000;00000000|]
11/06/25 19:29:49.284 - [006808] - SHIFT DAY MONTH CLOSE - WRITE HEADER OK
11/06/25 19:29:49.285 - [006808] - GET PERIOD PRODUCT SALES - FILE [PRODUCTDIFSALES0.00] NOT EXISTS
11/06/25 19:29:49.288 - [006808] - SHIFT - ADD EVENTS TO REPORT - FILE [C:\WINDOWS\CEM44\FILES\RPMDW.NAD\EVENT1.TXT] DON'T EXIST
11/06/25 19:29:49.288 - [006808] - SHIFT DAY MONTH CLOSE - SHIFT CLOSE DETAIL OK
11/06/25 19:29:49.289 - [006808] - MERGE PERIODS FILES - FILE [PRODUCTDIFSALES0.00] IS A BLANK PERIOD
11/06/25 19:29:49.362 - [006808] - CShifts::addFieldClose - Se omite generacion de registro por que no hay datos en el current field
11/06/25 19:29:49.367 - [006808] - SHIFT - UPDATE SHIFT NUMBER - SHIFT DATA FILE [
11/06/25 19:29:49.383 - [006808] - UPDATE DATE INFORMATION - DATE READ OK
11/06/25 19:29:49.383 - [006808] - UpdateDateInformation - ID DE TURNO [20251106192949] START[1762471789]
11/06/25 19:29:49.383 - [006808] - UPDATE DATE INFORMATION - START END DATE [832e0d696d2f0d69]
11/06/25 19:29:49.383 - [006808] - SHIFT - COPY FILES - NAMES [832e0d696d2f0d69]
11/06/25 19:29:49.385 - [006808] - SHIFT - COPY FILES - ERROR RENAIMING [C:\WINDOWS\CEM44\FILES\RPMDW.NAD\CTFSales.BIN] to [C:\WINDOWS\CEM44\FILES\RPMDW.NAD\SHIFTS\832e0d696d2f0d69.CTF]
11/06/25 19:29:49.385 - [006808] - SHIFT - COPY FILES - ERROR RENAIMING [C:\WINDOWS\CEM44\FILES\RPMDW.NAD\EVENT] to [C:\WINDOWS\CEM44\FILES\RPMDW.NAD\SHIFTS\832e0d696d2f0d69.EVT]
11/06/25 19:29:49.399 - [006808] - WriteXMLFile - DOC XML WRITE OK
11/06/25 19:29:49.400 - [006808] - COPY FILES - ARCHIVO DE VENTAS XML RENOMBRADO EN FORMA CORRECTA
11/06/25 19:29:49.400 - [006808] - CLEAN XML DOCUMENT - Start Clean
11/06/25 19:29:49.402 - [006808] - CLEAN XML DOCUMENT - End Clean
11/06/25 19:29:49.402 - [006808] - INIT XML DOCUMENT - DOCUMENTO XML INICIALIZADO
11/06/25 19:29:49.402 - [006808] - COPY FILES - DOCUMENTO XML DE VENTAS LIMPIO
