11/06/25 19:14:15.404 - [006200] - SERVICE START - SERVICE STARTED WITH VERSION [06.02.00.06]
11/06/25 19:14:15.404 - [006200] - SERVICE START - ROOT DIRECTORY [C:\WINDOWS]
11/06/25 19:14:15.404 - [006200] - SERVICE START - LOADING PUMP LIBRARY ...
11/06/25 19:14:15.457 - [006200] - LoadPumpControlLibrary - PUMP LIBRARY FOUND : PumpCtrl - LOADING API'S ...
11/06/25 19:14:15.457 - [006200] - SERVICE START - PUMP LIBRARY LOADED OK
11/06/25 19:14:15.463 - [006276] - ALARM CONTROL THREAD - PROCESO INICIADO
11/06/25 19:14:15.464 - [006276] - ALARM CONTROL THREAD - NO HAY RELAY CONFIGURADO PARA LAS ALARMAS
11/06/25 19:14:15.465 - [006200] - SERVICE START - WAITING FOR PUMPCTRLTHREAD...
11/06/25 19:14:15.466 - [006272] - FILES DEPURE - WAITING FOR TIME [3]
11/06/25 19:14:15.486 - [006268] - GET CENTRAL VERSION - NO SE HA PODIDO LEER CORRECTAMENTE LA VERSION DE ARCHIVO DE SALIDA,	LA VERSION DE ARCHIVO DE SALIDA SE SETEARA IGUAL A LA VERSION DE ARCHIVO DE ENTRADA [0000001]
11/06/25 19:14:15.486 - [006268] - SET CENTRAL VERSION - SE SETEO LA SIGUIENTE VERSION DE ARCHIVO DE ENTRADA [0000001]
11/06/25 19:14:15.486 - [006268] - SET CENTRAL VERSION - SE SETEO LA SIGUIENTE VERSION DE ARCHIVO DE SALIDA [0000001]
11/06/25 19:14:15.486 - [006268] - GET CENTRAL VERSION - VERSION DE ARCHIVO DE ENTRADA [0000001]
11/06/25 19:14:15.486 - [006268] - GET CENTRAL VERSION - VERSION DE ARCHIVO DE SALIDA [0000001]
11/06/25 19:14:15.489 - [006268] - LEE HORA CAMBIO PASSWORD ADMIN - ERROR OPENING FILE, ADIMISTRATOR PASSWORD WILL CHANGE IN FEW MOMENT
11/06/25 19:14:15.489 - [006268] - READPIPECTF - ERROR [2] OPENING CTF PIPE FILE, SETTING DEFAULT PIPE.
11/06/25 19:14:15.496 - [006268] - PUMP CONTROL THREAD - ERROR READING SERIAL PORTS SETTINGS
11/06/25 19:14:15.514 - [006268] - LOAD ADVISE FLAGS - ERROR LOADING ADVISE FLAGS VECTOR.
11/06/25 19:14:15.516 - [006268] - SAVE ADVISE FLAGS - ADVISE FLAGS VECTOR SAVED.
11/06/25 19:14:15.519 - [006268] - FILES MGMNT - GET SPECIAL FIRMWARE VERSIONS - NO SPECIAL FIRMWARE FILE FOUND
11/06/25 19:14:15.523 - [006268] - CCentraTotalizers::loadTotalizers - Error opening file [CENTRALVAL.BIN]
11/06/25 19:14:15.529 - [006268] - READ FROM ASCII FILE - ERROR OPENING FILE [C:\WINDOWS\CEM44\FILES\RPMDW.NAD\VTOTTANKS.BIN] FOR READING
11/06/25 19:14:15.529 - [006268] - READ FROM ASCII FILE - ERROR OPENING FILE [C:\WINDOWS\CEM44\FILES\RPMDW.NAD\VTOTNCTANKS.BIN] FOR READING
11/06/25 19:14:15.529 - [006268] - CCentraTotalizers::loadPeriodPointers - Error opening file [CENTRALPOINTERS.BIN]
11/06/25 19:14:15.529 - [006268] - CCentraTotalizers::CCentraTotalizers - Actual period in central totalizers [0]
11/06/25 19:14:15.529 - [006268] - CCentraTotalizers::CCentraTotalizers - Using period [0] in central totalizers for pump [1]
11/06/25 19:14:15.529 - [006268] - CCentraTotalizers::CCentraTotalizers - Using period [0] in central totalizers for pump [2]
11/06/25 19:14:15.529 - [006268] - FILES MGMNT - READ PUMP LEVEL - ERROR OPENING FILE
11/06/25 19:14:15.532 - [006268] - LOAD SMS ACTIVATE TIME - NO SMS TO ACTIVATE
11/06/25 19:14:15.535 - [006268] - SPECIAL REPORTS - LOAD COMISIONS - ERROR READING FROM FILE
11/06/25 19:14:15.535 - [006268] - PUMP CONTROL THREAD - ERROR LOADING COMISIONS
11/06/25 19:14:15.536 - [006268] - READ TANKS HEIGHT - NO EXISTE EL ARCHIVO DE ALTURA DE TANQUES. NO TIENE IMPORTANCIA
11/06/25 19:14:15.536 - [006268] - GET TICKET TYPE - ERROR OPENING FILE [C:\WINDOWS\CEM44\FILES\RPMDW.NAD\TICKETTYPE.BIN] FOR READING
11/06/25 19:14:15.554 - [006268] - CLastSales::migrateFileFormat - MIGRACION DE FORMATO DE ARCHIVO [C:\WINDOWS\CEM44\FILES\RPMDW.NAD\LSF.BIN] EJECUTADA OK
11/06/25 19:14:15.555 - [006268] - GetLastReportsInfo - ULTIMOS REPORTES TURNO[][-48] DIA[] MES[5986156]
11/06/25 19:14:15.558 - [006268] - READ PENDING RED XXI REPORT - ERROR OPENING FILE
11/06/25 19:14:15.560 - [006268] - READ LAST CENTRAL PERIOD - ERROR OPENING FILE FOR READING
11/06/25 19:14:15.566 - [006268] - CPersistenceNr::write - Error the file [PRICESID.BIN] doesn't exist
11/06/25 19:14:15.571 - [006268] - CPricesManager::loadPricesList - Error loading prices list from file
11/06/25 19:14:15.573 - [006268] - CPricesManager::oldLoadPriceChange - Price change with old format
11/06/25 19:14:15.573 - [006268] - CPricesManager::oldReadPriceChangeInfo - Error opening file [PRICES_CONSIG.TPC]
11/06/25 19:14:15.574 - [006268] - CDefaultPriceChangePolicy::loadAdviseTime - Error loading advise time
11/06/25 19:14:15.576 - [006268] - CDefaultPriceChangePolicy::CDefaultPriceChangePolicy - Advise time of [10:00].
11/06/25 19:14:15.579 - [006268] - READ FROM ASCII FILE - ERROR OPENING FILE [C:\WINDOWS\CEM44\FILES\RPMDW.NAD\PRESETIDSEC.BIN] FOR READING
11/06/25 19:14:15.579 - [006268] - LOAD VALUE - ERROR OPENING FILE [C:\WINDOWS\CEM44\FILES\RPMDW.NAD\JOBPRICESTIMEOUT.BIN] FOR READING
11/06/25 19:14:15.579 - [006268] - CJobsManager::CJobsManager - Prices for next dispatch time out [5]
11/06/25 19:14:15.579 - [006268] - CJobsManager::CJobsManager - Unauthorized preset time out [15]
11/06/25 19:14:15.579 - [006268] - CJobsManager::CJobsManager - Maximun number of preset retries [0]
11/06/25 19:14:15.768 - [006268] - PUMP CONTROL THREAD - MODO SIN LICENCIA
11/06/25 19:14:15.768 - [006268] - ReadGNCDensity - Error abriendo archivo de densidad de GNC
11/06/25 19:14:15.807 - [006268] - INITIALIZE XML DOCUMENTS - DOCUMENTOS XML INICIALIZADOS OK
11/06/25 19:14:15.809 - [006268] - INIT XML DOCUMENT - DOCUMENTO XML INICIALIZADO
11/06/25 19:14:15.809 - [006268] - NewReadXMLFile - DOCUMENTO XML DE VENTAS LIMPIO
11/06/25 19:14:15.809 - [006268] - NewReadXMLFile - ERROR VERIFICANDO NODOS DEL XML
11/06/25 19:14:15.809 - [006268] - NewReadXMLFile - Carga finalizada OK
11/06/25 19:14:15.810 - [006268] - INIT XML DOCUMENT - DOCUMENTO XML INICIALIZADO
11/06/25 19:14:15.811 - [007792] - CEM SOCKET SERVER - Socket created OK
11/06/25 19:14:15.811 - [007792] - CEM SOCKET SERVER - Socket bind successful to port [9010].
11/06/25 19:14:15.811 - [007792] - CEM SOCKET SERVER - Socket set to listen state OK.
11/06/25 19:14:15.864 - [006200] - SERVICE START - PUMPCTRLTHREAD INITIALIZED
11/06/25 19:14:16.865 - [006268] - CModuleLoader::loadModules - no modules found
11/06/25 19:14:16.881 - [006268] - ProcessPumpStateChange - PUMP [01] SET TO VOID
11/06/25 19:14:16.881 - [006268] - ProcessPumpStateChange - PUMP [02] SET TO VOID
11/06/25 19:17:06.306 - [001340] - GetUpdateRegDate - ERROR READING UPDATE DATE
11/06/25 19:17:06.306 - [001340] - SetUpdateRegDate - SETING NEW UPDATE DATE
11/06/25 19:17:06.600 - [001544] - SAVE ADVISE FLAGS - ADVISE FLAGS VECTOR SAVED.
11/06/25 19:17:06.622 - [001548] - GET DECIMAL VOLUME - ERROR OPENING FILE
11/06/25 19:18:06.421 - [018616] - SAVE ADVISE FLAGS - ADVISE FLAGS VECTOR SAVED.
11/06/25 19:18:06.423 - [015848] - GET DECIMAL VOLUME - ERROR OPENING FILE
11/06/25 19:20:51.702 - [004392] - Se detecto un evento de shutdown que detendra el servicio controlador de surtidores
11/06/25 19:20:51.709 - [004392] - SERVICE STOP - SERVICE STOP EXECUTED
11/06/25 19:20:51.710 - [006200] - PIPE CONNECTED & DISCONNECTED TO END SESSION
11/06/25 19:20:51.710 - [006200] - SERVICE START - PROGRAM SHUTTING DOWN
11/06/25 19:20:51.747 - [006276] - ALARM CONTROL THREAD - PROCESO FINALIZADO
11/06/25 19:20:51.898 - [006268] - finalizePumpControlThread - CLEANING ALL OBJECTS OK
11/06/25 19:20:51.898 - [006268] - PUMP CONTROL THREAD - PROCESS TERMINATED
11/06/25 19:20:52.065 - [006272] - FILES DEPURE - PROCESS TERMINATED
11/06/25 19:20:52.112 - [006200] - SERVICE START - PROGRAM REALLY FINISHED
11/06/25 19:21:21.037 - [006480] - SERVICE START - SERVICE STARTED WITH VERSION [06.02.00.06]
11/06/25 19:21:21.048 - [006480] - SERVICE START - ROOT DIRECTORY [C:\WINDOWS]
11/06/25 19:21:21.048 - [006480] - SERVICE START - LOADING PUMP LIBRARY ...
11/06/25 19:21:21.120 - [006480] - LoadPumpControlLibrary - PUMP LIBRARY FOUND : PumpCtrl - LOADING API'S ...
11/06/25 19:21:21.123 - [006480] - SERVICE START - PUMP LIBRARY LOADED OK
11/06/25 19:21:21.123 - [006816] - ALARM CONTROL THREAD - PROCESO INICIADO
11/06/25 19:21:21.125 - [006480] - SERVICE START - WAITING FOR PUMPCTRLTHREAD...
11/06/25 19:21:21.126 - [006816] - ALARM CONTROL THREAD - NO HAY RELAY CONFIGURADO PARA LAS ALARMAS
11/06/25 19:21:21.138 - [006812] - FILES DEPURE - WAITING FOR TIME [3]
11/06/25 19:21:21.149 - [006808] - GET CENTRAL VERSION - VERSION DE ARCHIVO DE ENTRADA [0000001]
11/06/25 19:21:21.149 - [006808] - GET CENTRAL VERSION - VERSION DE ARCHIVO DE SALIDA [0000001]
11/06/25 19:21:21.151 - [006808] - LEE HORA CAMBIO PASSWORD ADMIN - ERROR OPENING FILE, ADIMISTRATOR PASSWORD WILL CHANGE IN FEW MOMENT
11/06/25 19:21:21.151 - [006808] - READPIPECTF - ERROR [2] OPENING CTF PIPE FILE, SETTING DEFAULT PIPE.
11/06/25 19:21:21.153 - [006808] - PUMP CONTROL THREAD - ERROR READING SERIAL PORTS SETTINGS
11/06/25 19:21:21.167 - [006808] - LOAD ADVISE FLAGS - ADVISE FLAGS VECTOR LOADED.
11/06/25 19:21:21.167 - [006808] - FILES MGMNT - GET SPECIAL FIRMWARE VERSIONS - NO SPECIAL FIRMWARE FILE FOUND
11/06/25 19:21:21.178 - [006808] - CCentraTotalizers::CCentraTotalizers - Actual period in central totalizers [0]
11/06/25 19:21:21.178 - [006808] - CCentraTotalizers::CCentraTotalizers - Using period [0] in central totalizers for pump [1]
11/06/25 19:21:21.178 - [006808] - CCentraTotalizers::CCentraTotalizers - Using period [0] in central totalizers for pump [2]
11/06/25 19:21:21.178 - [006808] - LOAD SMS ACTIVATE TIME - NO SMS TO ACTIVATE
11/06/25 19:21:21.181 - [006808] - SPECIAL REPORTS - LOAD COMISIONS - ERROR READING FROM FILE
11/06/25 19:21:21.181 - [006808] - PUMP CONTROL THREAD - ERROR LOADING COMISIONS
11/06/25 19:21:21.181 - [006808] - READ TANKS HEIGHT - NO EXISTE EL ARCHIVO DE ALTURA DE TANQUES. NO TIENE IMPORTANCIA
11/06/25 19:21:21.181 - [006808] - GET TICKET TYPE - ERROR OPENING FILE [C:\WINDOWS\CEM44\FILES\RPMDW.NAD\TICKETTYPE.BIN] FOR READING
11/06/25 19:21:21.183 - [006808] - GetLastReportsInfo - ULTIMOS REPORTES TURNO[][-48] DIA[] MES[5986156]
11/06/25 19:21:21.184 - [006808] - InitializeShiftInformation - ULTIMO ID DE TURNO [20251106191415] START[1762470855] END[1762470855]
11/06/25 19:21:21.184 - [006808] - READ PENDING RED XXI REPORT - ERROR OPENING FILE
11/06/25 19:21:21.195 - [006808] - READ LAST CENTRAL PERIOD - ERROR OPENING FILE FOR READING
11/06/25 19:21:21.198 - [006808] - CDefaultPriceChangePolicy::CDefaultPriceChangePolicy - Advise time of [10:00].
11/06/25 19:21:21.216 - [006808] - READ FROM ASCII FILE - ERROR OPENING FILE [C:\WINDOWS\CEM44\FILES\RPMDW.NAD\PRESETIDSEC.BIN] FOR READING
11/06/25 19:21:21.217 - [006808] - LOAD VALUE - ERROR OPENING FILE [C:\WINDOWS\CEM44\FILES\RPMDW.NAD\JOBPRICESTIMEOUT.BIN] FOR READING
11/06/25 19:21:21.218 - [006808] - CJobsManager::CJobsManager - Prices for next dispatch time out [5]
11/06/25 19:21:21.218 - [006808] - CJobsManager::CJobsManager - Unauthorized preset time out [15]
11/06/25 19:21:21.218 - [006808] - CJobsManager::CJobsManager - Maximun number of preset retries [0]
11/06/25 19:21:21.408 - [006808] - PUMP CONTROL THREAD - MODO SIN LICENCIA
11/06/25 19:21:21.408 - [006808] - ReadGNCDensity - Error abriendo archivo de densidad de GNC
11/06/25 19:21:21.426 - [006808] - INITIALIZE XML DOCUMENTS - DOCUMENTOS XML INICIALIZADOS OK
11/06/25 19:21:21.431 - [006808] - INIT XML DOCUMENT - DOCUMENTO XML INICIALIZADO
11/06/25 19:21:21.431 - [006808] - NewReadXMLFile - DOCUMENTO XML DE VENTAS LIMPIO
11/06/25 19:21:21.431 - [006808] - NewReadXMLFile - ERROR VERIFICANDO NODOS DEL XML
11/06/25 19:21:21.431 - [006808] - NewReadXMLFile - Carga finalizada OK
11/06/25 19:21:21.431 - [006808] - INIT XML DOCUMENT - DOCUMENTO XML INICIALIZADO
11/06/25 19:21:21.437 - [008296] - CEM SOCKET SERVER - Socket created OK
11/06/25 19:21:21.437 - [008296] - CEM SOCKET SERVER - Socket bind successful to port [9010].
11/06/25 19:21:21.437 - [008296] - CEM SOCKET SERVER - Socket set to listen state OK.
11/06/25 19:21:21.484 - [006480] - SERVICE START - PUMPCTRLTHREAD INITIALIZED
11/06/25 19:21:22.486 - [006808] - CModuleLoader::loadModules - no modules found
11/06/25 19:21:22.492 - [006808] - ProcessPumpStateChange - PUMP [01] RETURNED TO COMMUNICATION LINE
11/06/25 19:21:22.908 - [006808] - PUMP CTRL - GET PUMPS FIRMWARE - PUMP [1] FIRMWARE [0]
11/06/25 19:21:23.334 - [006808] - PUMP CTRL - GET PUMPS FIRMWARE - PUMP [1] FIRMWARE [0]
11/06/25 19:21:23.334 - [006808] - CHECK FOR NOT CONTROLLED SALES - SET VTotalizers & ATotalizers TO 0
11/06/25 19:21:23.635 - [006808] - CHECK FOR NOT CONTROLLED SALES - ULTIMA VENTA DEL SURTIDOR [01] HOSE [2] AMOUNT [0] VOLUME [0] PPU [2421]
11/06/25 19:21:24.247 - [006808] - CHECK FOR NOT CONTROLLED SALES - PUMP [1] POSITIONED [OK][0]
11/06/25 19:21:24.248 - [006808] - ProcessPumpStateChange - PUMP [02] RETURNED TO COMMUNICATION LINE
11/06/25 19:21:24.516 - [006808] - PUMP CTRL - GET PUMPS FIRMWARE - PUMP [2] FIRMWARE [0]
11/06/25 19:21:24.865 - [006808] - PUMP CTRL - GET PUMPS FIRMWARE - PUMP [2] FIRMWARE [0]
11/06/25 19:21:24.865 - [006808] - CHECK FOR NOT CONTROLLED SALES - SET VTotalizers & ATotalizers TO 0
11/06/25 19:21:25.161 - [006808] - CHECK FOR NOT CONTROLLED SALES - ULTIMA VENTA DEL SURTIDOR [02] HOSE [2] AMOUNT [0] VOLUME [0] PPU [2916]
11/06/25 19:21:25.871 - [006808] - CHECK FOR NOT CONTROLLED SALES - PUMP [2] POSITIONED [OK][0]
11/06/25 19:22:07.288 - [017320] - SAVE ADVISE FLAGS - ADVISE FLAGS VECTOR SAVED.
11/06/25 19:22:07.375 - [017228] - GET DECIMAL VOLUME - ERROR OPENING FILE
11/06/25 19:23:48.207 - [006808] - CJobsManager::enqueueAuthorize - Authorization for pump [1] prepay [0]
11/06/25 19:23:48.207 - [006808] - SAVE VALUE - SE CREO EL ARCHIVO [C:\WINDOWS\CEM44\FILES\RPMDW.NAD\PRESETID.BIN] PORQUE NO EXISTIA
11/06/25 19:23:48.209 - [006808] - CJobsManager::enqueueAuthorize - JobId [1]
11/06/25 19:23:48.417 - [006808] - CJobsManager::executeJobAuthorize - Authorization [1] for pump [1] sent
11/06/25 19:23:48.645 - [006808] - ProcessPumpStateChange - PUMP [1] STARTED FUELING
11/06/25 19:23:53.669 - [006808] - PROCESS END STATE - SALE[0]$ VOL[0] PPU[100] PUMP[1] HOSE[0][0]
11/06/25 19:23:54.288 - [006808] - PROCESS END STATE - ZERO SALE DETECTED
11/06/25 19:23:54.288 - [006808] - CJobsManager::cancelledSale - Job [1] without associated sale on pump [1]
11/06/25 19:24:41.950 - [010456] - SAVE ADVISE FLAGS - ADVISE FLAGS VECTOR SAVED.
11/06/25 19:24:41.955 - [009480] - GET DECIMAL VOLUME - ERROR OPENING FILE
11/06/25 19:25:18.900 - [006808] - CJobsManager::enqueueAuthorize - Authorization for pump [1] prepay [0]
11/06/25 19:25:18.900 - [006808] - CJobsManager::enqueueAuthorize - JobId [2]
11/06/25 19:25:19.116 - [006808] - CJobsManager::executeJobAuthorize - Authorization [2] for pump [1] sent
11/06/25 19:25:19.338 - [006808] - ProcessPumpStateChange - PUMP [1] STARTED FUELING
11/06/25 19:25:35.428 - [006808] - PROCESS END STATE - SALE[0]$ VOL[0] PPU[100] PUMP[1] HOSE[0][0]
11/06/25 19:25:36.044 - [006808] - PROCESS END STATE - ZERO SALE DETECTED
11/06/25 19:25:36.044 - [006808] - CJobsManager::cancelledSale - Job [2] without associated sale on pump [1]
11/06/25 19:25:36.435 - [017232] - SAVE ADVISE FLAGS - ADVISE FLAGS VECTOR SAVED.
11/06/25 19:25:36.437 - [005776] - GET DECIMAL VOLUME - ERROR OPENING FILE
11/06/25 19:25:54.828 - [012272] - REQUEST SHIFT/DAY/MONTH - CLOSE REQUESTED [T1]
11/06/25 19:25:54.841 - [012272] - SHIFT - SET PENDING REPORT - SET LAST SHIFT TO [] [OFF]
11/06/25 19:25:55.910 - [006808] - SHIFT DAY MONTH CLOSE - TYPE [T] [1]
11/06/25 19:25:55.923 - [006808] - INVOICE - GENERATE DIFFERENCE INVOICE [01;00000000;00000000|]
11/06/25 19:25:55.923 - [006808] - INVOICE - GENERATE DIFFERENCE INVOICE [02;00000000;00000000|]
11/06/25 19:25:55.923 - [006808] - INVOICE - GENERATE DIFFERENCE INVOICE [03;00000000;00000000|]
11/06/25 19:25:55.923 - [006808] - INVOICE - GENERATE DIFFERENCE INVOICE [04;00000000;00000000|]
11/06/25 19:25:55.923 - [006808] - INVOICE - GENERATE DIFFERENCE INVOICE [05;00000000;00000000|]
11/06/25 19:25:55.923 - [006808] - INVOICE - GENERATE DIFFERENCE INVOICE [06;00000000;00000000|]
11/06/25 19:25:55.923 - [006808] - INVOICE - GENERATE DIFFERENCE INVOICE [07;00000000;00000000|]
11/06/25 19:25:55.923 - [006808] - INVOICE - GENERATE DIFFERENCE INVOICE [08;00000000;00000000|]
11/06/25 19:25:55.923 - [006808] - INVOICE - GENERATE DIFFERENCE INVOICE [09;00000000;00000000|]
11/06/25 19:25:55.923 - [006808] - INVOICE - GENERATE DIFFERENCE INVOICE [10;00000000;00000000|]
11/06/25 19:25:55.938 - [006808] - SHIFT DAY MONTH CLOSE - WRITE HEADER OK
11/06/25 19:25:55.953 - [006808] - GET PERIOD PRODUCT SALES - FILE [PRODUCTSALES0.00] NOT EXISTS
11/06/25 19:25:55.953 - [006808] - CREATE PRODUCT TOTALS FILE - EL PERIODO DE PRECIOS [1] NO TIENE DESPACHOS, POR LO QUE SE INFORMARAN TODOS EN 0
11/06/25 19:25:55.953 - [006808] - CreateSpecialSalesSection - Error opening file [SHIFTSPECIALSALES.BIN]
11/06/25 19:25:55.953 - [006808] - SHIFT CLOSE DETAIL - ERROR CREATING SPECIAL SALES SECTION
11/06/25 19:25:55.954 - [006808] - SHIFT - ADD EVENTS TO REPORT - FILE [C:\WINDOWS\CEM44\FILES\RPMDW.NAD\EVENT1.TXT] DON'T EXIST
11/06/25 19:25:55.954 - [006808] - SHIFT DAY MONTH CLOSE - SHIFT CLOSE DETAIL OK
11/06/25 19:25:55.955 - [006808] - MERGE PERIODS FILES - FILE [PRODUCTSALES0.00] IS A BLANK PERIOD
11/06/25 19:25:55.955 - [006808] - MERGE PERIODS FILES - FILE [PRODUCTDIFSALES0.00] IS A BLANK PERIOD
11/06/25 19:25:55.962 - [006808] - MergeTotalFiles - Error opening source file [SHIFTSPECIALSALES.BIN]
11/06/25 19:25:56.067 - [006808] - CShifts::addFieldClose - Se omite generacion de registro por que no hay datos en el current field
11/06/25 19:25:56.071 - [006808] - SHIFT - UPDATE SHIFT NUMBER - SHIFT DATA FILE [
11/06/25 19:25:56.089 - [006808] - UPDATE DATE INFORMATION - DATE READ OK
11/06/25 19:25:56.089 - [006808] - UpdateDateInformation - ID DE TURNO [20251106192555] START[1762471555]
11/06/25 19:25:56.089 - [006808] - UPDATE DATE INFORMATION - START END DATE [c72b0d69832e0d69]
11/06/25 19:25:56.089 - [006808] - SHIFT - COPY FILES - NAMES [c72b0d69832e0d69]
11/06/25 19:25:56.091 - [006808] - SHIFT - COPY FILES - ERROR RENAIMING [C:\WINDOWS\CEM44\FILES\RPMDW.NAD\CTFSales.BIN] to [C:\WINDOWS\CEM44\FILES\RPMDW.NAD\SHIFTS\c72b0d69832e0d69.CTF]
11/06/25 19:25:56.092 - [006808] - SHIFT - COPY FILES - ERROR RENAIMING [C:\WINDOWS\CEM44\FILES\RPMDW.NAD\EVENT] to [C:\WINDOWS\CEM44\FILES\RPMDW.NAD\SHIFTS\c72b0d69832e0d69.EVT]
11/06/25 19:25:56.103 - [006808] - WriteXMLFile - DOC XML WRITE OK
11/06/25 19:25:56.105 - [006808] - COPY FILES - ARCHIVO DE VENTAS XML RENOMBRADO EN FORMA CORRECTA
11/06/25 19:25:56.105 - [006808] - CLEAN XML DOCUMENT - Start Clean
11/06/25 19:25:56.106 - [006808] - CLEAN XML DOCUMENT - End Clean
11/06/25 19:25:56.106 - [006808] - INIT XML DOCUMENT - DOCUMENTO XML INICIALIZADO
11/06/25 19:25:56.106 - [006808] - COPY FILES - DOCUMENTO XML DE VENTAS LIMPIO
