----------------------------------------------
              PUMPCTRL LOG FILE               
PUMPCTRL INFO: DATE RELEASE Sep 23 2010 09:53:26
----------------------------------------------
13/08/2024 19:23:03.552 - Initialize_DLL                                     - Start PUMPCTRL Activity 
13/08/2024 19:23:03.568 - Initialize_DLL                                     - Preset x Producto habilitado[05]: 1
13/08/2024 19:23:03.568 - Initialize_DLL                                     - Preset x Monto habilitado[05]: 1
13/08/2024 19:23:03.569 - Initialize_DLL                                     - RECEPTION TIMEOUT = [100] - SHOT NEXT = [50] - INTERBYTE [0]
13/08/2024 19:23:04.200 - Pump_Offline                                       - Pump Error Counter: 5    Timeout: 1    Error: 00    Pump Status: 00
13/08/2024 19:23:05.378 - Pump_Offline                                       - Pump Error Counter: 4    Timeout: 1    Error: 00    Pump Status: 00
13/08/2024 19:23:14.802 - Pump_Offline                                       - Pump Error Counter: 3    Timeout: 1    Error: 00    Pump Status: 00
13/08/2024 19:23:21.430 - Pump_Offline                                       - Pump Error Counter: 2    Timeout: 1    Error: 00    Pump Status: 00
13/08/2024 19:23:21.430 - OutReset                                           - Reseting slot control information
13/08/2024 19:23:28.088 - Pump_Offline                                       - Pump Error Counter: 1    Timeout: 1    Error: 00    Pump Status: 00
13/08/2024 19:23:28.088 - OutReset                                           - Reseting slot control information
13/08/2024 19:23:36.504 - Pump_Offline                                       - Pump Error Counter: 0    Timeout: 1    Error: 00    Pump Status: 00
13/08/2024 19:23:36.520 - Pump_Offline                                       - Set Pump values to OFFLINE
13/08/2024 19:37:55.746 - Terminar_DLL                                       - PumpCtrl DLL_PROCESS_DETACH 
24/10/2024 19:01:21.131 - Terminar_DLL                                       - PumpCtrl DLL_PROCESS_DETACH 
13/12/2024 14:59:05.202 - Initialize_DLL                                     - Start PUMPCTRL Activity 
13/12/2024 14:59:05.219 - Initialize_DLL                                     - Preset x Producto habilitado[05]: 1
13/12/2024 14:59:05.219 - Initialize_DLL                                     - Preset x Monto habilitado[05]: 1
13/12/2024 14:59:05.220 - Initialize_DLL                                     - RECEPTION TIMEOUT = [100] - SHOT NEXT = [50] - INTERBYTE [0]
13/12/2024 14:59:06.122 - Pump_Offline                                       - Pump Error Counter: 5    Timeout: 1    Error: 00    Pump Status: 00
13/12/2024 14:59:06.122 - OutReset                                           - Reseting slot control information
13/12/2024 14:59:07.190 - Pump_Offline                                       - Pump Error Counter: 4    Timeout: 1    Error: 00    Pump Status: 00
13/12/2024 14:59:07.190 - OutReset                                           - Reseting slot control information
13/12/2024 14:59:08.258 - Pump_Offline                                       - Pump Error Counter: 3    Timeout: 1    Error: 00    Pump Status: 00
13/12/2024 14:59:08.258 - OutReset                                           - Reseting slot control information
13/12/2024 14:59:09.396 - Pump_Offline                                       - Pump Error Counter: 2    Timeout: 1    Error: 00    Pump Status: 00
13/12/2024 14:59:09.396 - OutReset                                           - Reseting slot control information
13/12/2024 14:59:09.412 - OutReset                                           - Reseting slot control information
13/12/2024 14:59:10.563 - Pump_Offline                                       - Pump Error Counter: 1    Timeout: 1    Error: 00    Pump Status: 00
13/12/2024 14:59:10.563 - OutReset                                           - Reseting slot control information
13/12/2024 14:59:10.579 - OutReset                                           - Reseting slot control information
13/12/2024 14:59:11.730 - Pump_Offline                                       - Pump Error Counter: 0    Timeout: 1    Error: 00    Pump Status: 00
13/12/2024 14:59:11.746 - Pump_Offline                                       - Set Pump values to OFFLINE
13/12/2024 16:19:46.786 - Terminar_DLL                                       - PumpCtrl DLL_PROCESS_DETACH 
13/12/2024 16:20:44.891 - Initialize_DLL                                     - Start PUMPCTRL Activity 
13/12/2024 16:20:44.906 - Initialize_DLL                                     - Preset x Producto habilitado[05]: 1
13/12/2024 16:20:44.907 - Initialize_DLL                                     - Preset x Monto habilitado[05]: 1
13/12/2024 16:20:44.908 - Initialize_DLL                                     - RECEPTION TIMEOUT = [100] - SHOT NEXT = [50] - INTERBYTE [0]
13/12/2024 16:20:45.809 - Pump_Offline                                       - Pump Error Counter: 5    Timeout: 1    Error: 00    Pump Status: 00
13/12/2024 16:20:45.809 - OutReset                                           - Reseting slot control information
13/12/2024 16:20:46.890 - Pump_Offline                                       - Pump Error Counter: 4    Timeout: 1    Error: 00    Pump Status: 00
13/12/2024 16:20:46.890 - OutReset                                           - Reseting slot control information
13/12/2024 16:20:47.959 - Pump_Offline                                       - Pump Error Counter: 3    Timeout: 1    Error: 00    Pump Status: 00
13/12/2024 16:20:47.959 - OutReset                                           - Reseting slot control information
13/12/2024 16:20:49.091 - Pump_Offline                                       - Pump Error Counter: 2    Timeout: 1    Error: 00    Pump Status: 00
13/12/2024 16:20:49.091 - OutReset                                           - Reseting slot control information
13/12/2024 16:20:49.107 - OutReset                                           - Reseting slot control information
13/12/2024 16:20:50.266 - Pump_Offline                                       - Pump Error Counter: 1    Timeout: 1    Error: 00    Pump Status: 00
13/12/2024 16:20:50.266 - OutReset                                           - Reseting slot control information
13/12/2024 16:20:50.282 - OutReset                                           - Reseting slot control information
13/12/2024 16:20:51.430 - Pump_Offline                                       - Pump Error Counter: 0    Timeout: 1    Error: 00    Pump Status: 00
13/12/2024 16:20:51.446 - Pump_Offline                                       - Set Pump values to OFFLINE
13/12/2024 16:22:16.942 - Terminar_DLL                                       - PumpCtrl DLL_PROCESS_DETACH 
06/11/2025 18:26:53.040 - Initialize_DLL                                     - Start PUMPCTRL Activity 
06/11/2025 18:26:53.065 - Initialize_DLL                                     - Preset x Producto habilitado[05]: 1
06/11/2025 18:26:53.066 - Initialize_DLL                                     - Preset x Monto habilitado[05]: 1
06/11/2025 18:26:53.067 - Initialize_DLL                                     - RECEPTION TIMEOUT = [100] - SHOT NEXT = [50] - INTERBYTE [0]
06/11/2025 18:26:53.975 - Pump_Offline                                       - Pump Error Counter: 5    Timeout: 1    Error: 00    Pump Status: 00
06/11/2025 18:26:53.975 - OutReset                                           - Reseting slot control information
06/11/2025 18:26:55.048 - Pump_Offline                                       - Pump Error Counter: 4    Timeout: 1    Error: 00    Pump Status: 00
06/11/2025 18:26:55.048 - OutReset                                           - Reseting slot control information
06/11/2025 18:26:56.122 - Pump_Offline                                       - Pump Error Counter: 3    Timeout: 1    Error: 00    Pump Status: 00
06/11/2025 18:26:56.122 - OutReset                                           - Reseting slot control information
06/11/2025 18:26:57.263 - Pump_Offline                                       - Pump Error Counter: 2    Timeout: 1    Error: 00    Pump Status: 00
06/11/2025 18:26:57.263 - OutReset                                           - Reseting slot control information
06/11/2025 18:26:57.280 - OutReset                                           - Reseting slot control information
06/11/2025 18:26:58.431 - Pump_Offline                                       - Pump Error Counter: 1    Timeout: 1    Error: 00    Pump Status: 00
06/11/2025 18:26:58.431 - OutReset                                           - Reseting slot control information
06/11/2025 18:26:58.448 - OutReset                                           - Reseting slot control information
06/11/2025 18:26:59.597 - Pump_Offline                                       - Pump Error Counter: 0    Timeout: 1    Error: 00    Pump Status: 00
06/11/2025 18:26:59.613 - Pump_Offline                                       - Set Pump values to OFFLINE
06/11/2025 18:27:53.098 - SleepWakeupHandler                                 - ERROR SETEANDO EVENTO DE CEM SLEEP [6]
06/11/2025 19:25:13.375 - Terminar_DLL                                       - PumpCtrl DLL_PROCESS_DETACH 
06/11/2025 19:41:29.249 - Initialize_DLL                                     - Start PUMPCTRL Activity 
06/11/2025 19:41:29.262 - Initialize_DLL                                     - Preset x Producto habilitado[05]: 1
06/11/2025 19:41:29.263 - Initialize_DLL                                     - Preset x Monto habilitado[05]: 1
06/11/2025 19:41:29.263 - Initialize_DLL                                     - RECEPTION TIMEOUT = [100] - SHOT NEXT = [50] - INTERBYTE [0]
06/11/2025 19:41:29.944 - Pump_Offline                                       - Pump Error Counter: 5    Timeout: 1    Error: 00    Pump Status: 00
06/11/2025 19:41:33.849 - Pump_Offline                                       - Pump Error Counter: 4    Timeout: 1    Error: 00    Pump Status: 00
06/11/2025 19:41:35.023 - Pump_Offline                                       - Pump Error Counter: 3    Timeout: 1    Error: 00    Pump Status: 00
06/11/2025 19:41:36.222 - Pump_Offline                                       - Pump Error Counter: 2    Timeout: 1    Error: 00    Pump Status: 00
06/11/2025 19:41:36.222 - OutReset                                           - Reseting slot control information
06/11/2025 19:41:37.557 - Pump_Offline                                       - Pump Error Counter: 1    Timeout: 1    Error: 00    Pump Status: 00
06/11/2025 19:41:37.557 - OutReset                                           - Reseting slot control information
06/11/2025 19:41:38.829 - Pump_Offline                                       - Pump Error Counter: 0    Timeout: 1    Error: 00    Pump Status: 00
06/11/2025 19:41:38.861 - Pump_Offline                                       - Set Pump values to OFFLINE
06/11/2025 19:42:59.503 - SleepWakeupHandler                                 - ERROR SETEANDO EVENTO DE CEM SLEEP [6]
06/11/2025 19:42:59.648 - SleepWakeupHandler                                 - ERROR SETEANDO EVENTO DE CEM SLEEP [6]
06/11/2025 19:46:18.214 - Initialize_DLL                                     - Start PUMPCTRL Activity 
06/11/2025 19:46:18.228 - Initialize_DLL                                     - Preset x Producto habilitado[05]: 1
06/11/2025 19:46:18.229 - Initialize_DLL                                     - Preset x Monto habilitado[05]: 1
06/11/2025 19:46:18.229 - Initialize_DLL                                     - RECEPTION TIMEOUT = [100] - SHOT NEXT = [50] - INTERBYTE [0]
06/11/2025 19:46:18.914 - Pump_Offline                                       - Pump Error Counter: 5    Timeout: 1    Error: 00    Pump Status: 00
06/11/2025 19:46:22.044 - Clear_UART_Rx (Tx_Cmd_G)                           - Cleaning RX Buffer: 18 byte/s
06/11/2025 19:46:22.194 - Pump_Offline                                       - Pump Error Counter: 4    Timeout: 1    Error: 00    Pump Status: 00
06/11/2025 19:46:26.334 - Pump_Offline                                       - Pump Error Counter: 3    Timeout: 1    Error: 00    Pump Status: 00
06/11/2025 19:46:27.573 - Pump_Offline                                       - Pump Error Counter: 2    Timeout: 1    Error: 00    Pump Status: 00
06/11/2025 19:46:27.573 - OutReset                                           - Reseting slot control information
06/11/2025 19:46:29.091 - Pump_Offline                                       - Pump Error Counter: 1    Timeout: 1    Error: 00    Pump Status: 00
06/11/2025 19:46:29.091 - OutReset                                           - Reseting slot control information
06/11/2025 19:46:30.350 - Pump_Offline                                       - Pump Error Counter: 0    Timeout: 1    Error: 00    Pump Status: 00
06/11/2025 19:46:30.382 - Pump_Offline                                       - Set Pump values to OFFLINE
06/11/2025 19:59:45.935 - Initialize_DLL                                     - Start PUMPCTRL Activity 
06/11/2025 19:59:45.948 - Initialize_DLL                                     - Preset x Producto habilitado[05]: 1
06/11/2025 19:59:45.948 - Initialize_DLL                                     - Preset x Monto habilitado[05]: 1
06/11/2025 19:59:45.948 - Initialize_DLL                                     - RECEPTION TIMEOUT = [100] - SHOT NEXT = [50] - INTERBYTE [0]
06/11/2025 19:59:46.626 - Pump_Offline                                       - Pump Error Counter: 5    Timeout: 1    Error: 00    Pump Status: 00
06/11/2025 19:59:47.401 - Pump_Offline                                       - Pump Error Counter: 4    Timeout: 1    Error: 00    Pump Status: 00
06/11/2025 19:59:54.067 - Pump_Offline                                       - Pump Error Counter: 3    Timeout: 1    Error: 00    Pump Status: 00
06/11/2025 19:59:55.674 - Pump_Offline                                       - Pump Error Counter: 2    Timeout: 1    Error: 00    Pump Status: 00
06/11/2025 19:59:55.674 - OutReset                                           - Reseting slot control information
06/11/2025 19:59:56.934 - Pump_Offline                                       - Pump Error Counter: 1    Timeout: 1    Error: 00    Pump Status: 00
06/11/2025 19:59:56.934 - OutReset                                           - Reseting slot control information
06/11/2025 19:59:58.195 - Pump_Offline                                       - Pump Error Counter: 0    Timeout: 1    Error: 00    Pump Status: 00
06/11/2025 19:59:58.226 - Pump_Offline                                       - Set Pump values to OFFLINE
06/11/2025 20:06:59.622 - Terminar_DLL                                       - PumpCtrl DLL_PROCESS_DETACH 
06/11/2025 20:18:43.448 - Initialize_DLL                                     - Start PUMPCTRL Activity 
06/11/2025 20:18:43.464 - Initialize_DLL                                     - Preset x Producto habilitado[05]: 1
06/11/2025 20:18:43.465 - Initialize_DLL                                     - Preset x Monto habilitado[05]: 1
06/11/2025 20:18:43.465 - Initialize_DLL                                     - RECEPTION TIMEOUT = [100] - SHOT NEXT = [50] - INTERBYTE [0]
06/11/2025 20:18:44.243 - Pump_Offline                                       - Pump Error Counter: 5    Timeout: 1    Error: 00    Pump Status: 00
06/11/2025 20:18:44.243 - OutReset                                           - Reseting slot control information
06/11/2025 20:18:50.856 - Pump_Offline                                       - Pump Error Counter: 4    Timeout: 1    Error: 00    Pump Status: 00
06/11/2025 20:18:51.634 - Pump_Offline                                       - Pump Error Counter: 3    Timeout: 1    Error: 00    Pump Status: 00
06/11/2025 20:18:52.706 - Pump_Offline                                       - Pump Error Counter: 2    Timeout: 1    Error: 00    Pump Status: 00
06/11/2025 20:18:52.706 - OutReset                                           - Reseting slot control information
06/11/2025 20:18:53.964 - Pump_Offline                                       - Pump Error Counter: 1    Timeout: 1    Error: 00    Pump Status: 00
06/11/2025 20:18:53.964 - OutReset                                           - Reseting slot control information
06/11/2025 20:18:55.230 - Pump_Offline                                       - Pump Error Counter: 0    Timeout: 1    Error: 00    Pump Status: 00
06/11/2025 20:18:55.262 - Pump_Offline                                       - Set Pump values to OFFLINE
06/11/2025 20:19:21.371 - Clear_UART_Rx (Tx_Cmd_G)                           - Cleaning RX Buffer: 15 byte/s
06/11/2025 20:23:25.193 - Initialize_DLL                                     - Start PUMPCTRL Activity 
06/11/2025 20:23:25.217 - Initialize_DLL                                     - Preset x Producto habilitado[05]: 1
06/11/2025 20:23:25.218 - Initialize_DLL                                     - Preset x Monto habilitado[05]: 1
06/11/2025 20:23:25.218 - Initialize_DLL                                     - RECEPTION TIMEOUT = [100] - SHOT NEXT = [50] - INTERBYTE [0]
06/11/2025 20:23:25.898 - Pump_Offline                                       - Pump Error Counter: 5    Timeout: 1    Error: 00    Pump Status: 00
06/11/2025 20:23:27.232 - Pump_Offline                                       - Pump Error Counter: 4    Timeout: 1    Error: 00    Pump Status: 00
06/11/2025 20:23:28.628 - Pump_Offline                                       - Pump Error Counter: 3    Timeout: 1    Error: 00    Pump Status: 00
06/11/2025 20:23:29.461 - Pump_Offline                                       - Pump Error Counter: 2    Timeout: 1    Error: 00    Pump Status: 00
06/11/2025 20:23:29.461 - OutReset                                           - Reseting slot control information
06/11/2025 20:23:32.178 - Pump_Offline                                       - Pump Error Counter: 1    Timeout: 1    Error: 00    Pump Status: 00
06/11/2025 20:23:32.178 - OutReset                                           - Reseting slot control information
06/11/2025 20:23:41.528 - Pump_Offline                                       - Pump Error Counter: 0    Timeout: 1    Error: 00    Pump Status: 00
06/11/2025 20:23:41.560 - Pump_Offline                                       - Set Pump values to OFFLINE
09/11/2025 21:51:54.283 - Initialize_DLL                                     - Start PUMPCTRL Activity 
09/11/2025 21:51:54.303 - Initialize_DLL                                     - Preset x Producto habilitado[05]: 1
09/11/2025 21:51:54.303 - Initialize_DLL                                     - Preset x Monto habilitado[05]: 1
09/11/2025 21:51:54.304 - Initialize_DLL                                     - RECEPTION TIMEOUT = [100] - SHOT NEXT = [50] - INTERBYTE [0]
09/11/2025 21:51:55.284 - Pump_Offline                                       - Pump Error Counter: 5    Timeout: 1    Error: 00    Pump Status: 00
09/11/2025 21:51:55.284 - OutReset                                           - Reseting slot control information
09/11/2025 21:51:56.464 - Pump_Offline                                       - Pump Error Counter: 4    Timeout: 1    Error: 00    Pump Status: 00
09/11/2025 21:51:56.464 - OutReset                                           - Reseting slot control information
09/11/2025 21:51:57.619 - Pump_Offline                                       - Pump Error Counter: 3    Timeout: 1    Error: 00    Pump Status: 00
09/11/2025 21:51:57.620 - OutReset                                           - Reseting slot control information
09/11/2025 21:51:58.898 - Pump_Offline                                       - Pump Error Counter: 2    Timeout: 1    Error: 00    Pump Status: 00
09/11/2025 21:51:58.898 - OutReset                                           - Reseting slot control information
09/11/2025 21:51:58.929 - OutReset                                           - Reseting slot control information
09/11/2025 21:52:00.229 - Pump_Offline                                       - Pump Error Counter: 1    Timeout: 1    Error: 00    Pump Status: 00
09/11/2025 21:52:00.229 - OutReset                                           - Reseting slot control information
09/11/2025 21:52:00.259 - OutReset                                           - Reseting slot control information
09/11/2025 21:52:01.557 - Pump_Offline                                       - Pump Error Counter: 0    Timeout: 1    Error: 00    Pump Status: 00
09/11/2025 21:52:01.589 - Pump_Offline                                       - Set Pump values to OFFLINE
09/11/2025 21:53:52.385 - Terminar_DLL                                       - PumpCtrl DLL_PROCESS_DETACH 
09/11/2025 21:53:58.712 - Initialize_DLL                                     - Start PUMPCTRL Activity 
09/11/2025 21:53:58.736 - Initialize_DLL                                     - Preset x Producto habilitado[05]: 1
09/11/2025 21:53:58.736 - Initialize_DLL                                     - Preset x Monto habilitado[05]: 1
09/11/2025 21:53:58.737 - Initialize_DLL                                     - RECEPTION TIMEOUT = [100] - SHOT NEXT = [50] - INTERBYTE [0]
09/11/2025 21:53:59.715 - Pump_Offline                                       - Pump Error Counter: 5    Timeout: 1    Error: 00    Pump Status: 00
09/11/2025 21:53:59.715 - OutReset                                           - Reseting slot control information
09/11/2025 21:54:00.878 - Pump_Offline                                       - Pump Error Counter: 4    Timeout: 1    Error: 00    Pump Status: 00
09/11/2025 21:54:00.878 - OutReset                                           - Reseting slot control information
09/11/2025 21:54:02.046 - Pump_Offline                                       - Pump Error Counter: 3    Timeout: 1    Error: 00    Pump Status: 00
09/11/2025 21:54:02.046 - OutReset                                           - Reseting slot control information
09/11/2025 21:54:03.322 - Pump_Offline                                       - Pump Error Counter: 2    Timeout: 1    Error: 00    Pump Status: 00
09/11/2025 21:54:03.322 - OutReset                                           - Reseting slot control information
09/11/2025 21:54:03.355 - OutReset                                           - Reseting slot control information
09/11/2025 21:54:04.672 - Pump_Offline                                       - Pump Error Counter: 1    Timeout: 1    Error: 00    Pump Status: 00
09/11/2025 21:54:04.674 - OutReset                                           - Reseting slot control information
09/11/2025 21:54:04.708 - OutReset                                           - Reseting slot control information
09/11/2025 21:54:06.014 - Pump_Offline                                       - Pump Error Counter: 0    Timeout: 1    Error: 00    Pump Status: 00
09/11/2025 21:54:06.046 - Pump_Offline                                       - Set Pump values to OFFLINE
09/11/2025 21:57:00.035 - Terminar_DLL                                       - PumpCtrl DLL_PROCESS_DETACH 
10/11/2025 12:21:55.094 - Initialize_DLL                                     - Start PUMPCTRL Activity 
10/11/2025 12:21:55.108 - Initialize_DLL                                     - Preset x Producto habilitado[05]: 1
10/11/2025 12:21:55.110 - Initialize_DLL                                     - Preset x Monto habilitado[05]: 1
10/11/2025 12:21:55.111 - Initialize_DLL                                     - RECEPTION TIMEOUT = [100] - SHOT NEXT = [50] - INTERBYTE [0]
10/11/2025 12:21:55.766 - Pump_Offline                                       - Pump Error Counter: 5    Timeout: 1    Error: 00    Pump Status: 00
10/11/2025 12:21:58.551 - Pump_Offline                                       - Pump Error Counter: 4    Timeout: 1    Error: 00    Pump Status: 00
10/11/2025 12:22:03.091 - Pump_Offline                                       - Pump Error Counter: 3    Timeout: 1    Error: 00    Pump Status: 00
10/11/2025 12:22:10.325 - Pump_Offline                                       - Pump Error Counter: 2    Timeout: 1    Error: 00    Pump Status: 00
10/11/2025 12:22:10.327 - OutReset                                           - Reseting slot control information
10/11/2025 12:22:13.841 - Pump_Offline                                       - Pump Error Counter: 1    Timeout: 1    Error: 00    Pump Status: 00
10/11/2025 12:22:13.841 - OutReset                                           - Reseting slot control information
10/11/2025 12:22:13.871 - OutReset                                           - Reseting slot control information
10/11/2025 12:22:14.815 - Pump_Offline                                       - Pump Error Counter: 0    Timeout: 1    Error: 00    Pump Status: 00
10/11/2025 12:22:14.848 - Pump_Offline                                       - Set Pump values to OFFLINE
10/11/2025 12:26:49.810 - Initialize_DLL                                     - Start PUMPCTRL Activity 
10/11/2025 12:26:49.825 - Initialize_DLL                                     - Preset x Producto habilitado[05]: 1
10/11/2025 12:26:49.826 - Initialize_DLL                                     - Preset x Monto habilitado[05]: 1
10/11/2025 12:26:49.826 - Initialize_DLL                                     - RECEPTION TIMEOUT = [100] - SHOT NEXT = [50] - INTERBYTE [0]
10/11/2025 12:26:50.507 - Pump_Offline                                       - Pump Error Counter: 5    Timeout: 1    Error: 00    Pump Status: 00
10/11/2025 12:26:52.975 - Pump_Offline                                       - Pump Error Counter: 4    Timeout: 1    Error: 00    Pump Status: 00
10/11/2025 12:26:56.659 - Pump_Offline                                       - Pump Error Counter: 3    Timeout: 1    Error: 00    Pump Status: 00
10/11/2025 12:27:00.979 - Pump_Offline                                       - Pump Error Counter: 2    Timeout: 1    Error: 00    Pump Status: 00
10/11/2025 12:27:00.979 - OutReset                                           - Reseting slot control information
10/11/2025 12:27:01.009 - OutReset                                           - Reseting slot control information
10/11/2025 12:27:02.666 - Pump_Offline                                       - Pump Error Counter: 1    Timeout: 1    Error: 00    Pump Status: 00
10/11/2025 12:27:02.666 - OutReset                                           - Reseting slot control information
10/11/2025 12:27:03.565 - Pump_Offline                                       - Pump Error Counter: 0    Timeout: 1    Error: 00    Pump Status: 00
10/11/2025 12:27:03.597 - Pump_Offline                                       - Set Pump values to OFFLINE
10/11/2025 12:32:51.620 - Terminar_DLL                                       - PumpCtrl DLL_PROCESS_DETACH 
10/11/2025 12:33:59.752 - Initialize_DLL                                     - Start PUMPCTRL Activity 
10/11/2025 12:33:59.769 - Initialize_DLL                                     - Preset x Producto habilitado[05]: 1
10/11/2025 12:33:59.769 - Initialize_DLL                                     - Preset x Monto habilitado[05]: 1
10/11/2025 12:33:59.770 - Initialize_DLL                                     - RECEPTION TIMEOUT = [100] - SHOT NEXT = [50] - INTERBYTE [0]
10/11/2025 12:34:00.415 - Pump_Offline                                       - Pump Error Counter: 5    Timeout: 1    Error: 00    Pump Status: 00
10/11/2025 12:34:01.830 - Pump_Offline                                       - Pump Error Counter: 4    Timeout: 1    Error: 00    Pump Status: 00
10/11/2025 12:34:08.431 - Pump_Offline                                       - Pump Error Counter: 3    Timeout: 1    Error: 00    Pump Status: 00
10/11/2025 12:34:11.006 - Pump_Offline                                       - Pump Error Counter: 2    Timeout: 1    Error: 00    Pump Status: 00
10/11/2025 12:34:11.007 - OutReset                                           - Reseting slot control information
10/11/2025 12:34:11.039 - OutReset                                           - Reseting slot control information
10/11/2025 12:34:12.078 - Pump_Offline                                       - Pump Error Counter: 1    Timeout: 1    Error: 00    Pump Status: 00
10/11/2025 12:34:12.079 - OutReset                                           - Reseting slot control information
10/11/2025 12:34:12.112 - OutReset                                           - Reseting slot control information
10/11/2025 12:34:13.152 - Pump_Offline                                       - Pump Error Counter: 0    Timeout: 1    Error: 00    Pump Status: 00
10/11/2025 12:34:13.181 - Pump_Offline                                       - Set Pump values to OFFLINE
10/11/2025 12:55:28.250 - Terminar_DLL                                       - PumpCtrl DLL_PROCESS_DETACH 
10/11/2025 13:15:08.953 - Initialize_DLL                                     - Start PUMPCTRL Activity 
10/11/2025 13:15:08.971 - Initialize_DLL                                     - Preset x Producto habilitado[05]: 1
10/11/2025 13:15:08.972 - Initialize_DLL                                     - Preset x Monto habilitado[05]: 1
10/11/2025 13:15:08.972 - Initialize_DLL                                     - RECEPTION TIMEOUT = [100] - SHOT NEXT = [50] - INTERBYTE [0]
10/11/2025 13:15:09.661 - Pump_Offline                                       - Pump Error Counter: 5    Timeout: 1    Error: 00    Pump Status: 00
10/11/2025 13:15:11.506 - Pump_Offline                                       - Pump Error Counter: 4    Timeout: 1    Error: 00    Pump Status: 00
10/11/2025 13:15:18.104 - Pump_Offline                                       - Pump Error Counter: 3    Timeout: 1    Error: 00    Pump Status: 00
10/11/2025 13:15:24.270 - Pump_Offline                                       - Pump Error Counter: 2    Timeout: 1    Error: 00    Pump Status: 00
10/11/2025 13:15:24.270 - OutReset                                           - Reseting slot control information
10/11/2025 13:15:26.259 - Pump_Offline                                       - Pump Error Counter: 1    Timeout: 1    Error: 00    Pump Status: 00
10/11/2025 13:15:26.259 - OutReset                                           - Reseting slot control information
10/11/2025 13:15:26.289 - OutReset                                           - Reseting slot control information
10/11/2025 13:15:27.322 - Pump_Offline                                       - Pump Error Counter: 0    Timeout: 1    Error: 00    Pump Status: 00
10/11/2025 13:15:27.351 - Pump_Offline                                       - Set Pump values to OFFLINE
10/11/2025 13:21:37.305 - Terminar_DLL                                       - PumpCtrl DLL_PROCESS_DETACH 
