----------------------------------------------
              PUMPCTRL LOG FILE               
PUMPCTRL INFO: DATE RELEASE Sep 23 2010 09:53:26
----------------------------------------------
13/08/2024 19:23:03.552 - Initialize_DLL                                     - Start PUMPCTRL Activity 
13/08/2024 19:23:03.566 - Initialize_DLL                                     - Preset x Producto habilitado[04]: 1
13/08/2024 19:23:03.567 - Initialize_DLL                                     - Preset x Monto habilitado[04]: 1
13/08/2024 19:23:03.567 - Initialize_DLL                                     - RECEPTION TIMEOUT = [100] - SHOT NEXT = [50] - INTERBYTE [0]
13/08/2024 19:23:04.038 - Pump_Offline                                       - Pump Error Counter: 5    Timeout: 1    Error: 00    Pump Status: 00
13/08/2024 19:23:04.804 - Pump_Offline                                       - Pump Error Counter: 4    Timeout: 1    Error: 00    Pump Status: 00
13/08/2024 19:23:13.256 - Pump_Offline                                       - Pump Error Counter: 3    Timeout: 1    Error: 00    Pump Status: 00
13/08/2024 19:23:19.868 - Pump_Offline                                       - Pump Error Counter: 2    Timeout: 1    Error: 00    Pump Status: 00
13/08/2024 19:23:19.868 - OutReset                                           - Reseting slot control information
13/08/2024 19:23:26.528 - Pump_Offline                                       - Pump Error Counter: 1    Timeout: 1    Error: 00    Pump Status: 00
13/08/2024 19:23:26.528 - OutReset                                           - Reseting slot control information
13/08/2024 19:23:34.045 - Pump_Offline                                       - Pump Error Counter: 0    Timeout: 1    Error: 00    Pump Status: 00
13/08/2024 19:23:34.061 - Pump_Offline                                       - Set Pump values to OFFLINE
13/08/2024 19:37:55.746 - Terminar_DLL                                       - PumpCtrl DLL_PROCESS_DETACH 
24/10/2024 19:01:21.130 - Terminar_DLL                                       - PumpCtrl DLL_PROCESS_DETACH 
13/12/2024 14:59:05.201 - Initialize_DLL                                     - Start PUMPCTRL Activity 
13/12/2024 14:59:05.217 - Initialize_DLL                                     - Preset x Producto habilitado[04]: 1
13/12/2024 14:59:05.218 - Initialize_DLL                                     - Preset x Monto habilitado[04]: 1
13/12/2024 14:59:05.218 - Initialize_DLL                                     - RECEPTION TIMEOUT = [100] - SHOT NEXT = [50] - INTERBYTE [0]
13/12/2024 14:59:05.944 - Pump_Offline                                       - Pump Error Counter: 5    Timeout: 1    Error: 00    Pump Status: 00
13/12/2024 14:59:05.944 - OutReset                                           - Reseting slot control information
13/12/2024 14:59:07.012 - Pump_Offline                                       - Pump Error Counter: 4    Timeout: 1    Error: 00    Pump Status: 00
13/12/2024 14:59:07.012 - OutReset                                           - Reseting slot control information
13/12/2024 14:59:08.080 - Pump_Offline                                       - Pump Error Counter: 3    Timeout: 1    Error: 00    Pump Status: 00
13/12/2024 14:59:08.080 - OutReset                                           - Reseting slot control information
13/12/2024 14:59:09.199 - Pump_Offline                                       - Pump Error Counter: 2    Timeout: 1    Error: 00    Pump Status: 00
13/12/2024 14:59:09.199 - OutReset                                           - Reseting slot control information
13/12/2024 14:59:09.215 - OutReset                                           - Reseting slot control information
13/12/2024 14:59:10.369 - Pump_Offline                                       - Pump Error Counter: 1    Timeout: 1    Error: 00    Pump Status: 00
13/12/2024 14:59:10.369 - OutReset                                           - Reseting slot control information
13/12/2024 14:59:10.385 - OutReset                                           - Reseting slot control information
13/12/2024 14:59:11.536 - Pump_Offline                                       - Pump Error Counter: 0    Timeout: 1    Error: 00    Pump Status: 00
13/12/2024 14:59:11.552 - Pump_Offline                                       - Set Pump values to OFFLINE
13/12/2024 16:19:46.786 - Terminar_DLL                                       - PumpCtrl DLL_PROCESS_DETACH 
13/12/2024 16:20:44.889 - Initialize_DLL                                     - Start PUMPCTRL Activity 
13/12/2024 16:20:44.905 - Initialize_DLL                                     - Preset x Producto habilitado[04]: 1
13/12/2024 16:20:44.905 - Initialize_DLL                                     - Preset x Monto habilitado[04]: 1
13/12/2024 16:20:44.906 - Initialize_DLL                                     - RECEPTION TIMEOUT = [100] - SHOT NEXT = [50] - INTERBYTE [0]
13/12/2024 16:20:45.631 - Pump_Offline                                       - Pump Error Counter: 5    Timeout: 1    Error: 00    Pump Status: 00
13/12/2024 16:20:45.631 - OutReset                                           - Reseting slot control information
13/12/2024 16:20:46.712 - Pump_Offline                                       - Pump Error Counter: 4    Timeout: 1    Error: 00    Pump Status: 00
13/12/2024 16:20:46.712 - OutReset                                           - Reseting slot control information
13/12/2024 16:20:47.781 - Pump_Offline                                       - Pump Error Counter: 3    Timeout: 1    Error: 00    Pump Status: 00
13/12/2024 16:20:47.781 - OutReset                                           - Reseting slot control information
13/12/2024 16:20:48.897 - Pump_Offline                                       - Pump Error Counter: 2    Timeout: 1    Error: 00    Pump Status: 00
13/12/2024 16:20:48.897 - OutReset                                           - Reseting slot control information
13/12/2024 16:20:48.913 - OutReset                                           - Reseting slot control information
13/12/2024 16:20:50.061 - Pump_Offline                                       - Pump Error Counter: 1    Timeout: 1    Error: 00    Pump Status: 00
13/12/2024 16:20:50.061 - OutReset                                           - Reseting slot control information
13/12/2024 16:20:50.077 - OutReset                                           - Reseting slot control information
13/12/2024 16:20:51.236 - Pump_Offline                                       - Pump Error Counter: 0    Timeout: 1    Error: 00    Pump Status: 00
13/12/2024 16:20:51.252 - Pump_Offline                                       - Set Pump values to OFFLINE
13/12/2024 16:22:16.942 - Terminar_DLL                                       - PumpCtrl DLL_PROCESS_DETACH 
06/11/2025 18:26:53.039 - Initialize_DLL                                     - Start PUMPCTRL Activity 
06/11/2025 18:26:53.063 - Initialize_DLL                                     - Preset x Producto habilitado[04]: 1
06/11/2025 18:26:53.064 - Initialize_DLL                                     - Preset x Monto habilitado[04]: 1
06/11/2025 18:26:53.065 - Initialize_DLL                                     - RECEPTION TIMEOUT = [100] - SHOT NEXT = [50] - INTERBYTE [0]
06/11/2025 18:26:53.797 - Pump_Offline                                       - Pump Error Counter: 5    Timeout: 1    Error: 00    Pump Status: 00
06/11/2025 18:26:53.797 - OutReset                                           - Reseting slot control information
06/11/2025 18:26:54.869 - Pump_Offline                                       - Pump Error Counter: 4    Timeout: 1    Error: 00    Pump Status: 00
06/11/2025 18:26:54.869 - OutReset                                           - Reseting slot control information
06/11/2025 18:26:55.943 - Pump_Offline                                       - Pump Error Counter: 3    Timeout: 1    Error: 00    Pump Status: 00
06/11/2025 18:26:55.943 - OutReset                                           - Reseting slot control information
06/11/2025 18:26:57.065 - Pump_Offline                                       - Pump Error Counter: 2    Timeout: 1    Error: 00    Pump Status: 00
06/11/2025 18:26:57.065 - OutReset                                           - Reseting slot control information
06/11/2025 18:26:57.082 - OutReset                                           - Reseting slot control information
06/11/2025 18:26:58.236 - Pump_Offline                                       - Pump Error Counter: 1    Timeout: 1    Error: 00    Pump Status: 00
06/11/2025 18:26:58.236 - OutReset                                           - Reseting slot control information
06/11/2025 18:26:58.253 - OutReset                                           - Reseting slot control information
06/11/2025 18:26:59.403 - Pump_Offline                                       - Pump Error Counter: 0    Timeout: 1    Error: 00    Pump Status: 00
06/11/2025 18:26:59.419 - Pump_Offline                                       - Set Pump values to OFFLINE
06/11/2025 19:25:13.374 - Terminar_DLL                                       - PumpCtrl DLL_PROCESS_DETACH 
06/11/2025 19:41:29.248 - Initialize_DLL                                     - Start PUMPCTRL Activity 
06/11/2025 19:41:29.261 - Initialize_DLL                                     - Preset x Producto habilitado[04]: 1
06/11/2025 19:41:29.262 - Initialize_DLL                                     - Preset x Monto habilitado[04]: 1
06/11/2025 19:41:29.262 - Initialize_DLL                                     - RECEPTION TIMEOUT = [100] - SHOT NEXT = [50] - INTERBYTE [0]
06/11/2025 19:41:29.782 - Pump_Offline                                       - Pump Error Counter: 5    Timeout: 1    Error: 00    Pump Status: 00
06/11/2025 19:41:30.551 - Pump_Offline                                       - Pump Error Counter: 4    Timeout: 1    Error: 00    Pump Status: 00
06/11/2025 19:41:34.739 - Pump_Offline                                       - Pump Error Counter: 3    Timeout: 1    Error: 00    Pump Status: 00
06/11/2025 19:41:35.900 - Pump_Offline                                       - Pump Error Counter: 2    Timeout: 1    Error: 00    Pump Status: 00
06/11/2025 19:41:35.900 - OutReset                                           - Reseting slot control information
06/11/2025 19:41:37.230 - Pump_Offline                                       - Pump Error Counter: 1    Timeout: 1    Error: 00    Pump Status: 00
06/11/2025 19:41:37.230 - OutReset                                           - Reseting slot control information
06/11/2025 19:41:38.516 - Pump_Offline                                       - Pump Error Counter: 0    Timeout: 1    Error: 00    Pump Status: 00
06/11/2025 19:41:38.546 - Pump_Offline                                       - Set Pump values to OFFLINE
06/11/2025 19:46:18.214 - Initialize_DLL                                     - Start PUMPCTRL Activity 
06/11/2025 19:46:18.227 - Initialize_DLL                                     - Preset x Producto habilitado[04]: 1
06/11/2025 19:46:18.228 - Initialize_DLL                                     - Preset x Monto habilitado[04]: 1
06/11/2025 19:46:18.228 - Initialize_DLL                                     - RECEPTION TIMEOUT = [100] - SHOT NEXT = [50] - INTERBYTE [0]
06/11/2025 19:46:18.751 - Pump_Offline                                       - Pump Error Counter: 5    Timeout: 1    Error: 00    Pump Status: 00
06/11/2025 19:46:19.522 - Pump_Offline                                       - Pump Error Counter: 4    Timeout: 1    Error: 00    Pump Status: 00
06/11/2025 19:46:26.052 - Pump_Offline                                       - Pump Error Counter: 3    Timeout: 1    Error: 00    Pump Status: 00
06/11/2025 19:46:27.258 - Pump_Offline                                       - Pump Error Counter: 2    Timeout: 1    Error: 00    Pump Status: 00
06/11/2025 19:46:27.258 - OutReset                                           - Reseting slot control information
06/11/2025 19:46:28.775 - Pump_Offline                                       - Pump Error Counter: 1    Timeout: 1    Error: 00    Pump Status: 00
06/11/2025 19:46:28.775 - OutReset                                           - Reseting slot control information
06/11/2025 19:46:30.034 - Pump_Offline                                       - Pump Error Counter: 0    Timeout: 1    Error: 00    Pump Status: 00
06/11/2025 19:46:30.065 - Pump_Offline                                       - Set Pump values to OFFLINE
06/11/2025 19:59:45.934 - Initialize_DLL                                     - Start PUMPCTRL Activity 
06/11/2025 19:59:45.946 - Initialize_DLL                                     - Preset x Producto habilitado[04]: 1
06/11/2025 19:59:45.947 - Initialize_DLL                                     - Preset x Monto habilitado[04]: 1
06/11/2025 19:59:45.947 - Initialize_DLL                                     - RECEPTION TIMEOUT = [100] - SHOT NEXT = [50] - INTERBYTE [0]
06/11/2025 19:59:46.464 - Pump_Offline                                       - Pump Error Counter: 5    Timeout: 1    Error: 00    Pump Status: 00
06/11/2025 19:59:47.236 - Pump_Offline                                       - Pump Error Counter: 4    Timeout: 1    Error: 00    Pump Status: 00
06/11/2025 19:59:53.784 - Pump_Offline                                       - Pump Error Counter: 3    Timeout: 1    Error: 00    Pump Status: 00
06/11/2025 19:59:55.347 - Pump_Offline                                       - Pump Error Counter: 2    Timeout: 1    Error: 00    Pump Status: 00
06/11/2025 19:59:55.347 - OutReset                                           - Reseting slot control information
06/11/2025 19:59:56.619 - Pump_Offline                                       - Pump Error Counter: 1    Timeout: 1    Error: 00    Pump Status: 00
06/11/2025 19:59:56.619 - OutReset                                           - Reseting slot control information
06/11/2025 19:59:57.877 - Pump_Offline                                       - Pump Error Counter: 0    Timeout: 1    Error: 00    Pump Status: 00
06/11/2025 19:59:57.909 - Pump_Offline                                       - Set Pump values to OFFLINE
06/11/2025 20:06:59.622 - Terminar_DLL                                       - PumpCtrl DLL_PROCESS_DETACH 
06/11/2025 20:18:43.448 - Initialize_DLL                                     - Start PUMPCTRL Activity 
06/11/2025 20:18:43.463 - Initialize_DLL                                     - Preset x Producto habilitado[04]: 1
06/11/2025 20:18:43.463 - Initialize_DLL                                     - Preset x Monto habilitado[04]: 1
06/11/2025 20:18:43.464 - Initialize_DLL                                     - RECEPTION TIMEOUT = [100] - SHOT NEXT = [50] - INTERBYTE [0]
06/11/2025 20:18:44.048 - Pump_Offline                                       - Pump Error Counter: 5    Timeout: 1    Error: 00    Pump Status: 00
06/11/2025 20:18:44.048 - OutReset                                           - Reseting slot control information
06/11/2025 20:18:50.693 - Pump_Offline                                       - Pump Error Counter: 4    Timeout: 1    Error: 00    Pump Status: 00
06/11/2025 20:18:51.470 - Pump_Offline                                       - Pump Error Counter: 3    Timeout: 1    Error: 00    Pump Status: 00
06/11/2025 20:18:52.393 - Pump_Offline                                       - Pump Error Counter: 2    Timeout: 1    Error: 00    Pump Status: 00
06/11/2025 20:18:52.393 - OutReset                                           - Reseting slot control information
06/11/2025 20:18:53.650 - Pump_Offline                                       - Pump Error Counter: 1    Timeout: 1    Error: 00    Pump Status: 00
06/11/2025 20:18:53.650 - OutReset                                           - Reseting slot control information
06/11/2025 20:18:54.915 - Pump_Offline                                       - Pump Error Counter: 0    Timeout: 1    Error: 00    Pump Status: 00
06/11/2025 20:18:54.947 - Pump_Offline                                       - Set Pump values to OFFLINE
06/11/2025 20:23:25.192 - Initialize_DLL                                     - Start PUMPCTRL Activity 
06/11/2025 20:23:25.216 - Initialize_DLL                                     - Preset x Producto habilitado[04]: 1
06/11/2025 20:23:25.216 - Initialize_DLL                                     - Preset x Monto habilitado[04]: 1
06/11/2025 20:23:25.217 - Initialize_DLL                                     - RECEPTION TIMEOUT = [100] - SHOT NEXT = [50] - INTERBYTE [0]
06/11/2025 20:23:25.737 - Pump_Offline                                       - Pump Error Counter: 5    Timeout: 1    Error: 00    Pump Status: 00
06/11/2025 20:23:26.505 - Pump_Offline                                       - Pump Error Counter: 4    Timeout: 1    Error: 00    Pump Status: 00
06/11/2025 20:23:28.468 - Pump_Offline                                       - Pump Error Counter: 3    Timeout: 1    Error: 00    Pump Status: 00
06/11/2025 20:23:29.267 - Pump_Offline                                       - Pump Error Counter: 2    Timeout: 1    Error: 00    Pump Status: 00
06/11/2025 20:23:29.267 - OutReset                                           - Reseting slot control information
06/11/2025 20:23:31.375 - Pump_Offline                                       - Pump Error Counter: 1    Timeout: 1    Error: 00    Pump Status: 00
06/11/2025 20:23:31.375 - OutReset                                           - Reseting slot control information
06/11/2025 20:23:39.049 - Pump_Offline                                       - Pump Error Counter: 0    Timeout: 1    Error: 00    Pump Status: 00
06/11/2025 20:23:39.081 - Pump_Offline                                       - Set Pump values to OFFLINE
09/11/2025 21:51:54.283 - Initialize_DLL                                     - Start PUMPCTRL Activity 
09/11/2025 21:51:54.301 - Initialize_DLL                                     - Preset x Producto habilitado[04]: 1
09/11/2025 21:51:54.302 - Initialize_DLL                                     - Preset x Monto habilitado[04]: 1
09/11/2025 21:51:54.302 - Initialize_DLL                                     - RECEPTION TIMEOUT = [100] - SHOT NEXT = [50] - INTERBYTE [0]
09/11/2025 21:51:55.091 - Pump_Offline                                       - Pump Error Counter: 5    Timeout: 1    Error: 00    Pump Status: 00
09/11/2025 21:51:55.091 - OutReset                                           - Reseting slot control information
09/11/2025 21:51:56.271 - Pump_Offline                                       - Pump Error Counter: 4    Timeout: 1    Error: 00    Pump Status: 00
09/11/2025 21:51:56.271 - OutReset                                           - Reseting slot control information
09/11/2025 21:51:57.427 - Pump_Offline                                       - Pump Error Counter: 3    Timeout: 1    Error: 00    Pump Status: 00
09/11/2025 21:51:57.427 - OutReset                                           - Reseting slot control information
09/11/2025 21:51:58.684 - Pump_Offline                                       - Pump Error Counter: 2    Timeout: 1    Error: 00    Pump Status: 00
09/11/2025 21:51:58.684 - OutReset                                           - Reseting slot control information
09/11/2025 21:51:58.706 - OutReset                                           - Reseting slot control information
09/11/2025 21:52:00.003 - Pump_Offline                                       - Pump Error Counter: 1    Timeout: 1    Error: 00    Pump Status: 00
09/11/2025 21:52:00.004 - OutReset                                           - Reseting slot control information
09/11/2025 21:52:00.035 - OutReset                                           - Reseting slot control information
09/11/2025 21:52:01.332 - Pump_Offline                                       - Pump Error Counter: 0    Timeout: 1    Error: 00    Pump Status: 00
09/11/2025 21:52:01.363 - Pump_Offline                                       - Set Pump values to OFFLINE
09/11/2025 21:53:52.384 - Terminar_DLL                                       - PumpCtrl DLL_PROCESS_DETACH 
09/11/2025 21:53:58.712 - Initialize_DLL                                     - Start PUMPCTRL Activity 
09/11/2025 21:53:58.732 - Initialize_DLL                                     - Preset x Producto habilitado[04]: 1
09/11/2025 21:53:58.733 - Initialize_DLL                                     - Preset x Monto habilitado[04]: 1
09/11/2025 21:53:58.735 - Initialize_DLL                                     - RECEPTION TIMEOUT = [100] - SHOT NEXT = [50] - INTERBYTE [0]
09/11/2025 21:53:59.524 - Pump_Offline                                       - Pump Error Counter: 5    Timeout: 1    Error: 00    Pump Status: 00
09/11/2025 21:53:59.524 - OutReset                                           - Reseting slot control information
09/11/2025 21:54:00.685 - Pump_Offline                                       - Pump Error Counter: 4    Timeout: 1    Error: 00    Pump Status: 00
09/11/2025 21:54:00.685 - OutReset                                           - Reseting slot control information
09/11/2025 21:54:01.851 - Pump_Offline                                       - Pump Error Counter: 3    Timeout: 1    Error: 00    Pump Status: 00
09/11/2025 21:54:01.852 - OutReset                                           - Reseting slot control information
09/11/2025 21:54:03.097 - Pump_Offline                                       - Pump Error Counter: 2    Timeout: 1    Error: 00    Pump Status: 00
09/11/2025 21:54:03.097 - OutReset                                           - Reseting slot control information
09/11/2025 21:54:03.129 - OutReset                                           - Reseting slot control information
09/11/2025 21:54:04.446 - Pump_Offline                                       - Pump Error Counter: 1    Timeout: 1    Error: 00    Pump Status: 00
09/11/2025 21:54:04.446 - OutReset                                           - Reseting slot control information
09/11/2025 21:54:04.478 - OutReset                                           - Reseting slot control information
09/11/2025 21:54:05.799 - Pump_Offline                                       - Pump Error Counter: 0    Timeout: 1    Error: 00    Pump Status: 00
09/11/2025 21:54:05.826 - Pump_Offline                                       - Set Pump values to OFFLINE
09/11/2025 21:57:00.034 - Terminar_DLL                                       - PumpCtrl DLL_PROCESS_DETACH 
10/11/2025 12:21:55.094 - Initialize_DLL                                     - Start PUMPCTRL Activity 
10/11/2025 12:21:55.108 - Initialize_DLL                                     - Preset x Producto habilitado[04]: 1
10/11/2025 12:21:55.108 - Initialize_DLL                                     - Preset x Monto habilitado[04]: 1
10/11/2025 12:21:55.108 - Initialize_DLL                                     - RECEPTION TIMEOUT = [100] - SHOT NEXT = [50] - INTERBYTE [0]
10/11/2025 12:21:55.601 - Pump_Offline                                       - Pump Error Counter: 5    Timeout: 1    Error: 00    Pump Status: 00
10/11/2025 12:21:56.386 - Pump_Offline                                       - Pump Error Counter: 4    Timeout: 1    Error: 00    Pump Status: 00
10/11/2025 12:22:02.384 - Pump_Offline                                       - Pump Error Counter: 3    Timeout: 1    Error: 00    Pump Status: 00
10/11/2025 12:22:08.974 - Pump_Offline                                       - Pump Error Counter: 2    Timeout: 1    Error: 00    Pump Status: 00
10/11/2025 12:22:08.974 - OutReset                                           - Reseting slot control information
10/11/2025 12:22:13.617 - Pump_Offline                                       - Pump Error Counter: 1    Timeout: 1    Error: 00    Pump Status: 00
10/11/2025 12:22:13.619 - OutReset                                           - Reseting slot control information
10/11/2025 12:22:13.648 - OutReset                                           - Reseting slot control information
10/11/2025 12:22:14.623 - Pump_Offline                                       - Pump Error Counter: 0    Timeout: 1    Error: 00    Pump Status: 00
10/11/2025 12:22:14.652 - Pump_Offline                                       - Set Pump values to OFFLINE
10/11/2025 12:26:49.810 - Initialize_DLL                                     - Start PUMPCTRL Activity 
10/11/2025 12:26:49.824 - Initialize_DLL                                     - Preset x Producto habilitado[04]: 1
10/11/2025 12:26:49.825 - Initialize_DLL                                     - Preset x Monto habilitado[04]: 1
10/11/2025 12:26:49.825 - Initialize_DLL                                     - RECEPTION TIMEOUT = [100] - SHOT NEXT = [50] - INTERBYTE [0]
10/11/2025 12:26:50.345 - Pump_Offline                                       - Pump Error Counter: 5    Timeout: 1    Error: 00    Pump Status: 00
10/11/2025 12:26:51.111 - Pump_Offline                                       - Pump Error Counter: 4    Timeout: 1    Error: 00    Pump Status: 00
10/11/2025 12:26:56.177 - Pump_Offline                                       - Pump Error Counter: 3    Timeout: 1    Error: 00    Pump Status: 00
10/11/2025 12:27:00.752 - Pump_Offline                                       - Pump Error Counter: 2    Timeout: 1    Error: 00    Pump Status: 00
10/11/2025 12:27:00.752 - OutReset                                           - Reseting slot control information
10/11/2025 12:27:00.783 - OutReset                                           - Reseting slot control information
10/11/2025 12:27:02.472 - Pump_Offline                                       - Pump Error Counter: 1    Timeout: 1    Error: 00    Pump Status: 00
10/11/2025 12:27:02.472 - OutReset                                           - Reseting slot control information
10/11/2025 12:27:03.369 - Pump_Offline                                       - Pump Error Counter: 0    Timeout: 1    Error: 00    Pump Status: 00
10/11/2025 12:27:03.400 - Pump_Offline                                       - Set Pump values to OFFLINE
10/11/2025 12:32:51.620 - Terminar_DLL                                       - PumpCtrl DLL_PROCESS_DETACH 
10/11/2025 12:33:59.752 - Initialize_DLL                                     - Start PUMPCTRL Activity 
10/11/2025 12:33:59.767 - Initialize_DLL                                     - Preset x Producto habilitado[04]: 1
10/11/2025 12:33:59.768 - Initialize_DLL                                     - Preset x Monto habilitado[04]: 1
10/11/2025 12:33:59.768 - Initialize_DLL                                     - RECEPTION TIMEOUT = [100] - SHOT NEXT = [50] - INTERBYTE [0]
10/11/2025 12:34:00.252 - Pump_Offline                                       - Pump Error Counter: 5    Timeout: 1    Error: 00    Pump Status: 00
10/11/2025 12:34:01.022 - Pump_Offline                                       - Pump Error Counter: 4    Timeout: 1    Error: 00    Pump Status: 00
10/11/2025 12:34:06.267 - Pump_Offline                                       - Pump Error Counter: 3    Timeout: 1    Error: 00    Pump Status: 00
10/11/2025 12:34:10.788 - Pump_Offline                                       - Pump Error Counter: 2    Timeout: 1    Error: 00    Pump Status: 00
10/11/2025 12:34:10.789 - OutReset                                           - Reseting slot control information
10/11/2025 12:34:10.817 - OutReset                                           - Reseting slot control information
10/11/2025 12:34:11.857 - Pump_Offline                                       - Pump Error Counter: 1    Timeout: 1    Error: 00    Pump Status: 00
10/11/2025 12:34:11.857 - OutReset                                           - Reseting slot control information
10/11/2025 12:34:11.886 - OutReset                                           - Reseting slot control information
10/11/2025 12:34:12.929 - Pump_Offline                                       - Pump Error Counter: 0    Timeout: 1    Error: 00    Pump Status: 00
10/11/2025 12:34:12.960 - Pump_Offline                                       - Set Pump values to OFFLINE
10/11/2025 12:55:28.250 - Terminar_DLL                                       - PumpCtrl DLL_PROCESS_DETACH 
10/11/2025 13:15:08.952 - Initialize_DLL                                     - Start PUMPCTRL Activity 
10/11/2025 13:15:08.969 - Initialize_DLL                                     - Preset x Producto habilitado[04]: 1
10/11/2025 13:15:08.970 - Initialize_DLL                                     - Preset x Monto habilitado[04]: 1
10/11/2025 13:15:08.971 - Initialize_DLL                                     - RECEPTION TIMEOUT = [100] - SHOT NEXT = [50] - INTERBYTE [0]
10/11/2025 13:15:09.497 - Pump_Offline                                       - Pump Error Counter: 5    Timeout: 1    Error: 00    Pump Status: 00
10/11/2025 13:15:10.907 - Pump_Offline                                       - Pump Error Counter: 4    Timeout: 1    Error: 00    Pump Status: 00
10/11/2025 13:15:16.365 - Pump_Offline                                       - Pump Error Counter: 3    Timeout: 1    Error: 00    Pump Status: 00
10/11/2025 13:15:23.359 - Pump_Offline                                       - Pump Error Counter: 2    Timeout: 1    Error: 00    Pump Status: 00
10/11/2025 13:15:23.359 - OutReset                                           - Reseting slot control information
10/11/2025 13:15:26.036 - Pump_Offline                                       - Pump Error Counter: 1    Timeout: 1    Error: 00    Pump Status: 00
10/11/2025 13:15:26.036 - OutReset                                           - Reseting slot control information
10/11/2025 13:15:26.069 - OutReset                                           - Reseting slot control information
10/11/2025 13:15:27.099 - Pump_Offline                                       - Pump Error Counter: 0    Timeout: 1    Error: 00    Pump Status: 00
10/11/2025 13:15:27.129 - Pump_Offline                                       - Set Pump values to OFFLINE
10/11/2025 13:21:37.305 - Terminar_DLL                                       - PumpCtrl DLL_PROCESS_DETACH 
